START
ROUTE_BEGIN
40.090702, -105.185844
40.091285, -105.185173
40.091056, -105.184837
40.090457, -105.185485
40.090702, -105.185844
ROUTE_END
WAYPOINT,0,40.09,-105.19
GPS_NO_FIX
MOTORS,0,0
GPS_FIX
GPS,40.090442,-105.185661GPS,40.090446,-105.185661GPS,40.090446,-105.185661GPS,40.090450,-105.185661GPS,40.090450,-105.185661GPS,40.090450,-105.185661GPS,40.090454,-105.185661GPS,40.090454,-105.185661GPS,40.090457,-105.185661GPS,40.090457,-105.185661GPS,40.090461,-105.185661GPS,40.090461,-105.185661GPS,40.090465,-105.185646GPS,40.090465,-105.185646GPS,40.090469,-105.185646GPS,40.090469,-105.185646GPS,40.090473,-105.185646GPS,40.090476,-105.185646GPS,40.090476,-105.185646GPS,40.090480,-105.185646GPS,40.090480,-105.185630GPS,40.090488,-105.185630GPS,40.090488,-105.185630GPS,40.090488,-105.185630GPS,40.090492,-105.185630GPS,40.090492,-105.185630GPS,40.090492,-105.185630GPS,40.090492,-105.185615GPS,40.090492,-105.185615GPS,40.090496,-105.185615GPS,40.090496,-105.185615GPS,40.090496,-105.185615GPS,40.090496,-105.185592GPS,40.090496,-105.185592GPS,40.090496,-105.185592GPS,40.090496,-105.185592GPS,40.090496,-105.185592GPS,40.090496,-105.185592GPS,40.090492,-105.185592GPS,40.090492,-105.185577GPS,40.090488,-105.185577GPS,40.090488,-105.185577GPS,40.090488,-105.185577GPS,40.090488,-105.185577GPS,40.090488,-105.185577GPS,40.090488,-105.185577GPS,40.090488,-105.185562GPS,40.090492,-105.185562GPS,40.090492,-105.185562GPS,40.090492,-105.185562GPS,40.090492,-105.185562GPS,40.090496,-105.185577GPS,40.090496,-105.185577GPS,40.090496,-105.185577GPS,40.090496,-105.185577GPS,40.090496,-105.185577GPS,40.090499,-105.185577GPS,40.090499,-105.185577GPS,40.090499,-105.185577GPS,40.090499,-105.185577GPS,40.090499,-105.185577GPS,40.090499,-105.185577GPS,40.090499,-105.185577GPS,40.090499,-105.185577GPS,40.090499,-105.185577GPS,40.090499,-105.185592GPS,40.090499,-105.185592GPS,40.090499,-105.185592GPS,40.090499,-105.185592GPS,40.090499,-105.185592GPS,40.090499,-105.185592GPS,40.090503,-105.185592GPS,40.090503,-105.185592GPS,40.090503,-105.185592GPS,40.090507,-105.185592GPS,40.090507,-105.185592GPS,40.090515,-105.185592GPS,40.090515,-105.185592GPS,40.090522,-105.185592GPS,40.090522,-105.185592GPS,40.090522,-105.185592GPS,40.090530,-105.185592GPS,40.090530,-105.185592GPS,40.090538,-105.185592GPS,40.090541,-105.185577GPS,40.090549,-105.185577GPS,40.090553,-105.185577GPS,40.090553,-105.185577GPS,40.090557,-105.185577GPS,40.090557,-105.185577GPS,40.090560,-105.185577GPS,40.090560,-105.185577GPS,40.090564,-105.185577GPS,40.090564,-105.185577GPS,40.090564,-105.185562GPS,40.090560,-105.185562GPS,40.090560,-105.185562GPS,40.090560,-105.185562GPS,40.090560,-105.185562GPS,40.090560,-105.185562GPS,40.090560,-105.185562GPS,40.090560,-105.185577GPS,40.090560,-105.185577GPS,40.090560,-105.185577GPS,40.090560,-105.185577GPS,40.090560,-105.185577GPS,40.090557,-105.185577GPS,40.090557,-105.185577GPS,40.090557,-105.185592GPS,40.090557,-105.185592GPS,40.090557,-105.185592GPS,40.090560,-105.185592GPS,40.090560,-105.185592GPS,40.090560,-105.185592GPS,40.090560,-105.185615GPS,40.090560,-105.185615GPS,40.090560,-105.185615GPS,40.090560,-105.185615GPS,40.090564,-105.185615GPS,40.090564,-105.185630GPS,40.090564,-105.185630GPS,40.090564,-105.185630GPS,40.090568,-105.185630GPS,40.090568,-105.185630GPS,40.090568,-105.185630GPS,40.090568,-105.185646GPS,40.090568,-105.185646GPS,40.090568,-105.185646GPS,40.090572,-105.185646GPS,40.090572,-105.185646GPS,40.090572,-105.185646GPS,40.090576,-105.185661GPS,40.090576,-105.185661GPS,40.090576,-105.185661GPS,40.090576,-105.185661GPS,40.090579,-105.185661GPS,40.090579,-105.185661GPS,40.090579,-105.185676GPS,40.090579,-105.185676GPS,40.090579,-105.185676GPS,40.090579,-105.185676GPS,40.090583,-105.185676GPS,40.090583,-105.185676GPS,40.090583,-105.185676GPS,40.090587,-105.185676GPS,40.090587,-105.185676GPS,40.090583,-105.185691GPS,40.090583,-105.185691GPS,40.090583,-105.185676GPS,40.090583,-105.185676GPS,40.090583,-105.185676GPS,40.090579,-105.185676GPS,40.090579,-105.185691GPS,40.090579,-105.185691GPS,40.090579,-105.185691GPS,40.090579,-105.185691GPS,40.090579,-105.185691GPS,40.090579,-105.185691GPS,40.090579,-105.185691GPS,40.090579,-105.185691GPS,40.090579,-105.185691GPS,40.090579,-105.185691GPS,40.090579,-105.185691GPS,40.090579,-105.185691GPS,40.090579,-105.185691GPS,40.090579,-105.185691GPS,40.090579,-105.185691GPS,40.090579,-105.185691GPS,40.090579,-105.185691GPS,40.090579,-105.185691GPS,40.090579,-105.185691GPS,40.090579,-105.185691GPS,40.090579,-105.185691GPS,40.090579,-105.185691GPS,40.090579,-105.185691GPS,40.090579,-105.185691GPS,40.090579,-105.185691GPS,40.090579,-105.185691GPS,40.090579,-105.185691GPS,40.090579,-105.185691GPS,40.090579,-105.185691GPS,40.090579,-105.185691GPS,40.090579,-105.185691GPS,40.090579,-105.185691GPS,40.090579,-105.185691GPS,40.090579,-105.185691GPS,40.090579,-105.185691GPS,40.090579,-105.185691GPS,40.090579,-105.185691GPS,40.090579,-105.185691GPS,40.090579,-105.185691START_BUTTON_ACTIVATED
SONAR,100,150,150,5,100
AVOID_OBSTACLE,TURN_LEFT
MOTORS,0,100
SONAR,100,150,150,150,100
AVOID_OBSTACLE,DONE
MOTORS,0,0
BEARING,315.00,308.66,-6.34
MOTORS,77,80
GPS,40.090579,-105.185691SONAR,100,150,150,150,100
BEARING,315.00,308.66,-6.34
MOTORS,77,80
SONAR,100,150,150,150,100
BEARING,314.00,308.66,-5.34
MOTORS,77,80
GPS,40.090579,-105.185691SONAR,100,150,150,150,100
BEARING,313.00,308.66,-4.34
MOTORS,78,80
GPS,40.090579,-105.185691SONAR,100,150,150,150,100
BEARING,313.00,308.66,-4.34
MOTORS,78,80
GPS,40.090579,-105.185691SONAR,100,150,150,150,100
BEARING,314.00,308.66,-5.34
MOTORS,77,80
GPS,40.090579,-105.185691SONAR,100,150,150,129,100
BEARING,314.00,308.66,-5.34
MOTORS,77,80
SONAR,100,150,150,150,100
BEARING,314.00,308.66,-5.34
MOTORS,77,80
SONAR,100,150,150,150,100
BEARING,314.00,308.66,-5.34
MOTORS,77,80
GPS,40.090579,-105.185691SONAR,100,150,150,150,100
BEARING,314.00,308.66,-5.34
MOTORS,77,80
GPS,40.090579,-105.185691SONAR,100,150,150,150,100
BEARING,317.00,308.66,-8.34
MOTORS,76,80
SONAR,100,150,150,150,100
BEARING,318.00,308.66,-9.34
MOTORS,75,80
SONAR,100,150,150,150,100
BEARING,319.00,308.66,-10.34
MOTORS,75,80
GPS,40.090583,-105.185691SONAR,100,150,150,150,100
BEARING,318.00,307.78,-10.22
MOTORS,75,80
GPS,40.090583,-105.185691SONAR,100,150,150,150,100
BEARING,320.00,307.78,-12.22
MOTORS,74,80
SONAR,100,150,150,150,100
BEARING,320.00,307.78,-12.22
MOTORS,74,80
SONAR,100,150,150,150,100
BEARING,319.00,307.78,-11.22
MOTORS,75,80
SONAR,100,150,150,150,100
BEARING,320.00,307.78,-12.22
MOTORS,74,80
GPS,40.090595,-105.185707SONAR,100,150,150,150,100
BEARING,318.00,307.88,-10.13
MOTORS,75,80
GPS,40.090599,-105.185707SONAR,100,150,150,150,100
BEARING,319.00,306.87,-12.13
MOTORS,74,80
GPS,40.090602,-105.185722SONAR,100,150,150,150,100
BEARING,319.00,309.09,-9.91
MOTORS,75,80
GPS,40.090610,-105.185722SONAR,100,150,150,150,100
BEARING,319.00,306.87,-12.13
MOTORS,74,80
SONAR,100,150,150,150,100
BEARING,319.00,306.87,-12.13
MOTORS,74,80
GPS,40.090614,-105.185722SONAR,100,150,150,150,100
BEARING,318.00,305.71,-12.29
MOTORS,74,80
GPS,40.090618,-105.185722SONAR,100,150,150,150,100
BEARING,317.00,304.51,-12.49
MOTORS,74,80
GPS,40.090618,-105.185745SONAR,100,150,150,147,100
BEARING,318.00,310.24,-7.76
MOTORS,76,80
GPS,40.090621,-105.185745SONAR,100,150,150,114,100
BEARING,317.00,308.93,-8.07
MOTORS,76,80
SONAR,100,150,92,84,100
AVOID_OBSTACLE,TURN_LEFT
MOTORS,0,100
SONAR,100,150,150,48,100
SONAR,100,150,150,150,100
AVOID_OBSTACLE,DONE
MOTORS,0,0
BEARING,312.00,308.93,-3.07
MOTORS,78,80
GPS,40.090633,-105.185760SONAR,100,150,150,150,100
BEARING,312.00,309.29,-2.71
MOTORS,78,80
GPS,40.090633,-105.185760SONAR,100,150,150,150,100
BEARING,314.00,309.29,-4.71
MOTORS,77,80
SONAR,100,150,150,150,100
BEARING,315.00,309.29,-5.71
MOTORS,77,80
SONAR,100,150,150,150,100
BEARING,314.00,309.29,-4.71
MOTORS,77,80
GPS,40.090637,-105.185760SONAR,100,150,150,150,100
BEARING,316.00,307.69,-8.31
MOTORS,76,80
GPS,40.090641,-105.185760SONAR,100,90,150,150,100
AVOID_OBSTACLE,TURN_RIGHT
MOTORS,100,0
SONAR,100,150,150,150,100
AVOID_OBSTACLE,DONE
MOTORS,0,0
BEARING,319.00,306.03,-12.97
MOTORS,74,80
GPS,40.090641,-105.185760SONAR,100,150,150,150,100
BEARING,321.00,306.03,-14.97
MOTORS,73,80
GPS,40.090644,-105.185760SONAR,100,150,150,150,100
BEARING,321.00,304.29,-16.71
MOTORS,72,80
GPS,40.090648,-105.185760SONAR,100,100,150,150,100
BEARING,320.00,302.47,-17.53
MOTORS,72,80
GPS,40.090648,-105.185775SONAR,100,150,150,150,100
BEARING,346.00,307.88,-38.13
MOTORS,63,80
SONAR,100,150,150,150,100
BEARING,285.00,307.88,22.87
MOTORS,80,69
SONAR,100,150,150,150,100
BEARING,201.00,307.88,106.87
MOTORS,80,0
GPS,40.090652,-105.185775SONAR,100,150,150,150,100
BEARING,169.00,305.84,136.84
MOTORS,80,0
GPS,40.090652,-105.185775SONAR,100,150,150,150,100
BEARING,107.00,305.84,-161.16
MOTORS,0,80
GPS,40.090652,-105.185775SONAR,100,150,150,5,100
AVOID_OBSTACLE,TURN_LEFT
MOTORS,0,100
SONAR,100,150,150,150,100
AVOID_OBSTACLE,DONE
MOTORS,0,0
BEARING,147.00,305.84,158.84
MOTORS,80,0
GPS,40.090656,-105.185775SONAR,100,150,150,5,100
AVOID_OBSTACLE,TURN_LEFT
MOTORS,0,100
SONAR,100,150,150,150,100
AVOID_OBSTACLE,DONE
MOTORS,0,0
BEARING,145.00,303.69,158.69
MOTORS,80,0
GPS,40.090656,-105.185775SONAR,100,150,150,150,100
BEARING,146.00,303.69,157.69
MOTORS,80,0
GPS,40.090656,-105.185775SONAR,100,150,150,150,100
BEARING,144.00,303.69,159.69
MOTORS,80,0
GPS,40.090656,-105.185775SONAR,100,150,150,5,100
AVOID_OBSTACLE,TURN_LEFT
MOTORS,0,100
SONAR,100,150,150,150,100
AVOID_OBSTACLE,DONE
MOTORS,0,0
BEARING,147.00,303.69,156.69
MOTORS,80,0
GPS,40.090660,-105.185775SONAR,100,150,150,150,100
BEARING,140.00,301.43,161.43
MOTORS,80,0
GPS,40.090660,-105.185760SONAR,100,150,150,150,100
BEARING,140.00,296.57,156.57
MOTORS,80,0
SONAR,100,150,150,5,100
AVOID_OBSTACLE,TURN_LEFT
MOTORS,0,100
SONAR,100,150,150,150,100
AVOID_OBSTACLE,DONE
MOTORS,0,0
BEARING,92.00,296.57,-155.43
MOTORS,0,80
GPS,40.090660,-105.185760SONAR,100,150,150,5,100
AVOID_OBSTACLE,TURN_LEFT
MOTORS,0,100
SONAR,100,150,150,150,100
AVOID_OBSTACLE,DONE
MOTORS,0,0
BEARING,49.00,296.57,-112.43
MOTORS,0,80
GPS,40.090660,-105.185760SONAR,100,150,150,5,100
AVOID_OBSTACLE,TURN_LEFT
MOTORS,0,100
SONAR,100,150,150,150,100
AVOID_OBSTACLE,DONE
MOTORS,0,0
BEARING,351.00,296.57,-54.43
MOTORS,55,80
GPS,40.090660,-105.185760SONAR,100,150,150,6,100
AVOID_OBSTACLE,TURN_LEFT
MOTORS,0,100
SONAR,100,150,117,150,100
AVOID_OBSTACLE,DONE
MOTORS,0,0
BEARING,249.00,296.57,47.57
MOTORS,80,58
GPS,40.090656,-105.185775SONAR,100,122,150,150,100
BEARING,281.00,303.69,22.69
MOTORS,80,69
SONAR,100,131,132,137,100
BEARING,281.00,303.69,22.69
MOTORS,80,69
GPS,40.090656,-105.185775SONAR,100,128,150,150,100
BEARING,283.00,303.69,20.69
MOTORS,80,70
GPS,40.090656,-105.185775SONAR,100,150,150,150,100
BEARING,283.00,303.69,20.69
MOTORS,80,70
GPS,40.090656,-105.185775SONAR,100,150,150,150,100
BEARING,289.00,303.69,14.69
MOTORS,80,73
GPS,40.090656,-105.185775SONAR,100,150,100,114,100
BEARING,290.00,303.69,13.69
MOTORS,80,73
SONAR,100,96,91,150,100
AVOID_OBSTACLE,TURN_RIGHT
MOTORS,100,0
SONAR,100,150,150,150,100
AVOID_OBSTACLE,DONE
MOTORS,0,0
BEARING,301.00,303.69,2.69
MOTORS,80,78
SONAR,100,150,150,150,100
BEARING,302.00,303.69,1.69
MOTORS,80,79
GPS,40.090656,-105.185775SONAR,100,150,150,150,100
BEARING,302.00,303.69,1.69
MOTORS,80,79
GPS,40.090656,-105.185791SONAR,100,150,150,150,100
BEARING,303.00,310.60,7.60
MOTORS,80,76
GPS,40.090656,-105.185791SONAR,100,150,150,150,100
BEARING,305.00,310.60,5.60
MOTORS,80,77
SONAR,100,150,150,150,100
BEARING,306.00,310.60,4.60
MOTORS,80,77
GPS,40.090656,-105.185791SONAR,100,150,150,150,100
BEARING,309.00,310.60,1.60
MOTORS,80,79
GPS,40.090656,-105.185791SONAR,100,150,150,150,100
BEARING,309.00,310.60,1.60
MOTORS,80,79
GPS,40.090656,-105.185791SONAR,100,150,150,150,100
BEARING,312.00,310.60,-1.40
MOTORS,79,80
GPS,40.090656,-105.185806SONAR,100,150,150,150,100
BEARING,314.00,320.19,6.19
MOTORS,80,77
SONAR,100,150,150,150,100
BEARING,314.00,320.19,6.19
MOTORS,80,77
GPS,40.090660,-105.185806SONAR,100,150,150,150,100
BEARING,321.00,317.73,-3.27
MOTORS,78,80
SONAR,100,150,150,150,100
BEARING,322.00,317.73,-4.27
MOTORS,78,80
GPS,40.090663,-105.185806SONAR,100,150,150,150,100
BEARING,325.00,315.00,-10.00
MOTORS,75,80
GPS,40.090663,-105.185806SONAR,100,150,150,150,100
BEARING,326.00,315.00,-11.00
MOTORS,75,80
GPS,40.090671,-105.185821SONAR,100,150,150,150,100
BEARING,327.00,323.13,-3.87
REACHED_WAYPOINT
WAYPOINT,1,40.09,-105.19
MOTORS,75,80
SONAR,100,150,150,150,100
BEARING,328.00,46.56,78.56
MOTORS,80,0
SONAR,100,150,150,150,100
BEARING,346.00,46.56,60.56
MOTORS,80,53
GPS,40.090679,-105.185821SONAR,100,89,150,150,100
AVOID_OBSTACLE,TURN_RIGHT
MOTORS,100,0
SONAR,100,150,150,150,100
AVOID_OBSTACLE,DONE
MOTORS,0,0
BEARING,48.00,46.91,-1.09
MOTORS,79,80
SONAR,100,150,150,150,100
BEARING,49.00,46.91,-2.09
MOTORS,79,80
GPS,40.090686,-105.185821SONAR,100,150,150,150,100
BEARING,50.00,47.28,-2.72
MOTORS,78,80
GPS,40.090686,-105.185821SONAR,100,150,150,150,100
BEARING,51.00,47.28,-3.72
MOTORS,78,80
SONAR,100,150,150,150,100
BEARING,51.00,47.28,-3.72
MOTORS,78,80
SONAR,100,150,150,150,100
BEARING,52.00,47.28,-4.72
MOTORS,77,80
GPS,40.090690,-105.185821SONAR,100,150,150,150,100
BEARING,53.00,47.46,-5.54
MOTORS,77,80
GPS,40.090690,-105.185821SONAR,100,150,150,150,100
BEARING,55.00,47.46,-7.54
MOTORS,76,80
SONAR,100,150,150,150,100
BEARING,54.00,47.46,-6.54
MOTORS,77,80
SONAR,100,150,150,150,100
BEARING,54.00,47.46,-6.54
MOTORS,77,80
SONAR,100,150,150,145,100
BEARING,55.00,47.46,-7.54
MOTORS,76,80
GPS,40.090690,-105.185806SONAR,100,150,150,108,100
BEARING,55.00,46.78,-8.22
MOTORS,76,80
GPS,40.090694,-105.185806SONAR,100,150,92,106,100
AVOID_OBSTACLE,TURN_LEFT
MOTORS,0,100
SONAR,100,150,71,54,100
SONAR,100,148,150,5,100
SONAR,100,61,150,31,100
SONAR,100,46,150,150,100
AVOID_OBSTACLE,DONE
MOTORS,0,0
BEARING,66.00,46.96,-19.04
MOTORS,71,80
GPS,40.090698,-105.185791SONAR,100,38,36,32,100
AVOID_OBSTACLE,TURN_LEFT
MOTORS,0,100
SONAR,100,44,35,31,100
SONAR,100,45,34,11,100
SONAR,100,45,150,4,100
SONAR,100,44,150,3,100
SONAR,100,150,4,4,100
SONAR,100,150,5,5,100
SONAR,100,150,5,5,100
SONAR,100,150,5,4,100
SONAR,100,150,4,5,100
SONAR,100,150,5,5,100
SONAR,100,139,5,4,100
SONAR,100,150,5,6,100
SONAR,100,150,4,150,100
SONAR,100,150,10,150,100
SONAR,100,150,150,150,100
AVOID_OBSTACLE,DONE
MOTORS,0,0
BEARING,65.00,46.45,-18.55
MOTORS,71,80
SONAR,100,150,150,8,100
AVOID_OBSTACLE,TURN_LEFT
MOTORS,0,100
SONAR,100,150,150,150,100
AVOID_OBSTACLE,DONE
MOTORS,0,0
BEARING,42.00,46.45,4.45
MOTORS,80,78
SONAR,100,150,5,7,100
AVOID_OBSTACLE,TURN_LEFT
MOTORS,0,100
SONAR,100,130,4,6,100
SONAR,100,150,5,7,100
SONAR,100,150,5,6,100
SONAR,100,150,4,7,100
SONAR,100,150,5,6,100
SONAR,100,150,4,7,100
SONAR,100,150,150,4,100
SONAR,100,150,150,8,100
SONAR,100,150,150,5,100
SONAR,100,150,150,5,100
SONAR,100,150,150,6,100
SONAR,100,150,150,6,100
SONAR,100,150,150,6,100
SONAR,100,150,150,5,100
SONAR,100,150,150,5,100
SONAR,100,150,150,6,100
SONAR,100,150,150,5,100
SONAR,100,150,150,7,100
SONAR,100,150,150,6,100
SONAR,100,35,150,150,100
AVOID_OBSTACLE,DONE
MOTORS,0,0
BEARING,281.00,46.45,125.45
MOTORS,80,0
SONAR,100,150,9,150,100
AVOID_OBSTACLE,TURN_RIGHT
MOTORS,100,0
SONAR,100,150,150,150,100
AVOID_OBSTACLE,DONE
MOTORS,0,0
BEARING,279.00,46.45,127.45
MOTORS,80,0
SONAR,100,150,150,2,100
AVOID_OBSTACLE,TURN_LEFT
MOTORS,0,100
SONAR,100,150,150,150,100
AVOID_OBSTACLE,DONE
MOTORS,0,0
BEARING,293.00,46.45,113.45
MOTORS,80,0
