START
ROUTE_BEGIN
40.090702, -105.185844
40.090896, -105.185668
40.091007, -105.185516
40.091159, -105.185348
40.091304, -105.185165
40.091201, -105.185005
40.091079, -105.184844
40.090965, -105.184974
40.090839, -105.185104
40.090675, -105.185287
40.090473, -105.185516
40.090599, -105.185699
40.090702, -105.185844
ROUTE_END
WAYPOINT,0,40.09,-105.19
GPS_NO_FIX
MOTORS,0,0
GPS_FIX
GPS,40.090385,-105.185615,40.090385,-105.185615
TIME,22:4:12
GPS,40.090385,-105.185615,40.090385,-105.185615
TIME,22:4:12
GPS,40.090385,-105.185615,40.090385,-105.185615
TIME,22:4:12
GPS,40.090385,-105.185615,40.090385,-105.185615
TIME,22:4:12
GPS,40.090385,-105.185615,40.090385,-105.185615
TIME,22:4:12
GPS,40.090385,-105.185615,40.090385,-105.185615
TIME,22:4:12
GPS,40.090385,-105.185615,40.090385,-105.185615
TIME,22:4:12
GPS,40.090385,-105.185615,40.090385,-105.185615
TIME,22:4:12
GPS,40.090385,-105.185615,40.090385,-105.185615
TIME,22:4:13
GPS,40.090385,-105.185615,40.090385,-105.185615
TIME,22:4:13
GPS,40.090385,-105.185615,40.090385,-105.185615
TIME,22:4:13
GPS,40.090385,-105.185615,40.090385,-105.185615
TIME,22:4:13
GPS,40.090385,-105.185615,40.090385,-105.185615
TIME,22:4:13
GPS,40.090385,-105.185615,40.090385,-105.185615
TIME,22:4:13
GPS,40.090385,-105.185615,40.090385,-105.185615
TIME,22:4:14
GPS,40.090385,-105.185615,40.090385,-105.185615
TIME,22:4:14
GPS,40.090385,-105.185615,40.090385,-105.185615
TIME,22:4:14
GPS,40.090385,-105.185615,40.090385,-105.185615
TIME,22:4:14
GPS,40.090385,-105.185615,40.090385,-105.185615
TIME,22:4:14
GPS,40.090385,-105.185615,40.090385,-105.185615
TIME,22:4:14
GPS,40.090385,-105.185615,40.090385,-105.185615
TIME,22:4:14
GPS,40.090385,-105.185615,40.090385,-105.185615
TIME,22:4:14
GPS,40.090385,-105.185615,40.090385,-105.185615
TIME,22:4:15
GPS,40.090385,-105.185615,40.090385,-105.185615
TIME,22:4:15
GPS,40.090385,-105.185615,40.090385,-105.185615
TIME,22:4:15
GPS,40.090385,-105.185615,40.090385,-105.185615
TIME,22:4:15
GPS,40.090385,-105.185615,40.090385,-105.185615
TIME,22:4:15
GPS,40.090385,-105.185615,40.090385,-105.185615
TIME,22:4:16
GPS,40.090385,-105.185615,40.090385,-105.185615
TIME,22:4:16
GPS,40.090385,-105.185615,40.090385,-105.185615
TIME,22:4:16
GPS,40.090385,-105.185615,40.090385,-105.185615
TIME,22:4:16
GPS,40.090385,-105.185615,40.090385,-105.185615
TIME,22:4:16
GPS,40.090385,-105.185615,40.090385,-105.185615
TIME,22:4:16
GPS,40.090385,-105.185615,40.090385,-105.185615
TIME,22:4:17
GPS,40.090385,-105.185615,40.090385,-105.185615
TIME,22:4:17
GPS,40.090385,-105.185615,40.090385,-105.185615
TIME,22:4:17
GPS,40.090385,-105.185615,40.090385,-105.185615
TIME,22:4:17
GPS,40.090385,-105.185615,40.090385,-105.185615
TIME,22:4:18
GPS,40.090385,-105.185615,40.090385,-105.185615
TIME,22:4:18
GPS,40.090385,-105.185615,40.090385,-105.185615
TIME,22:4:18
GPS,40.090385,-105.185615,40.090385,-105.185615
TIME,22:4:18
GPS,40.090385,-105.185615,40.090385,-105.185615
TIME,22:4:18
START
ROUTE_BEGIN
40.090702, -105.185844
40.090896, -105.185668
40.091007, -105.185516
40.091159, -105.185348
40.091304, -105.185165
40.091201, -105.185005
40.091079, -105.184844
40.090965, -105.184974
40.090839, -105.185104
40.090675, -105.185287
40.090473, -105.185516
40.090599, -105.185699
40.090702, -105.185844
ROUTE_END
WAYPOINT,0,40.09,-105.19
START_BUTTON_ACTIVATED
GPS_NO_FIX
MOTORS,0,0
GPS_FIX
GPS,40.090522,-105.185630,40.090522,-105.185630
TIME,22:21:39
SONAR,100,150,150,150,100
MOTORS,0,0
GPS,40.090522,-105.185630,40.090522,-105.185630
TIME,22:21:40
SONAR,100,150,150,5,100
AVOID_OBSTACLE,TURN_LEFT
MOTORS,0,127
SONAR,100,150,150,150,100
AVOID_OBSTACLE,DONE
MOTORS,0,0
MOTORS,0,0
SONAR,100,150,150,5,100
AVOID_OBSTACLE,TURN_LEFT
MOTORS,0,127
SONAR,100,150,150,150,100
AVOID_OBSTACLE,DONE
MOTORS,0,0
BEARING,326.00,310.01,-15.99
MOTORS,72,80
GPS,40.090522,-105.185630,40.090522,-105.185630
TIME,22:21:44
SONAR,100,150,150,5,100
AVOID_OBSTACLE,TURN_LEFT
MOTORS,0,127
SONAR,100,150,150,150,100
AVOID_OBSTACLE,DONE
MOTORS,0,0
MOTORS,72,80
SONAR,100,150,150,5,100
AVOID_OBSTACLE,TURN_LEFT
MOTORS,0,127
SONAR,100,150,150,150,100
AVOID_OBSTACLE,DONE
MOTORS,0,0
MOTORS,72,80
SONAR,100,150,150,5,100
AVOID_OBSTACLE,TURN_LEFT
MOTORS,0,127
SONAR,100,150,150,150,100
AVOID_OBSTACLE,DONE
MOTORS,0,0
BEARING,312.00,310.01,-1.99
MOTORS,79,80
GPS,40.090522,-105.185615,40.090522,-105.185615
TIME,22:21:48
SONAR,100,150,150,5,100
AVOID_OBSTACLE,TURN_LEFT
MOTORS,0,127
SONAR,100,150,150,150,100
AVOID_OBSTACLE,DONE
MOTORS,0,0
MOTORS,79,80
SONAR,100,150,150,5,100
AVOID_OBSTACLE,TURN_LEFT
MOTORS,0,127
SONAR,100,150,150,150,100
AVOID_OBSTACLE,DONE
MOTORS,0,0
MOTORS,79,80
SONAR,100,150,150,5,100
AVOID_OBSTACLE,TURN_LEFT
MOTORS,0,127
SONAR,100,150,150,150,100
AVOID_OBSTACLE,DONE
MOTORS,0,0
BEARING,315.00,308.07,-6.93
MOTORS,76,80
GPS,40.090518,-105.185615,40.090518,-105.185615
TIME,22:21:52
SONAR,100,150,150,5,100
AVOID_OBSTACLE,TURN_LEFT
MOTORS,0,127
SONAR,100,150,150,150,100
AVOID_OBSTACLE,DONE
MOTORS,0,0
MOTORS,76,80
SONAR,100,150,150,5,100
AVOID_OBSTACLE,TURN_LEFT
MOTORS,0,127
SONAR,100,150,150,150,100
AVOID_OBSTACLE,DONE
MOTORS,0,0
MOTORS,76,80
GPS,40.090518,-105.185615,40.090518,-105.185615
TIME,22:21:55
SONAR,100,150,150,5,100
AVOID_OBSTACLE,TURN_LEFT
MOTORS,0,127
SONAR,100,150,150,150,100
AVOID_OBSTACLE,DONE
MOTORS,0,0
BEARING,317.00,308.66,-8.34
MOTORS,76,80
SONAR,100,150,150,5,100
AVOID_OBSTACLE,TURN_LEFT
MOTORS,0,127
SONAR,100,150,150,150,100
AVOID_OBSTACLE,DONE
MOTORS,0,0
MOTORS,76,80
GPS,40.090515,-105.185630,40.090515,-105.185630
TIME,22:21:58
SONAR,100,150,150,5,100
AVOID_OBSTACLE,TURN_LEFT
MOTORS,0,127
SONAR,100,150,150,150,100
AVOID_OBSTACLE,DONE
MOTORS,0,0
MOTORS,76,80
GPS,40.090515,-105.185615,40.090515,-105.185615
TIME,22:22:0
SONAR,100,150,150,5,100
AVOID_OBSTACLE,TURN_LEFT
MOTORS,0,127
SONAR,100,150,150,150,100
AVOID_OBSTACLE,DONE
MOTORS,0,0
BEARING,316.00,309.24,-6.76
MOTORS,76,80
SONAR,100,150,150,5,100
AVOID_OBSTACLE,TURN_LEFT
MOTORS,0,127
SONAR,100,150,150,150,100
AVOID_OBSTACLE,DONE
MOTORS,0,0
MOTORS,76,80
GPS,40.090515,-105.185615,40.090515,-105.185615
TIME,22:22:3
SONAR,100,150,150,5,100
AVOID_OBSTACLE,TURN_LEFT
MOTORS,0,127
SONAR,100,150,150,150,100
AVOID_OBSTACLE,DONE
MOTORS,0,0
MOTORS,76,80
GPS,40.090511,-105.185615,40.090511,-105.185615
TIME,22:22:4
SONAR,100,150,150,5,100
AVOID_OBSTACLE,TURN_LEFT
MOTORS,0,127
SONAR,100,150,150,150,100
AVOID_OBSTACLE,DONE
MOTORS,0,0
BEARING,333.00,309.81,-23.19
MOTORS,69,80
SONAR,100,150,150,5,100
AVOID_OBSTACLE,TURN_LEFT
MOTORS,0,127
SONAR,100,150,150,150,100
AVOID_OBSTACLE,DONE
MOTORS,0,0
MOTORS,69,80
GPS,40.090507,-105.185615,40.090507,-105.185615
TIME,22:22:7
START
ROUTE_BEGIN
40.090702, -105.185844
40.090896, -105.185668
40.091007, -105.185516
40.091159, -105.185348
40.091304, -105.185165
40.091201, -105.185005
40.091079, -105.184844
40.090965, -105.184974
40.090839, -105.185104
40.090675, -105.185287
40.090473, -105.185516
40.090599, -105.185699
40.090702, -105.185844
ROUTE_END
WAYPOINT,0,40.09,-105.19
START_BUTTON_ACTIVATED
GPS_NO_FIX
MOTORS,0,0
GPS_FIX
GPS,40.090480,-105.185661,40.090480,-105.185661
TIME,22:23:38
SONAR,100,150,150,5,100
AVOID_OBSTACLE,TURN_LEFT
MOTORS,0,127
SONAR,100,150,150,150,100
AVOID_OBSTACLE,DONE
MOTORS,0,0
MOTORS,0,0
SONAR,100,150,150,5,100
AVOID_OBSTACLE,TURN_LEFT
MOTORS,0,127
SONAR,100,150,150,150,100
AVOID_OBSTACLE,DONE
MOTORS,0,0
MOTORS,0,0
GPS,40.090496,-105.185661,40.090496,-105.185661
TIME,22:23:40
SONAR,100,150,150,5,100
AVOID_OBSTACLE,TURN_LEFT
MOTORS,0,127
SONAR,100,150,150,150,100
AVOID_OBSTACLE,DONE
MOTORS,0,0
BEARING,18.00,318.37,-59.63
MOTORS,0,80
SONAR,100,150,150,5,100
AVOID_OBSTACLE,TURN_LEFT
MOTORS,0,127
SONAR,100,150,150,150,100
AVOID_OBSTACLE,DONE
MOTORS,0,0
MOTORS,0,80
SONAR,100,150,150,5,100
AVOID_OBSTACLE,TURN_LEFT
MOTORS,0,127
SONAR,100,150,150,150,100
AVOID_OBSTACLE,DONE
MOTORS,0,0
MOTORS,0,80
GPS,40.090503,-105.185661,40.090503,-105.185661
TIME,22:23:45
SONAR,100,150,150,5,100
AVOID_OBSTACLE,TURN_LEFT
MOTORS,0,127
SONAR,100,150,150,150,100
AVOID_OBSTACLE,DONE
MOTORS,0,0
BEARING,19.00,317.29,-61.71
MOTORS,0,80
SONAR,100,150,150,5,100
AVOID_OBSTACLE,TURN_LEFT
MOTORS,0,127
SONAR,100,150,150,150,100
AVOID_OBSTACLE,DONE
MOTORS,0,0
MOTORS,0,80
GPS,40.090518,-105.185661,40.090518,-105.185661
TIME,22:23:48
SONAR,100,150,150,5,100
AVOID_OBSTACLE,TURN_LEFT
MOTORS,0,127
SONAR,100,150,150,150,100
AVOID_OBSTACLE,DONE
MOTORS,0,0
MOTORS,0,80
SONAR,100,150,150,5,100
AVOID_OBSTACLE,TURN_LEFT
MOTORS,0,127
SONAR,100,150,150,150,100
AVOID_OBSTACLE,DONE
MOTORS,0,0
BEARING,13.00,315.00,-58.00
MOTORS,0,80
START
ROUTE_BEGIN
40.090702, -105.185844
40.090896, -105.185668
40.091007, -105.185516
40.091159, -105.185348
40.091304, -105.185165
40.091201, -105.185005
40.091079, -105.184844
40.090965, -105.184974
40.090839, -105.185104
40.090675, -105.185287
40.090473, -105.185516
40.090599, -105.185699
40.090702, -105.185844
ROUTE_END
WAYPOINT,0,40.09,-105.19
START_BUTTON_ACTIVATED
GPS_NO_FIX
MOTORS,0,0
GPS_FIX
GPS,40.090541,-105.185646,40.090541,-105.185646
TIME,22:25:5
SONAR,100,150,150,6,100
AVOID_OBSTACLE,TURN_LEFT
MOTORS,0,127
SONAR,100,150,150,150,100
AVOID_OBSTACLE,DONE
MOTORS,0,0
MOTORS,0,0
SONAR,100,150,150,6,100
AVOID_OBSTACLE,TURN_LEFT
MOTORS,0,127
SONAR,100,150,150,150,100
AVOID_OBSTACLE,DONE
MOTORS,0,0
MOTORS,0,0
GPS,40.090530,-105.185646,40.090530,-105.185646
TIME,22:25:8
SONAR,100,150,150,6,100
AVOID_OBSTACLE,TURN_LEFT
MOTORS,0,127
SONAR,100,150,150,150,100
AVOID_OBSTACLE,DONE
MOTORS,0,0
BEARING,36.00,310.87,-85.13
MOTORS,0,80
SONAR,100,150,150,6,100
AVOID_OBSTACLE,TURN_LEFT
MOTORS,0,127
SONAR,100,150,150,150,100
AVOID_OBSTACLE,DONE
MOTORS,0,0
MOTORS,0,80
SONAR,100,150,150,6,100
AVOID_OBSTACLE,TURN_LEFT
MOTORS,0,127
SONAR,100,150,150,150,100
AVOID_OBSTACLE,DONE
MOTORS,0,0
MOTORS,0,80
GPS,40.090534,-105.185630,40.090534,-105.185630
TIME,22:25:13
SONAR,100,150,150,6,100
AVOID_OBSTACLE,TURN_LEFT
MOTORS,0,127
SONAR,100,150,150,150,100
AVOID_OBSTACLE,DONE
MOTORS,0,0
BEARING,306.00,308.16,2.16
MOTORS,80,79
SONAR,100,150,150,6,100
AVOID_OBSTACLE,TURN_LEFT
MOTORS,0,127
SONAR,100,150,150,150,100
AVOID_OBSTACLE,DONE
MOTORS,0,0
MOTORS,80,79
GPS,40.090530,-105.185646,40.090530,-105.185646
TIME,22:25:16
SONAR,100,150,150,6,100
AVOID_OBSTACLE,TURN_LEFT
MOTORS,0,127
SONAR,100,150,150,150,100
AVOID_OBSTACLE,DONE
MOTORS,0,0
MOTORS,80,79
GPS,40.090530,-105.185646,40.090530,-105.185646
TIME,22:25:17
SONAR,100,150,150,6,100
AVOID_OBSTACLE,TURN_LEFT
MOTORS,0,127
SONAR,100,150,150,150,100
AVOID_OBSTACLE,DONE
MOTORS,0,0
BEARING,318.00,310.87,-7.13
MOTORS,76,80
SONAR,100,150,150,6,100
AVOID_OBSTACLE,TURN_LEFT
MOTORS,0,127
SONAR,100,150,150,150,100
AVOID_OBSTACLE,DONE
MOTORS,0,0
MOTORS,76,80
GPS,40.090530,-105.185646,40.090530,-105.185646
TIME,22:25:20
SONAR,100,150,150,6,100
AVOID_OBSTACLE,TURN_LEFT
MOTORS,0,127
SONAR,100,150,150,150,100
AVOID_OBSTACLE,DONE
MOTORS,0,0
MOTORS,76,80
SONAR,100,150,150,6,100
AVOID_OBSTACLE,TURN_LEFT
MOTORS,0,127
SONAR,100,150,150,150,100
AVOID_OBSTACLE,DONE
MOTORS,0,0
BEARING,315.00,310.87,-4.13
MOTORS,78,80
GPS,40.090530,-105.185646,40.090530,-105.185646
TIME,22:25:23
SONAR,100,150,150,6,100
AVOID_OBSTACLE,TURN_LEFT
MOTORS,0,127
SONAR,100,150,150,150,100
AVOID_OBSTACLE,DONE
MOTORS,0,0
MOTORS,78,80
GPS,40.090530,-105.185646,40.090530,-105.185646
TIME,22:25:24
SONAR,100,150,150,6,100
AVOID_OBSTACLE,TURN_LEFT
MOTORS,0,127
SONAR,100,150,150,150,100
AVOID_OBSTACLE,DONE
MOTORS,0,0
MOTORS,78,80
SONAR,100,150,150,6,100
AVOID_OBSTACLE,TURN_LEFT
MOTORS,0,127
SONAR,100,150,150,150,100
AVOID_OBSTACLE,DONE
MOTORS,0,0
BEARING,318.00,310.87,-7.13
MOTORS,76,80
GPS,40.090530,-105.185646,40.090530,-105.185646
TIME,22:25:28
SONAR,100,150,150,6,100
AVOID_OBSTACLE,TURN_LEFT
MOTORS,0,127
SONAR,100,150,150,150,100
AVOID_OBSTACLE,DONE
MOTORS,0,0
MOTORS,76,80
SONAR,100,150,150,6,100
AVOID_OBSTACLE,TURN_LEFT
MOTORS,0,127
SONAR,100,150,150,150,100
AVOID_OBSTACLE,DONE
MOTORS,0,0
MOTORS,76,80
GPS,40.090530,-105.185661,40.090530,-105.185661
TIME,22:25:31
SONAR,100,150,150,6,100
AVOID_OBSTACLE,TURN_LEFT
MOTORS,0,127
SONAR,100,150,150,150,100
AVOID_OBSTACLE,DONE
MOTORS,0,0
BEARING,321.00,313.15,-7.85
MOTORS,76,80
SONAR,100,150,150,6,100
AVOID_OBSTACLE,TURN_LEFT
MOTORS,0,127
SONAR,100,150,150,150,100
AVOID_OBSTACLE,DONE
MOTORS,0,0
MOTORS,76,80
SONAR,100,150,150,6,100
AVOID_OBSTACLE,TURN_LEFT
MOTORS,0,127
SONAR,100,150,150,150,100
AVOID_OBSTACLE,DONE
MOTORS,0,0
MOTORS,76,80
GPS,40.090553,-105.185691,40.090553,-105.185691
TIME,22:25:35
SONAR,100,150,150,6,100
AVOID_OBSTACLE,TURN_LEFT
MOTORS,0,127
SONAR,100,150,150,150,100
AVOID_OBSTACLE,DONE
MOTORS,0,0
BEARING,319.00,314.27,-4.73
MOTORS,77,80
SONAR,100,150,150,6,100
AVOID_OBSTACLE,TURN_LEFT
MOTORS,0,127
SONAR,100,150,150,150,100
AVOID_OBSTACLE,DONE
MOTORS,0,0
MOTORS,77,80
GPS,40.090553,-105.185722,40.090553,-105.185722
TIME,22:25:38
SONAR,100,150,150,6,100
AVOID_OBSTACLE,TURN_LEFT
MOTORS,0,127
SONAR,100,150,150,150,100
AVOID_OBSTACLE,DONE
MOTORS,0,0
MOTORS,77,80
GPS,40.090560,-105.185745,40.090560,-105.185745
TIME,22:25:39
SONAR,100,150,150,6,100
AVOID_OBSTACLE,TURN_LEFT
MOTORS,0,127
SONAR,100,150,150,150,100
AVOID_OBSTACLE,DONE
MOTORS,0,0
BEARING,314.00,324.90,10.90
MOTORS,80,75
SONAR,100,150,150,6,100
AVOID_OBSTACLE,TURN_LEFT
MOTORS,0,127
SONAR,100,150,150,150,100
AVOID_OBSTACLE,DONE
MOTORS,0,0
MOTORS,80,75
GPS,40.090599,-105.185722,40.090599,-105.185722
TIME,22:25:42
SONAR,100,150,150,6,100
AVOID_OBSTACLE,TURN_LEFT
MOTORS,0,127
SONAR,100,150,150,150,100
AVOID_OBSTACLE,DONE
MOTORS,0,0
MOTORS,80,75
SONAR,100,150,150,6,100
AVOID_OBSTACLE,TURN_LEFT
MOTORS,0,127
SONAR,100,150,150,150,100
AVOID_OBSTACLE,DONE
MOTORS,0,0
BEARING,321.00,310.16,-10.84
MOTORS,75,80
SONAR,100,150,150,6,100
AVOID_OBSTACLE,TURN_LEFT
MOTORS,0,127
SONAR,100,150,150,150,100
AVOID_OBSTACLE,DONE
MOTORS,0,0
MOTORS,75,80
GPS,40.090652,-105.185775,40.090652,-105.185775
TIME,22:25:47
SONAR,100,150,150,6,100
AVOID_OBSTACLE,TURN_LEFT
MOTORS,0,127
SONAR,100,150,150,150,100
AVOID_OBSTACLE,DONE
MOTORS,0,0
MOTORS,75,80
SONAR,100,150,150,6,100
AVOID_OBSTACLE,TURN_LEFT
MOTORS,0,127
SONAR,100,150,150,150,100
AVOID_OBSTACLE,DONE
MOTORS,0,0
BEARING,352.00,305.84,-46.16
MOTORS,0,80
GPS,40.090663,-105.185791,40.090663,-105.185791
TIME,22:25:50
SONAR,100,150,150,6,100
AVOID_OBSTACLE,TURN_LEFT
MOTORS,0,127
SONAR,100,150,150,150,100
AVOID_OBSTACLE,DONE
MOTORS,0,0
MOTORS,0,80
SONAR,100,150,150,6,100
AVOID_OBSTACLE,TURN_LEFT
MOTORS,0,127
SONAR,100,150,150,150,100
AVOID_OBSTACLE,DONE
MOTORS,0,0
MOTORS,0,80
SONAR,100,150,150,6,100
AVOID_OBSTACLE,TURN_LEFT
MOTORS,0,127
SONAR,100,150,150,150,100
AVOID_OBSTACLE,DONE
MOTORS,0,0
BEARING,11.00,305.54,-65.46
MOTORS,0,80
GPS,40.090663,-105.185806,40.090663,-105.185806
TIME,22:25:54
SONAR,100,150,150,6,100
AVOID_OBSTACLE,TURN_LEFT
MOTORS,0,127
SONAR,100,150,150,150,100
AVOID_OBSTACLE,DONE
MOTORS,0,0
MOTORS,0,80
SONAR,100,150,150,6,100
AVOID_OBSTACLE,TURN_LEFT
MOTORS,0,127
SONAR,100,150,150,150,100
AVOID_OBSTACLE,DONE
MOTORS,0,0
MOTORS,0,80
GPS,40.090660,-105.185806,40.090660,-105.185806
TIME,22:25:57
SONAR,100,150,150,6,100
AVOID_OBSTACLE,TURN_LEFT
MOTORS,0,127
SONAR,100,150,150,150,100
AVOID_OBSTACLE,DONE
MOTORS,0,0
BEARING,6.00,317.73,-48.27
MOTORS,0,80
GPS,40.090660,-105.185806,40.090660,-105.185806
TIME,22:25:59
SONAR,100,150,150,6,100
AVOID_OBSTACLE,TURN_LEFT
MOTORS,0,127
SONAR,100,150,150,150,100
AVOID_OBSTACLE,DONE
MOTORS,0,0
MOTORS,0,80
SONAR,100,150,150,6,100
AVOID_OBSTACLE,TURN_LEFT
MOTORS,0,127
SONAR,100,150,150,150,100
AVOID_OBSTACLE,DONE
MOTORS,0,0
MOTORS,0,80
GPS,40.090663,-105.185806,40.090663,-105.185806
TIME,22:26:2
SONAR,100,150,150,6,100
AVOID_OBSTACLE,TURN_LEFT
MOTORS,0,127
SONAR,100,150,150,150,100
AVOID_OBSTACLE,DONE
MOTORS,0,0
BEARING,345.00,315.00,-30.00
MOTORS,66,80
SONAR,100,150,150,6,100
AVOID_OBSTACLE,TURN_LEFT
MOTORS,0,127
SONAR,100,150,150,150,100
AVOID_OBSTACLE,DONE
MOTORS,0,0
MOTORS,66,80
GPS,40.090663,-105.185806,40.090663,-105.185806
TIME,22:26:4
SONAR,100,150,150,6,100
AVOID_OBSTACLE,TURN_LEFT
MOTORS,0,127
SONAR,100,150,150,150,100
AVOID_OBSTACLE,DONE
MOTORS,0,0
MOTORS,66,80
SONAR,100,150,150,6,100
AVOID_OBSTACLE,TURN_LEFT
MOTORS,0,127
SONAR,100,150,150,150,100
AVOID_OBSTACLE,DONE
MOTORS,0,0
BEARING,304.00,315.00,11.00
MOTORS,80,75
SONAR,100,150,150,6,100
AVOID_OBSTACLE,TURN_LEFT
MOTORS,0,127
SONAR,100,150,150,150,100
AVOID_OBSTACLE,DONE
MOTORS,0,0
MOTORS,80,75
GPS,40.090660,-105.185806,40.090660,-105.185806
TIME,22:26:9
SONAR,100,150,150,6,100
AVOID_OBSTACLE,TURN_LEFT
MOTORS,0,127
SONAR,100,150,150,150,100
AVOID_OBSTACLE,DONE
MOTORS,0,0
MOTORS,80,75
SONAR,100,150,150,6,100
AVOID_OBSTACLE,TURN_LEFT
MOTORS,0,127
SONAR,100,150,150,150,100
AVOID_OBSTACLE,DONE
MOTORS,0,0
BEARING,255.00,317.73,62.73
MOTORS,80,0
GPS,40.090671,-105.185806,40.090671,-105.185806
TIME,22:26:12
SONAR,100,150,150,6,100
AVOID_OBSTACLE,TURN_LEFT
MOTORS,0,127
SONAR,100,150,150,150,100
AVOID_OBSTACLE,DONE
MOTORS,0,0
MOTORS,80,0
GPS,40.090663,-105.185806,40.090663,-105.185806
TIME,22:26:13
SONAR,100,150,150,6,100
AVOID_OBSTACLE,TURN_LEFT
MOTORS,0,127
SONAR,100,150,150,150,100
AVOID_OBSTACLE,DONE
MOTORS,0,0
MOTORS,80,0
SONAR,100,150,150,6,100
AVOID_OBSTACLE,TURN_LEFT
MOTORS,0,127
SONAR,100,150,150,150,100
AVOID_OBSTACLE,DONE
MOTORS,0,0
BEARING,298.00,315.00,17.00
MOTORS,80,72
GPS,40.090663,-105.185806,40.090663,-105.185806
TIME,22:26:16
SONAR,100,150,150,6,100
AVOID_OBSTACLE,TURN_LEFT
MOTORS,0,127
SONAR,100,150,150,150,100
AVOID_OBSTACLE,DONE
MOTORS,0,0
MOTORS,80,72
GPS,40.090663,-105.185806,40.090663,-105.185806
TIME,22:26:18
SONAR,100,150,150,6,100
AVOID_OBSTACLE,TURN_LEFT
MOTORS,0,127
SONAR,100,150,150,150,100
AVOID_OBSTACLE,DONE
MOTORS,0,0
MOTORS,80,72
GPS,40.090663,-105.185806,40.090663,-105.185806
TIME,22:26:19
SONAR,100,150,150,6,100
AVOID_OBSTACLE,TURN_LEFT
MOTORS,0,127
SONAR,100,150,150,150,100
AVOID_OBSTACLE,DONE
MOTORS,0,0
BEARING,5.00,315.00,-50.00
MOTORS,0,80
GPS,40.090660,-105.185806,40.090660,-105.185806
TIME,22:26:21
SONAR,100,150,150,6,100
AVOID_OBSTACLE,TURN_LEFT
MOTORS,0,127
SONAR,100,150,150,150,100
AVOID_OBSTACLE,DONE
MOTORS,0,0
MOTORS,0,80
SONAR,100,150,150,6,100
AVOID_OBSTACLE,TURN_LEFT
MOTORS,0,127
SONAR,100,150,150,150,100
AVOID_OBSTACLE,DONE
MOTORS,0,0
MOTORS,0,80
GPS,40.090660,-105.185806,40.090660,-105.185806
TIME,22:26:24
SONAR,100,150,150,6,100
AVOID_OBSTACLE,TURN_LEFT
MOTORS,0,127
SONAR,100,150,150,150,100
AVOID_OBSTACLE,DONE
MOTORS,0,0
BEARING,336.00,317.73,-18.27
MOTORS,71,80
SONAR,100,150,150,6,100
AVOID_OBSTACLE,TURN_LEFT
MOTORS,0,127
SONAR,100,150,150,150,100
AVOID_OBSTACLE,DONE
MOTORS,0,0
MOTORS,71,80
SONAR,100,150,150,6,100
AVOID_OBSTACLE,TURN_LEFT
MOTORS,0,127
SONAR,100,150,150,150,100
AVOID_OBSTACLE,DONE
MOTORS,0,0
MOTORS,71,80
GPS,40.090671,-105.185821,40.090671,-105.185821
TIME,22:26:28
SONAR,100,150,150,6,100
AVOID_OBSTACLE,TURN_LEFT
MOTORS,0,127
SONAR,100,150,150,150,100
AVOID_OBSTACLE,DONE
MOTORS,0,0
BEARING,350.00,323.13,-26.87
REACHED_WAYPOINT
WAYPOINT,1,40.09,-105.19
MOTORS,71,80
SONAR,100,150,150,6,100
AVOID_OBSTACLE,TURN_LEFT
MOTORS,0,127
SONAR,100,150,150,150,100
AVOID_OBSTACLE,DONE
MOTORS,0,0
MOTORS,71,80
GPS,40.090679,-105.185836,40.090679,-105.185836
TIME,22:26:31
SONAR,100,150,150,6,100
AVOID_OBSTACLE,TURN_LEFT
MOTORS,0,127
SONAR,100,150,150,150,100
AVOID_OBSTACLE,DONE
MOTORS,0,0
MOTORS,71,80
GPS,40.090679,-105.185836,40.090679,-105.185836
TIME,22:26:32
SONAR,100,150,150,6,100
AVOID_OBSTACLE,TURN_LEFT
MOTORS,0,127
SONAR,100,150,150,150,100
AVOID_OBSTACLE,DONE
MOTORS,0,0
BEARING,28.00,37.67,9.67
MOTORS,80,75
GPS,40.090679,-105.185836,40.090679,-105.185836
TIME,22:26:34
SONAR,100,150,150,6,100
AVOID_OBSTACLE,TURN_LEFT
MOTORS,0,127
SONAR,100,150,150,150,100
AVOID_OBSTACLE,DONE
MOTORS,0,0
MOTORS,80,75
SONAR,100,150,150,6,100
AVOID_OBSTACLE,TURN_LEFT
MOTORS,0,127
SONAR,100,150,150,150,100
AVOID_OBSTACLE,DONE
MOTORS,0,0
MOTORS,80,75
SONAR,100,150,150,6,100
AVOID_OBSTACLE,TURN_LEFT
MOTORS,0,127
SONAR,100,150,150,150,100
AVOID_OBSTACLE,DONE
MOTORS,0,0
BEARING,43.00,37.67,-5.33
MOTORS,77,80
GPS,40.090698,-105.185836,40.090698,-105.185836
TIME,22:26:39
SONAR,100,150,150,6,100
AVOID_OBSTACLE,TURN_LEFT
MOTORS,0,127
SONAR,100,150,150,150,100
AVOID_OBSTACLE,DONE
MOTORS,0,0
MOTORS,77,80
SONAR,100,150,150,6,100
AVOID_OBSTACLE,TURN_LEFT
MOTORS,0,127
SONAR,100,150,150,150,100
AVOID_OBSTACLE,DONE
MOTORS,0,0
MOTORS,77,80
SONAR,100,150,150,6,100
AVOID_OBSTACLE,TURN_LEFT
MOTORS,0,127
SONAR,100,150,150,150,100
AVOID_OBSTACLE,DONE
MOTORS,0,0
BEARING,40.00,40.24,0.24
MOTORS,80,79
GPS,40.090724,-105.185806,40.090724,-105.185806
TIME,22:26:43
SONAR,100,150,150,6,100
AVOID_OBSTACLE,TURN_LEFT
MOTORS,0,127
SONAR,100,150,150,150,100
AVOID_OBSTACLE,DONE
MOTORS,0,0
MOTORS,80,79
SONAR,100,150,150,6,100
AVOID_OBSTACLE,TURN_LEFT
MOTORS,0,127
SONAR,100,150,150,150,100
AVOID_OBSTACLE,DONE
MOTORS,0,0
MOTORS,80,79
GPS,40.090744,-105.185806,40.090744,-105.185806
TIME,22:26:46
SONAR,100,150,150,6,100
AVOID_OBSTACLE,TURN_LEFT
MOTORS,0,127
SONAR,100,150,150,150,100
AVOID_OBSTACLE,DONE
MOTORS,0,0
BEARING,26.00,41.99,15.99
MOTORS,80,72
GPS,40.090751,-105.185791,40.090751,-105.185791
TIME,22:26:47
SONAR,100,150,150,6,100
AVOID_OBSTACLE,TURN_LEFT
MOTORS,0,127
SONAR,100,150,150,150,100
AVOID_OBSTACLE,DONE
MOTORS,0,0
MOTORS,80,72
GPS,40.090763,-105.185791,40.090763,-105.185791
TIME,22:26:49
SONAR,100,150,150,6,100
AVOID_OBSTACLE,TURN_LEFT
MOTORS,0,127
SONAR,100,150,150,150,100
AVOID_OBSTACLE,DONE
MOTORS,0,0
MOTORS,80,72
GPS,40.090766,-105.185775,40.090766,-105.185775
TIME,22:26:50
SONAR,100,150,150,6,100
AVOID_OBSTACLE,TURN_LEFT
MOTORS,0,127
SONAR,100,150,150,150,100
AVOID_OBSTACLE,DONE
MOTORS,0,0
BEARING,11.00,39.47,28.47
MOTORS,80,67
SONAR,100,150,150,6,100
AVOID_OBSTACLE,TURN_LEFT
MOTORS,0,127
SONAR,100,150,150,150,100
AVOID_OBSTACLE,DONE
MOTORS,0,0
MOTORS,80,67
GPS,40.090778,-105.185775,40.090778,-105.185775
TIME,22:26:53
SONAR,100,150,150,6,100
AVOID_OBSTACLE,TURN_LEFT
MOTORS,0,127
SONAR,100,150,150,150,100
AVOID_OBSTACLE,DONE
MOTORS,0,0
MOTORS,80,67
GPS,40.090785,-105.185760,40.090785,-105.185760
TIME,22:26:55
SONAR,100,150,150,6,100
AVOID_OBSTACLE,TURN_LEFT
MOTORS,0,127
SONAR,100,150,150,150,100
AVOID_OBSTACLE,DONE
MOTORS,0,0
BEARING,45.00,39.61,-5.39
MOTORS,77,80
SONAR,100,150,150,6,100
AVOID_OBSTACLE,TURN_LEFT
MOTORS,0,127
SONAR,100,150,150,150,100
AVOID_OBSTACLE,DONE
MOTORS,0,0
MOTORS,77,80
GPS,40.090793,-105.185760,40.090793,-105.185760
TIME,22:26:58
SONAR,100,150,150,6,100
AVOID_OBSTACLE,TURN_LEFT
MOTORS,0,127
SONAR,100,150,150,150,100
AVOID_OBSTACLE,DONE
MOTORS,0,0
MOTORS,77,80
SONAR,100,150,150,6,100
AVOID_OBSTACLE,TURN_LEFT
MOTORS,0,127
SONAR,100,150,150,150,100
AVOID_OBSTACLE,DONE
MOTORS,0,0
BEARING,24.00,41.63,17.63
MOTORS,80,72
GPS,40.090805,-105.185745,40.090805,-105.185745
TIME,22:27:1
SONAR,100,150,150,6,100
AVOID_OBSTACLE,TURN_LEFT
MOTORS,0,127
SONAR,100,150,150,150,100
AVOID_OBSTACLE,DONE
MOTORS,0,0
MOTORS,80,72
GPS,40.090812,-105.185722,40.090812,-105.185722
TIME,22:27:2
SONAR,100,150,150,6,100
AVOID_OBSTACLE,TURN_LEFT
MOTORS,0,127
SONAR,100,150,150,150,100
AVOID_OBSTACLE,DONE
MOTORS,0,0
MOTORS,80,72
SONAR,100,150,150,6,100
AVOID_OBSTACLE,TURN_LEFT
MOTORS,0,127
SONAR,100,150,150,150,100
AVOID_OBSTACLE,DONE
MOTORS,0,0
BEARING,27.00,32.47,5.47
MOTORS,80,77
GPS,40.090820,-105.185722,40.090820,-105.185722
TIME,22:27:5
SONAR,100,150,150,6,100
AVOID_OBSTACLE,TURN_LEFT
MOTORS,0,127
SONAR,100,150,150,150,100
AVOID_OBSTACLE,DONE
MOTORS,0,0
MOTORS,80,77
SONAR,100,150,150,6,100
AVOID_OBSTACLE,TURN_LEFT
MOTORS,0,127
SONAR,100,150,150,150,100
AVOID_OBSTACLE,DONE
MOTORS,0,0
MOTORS,80,77
GPS,40.090820,-105.185722,40.090820,-105.185722
TIME,22:27:8
SONAR,100,150,150,6,100
AVOID_OBSTACLE,TURN_LEFT
MOTORS,0,127
SONAR,100,85,82,150,100
SONAR,100,150,60,60,100
SONAR,100,150,56,150,100
SONAR,100,51,51,55,100
SONAR,100,150,44,150,100
SONAR,100,150,150,150,100
AVOID_OBSTACLE,DONE
MOTORS,0,0
BEARING,23.00,34.99,11.99
MOTORS,80,74
SONAR,100,150,150,6,100
AVOID_OBSTACLE,TURN_LEFT
MOTORS,0,127
SONAR,100,150,150,150,100
AVOID_OBSTACLE,DONE
MOTORS,0,0
MOTORS,80,74
SONAR,100,150,150,6,100
AVOID_OBSTACLE,TURN_LEFT
MOTORS,0,127
SONAR,100,150,150,150,100
AVOID_OBSTACLE,DONE
MOTORS,0,0
MOTORS,80,74
GPS,40.090682,-105.185745,40.090682,-105.185745
TIME,22:27:13
SONAR,100,60,150,6,100
AVOID_OBSTACLE,TURN_LEFT
MOTORS,0,127
SONAR,100,150,150,150,100
AVOID_OBSTACLE,DONE
MOTORS,0,0
BEARING,33.00,19.65,-13.35
MOTORS,74,80
SONAR,100,150,150,6,100
AVOID_OBSTACLE,TURN_LEFT
MOTORS,0,127
SONAR,100,150,150,150,100
AVOID_OBSTACLE,DONE
MOTORS,0,0
MOTORS,74,80
GPS,40.090690,-105.185745,40.090690,-105.185745
TIME,22:27:16
SONAR,100,150,150,6,100
AVOID_OBSTACLE,TURN_LEFT
MOTORS,0,127
SONAR,100,150,150,150,100
AVOID_OBSTACLE,DONE
MOTORS,0,0
MOTORS,74,80
GPS,40.090709,-105.185722,40.090709,-105.185722
TIME,22:27:18
SONAR,100,150,150,6,100
AVOID_OBSTACLE,TURN_LEFT
MOTORS,0,127
SONAR,100,150,150,150,100
AVOID_OBSTACLE,DONE
MOTORS,0,0
BEARING,33.00,15.95,-17.05
MOTORS,72,80
GPS,40.090709,-105.185722,40.090709,-105.185722
TIME,22:27:19
SONAR,100,150,150,6,100
AVOID_OBSTACLE,TURN_LEFT
MOTORS,0,127
SONAR,100,150,150,150,100
AVOID_OBSTACLE,DONE
MOTORS,0,0
MOTORS,72,80
GPS,40.090709,-105.185722,40.090709,-105.185722
TIME,22:27:20
SONAR,100,150,150,6,100
AVOID_OBSTACLE,TURN_LEFT
MOTORS,0,127
SONAR,100,150,150,150,100
AVOID_OBSTACLE,DONE
MOTORS,0,0
MOTORS,72,80
SONAR,100,150,150,6,100
AVOID_OBSTACLE,TURN_LEFT
MOTORS,0,127
SONAR,100,150,150,150,100
AVOID_OBSTACLE,DONE
MOTORS,0,0
BEARING,33.00,15.95,-17.05
MOTORS,72,80
GPS,40.090709,-105.185722,40.090709,-105.185722
TIME,22:27:24
SONAR,100,150,150,6,100
AVOID_OBSTACLE,TURN_LEFT
MOTORS,0,127
SONAR,100,150,150,150,100
AVOID_OBSTACLE,DONE
MOTORS,0,0
MOTORS,72,80
GPS,40.090717,-105.185745,40.090717,-105.185745
TIME,22:27:25
SONAR,100,150,150,6,100
AVOID_OBSTACLE,TURN_LEFT
MOTORS,0,127
SONAR,100,150,150,150,100
AVOID_OBSTACLE,DONE
MOTORS,0,0
MOTORS,72,80
SONAR,100,150,150,6,100
AVOID_OBSTACLE,TURN_LEFT
MOTORS,0,127
SONAR,100,150,150,150,100
AVOID_OBSTACLE,DONE
MOTORS,0,0
BEARING,356.00,23.05,27.05
MOTORS,80,67
GPS,40.090744,-105.185722,40.090744,-105.185722
TIME,22:27:28
SONAR,100,150,150,6,100
AVOID_OBSTACLE,TURN_LEFT
MOTORS,0,127
SONAR,100,150,150,150,100
AVOID_OBSTACLE,DONE
MOTORS,0,0
MOTORS,80,67
SONAR,100,150,150,6,100
AVOID_OBSTACLE,TURN_LEFT
MOTORS,0,127
SONAR,100,150,150,150,100
AVOID_OBSTACLE,DONE
MOTORS,0,0
MOTORS,80,67
GPS,40.090778,-105.185691,40.090778,-105.185691
TIME,22:27:31
SONAR,100,150,150,6,100
AVOID_OBSTACLE,TURN_LEFT
MOTORS,0,127
SONAR,100,150,150,150,100
AVOID_OBSTACLE,DONE
MOTORS,0,0
BEARING,10.00,10.95,0.95
MOTORS,80,79
GPS,40.090801,-105.185676,40.090801,-105.185676
TIME,22:27:32
SONAR,100,150,150,6,100
AVOID_OBSTACLE,TURN_LEFT
MOTORS,0,127
SONAR,100,150,150,150,100
AVOID_OBSTACLE,DONE
MOTORS,0,0
MOTORS,80,79
GPS,40.090812,-105.185676,40.090812,-105.185676
TIME,22:27:34
SONAR,100,150,150,6,100
AVOID_OBSTACLE,TURN_LEFT
MOTORS,0,127
SONAR,100,150,150,150,100
AVOID_OBSTACLE,DONE
MOTORS,0,0
MOTORS,80,79
GPS,40.090812,-105.185676,40.090812,-105.185676
TIME,22:27:35
SONAR,100,150,150,6,100
AVOID_OBSTACLE,TURN_LEFT
MOTORS,0,127
SONAR,100,150,150,150,100
AVOID_OBSTACLE,DONE
MOTORS,0,0
BEARING,27.00,5.19,-21.81
MOTORS,70,80
SONAR,100,150,150,6,100
AVOID_OBSTACLE,TURN_LEFT
MOTORS,0,127
SONAR,100,150,150,150,100
AVOID_OBSTACLE,DONE
MOTORS,0,0
MOTORS,70,80
GPS,40.090824,-105.185676,40.090824,-105.185676
TIME,22:27:38
SONAR,100,150,150,6,100
AVOID_OBSTACLE,TURN_LEFT
MOTORS,0,127
SONAR,100,150,150,150,100
AVOID_OBSTACLE,DONE
MOTORS,0,0
MOTORS,70,80
GPS,40.090827,-105.185676,40.090827,-105.185676
TIME,22:27:40
SONAR,100,150,150,6,100
AVOID_OBSTACLE,TURN_LEFT
MOTORS,0,127
SONAR,100,150,150,150,100
AVOID_OBSTACLE,DONE
MOTORS,0,0
BEARING,27.00,6.34,-20.66
MOTORS,70,80
GPS,40.090827,-105.185676,40.090827,-105.185676
TIME,22:27:41
SONAR,100,150,150,6,100
AVOID_OBSTACLE,TURN_LEFT
MOTORS,0,127
SONAR,100,150,150,150,100
AVOID_OBSTACLE,DONE
MOTORS,0,0
MOTORS,70,80
GPS,40.090831,-105.185676,40.090831,-105.185676
TIME,22:27:43
SONAR,100,150,150,6,100
AVOID_OBSTACLE,TURN_LEFT
MOTORS,0,127
SONAR,100,150,150,150,100
AVOID_OBSTACLE,DONE
MOTORS,0,0
MOTORS,70,80
SONAR,100,150,150,6,100
AVOID_OBSTACLE,TURN_LEFT
MOTORS,0,127
SONAR,100,150,150,150,100
AVOID_OBSTACLE,DONE
MOTORS,0,0
BEARING,26.00,6.71,-19.29
MOTORS,71,80
GPS,40.090831,-105.185676,40.090831,-105.185676
TIME,22:27:46
SONAR,100,150,150,6,100
AVOID_OBSTACLE,TURN_LEFT
MOTORS,0,127
SONAR,100,150,150,150,100
AVOID_OBSTACLE,DONE
MOTORS,0,0
MOTORS,71,80
SONAR,100,150,150,6,100
AVOID_OBSTACLE,TURN_LEFT
MOTORS,0,127
SONAR,100,150,150,150,100
AVOID_OBSTACLE,DONE
MOTORS,0,0
MOTORS,71,80
GPS,40.090827,-105.185661,40.090827,-105.185661
TIME,22:27:49
SONAR,100,150,150,6,100
AVOID_OBSTACLE,TURN_LEFT
MOTORS,0,127
SONAR,100,150,150,150,100
AVOID_OBSTACLE,DONE
MOTORS,0,0
BEARING,26.00,353.66,-32.34
MOTORS,0,80
SONAR,100,150,150,6,100
AVOID_OBSTACLE,TURN_LEFT
MOTORS,0,127
SONAR,100,150,150,150,100
AVOID_OBSTACLE,DONE
MOTORS,0,0
MOTORS,0,80
SONAR,100,150,150,6,100
AVOID_OBSTACLE,TURN_LEFT
MOTORS,0,127
SONAR,100,150,150,150,100
AVOID_OBSTACLE,DONE
MOTORS,0,0
MOTORS,0,80
GPS,40.090827,-105.185661,40.090827,-105.185661
TIME,22:27:53
SONAR,100,150,150,6,100
AVOID_OBSTACLE,TURN_LEFT
MOTORS,0,127
SONAR,100,150,150,150,100
AVOID_OBSTACLE,DONE
MOTORS,0,0
BEARING,141.00,353.66,-147.34
MOTORS,0,80
SONAR,100,150,150,6,100
AVOID_OBSTACLE,TURN_LEFT
MOTORS,0,127
SONAR,100,150,150,150,100
AVOID_OBSTACLE,DONE
MOTORS,0,0
MOTORS,0,80
GPS,40.090835,-105.185676,40.090835,-105.185676
TIME,22:27:56
SONAR,100,150,150,6,100
AVOID_OBSTACLE,TURN_LEFT
MOTORS,0,127
SONAR,100,150,150,150,100
AVOID_OBSTACLE,DONE
MOTORS,0,0
MOTORS,0,80
GPS,40.090862,-105.185821,40.090862,-105.185821
TIME,22:27:58
SONAR,100,150,150,6,100
AVOID_OBSTACLE,TURN_LEFT
MOTORS,0,127
SONAR,100,150,150,150,100
AVOID_OBSTACLE,DONE
MOTORS,0,0
BEARING,274.00,77.32,163.32
MOTORS,80,0
SONAR,100,150,150,6,100
AVOID_OBSTACLE,TURN_LEFT
MOTORS,0,127
SONAR,100,150,150,150,100
AVOID_OBSTACLE,DONE
MOTORS,0,0
MOTORS,80,0
GPS,40.090854,-105.185874,40.090854,-105.185874
TIME,22:28:0
SONAR,100,150,150,6,100
AVOID_OBSTACLE,TURN_LEFT
MOTORS,0,127
SONAR,100,150,150,150,100
AVOID_OBSTACLE,DONE
MOTORS,0,0
MOTORS,80,0
SONAR,100,150,150,6,100
AVOID_OBSTACLE,TURN_LEFT
MOTORS,0,127
SONAR,100,150,150,150,100
AVOID_OBSTACLE,DONE
MOTORS,0,0
BEARING,30.00,78.49,48.49
MOTORS,80,0
GPS,40.090847,-105.185821,40.090847,-105.185821
TIME,22:28:4
SONAR,100,150,150,6,100
AVOID_OBSTACLE,TURN_LEFT
MOTORS,0,127
SONAR,100,150,150,150,100
AVOID_OBSTACLE,DONE
MOTORS,0,0
MOTORS,80,0
GPS,40.090869,-105.185806,40.090869,-105.185806
TIME,22:28:5
SONAR,100,150,150,6,100
AVOID_OBSTACLE,TURN_LEFT
MOTORS,0,127
SONAR,100,150,150,150,100
AVOID_OBSTACLE,DONE
MOTORS,0,0
MOTORS,80,0
SONAR,100,40,150,6,100
AVOID_OBSTACLE,TURN_LEFT
MOTORS,0,127
SONAR,100,40,150,150,100
AVOID_OBSTACLE,DONE
MOTORS,0,0
BEARING,30.00,79.00,49.00
MOTORS,80,0
GPS,40.090873,-105.185722,40.090873,-105.185722
TIME,22:28:8
SONAR,100,150,150,6,100
AVOID_OBSTACLE,TURN_LEFT
MOTORS,0,127
SONAR,100,150,150,150,100
AVOID_OBSTACLE,DONE
MOTORS,0,0
MOTORS,80,0
GPS,40.090873,-105.185691,40.090873,-105.185691
TIME,22:28:9
SONAR,100,150,150,6,100
AVOID_OBSTACLE,TURN_LEFT
MOTORS,0,127
SONAR,100,150,150,150,100
AVOID_OBSTACLE,DONE
MOTORS,0,0
MOTORS,80,0
SONAR,100,150,150,6,100
AVOID_OBSTACLE,TURN_LEFT
MOTORS,0,127
SONAR,100,150,150,150,100
AVOID_OBSTACLE,DONE
MOTORS,0,0
BEARING,30.00,45.00,15.00
REACHED_WAYPOINT
WAYPOINT,2,40.09,-105.19
MOTORS,80,0
GPS,40.090843,-105.185630,40.090843,-105.185630
TIME,22:28:12
SONAR,100,150,150,6,100
AVOID_OBSTACLE,TURN_LEFT
MOTORS,0,127
SONAR,100,150,150,150,100
AVOID_OBSTACLE,DONE
MOTORS,0,0
MOTORS,80,0
SONAR,100,150,150,6,100
AVOID_OBSTACLE,TURN_LEFT
MOTORS,0,127
SONAR,100,150,150,150,100
AVOID_OBSTACLE,DONE
MOTORS,0,0
MOTORS,80,0
GPS,40.090900,-105.185630,40.090900,-105.185630
TIME,22:28:15
SONAR,100,150,150,6,100
AVOID_OBSTACLE,TURN_LEFT
MOTORS,0,127
SONAR,100,150,150,150,100
AVOID_OBSTACLE,DONE
MOTORS,0,0
BEARING,30.00,46.97,16.97
MOTORS,80,72
SONAR,100,150,150,6,100
AVOID_OBSTACLE,TURN_LEFT
MOTORS,0,127
SONAR,100,150,150,150,100
AVOID_OBSTACLE,DONE
MOTORS,0,0
MOTORS,80,72
GPS,40.090942,-105.185615,40.090942,-105.185615
TIME,22:28:18
SONAR,100,150,150,6,100
AVOID_OBSTACLE,TURN_LEFT
MOTORS,0,127
SONAR,100,150,150,150,100
AVOID_OBSTACLE,DONE
MOTORS,0,0
MOTORS,80,72
GPS,40.090930,-105.185615,40.090930,-105.185615
TIME,22:28:20
SONAR,100,150,150,6,100
AVOID_OBSTACLE,TURN_LEFT
MOTORS,0,127
SONAR,100,150,150,150,100
AVOID_OBSTACLE,DONE
MOTORS,0,0
BEARING,30.00,52.43,22.43
MOTORS,80,70
SONAR,100,150,150,6,100
AVOID_OBSTACLE,TURN_LEFT
MOTORS,0,127
SONAR,100,150,150,150,100
AVOID_OBSTACLE,DONE
MOTORS,0,0
MOTORS,80,70
GPS,40.090888,-105.185615,40.090888,-105.185615
TIME,22:28:23
SONAR,100,150,150,6,100
AVOID_OBSTACLE,TURN_LEFT
MOTORS,0,127
SONAR,100,150,150,150,100
AVOID_OBSTACLE,DONE
MOTORS,0,0
MOTORS,80,70
SONAR,100,150,150,6,100
AVOID_OBSTACLE,TURN_LEFT
MOTORS,0,127
SONAR,100,150,150,150,100
AVOID_OBSTACLE,DONE
MOTORS,0,0
BEARING,29.00,39.99,10.99
MOTORS,80,75
GPS,40.090900,-105.185592,40.090900,-105.185592
TIME,22:28:26
SONAR,100,150,150,6,100
AVOID_OBSTACLE,TURN_LEFT
MOTORS,0,127
SONAR,100,150,150,150,100
AVOID_OBSTACLE,DONE
MOTORS,0,0
MOTORS,80,75
GPS,40.090900,-105.185592,40.090900,-105.185592
TIME,22:28:27
SONAR,100,150,150,6,100
AVOID_OBSTACLE,TURN_LEFT
MOTORS,0,127
SONAR,100,150,150,150,100
AVOID_OBSTACLE,DONE
MOTORS,0,0
MOTORS,80,75
SONAR,100,150,150,6,100
AVOID_OBSTACLE,TURN_LEFT
MOTORS,0,127
SONAR,100,150,150,150,100
AVOID_OBSTACLE,DONE
MOTORS,0,0
BEARING,29.00,35.54,6.54
MOTORS,80,77
GPS,40.090904,-105.185592,40.090904,-105.185592
TIME,22:28:30
SONAR,100,150,150,6,100
AVOID_OBSTACLE,TURN_LEFT
MOTORS,0,127
SONAR,100,150,150,150,100
AVOID_OBSTACLE,DONE
MOTORS,0,0
MOTORS,80,77
GPS,40.090900,-105.185592,40.090900,-105.185592
TIME,22:28:32
SONAR,100,150,150,6,100
AVOID_OBSTACLE,TURN_LEFT
MOTORS,0,127
SONAR,100,150,150,150,100
AVOID_OBSTACLE,DONE
MOTORS,0,0
MOTORS,80,77
GPS,40.090892,-105.185592,40.090892,-105.185592
TIME,22:28:33
SONAR,100,150,150,6,100
AVOID_OBSTACLE,TURN_LEFT
MOTORS,0,127
SONAR,100,150,150,150,100
AVOID_OBSTACLE,DONE
MOTORS,0,0
BEARING,29.00,33.69,4.69
MOTORS,80,77
GPS,40.090881,-105.185615,40.090881,-105.185615
TIME,22:28:35
SONAR,100,150,150,6,100
AVOID_OBSTACLE,TURN_LEFT
MOTORS,0,127
SONAR,100,150,150,150,100
AVOID_OBSTACLE,DONE
MOTORS,0,0
MOTORS,80,77
SONAR,100,150,150,6,100
AVOID_OBSTACLE,TURN_LEFT
MOTORS,0,127
SONAR,100,150,150,150,100
AVOID_OBSTACLE,DONE
MOTORS,0,0
MOTORS,80,77
GPS,40.090847,-105.185592,40.090847,-105.185592
TIME,22:28:38
SONAR,100,150,150,6,100
AVOID_OBSTACLE,TURN_LEFT
MOTORS,0,127
SONAR,100,150,150,150,100
AVOID_OBSTACLE,DONE
MOTORS,0,0
BEARING,29.00,25.46,-3.54
MOTORS,78,80
SONAR,100,150,150,6,100
AVOID_OBSTACLE,TURN_LEFT
MOTORS,0,127
SONAR,100,150,150,150,100
AVOID_OBSTACLE,DONE
MOTORS,0,0
MOTORS,78,80
SONAR,100,150,150,6,100
AVOID_OBSTACLE,TURN_LEFT
MOTORS,0,127
SONAR,100,150,150,150,100
AVOID_OBSTACLE,DONE
MOTORS,0,0
MOTORS,78,80
GPS,40.090854,-105.185592,40.090854,-105.185592
TIME,22:28:42
SONAR,100,150,150,6,100
AVOID_OBSTACLE,TURN_LEFT
MOTORS,0,127
SONAR,100,150,150,150,100
AVOID_OBSTACLE,DONE
MOTORS,0,0
BEARING,29.00,26.57,-2.43
MOTORS,78,80
SONAR,100,150,150,6,100
AVOID_OBSTACLE,TURN_LEFT
MOTORS,0,127
SONAR,100,150,150,150,100
AVOID_OBSTACLE,DONE
MOTORS,0,0
MOTORS,78,80
SONAR,100,150,150,6,100
AVOID_OBSTACLE,TURN_LEFT
MOTORS,0,127
SONAR,100,150,150,150,100
AVOID_OBSTACLE,DONE
MOTORS,0,0
MOTORS,78,80
GPS,40.090835,-105.185615,40.090835,-105.185615
TIME,22:28:46
SONAR,100,150,150,6,100
AVOID_OBSTACLE,TURN_LEFT
MOTORS,0,127
SONAR,100,150,150,150,100
AVOID_OBSTACLE,DONE
MOTORS,0,0
BEARING,30.00,30.02,0.02
MOTORS,80,79
GPS,40.090843,-105.185615,40.090843,-105.185615
TIME,22:28:48
SONAR,100,150,150,6,100
AVOID_OBSTACLE,TURN_LEFT
MOTORS,0,127
SONAR,100,150,150,150,100
AVOID_OBSTACLE,DONE
MOTORS,0,0
MOTORS,80,79
GPS,40.090843,-105.185615,40.090843,-105.185615
TIME,22:28:49
SONAR,100,150,150,6,100
AVOID_OBSTACLE,TURN_LEFT
MOTORS,0,127
SONAR,100,150,150,150,100
AVOID_OBSTACLE,DONE
MOTORS,0,0
MOTORS,80,79
SONAR,100,150,150,6,100
AVOID_OBSTACLE,TURN_LEFT
MOTORS,0,127
SONAR,100,150,150,150,100
AVOID_OBSTACLE,DONE
MOTORS,0,0
BEARING,30.00,31.16,1.16
MOTORS,80,79
GPS,40.090854,-105.185615,40.090854,-105.185615
TIME,22:28:52
SONAR,100,150,150,6,100
AVOID_OBSTACLE,TURN_LEFT
MOTORS,0,127
SONAR,100,150,150,150,100
AVOID_OBSTACLE,DONE
MOTORS,0,0
MOTORS,80,79
SONAR,100,150,150,6,100
AVOID_OBSTACLE,TURN_LEFT
MOTORS,0,127
SONAR,100,150,150,150,100
AVOID_OBSTACLE,DONE
MOTORS,0,0
MOTORS,80,79
SONAR,100,150,150,6,100
AVOID_OBSTACLE,TURN_LEFT
MOTORS,0,127
SONAR,100,150,150,150,100
AVOID_OBSTACLE,DONE
MOTORS,0,0
BEARING,30.00,33.02,3.02
MOTORS,80,78
GPS,40.090854,-105.185615,40.090854,-105.185615
TIME,22:28:57
SONAR,100,150,150,6,100
AVOID_OBSTACLE,TURN_LEFT
MOTORS,0,127
SONAR,100,150,150,150,100
AVOID_OBSTACLE,DONE
MOTORS,0,0
MOTORS,80,78
SONAR,100,150,150,6,100
AVOID_OBSTACLE,TURN_LEFT
MOTORS,0,127
SONAR,100,150,150,150,100
AVOID_OBSTACLE,DONE
MOTORS,0,0
MOTORS,80,78
GPS,40.090854,-105.185615,40.090854,-105.185615
TIME,22:29:0
SONAR,100,150,150,6,100
AVOID_OBSTACLE,TURN_LEFT
MOTORS,0,127
SONAR,100,150,150,150,100
AVOID_OBSTACLE,DONE
MOTORS,0,0
BEARING,30.00,33.02,3.02
MOTORS,80,78
GPS,40.090858,-105.185615,40.090858,-105.185615
TIME,22:29:1
SONAR,100,150,150,6,100
AVOID_OBSTACLE,TURN_LEFT
MOTORS,0,127
SONAR,100,150,150,150,100
AVOID_OBSTACLE,DONE
MOTORS,0,0
MOTORS,80,78
SONAR,100,150,150,6,100
AVOID_OBSTACLE,TURN_LEFT
MOTORS,0,127
SONAR,100,150,150,150,100
AVOID_OBSTACLE,DONE
MOTORS,0,0
MOTORS,80,78
GPS,40.090858,-105.185592,40.090858,-105.185592
TIME,22:29:4
SONAR,100,150,150,6,100
AVOID_OBSTACLE,TURN_LEFT
MOTORS,0,127
SONAR,100,150,150,150,100
AVOID_OBSTACLE,DONE
MOTORS,0,0
BEARING,24.00,27.15,3.15
MOTORS,80,78
SONAR,100,150,150,6,100
AVOID_OBSTACLE,TURN_LEFT
MOTORS,0,127
SONAR,100,150,150,150,100
AVOID_OBSTACLE,DONE
MOTORS,0,0
MOTORS,80,78
GPS,40.090869,-105.185615,40.090869,-105.185615
TIME,22:29:7
SONAR,100,150,150,6,100
AVOID_OBSTACLE,TURN_LEFT
MOTORS,0,127
SONAR,100,150,150,150,100
AVOID_OBSTACLE,DONE
MOTORS,0,0
MOTORS,80,78
GPS,40.090877,-105.185592,40.090877,-105.185592
TIME,22:29:8
SONAR,100,150,150,6,100
AVOID_OBSTACLE,TURN_LEFT
MOTORS,0,127
SONAR,100,150,150,150,100
AVOID_OBSTACLE,DONE
MOTORS,0,0
BEARING,336.00,30.47,54.47
MOTORS,80,0
SONAR,100,150,150,6,100
AVOID_OBSTACLE,TURN_LEFT
MOTORS,0,127
SONAR,100,150,150,150,100
AVOID_OBSTACLE,DONE
MOTORS,0,0
MOTORS,80,0
GPS,40.090873,-105.185577,40.090873,-105.185577
TIME,22:29:12
SONAR,100,150,150,6,100
AVOID_OBSTACLE,TURN_LEFT
MOTORS,0,127
SONAR,100,150,150,150,100
AVOID_OBSTACLE,DONE
MOTORS,0,0
MOTORS,80,0
SONAR,100,150,150,6,100
AVOID_OBSTACLE,TURN_LEFT
MOTORS,0,127
SONAR,100,150,150,150,100
AVOID_OBSTACLE,DONE
MOTORS,0,0
BEARING,29.00,24.57,-4.43
MOTORS,78,80
GPS,40.090862,-105.185577,40.090862,-105.185577
TIME,22:29:15
SONAR,100,150,150,6,100
AVOID_OBSTACLE,TURN_LEFT
MOTORS,0,127
SONAR,100,150,150,150,100
AVOID_OBSTACLE,DONE
MOTORS,0,0
MOTORS,78,80
GPS,40.090858,-105.185592,40.090858,-105.185592
TIME,22:29:16
SONAR,100,150,150,6,100
AVOID_OBSTACLE,TURN_LEFT
MOTORS,0,127
SONAR,100,150,150,150,100
AVOID_OBSTACLE,DONE
MOTORS,0,0
MOTORS,78,80
SONAR,100,150,150,6,100
AVOID_OBSTACLE,TURN_LEFT
MOTORS,0,127
SONAR,100,150,150,150,100
AVOID_OBSTACLE,DONE
MOTORS,0,0
BEARING,29.00,27.15,-1.85
MOTORS,79,80
GPS,40.090877,-105.185592,40.090877,-105.185592
TIME,22:29:19
SONAR,100,150,150,6,100
AVOID_OBSTACLE,TURN_LEFT
MOTORS,0,127
SONAR,100,150,150,150,100
AVOID_OBSTACLE,DONE
MOTORS,0,0
MOTORS,79,80
SONAR,100,150,150,6,100
AVOID_OBSTACLE,TURN_LEFT
MOTORS,0,127
SONAR,100,150,150,150,100
AVOID_OBSTACLE,DONE
MOTORS,0,0
MOTORS,79,80
GPS,40.090877,-105.185615,40.090877,-105.185615
TIME,22:29:22
SONAR,100,65,150,6,100
AVOID_OBSTACLE,TURN_LEFT
MOTORS,0,127
SONAR,100,63,150,150,100
AVOID_OBSTACLE,DONE
MOTORS,0,0
BEARING,132.00,37.41,-94.59
MOTORS,0,80
GPS,40.090866,-105.185646,40.090866,-105.185646
TIME,22:29:23
SONAR,100,38,150,6,100
AVOID_OBSTACLE,TURN_LEFT
MOTORS,0,127
SONAR,100,51,150,150,100
AVOID_OBSTACLE,DONE
MOTORS,0,0
MOTORS,0,80
SONAR,100,150,150,6,100
AVOID_OBSTACLE,TURN_LEFT
MOTORS,0,127
SONAR,100,150,150,150,100
AVOID_OBSTACLE,DONE
MOTORS,0,0
MOTORS,0,80
GPS,40.090835,-105.185707,40.090835,-105.185707
TIME,22:29:26
SONAR,100,150,150,6,100
AVOID_OBSTACLE,TURN_LEFT
MOTORS,0,127
SONAR,100,150,150,150,100
AVOID_OBSTACLE,DONE
MOTORS,0,0
BEARING,134.00,48.01,-85.99
MOTORS,0,80
SONAR,100,150,150,6,100
AVOID_OBSTACLE,TURN_LEFT
MOTORS,0,127
SONAR,100,150,150,150,100
AVOID_OBSTACLE,DONE
MOTORS,0,0
MOTORS,0,80
SONAR,100,150,150,6,100
AVOID_OBSTACLE,TURN_LEFT
MOTORS,0,127
SONAR,100,150,150,150,100
AVOID_OBSTACLE,DONE
MOTORS,0,0
MOTORS,0,80
GPS,40.090805,-105.185707,40.090805,-105.185707
TIME,22:29:31
SONAR,100,150,150,6,100
AVOID_OBSTACLE,TURN_LEFT
MOTORS,0,127
SONAR,100,150,150,150,100
AVOID_OBSTACLE,DONE
MOTORS,0,0
BEARING,146.00,43.33,-102.67
MOTORS,0,80
SONAR,100,150,150,6,100
AVOID_OBSTACLE,TURN_LEFT
MOTORS,0,127
SONAR,100,150,150,150,100
AVOID_OBSTACLE,DONE
MOTORS,0,0
MOTORS,0,80
GPS,40.090778,-105.185707,40.090778,-105.185707
TIME,22:29:34
SONAR,100,150,150,6,100
AVOID_OBSTACLE,TURN_LEFT
MOTORS,0,127
SONAR,100,150,150,150,100
AVOID_OBSTACLE,DONE
MOTORS,0,0
MOTORS,0,80
GPS,40.090766,-105.185691,40.090766,-105.185691
TIME,22:29:35
SONAR,100,150,150,6,100
AVOID_OBSTACLE,TURN_LEFT
MOTORS,0,127
SONAR,100,150,150,150,100
AVOID_OBSTACLE,DONE
MOTORS,0,0
BEARING,121.00,36.14,-84.86
MOTORS,0,80
SONAR,100,150,150,6,100
AVOID_OBSTACLE,TURN_LEFT
MOTORS,0,127
SONAR,100,150,150,150,100
AVOID_OBSTACLE,DONE
MOTORS,0,0
MOTORS,0,80
GPS,40.090736,-105.185707,40.090736,-105.185707
TIME,22:29:38
SONAR,100,150,150,6,100
AVOID_OBSTACLE,TURN_LEFT
MOTORS,0,127
SONAR,100,150,150,150,100
AVOID_OBSTACLE,DONE
MOTORS,0,0
MOTORS,0,80
SONAR,100,150,150,6,100
AVOID_OBSTACLE,TURN_LEFT
MOTORS,0,127
SONAR,100,150,150,150,100
AVOID_OBSTACLE,DONE
MOTORS,0,0
BEARING,165.00,35.15,-129.85
MOTORS,0,80
GPS,40.090724,-105.185722,40.090724,-105.185722
TIME,22:29:41
SONAR,100,150,150,6,100
AVOID_OBSTACLE,TURN_LEFT
MOTORS,0,127
SONAR,100,150,150,150,100
AVOID_OBSTACLE,DONE
MOTORS,0,0
MOTORS,0,80
GPS,40.090732,-105.185722,40.090732,-105.185722
TIME,22:29:43
SONAR,100,150,150,6,100
AVOID_OBSTACLE,TURN_LEFT
MOTORS,0,127
SONAR,100,150,150,150,100
AVOID_OBSTACLE,DONE
MOTORS,0,0
MOTORS,0,80
SONAR,100,43,150,6,100
AVOID_OBSTACLE,TURN_LEFT
MOTORS,0,127
SONAR,100,44,150,150,100
AVOID_OBSTACLE,DONE
MOTORS,0,0
BEARING,126.00,36.87,-89.13
MOTORS,0,80
GPS,40.090713,-105.185760,40.090713,-105.185760
TIME,22:29:46
SONAR,100,150,150,6,100
AVOID_OBSTACLE,TURN_LEFT
MOTORS,0,127
SONAR,100,150,150,150,100
AVOID_OBSTACLE,DONE
MOTORS,0,0
MOTORS,0,80
SONAR,100,150,150,6,100
AVOID_OBSTACLE,TURN_LEFT
MOTORS,0,127
SONAR,100,150,150,150,100
AVOID_OBSTACLE,DONE
MOTORS,0,0
MOTORS,0,80
SONAR,100,150,150,6,100
AVOID_OBSTACLE,TURN_LEFT
MOTORS,0,127
SONAR,100,150,150,150,100
AVOID_OBSTACLE,DONE
MOTORS,0,0
BEARING,58.00,39.73,-18.27
MOTORS,71,80
GPS,40.090717,-105.185775,40.090717,-105.185775
TIME,22:29:50
SONAR,100,150,150,6,100
AVOID_OBSTACLE,TURN_LEFT
MOTORS,0,127
SONAR,100,150,150,150,100
AVOID_OBSTACLE,DONE
MOTORS,0,0
MOTORS,71,80
SONAR,100,150,150,6,100
AVOID_OBSTACLE,TURN_LEFT
MOTORS,0,127
SONAR,100,150,150,150,100
AVOID_OBSTACLE,DONE
MOTORS,0,0
MOTORS,71,80
GPS,40.090702,-105.185775,40.090702,-105.185775
TIME,22:29:53
SONAR,100,27,150,6,100
AVOID_OBSTACLE,TURN_LEFT
MOTORS,0,127
SONAR,100,150,150,150,100
AVOID_OBSTACLE,DONE
MOTORS,0,0
BEARING,112.00,40.36,-71.64
MOTORS,0,80
GPS,40.090690,-105.185760,40.090690,-105.185760
TIME,22:29:54
SONAR,100,150,150,6,100
AVOID_OBSTACLE,TURN_LEFT
MOTORS,0,127
SONAR,100,150,150,150,100
AVOID_OBSTACLE,DONE
MOTORS,0,0
MOTORS,0,80
SONAR,100,150,150,6,100
AVOID_OBSTACLE,TURN_LEFT
MOTORS,0,127
SONAR,100,150,150,150,100
AVOID_OBSTACLE,DONE
MOTORS,0,0
MOTORS,0,80
GPS,40.090698,-105.185760,40.090698,-105.185760
TIME,22:29:57
SONAR,100,150,150,6,100
AVOID_OBSTACLE,TURN_LEFT
MOTORS,0,127
SONAR,100,103,150,150,100
AVOID_OBSTACLE,DONE
MOTORS,0,0
BEARING,74.00,38.31,-35.69
MOTORS,0,80
SONAR,100,150,150,6,100
AVOID_OBSTACLE,TURN_LEFT
MOTORS,0,127
SONAR,100,150,150,150,100
AVOID_OBSTACLE,DONE
MOTORS,0,0
MOTORS,0,80
GPS,40.090652,-105.185707,40.090652,-105.185707
TIME,22:30:0
SONAR,100,150,150,6,100
AVOID_OBSTACLE,TURN_LEFT
MOTORS,0,127
SONAR,100,150,150,150,100
AVOID_OBSTACLE,DONE
MOTORS,0,0
MOTORS,0,80
GPS,40.090652,-105.185691,40.090652,-105.185691
TIME,22:30:2
SONAR,100,150,150,6,100
AVOID_OBSTACLE,TURN_LEFT
MOTORS,0,127
SONAR,100,150,150,150,100
AVOID_OBSTACLE,DONE
MOTORS,0,0
BEARING,102.00,26.32,-75.68
MOTORS,0,80
GPS,40.090629,-105.185676,40.090629,-105.185676
TIME,22:30:3
SONAR,100,150,150,6,100
AVOID_OBSTACLE,TURN_LEFT
MOTORS,0,127
SONAR,100,150,150,150,100
AVOID_OBSTACLE,DONE
MOTORS,0,0
MOTORS,0,80
GPS,40.090602,-105.185661,40.090602,-105.185661
TIME,22:30:5
SONAR,100,150,150,6,100
AVOID_OBSTACLE,TURN_LEFT
MOTORS,0,127
SONAR,100,150,150,150,100
AVOID_OBSTACLE,DONE
MOTORS,0,0
MOTORS,0,80
SONAR,100,150,150,6,100
AVOID_OBSTACLE,TURN_LEFT
MOTORS,0,127
SONAR,100,150,150,150,100
AVOID_OBSTACLE,DONE
MOTORS,0,0
BEARING,72.00,19.72,-52.28
MOTORS,0,80
GPS,40.090564,-105.185615,40.090564,-105.185615
TIME,22:30:8
SONAR,100,150,150,6,100
AVOID_OBSTACLE,TURN_LEFT
MOTORS,0,127
SONAR,100,150,150,150,100
AVOID_OBSTACLE,DONE
MOTORS,0,0
MOTORS,0,80
GPS,40.090541,-105.185592,40.090541,-105.185592
TIME,22:30:9
SONAR,100,150,150,6,100
AVOID_OBSTACLE,TURN_LEFT
MOTORS,0,127
SONAR,100,150,150,150,100
AVOID_OBSTACLE,DONE
MOTORS,0,0
MOTORS,0,80
SONAR,100,150,150,6,100
AVOID_OBSTACLE,TURN_LEFT
MOTORS,0,127
SONAR,100,150,150,150,100
AVOID_OBSTACLE,DONE
MOTORS,0,0
BEARING,119.00,9.31,-109.69
MOTORS,0,80
GPS,40.090499,-105.185562,40.090499,-105.185562
TIME,22:30:12
SONAR,100,23,150,6,100
AVOID_OBSTACLE,TURN_LEFT
MOTORS,0,127
SONAR,100,150,150,150,100
AVOID_OBSTACLE,DONE
MOTORS,0,0
MOTORS,0,80
SONAR,100,150,150,6,100
AVOID_OBSTACLE,TURN_LEFT
MOTORS,0,127
SONAR,100,150,150,150,100
AVOID_OBSTACLE,DONE
MOTORS,0,0
MOTORS,0,80
SONAR,100,150,150,6,100
AVOID_OBSTACLE,TURN_LEFT
MOTORS,0,127
SONAR,100,150,150,150,100
AVOID_OBSTACLE,DONE
MOTORS,0,0
BEARING,155.00,5.16,-149.84
MOTORS,0,80
GPS,40.090457,-105.185630,40.090457,-105.185630
TIME,22:30:16
SONAR,100,150,150,6,100
AVOID_OBSTACLE,TURN_LEFT
MOTORS,0,127
SONAR,100,150,150,150,100
AVOID_OBSTACLE,DONE
MOTORS,0,0
MOTORS,0,80
SONAR,100,150,150,6,100
AVOID_OBSTACLE,TURN_LEFT
MOTORS,0,127
SONAR,100,150,150,150,100
AVOID_OBSTACLE,DONE
MOTORS,0,0
MOTORS,0,80
GPS,40.090450,-105.185630,40.090450,-105.185630
TIME,22:30:20
SONAR,100,150,150,6,100
AVOID_OBSTACLE,TURN_LEFT
MOTORS,0,127
SONAR,100,150,150,150,100
AVOID_OBSTACLE,DONE
MOTORS,0,0
BEARING,145.00,11.61,-133.39
MOTORS,0,80
SONAR,100,150,150,6,100
AVOID_OBSTACLE,TURN_LEFT
MOTORS,0,127
SONAR,100,150,150,150,100
AVOID_OBSTACLE,DONE
MOTORS,0,0
MOTORS,0,80
SONAR,100,150,150,6,100
AVOID_OBSTACLE,TURN_LEFT
MOTORS,0,127
SONAR,100,150,150,150,100
AVOID_OBSTACLE,DONE
MOTORS,0,0
MOTORS,0,80
GPS,40.090442,-105.185661,40.090442,-105.185661
TIME,22:30:24
SONAR,100,150,150,6,100
AVOID_OBSTACLE,TURN_LEFT
MOTORS,0,127
SONAR,100,150,150,150,100
AVOID_OBSTACLE,DONE
MOTORS,0,0
BEARING,80.00,14.40,-65.60
MOTORS,0,80
SONAR,100,150,150,6,100
AVOID_OBSTACLE,TURN_LEFT
MOTORS,0,127
SONAR,100,150,150,150,100
AVOID_OBSTACLE,DONE
MOTORS,0,0
MOTORS,0,80
GPS,40.090442,-105.185661,40.090442,-105.185661
TIME,22:30:27
SONAR,100,150,150,6,100
AVOID_OBSTACLE,TURN_LEFT
MOTORS,0,127
SONAR,100,150,150,150,100
AVOID_OBSTACLE,DONE
MOTORS,0,0
MOTORS,0,80
SONAR,100,96,150,6,100
AVOID_OBSTACLE,TURN_LEFT
MOTORS,0,127
SONAR,100,150,62,63,100
SONAR,100,150,61,62,100
SONAR,100,150,61,62,100
SONAR,100,150,61,62,100
SONAR,100,150,61,62,100
SONAR,100,150,61,62,100
SONAR,100,150,63,62,100
SONAR,100,150,61,62,100
SONAR,100,150,61,62,100
SONAR,100,150,61,63,100
SONAR,100,150,61,62,100
SONAR,100,150,61,62,100
SONAR,100,150,63,60,100
SONAR,100,98,61,62,100
SONAR,100,150,61,62,100
SONAR,100,82,61,62,100
SONAR,100,150,63,63,100
SONAR,100,150,62,62,100
SONAR,100,150,62,68,100
SONAR,100,150,60,64,100
SONAR,100,150,62,60,100
SONAR,100,22,61,60,100
SONAR,100,150,62,64,100
SONAR,100,150,19,61,100
SONAR,100,42,19,150,100
SONAR,100,26,18,150,100
SONAR,100,150,62,150,100
SONAR,100,55,64,150,100
SONAR,100,150,150,62,100
SONAR,100,38,150,61,100
SONAR,100,45,62,62,100
SONAR,100,19,62,62,100
SONAR,100,13,150,63,100
SONAR,100,55,150,63,100
SONAR,100,150,6,105,100
SONAR,100,150,4,61,100
SONAR,100,54,2,64,100
SONAR,100,150,3,61,100
SONAR,100,150,19,65,100
SONAR,100,7,61,60,100
SONAR,100,3,10,37,100
SONAR,100,5,60,61,100
SONAR,100,5,61,61,100
SONAR,100,150,61,36,100
SONAR,100,6,62,63,100
SONAR,100,9,62,61,100
SONAR,100,75,61,61,100
SONAR,100,97,61,61,100
SONAR,100,103,61,61,100
SONAR,100,99,61,63,100
SONAR,100,55,61,64,100
SONAR,100,150,63,62,100
SONAR,100,150,62,64,100
SONAR,100,62,47,64,100
SONAR,100,63,25,63,100
SONAR,100,54,61,63,100
SONAR,100,65,62,61,100
SONAR,100,65,62,26,100
SONAR,100,55,61,63,100
SONAR,100,55,61,61,100
SONAR,100,150,61,62,100
SONAR,100,150,61,62,100
SONAR,100,150,62,61,100
SONAR,100,55,61,61,100
SONAR,100,150,62,61,100
SONAR,100,150,61,150,100
SONAR,100,150,150,61,100
SONAR,100,54,150,150,100
AVOID_OBSTACLE,DONE
MOTORS,0,0
BEARING,35.00,14.40,-20.60
MOTORS,70,80
SONAR,100,150,61,6,100
AVOID_OBSTACLE,TURN_LEFT
MOTORS,0,127
SONAR,100,55,62,62,100
SONAR,100,22,150,150,100
AVOID_OBSTACLE,DONE
MOTORS,0,0
MOTORS,70,80
SONAR,100,150,63,6,100
AVOID_OBSTACLE,TURN_LEFT
MOTORS,0,127
SONAR,100,150,150,62,100
SONAR,100,150,150,150,100
AVOID_OBSTACLE,DONE
MOTORS,0,0
MOTORS,70,80
SONAR,100,150,62,63,100
AVOID_OBSTACLE,TURN_LEFT
MOTORS,0,127
SONAR,100,150,61,58,100
SONAR,100,150,61,60,100
SONAR,100,150,61,63,100
SONAR,100,66,61,53,100
SONAR,100,66,61,62,100
SONAR,100,150,61,61,100
SONAR,100,150,61,61,100
SONAR,100,150,62,62,100
SONAR,100,150,63,62,100
SONAR,100,150,61,64,100
SONAR,100,150,61,150,100
SONAR,100,150,150,62,100
SONAR,100,150,61,61,100
SONAR,100,150,62,61,100
SONAR,100,150,69,60,100
SONAR,100,150,61,61,100
SONAR,100,54,62,62,100
SONAR,100,150,68,150,100
SONAR,100,150,150,65,100
SONAR,100,150,150,27,100
SONAR,100,150,70,12,100
SONAR,100,150,66,11,100
SONAR,100,150,67,10,100
SONAR,100,23,29,150,100
SONAR,100,150,66,150,100
SONAR,100,150,67,13,100
SONAR,100,150,14,63,100
SONAR,100,150,62,62,100
SONAR,100,150,62,150,100
SONAR,100,53,63,65,100
SONAR,100,150,62,150,100
SONAR,100,150,63,150,100
SONAR,100,150,64,150,100
SONAR,100,150,62,61,100
SONAR,100,150,62,62,100
SONAR,100,150,43,150,100
SONAR,100,150,63,150,100
SONAR,100,150,63,150,100
SONAR,100,150,63,150,100
SONAR,100,150,64,150,100
SONAR,100,150,63,150,100
SONAR,100,150,62,150,100
SONAR,100,150,62,150,100
SONAR,100,150,61,62,100
SONAR,100,150,62,20,100
SONAR,100,150,63,53,100
SONAR,100,150,63,150,100
SONAR,100,150,63,64,100
SONAR,100,150,62,150,100
SONAR,100,63,61,150,100
SONAR,100,150,63,150,100
SONAR,100,150,62,150,100
SONAR,100,150,62,150,100
SONAR,100,150,62,150,100
SONAR,100,150,62,150,100
SONAR,100,150,62,150,100
SONAR,100,150,61,150,100
SONAR,100,150,62,150,100
SONAR,100,150,61,150,100
SONAR,100,150,62,150,100
SONAR,100,150,61,150,100
SONAR,100,150,62,150,100
SONAR,100,150,62,150,100
SONAR,100,150,62,150,100
SONAR,100,150,63,150,100
SONAR,100,150,61,150,100
SONAR,100,150,63,62,100
SONAR,100,150,62,45,100
SONAR,100,150,62,62,100
SONAR,100,150,63,62,100
SONAR,100,150,63,62,100
SONAR,100,150,63,150,100
SONAR,100,150,63,150,100
SONAR,100,150,63,150,100
SONAR,100,150,63,150,100
SONAR,100,150,61,62,100
SONAR,100,150,61,61,100
SONAR,100,150,62,150,100
SONAR,100,150,61,150,100
SONAR,100,150,62,62,100
SONAR,100,150,62,150,100
SONAR,100,150,62,62,100
SONAR,100,150,62,62,100
SONAR,100,150,63,64,100
SONAR,100,150,62,150,100
SONAR,100,150,62,62,100
SONAR,100,150,62,61,100
SONAR,100,150,63,41,100
SONAR,100,150,62,42,100
SONAR,100,150,62,64,100
SONAR,100,150,38,150,100
SONAR,100,150,61,64,100
SONAR,100,150,63,150,100
SONAR,100,150,62,150,100
SONAR,100,53,63,65,100
SONAR,100,150,62,62,100
SONAR,100,52,61,62,100
SONAR,100,150,43,150,100
SONAR,100,150,62,150,100
SONAR,100,150,63,66,100
SONAR,100,150,61,150,100
SONAR,100,150,63,150,100
SONAR,100,150,62,64,100
SONAR,100,150,62,61,100
SONAR,100,150,62,150,100
SONAR,100,150,62,150,100
SONAR,100,150,61,64,100
SONAR,100,150,61,150,100
SONAR,100,150,63,62,100
SONAR,100,150,62,62,100
SONAR,100,52,61,64,100
SONAR,100,150,61,64,100
SONAR,100,150,61,64,100
SONAR,100,150,61,62,100
SONAR,100,150,62,104,100
SONAR,100,150,62,106,100
SONAR,100,150,63,66,100
SONAR,100,150,63,65,100
SONAR,100,150,62,150,100
SONAR,100,150,61,64,100
SONAR,100,150,63,150,100
SONAR,100,150,61,63,100
SONAR,100,150,62,63,100
SONAR,100,150,62,63,100
SONAR,100,150,62,65,100
SONAR,100,150,62,65,100
SONAR,100,150,62,63,100
SONAR,100,150,62,62,100
SONAR,100,52,61,150,100
SONAR,100,64,61,150,100
SONAR,100,150,38,64,100
SONAR,100,150,63,150,100
SONAR,100,150,63,64,100
SONAR,100,150,62,64,100
SONAR,100,150,62,150,100
SONAR,100,150,61,150,100
SONAR,100,150,62,150,100
SONAR,100,150,62,150,100
SONAR,100,150,64,150,100
SONAR,100,150,62,150,100
SONAR,100,54,62,63,100
SONAR,100,53,62,150,100
SONAR,100,150,62,150,100
SONAR,100,150,62,62,100
SONAR,100,150,63,150,100
SONAR,100,150,62,150,100
SONAR,100,52,63,150,100
SONAR,100,150,62,65,100
SONAR,100,150,62,150,100
SONAR,100,150,62,63,100
SONAR,100,150,62,61,100
SONAR,100,150,61,150,100
SONAR,100,150,62,65,100
SONAR,100,150,62,150,100
SONAR,100,52,63,150,100
SONAR,100,150,63,150,100
SONAR,100,150,62,64,100
SONAR,100,150,63,64,100
SONAR,100,150,62,61,100
SONAR,100,150,63,64,100
SONAR,100,150,62,150,100
SONAR,100,150,61,62,100
SONAR,100,150,62,62,100
SONAR,100,150,62,150,100
SONAR,100,150,62,61,100
SONAR,100,150,63,62,100
SONAR,100,150,63,64,100
SONAR,100,150,62,62,100
SONAR,100,150,63,150,100
SONAR,100,150,62,62,100
SONAR,100,150,62,150,100
SONAR,100,150,62,62,100
SONAR,100,150,61,62,100
SONAR,100,150,61,61,100
SONAR,100,150,61,62,100
SONAR,100,150,61,65,100
SONAR,100,150,62,62,100
SONAR,100,150,63,63,100
SONAR,100,150,62,63,100
SONAR,100,150,62,64,100
SONAR,100,150,63,62,100
SONAR,100,150,62,64,100
SONAR,100,150,62,62,100
SONAR,100,150,62,62,100
SONAR,100,150,62,63,100
SONAR,100,150,62,61,100
SONAR,100,150,62,63,100
SONAR,100,52,62,62,100
SONAR,100,150,62,62,100
SONAR,100,150,62,64,100
SONAR,100,150,63,150,100
SONAR,100,150,62,150,100
SONAR,100,150,62,62,100
SONAR,100,150,63,62,100
SONAR,100,150,63,62,100
SONAR,100,150,63,62,100
SONAR,100,150,63,43,100
SONAR,100,150,63,43,100
SONAR,100,150,63,43,100
SONAR,100,150,63,45,100
SONAR,100,150,63,43,100
SONAR,100,62,62,43,100
SONAR,100,150,61,43,100
SONAR,100,150,62,44,100
SONAR,100,150,62,46,100
SONAR,100,150,62,150,100
SONAR,100,150,62,44,100
SONAR,100,150,63,44,100
SONAR,100,150,63,44,100
SONAR,100,150,63,44,100
SONAR,100,150,62,44,100
SONAR,100,150,62,150,100
SONAR,100,150,62,45,100
SONAR,100,150,62,150,100
SONAR,100,150,62,150,100
SONAR,100,150,62,150,100
SONAR,100,63,62,66,100
SONAR,100,150,63,150,100
SONAR,100,150,62,150,100
SONAR,100,150,62,150,100
SONAR,100,150,62,67,100
SONAR,100,150,61,150,100
SONAR,100,150,63,150,100
SONAR,100,150,63,150,100
SONAR,100,150,63,150,100
SONAR,100,150,63,150,100
SONAR,100,150,63,64,100
SONAR,100,150,62,65,100
SONAR,100,150,63,63,100
SONAR,100,150,62,64,100
SONAR,100,150,62,150,100
SONAR,100,150,62,64,100
SONAR,100,150,62,150,100
SONAR,100,150,62,150,100
SONAR,100,150,62,150,100
SONAR,100,150,62,150,100
SONAR,100,150,62,150,100
SONAR,100,150,62,150,100
SONAR,100,150,63,150,100
SONAR,100,150,63,150,100
SONAR,100,150,62,150,100
SONAR,100,150,61,61,100
SONAR,100,150,61,44,100
SONAR,100,150,61,63,100
SONAR,100,150,61,61,100
SONAR,100,150,61,61,100
SONAR,100,150,62,61,100
SONAR,100,150,61,63,100
SONAR,100,150,61,63,100
SONAR,100,150,62,150,100
SONAR,100,150,63,150,100
SONAR,100,150,63,62,100
SONAR,100,150,61,150,100
SONAR,100,150,62,61,100
SONAR,100,150,63,61,100
SONAR,100,150,62,61,100
SONAR,100,150,61,61,100
SONAR,100,150,62,62,100
SONAR,100,150,62,63,100
SONAR,100,150,63,63,100
SONAR,100,150,63,62,100
SONAR,100,150,63,61,100
SONAR,100,150,63,61,100
SONAR,100,150,62,62,100
SONAR,100,150,61,63,100
SONAR,100,150,61,61,100
SONAR,100,150,63,63,100
SONAR,100,150,63,150,100
SONAR,100,150,63,150,100
SONAR,100,150,62,150,100
SONAR,100,150,62,150,100
SONAR,100,150,62,150,100
SONAR,100,150,62,150,100
SONAR,100,150,62,150,100
SONAR,100,150,63,42,100
SONAR,100,150,63,62,100
SONAR,100,150,62,61,100
SONAR,100,150,61,61,100
SONAR,100,150,61,61,100
SONAR,100,150,62,62,100
SONAR,100,150,62,62,100
SONAR,100,150,62,38,100
SONAR,100,150,61,62,100
SONAR,100,150,61,63,100
SONAR,100,150,62,63,100
SONAR,100,150,61,62,100
SONAR,100,150,63,64,100
SONAR,100,150,62,150,100
SONAR,100,150,62,63,100
SONAR,100,150,62,150,100
SONAR,100,150,62,61,100
SONAR,100,150,61,61,100
SONAR,100,150,61,61,100
SONAR,100,150,61,62,100
SONAR,100,150,61,150,100
SONAR,100,150,61,61,100
SONAR,100,150,61,150,100
SONAR,100,150,62,150,100
SONAR,100,150,61,150,100
SONAR,100,150,61,150,100
SONAR,100,150,61,150,100
SONAR,100,150,61,150,100
SONAR,100,150,61,150,100
SONAR,100,150,61,150,100
SONAR,100,150,62,62,100
SONAR,100,150,62,62,100
SONAR,100,150,63,62,100
SONAR,100,150,63,62,100
SONAR,100,150,62,62,100
SONAR,100,150,61,61,100
SONAR,100,150,62,62,100
SONAR,100,62,62,62,100
SONAR,100,150,61,63,100
SONAR,100,150,61,62,100
SONAR,100,150,61,62,100
SONAR,100,150,61,62,100
SONAR,100,150,61,62,100
SONAR,100,150,61,61,100
SONAR,100,150,61,61,100
SONAR,100,150,61,61,100
SONAR,100,150,61,62,100
SONAR,100,150,61,61,100
SONAR,100,150,61,61,100
SONAR,100,150,61,61,100
SONAR,100,150,61,61,100
SONAR,100,150,61,61,100
SONAR,100,150,63,61,100
SONAR,100,150,61,61,100
SONAR,100,150,61,61,100
SONAR,100,150,61,61,100
SONAR,100,150,61,63,100
SONAR,100,150,61,44,100
SONAR,100,150,62,150,100
SONAR,100,150,62,150,100
SONAR,100,150,63,150,100
SONAR,100,150,63,150,100
SONAR,100,150,63,150,100
SONAR,100,150,62,150,100
SONAR,100,150,62,150,100
SONAR,100,150,63,150,100
SONAR,100,150,62,61,100
SONAR,100,150,63,59,100
SONAR,100,150,61,62,100
SONAR,100,150,62,150,100
SONAR,100,150,62,150,100
SONAR,100,150,63,150,100
SONAR,100,150,63,64,100
SONAR,100,150,63,62,100
SONAR,100,150,63,62,100
SONAR,100,150,63,62,100
SONAR,100,150,63,63,100
SONAR,100,150,63,150,100
SONAR,100,150,63,106,100
SONAR,100,150,62,105,100
SONAR,100,150,63,150,100
SONAR,100,150,63,62,100
SONAR,100,150,62,62,100
SONAR,100,150,62,62,100
SONAR,100,150,63,150,100
SONAR,100,150,63,150,100
SONAR,100,150,62,150,100
SONAR,100,150,62,63,100
SONAR,100,150,63,61,100
SONAR,100,150,62,61,100
SONAR,100,52,62,62,100
SONAR,100,150,61,63,100
SONAR,100,150,62,61,100
SONAR,100,150,61,63,100
SONAR,100,150,61,61,100
SONAR,100,150,62,63,100
SONAR,100,150,62,63,100
SONAR,100,150,61,63,100
SONAR,100,150,61,63,100
SONAR,100,150,62,63,100
SONAR,100,150,61,62,100
SONAR,100,150,61,62,100
SONAR,100,150,62,62,100
SONAR,100,150,63,63,100
SONAR,100,150,62,63,100
SONAR,100,150,62,61,100
SONAR,100,150,62,63,100
SONAR,100,150,62,150,100
SONAR,100,150,62,63,100
SONAR,100,150,62,61,100
SONAR,100,150,62,62,100
SONAR,100,150,62,63,100
SONAR,100,150,62,62,100
SONAR,100,150,62,63,100
SONAR,100,150,62,63,100
SONAR,100,150,62,150,100
SONAR,100,150,62,63,100
SONAR,100,150,63,63,100
SONAR,100,150,62,63,100
SONAR,100,150,63,63,100
SONAR,100,150,63,63,100
SONAR,100,150,62,62,100
SONAR,100,150,62,62,100
SONAR,100,150,62,150,100
SONAR,100,150,62,150,100
SONAR,100,150,62,150,100
SONAR,100,97,62,150,100
SONAR,100,150,62,150,100
SONAR,100,150,62,63,100
SONAR,100,150,63,150,100
SONAR,100,150,63,150,100
SONAR,100,150,62,61,100
SONAR,100,150,62,150,100
SONAR,100,150,62,150,100
SONAR,100,150,62,59,100
SONAR,100,150,63,64,100
SONAR,100,150,64,150,100
SONAR,100,73,60,57,100
SONAR,100,150,56,52,100
SONAR,100,52,150,150,100
AVOID_OBSTACLE,DONE
MOTORS,0,0
BEARING,36.00,14.40,-21.60
MOTORS,70,80
GPS,40.090442,-105.185661,40.090442,-105.185661
TIME,22:31:32
SONAR,100,150,150,6,100
AVOID_OBSTACLE,TURN_LEFT
MOTORS,0,127
SONAR,100,150,150,150,100
AVOID_OBSTACLE,DONE
MOTORS,0,0
MOTORS,70,80
SONAR,100,150,150,6,100
AVOID_OBSTACLE,TURN_LEFT
MOTORS,0,127
SONAR,100,150,150,150,100
AVOID_OBSTACLE,DONE
MOTORS,0,0
MOTORS,70,80
SONAR,100,150,150,6,100
AVOID_OBSTACLE,TURN_LEFT
MOTORS,0,127
SONAR,100,150,150,150,100
AVOID_OBSTACLE,DONE
MOTORS,0,0
BEARING,36.00,14.40,-21.60
MOTORS,70,80
GPS,40.090442,-105.185661,40.090442,-105.185661
TIME,22:31:36
SONAR,100,150,150,6,100
AVOID_OBSTACLE,TURN_LEFT
MOTORS,0,127
SONAR,100,150,150,150,100
AVOID_OBSTACLE,DONE
MOTORS,0,0
MOTORS,70,80
SONAR,100,150,150,6,100
AVOID_OBSTACLE,TURN_LEFT
MOTORS,0,127
SONAR,100,52,150,55,100
SONAR,100,150,61,60,100
SONAR,100,150,65,63,100
SONAR,100,150,65,69,100
SONAR,100,150,66,66,100
SONAR,100,150,65,65,100
SONAR,100,150,65,64,100
SONAR,100,67,63,63,100
SONAR,100,150,65,64,100
SONAR,100,150,64,65,100
SONAR,100,150,65,66,100
SONAR,100,150,65,66,100
SONAR,100,67,64,66,100
SONAR,100,150,64,65,100
SONAR,100,150,64,66,100
SONAR,100,67,64,66,100
SONAR,100,150,64,65,100
SONAR,100,150,64,66,100
SONAR,100,150,64,66,100
SONAR,100,150,65,66,100
SONAR,100,150,64,66,100
SONAR,100,150,64,66,100
SONAR,100,150,64,66,100
SONAR,100,150,64,66,100
SONAR,100,150,64,66,100
SONAR,100,53,64,66,100
SONAR,100,150,64,66,100
SONAR,100,150,64,66,100
SONAR,100,150,64,66,100
SONAR,100,150,64,65,100
SONAR,100,150,65,65,100
SONAR,100,150,64,65,100
SONAR,100,150,66,65,100
SONAR,100,150,66,65,100
SONAR,100,150,66,65,100
SONAR,100,150,66,66,100
SONAR,100,150,66,65,100
SONAR,100,150,66,65,100
SONAR,100,150,66,65,100
SONAR,100,150,66,66,100
SONAR,100,150,66,65,100
SONAR,100,150,65,65,100
SONAR,100,150,66,66,100
SONAR,100,150,66,65,100
SONAR,100,150,66,67,100
SONAR,100,150,66,65,100
SONAR,100,150,66,67,100
SONAR,100,68,66,66,100
SONAR,100,150,66,66,100
SONAR,100,150,65,65,100
SONAR,100,150,65,67,100
SONAR,100,150,65,65,100
SONAR,100,150,66,67,100
SONAR,100,150,65,66,100
SONAR,100,150,65,65,100
SONAR,100,150,64,64,100
SONAR,100,150,65,65,100
SONAR,100,150,67,66,100
SONAR,100,150,65,46,100
SONAR,100,150,65,65,100
SONAR,100,150,65,66,100
SONAR,100,150,65,44,100
SONAR,100,150,66,44,100
SONAR,100,150,66,150,100
SONAR,100,150,69,10,100
SONAR,100,150,150,13,100
SONAR,100,71,150,11,100
SONAR,100,15,11,150,100
SONAR,100,14,12,65,100
SONAR,100,13,10,10,100
SONAR,100,13,10,67,100
SONAR,100,13,10,11,100
SONAR,100,12,9,67,100
SONAR,100,13,9,67,100
SONAR,100,13,9,66,100
SONAR,100,12,9,150,100
SONAR,100,13,9,150,100
SONAR,100,14,9,10,100
SONAR,100,15,9,10,100
SONAR,100,15,10,9,100
SONAR,100,14,9,9,100
SONAR,100,13,10,10,100
SONAR,100,14,9,10,100
SONAR,100,14,9,10,100
SONAR,100,13,9,10,100
SONAR,100,13,9,10,100
SONAR,100,14,9,10,100
SONAR,100,13,10,10,100
SONAR,100,14,10,10,100
SONAR,100,14,10,10,100
SONAR,100,11,10,10,100
SONAR,100,13,9,10,100
SONAR,100,14,10,11,100
SONAR,100,13,9,12,100
SONAR,100,15,10,8,100
SONAR,100,70,150,8,100
SONAR,100,150,150,9,100
SONAR,100,70,150,10,100
SONAR,100,150,65,66,100
SONAR,100,65,150,150,100
AVOID_OBSTACLE,DONE
MOTORS,0,0
MOTORS,70,80
GPS,40.090442,-105.185661,40.090442,-105.185661
TIME,22:31:51
SONAR,100,150,69,6,100
AVOID_OBSTACLE,TURN_LEFT
MOTORS,0,127
SONAR,100,150,65,65,100
SONAR,100,150,68,66,100
SONAR,100,150,68,65,100
SONAR,100,150,65,67,100
SONAR,100,150,65,48,100
SONAR,100,150,65,66,100
SONAR,100,150,65,67,100
SONAR,100,150,65,66,100
SONAR,100,150,66,66,100
SONAR,100,150,67,64,100
SONAR,100,150,67,150,100
SONAR,100,150,66,150,100
SONAR,100,150,66,66,100
SONAR,100,150,65,66,100
SONAR,100,150,69,65,100
SONAR,100,150,65,66,100
SONAR,100,150,66,150,100
SONAR,100,150,69,65,100
SONAR,100,150,69,103,100
SONAR,100,150,69,104,100
SONAR,100,150,69,66,100
SONAR,100,150,66,65,100
SONAR,100,150,68,65,100
SONAR,100,150,150,66,100
SONAR,100,150,66,65,100
SONAR,100,150,69,66,100
SONAR,100,150,65,67,100
SONAR,100,150,66,66,100
SONAR,100,150,66,66,100
SONAR,100,150,66,65,100
SONAR,100,150,65,66,100
SONAR,100,150,66,64,100
SONAR,100,66,65,64,100
SONAR,100,68,66,64,100
SONAR,100,150,66,66,100
SONAR,100,150,65,66,100
SONAR,100,150,66,67,100
SONAR,100,150,68,67,100
SONAR,100,150,69,67,100
SONAR,100,150,68,65,100
SONAR,100,150,68,44,100
SONAR,100,150,69,46,100
SONAR,100,150,69,46,100
SONAR,100,150,150,45,100
SONAR,100,150,65,45,100
SONAR,100,150,68,45,100
SONAR,100,150,65,45,100
SONAR,100,150,150,45,100
SONAR,100,69,150,45,100
SONAR,100,150,150,45,100
SONAR,100,150,68,46,100
SONAR,100,150,69,45,100
SONAR,100,150,69,45,100
SONAR,100,150,69,45,100
SONAR,100,150,69,66,100
SONAR,100,150,66,150,100
SONAR,100,150,65,66,100
SONAR,100,150,65,66,100
SONAR,100,150,66,20,100
SONAR,100,150,64,66,100
SONAR,100,150,65,65,100
SONAR,100,150,64,66,100
SONAR,100,70,64,65,100
SONAR,100,150,64,66,100
SONAR,100,150,64,64,100
SONAR,100,150,64,67,100
SONAR,100,150,66,65,100
SONAR,100,150,64,65,100
SONAR,100,70,64,65,100
SONAR,100,68,64,64,100
SONAR,100,68,65,64,100
SONAR,100,70,64,64,100
SONAR,100,150,64,64,100
SONAR,100,70,64,66,100
SONAR,100,150,65,64,100
SONAR,100,150,65,64,100
SONAR,100,150,64,65,100
SONAR,100,150,66,65,100
SONAR,100,150,65,64,100
SONAR,100,150,66,65,100
SONAR,100,69,66,65,100
SONAR,100,68,64,65,100
SONAR,100,68,64,65,100
SONAR,100,150,66,66,100
SONAR,100,150,66,66,100
SONAR,100,150,66,66,100
SONAR,100,150,65,65,100
SONAR,100,150,65,65,100
SONAR,100,68,65,65,100
SONAR,100,150,65,65,100
SONAR,100,70,66,65,100
SONAR,100,68,65,65,100
SONAR,100,65,64,65,100
SONAR,100,70,65,64,100
SONAR,100,150,65,65,100
SONAR,100,150,66,65,100
SONAR,100,150,65,65,100
SONAR,100,150,67,43,100
SONAR,100,150,43,64,100
SONAR,100,72,65,150,100
SONAR,100,52,65,40,100
SONAR,100,69,65,150,100
SONAR,100,70,65,150,100
SONAR,100,77,64,150,100
SONAR,100,71,65,150,100
SONAR,100,74,65,150,100
SONAR,100,150,65,64,100
SONAR,100,150,64,150,100
SONAR,100,150,65,150,100
SONAR,100,150,64,65,100
SONAR,100,150,66,65,100
SONAR,100,150,65,65,100
SONAR,100,150,64,65,100
SONAR,100,150,64,67,100
SONAR,100,150,64,65,100
SONAR,100,150,65,65,100
SONAR,100,72,65,64,100
SONAR,100,150,64,64,100
SONAR,100,150,64,66,100
SONAR,100,68,64,65,100
SONAR,100,150,64,64,100
SONAR,100,150,65,71,100
SONAR,100,150,68,48,100
SONAR,100,150,68,65,100
SONAR,100,150,65,66,100
SONAR,100,150,66,66,100
SONAR,100,150,66,66,100
SONAR,100,150,65,66,100
SONAR,100,150,66,66,100
SONAR,100,150,66,66,100
SONAR,100,150,66,66,100
SONAR,100,150,64,66,100
SONAR,100,150,66,65,100
SONAR,100,150,66,66,100
SONAR,100,150,66,66,100
SONAR,100,150,69,66,100
SONAR,100,150,67,66,100
SONAR,100,150,67,66,100
SONAR,100,150,65,66,100
SONAR,100,68,66,65,100
SONAR,100,150,66,65,100
SONAR,100,66,66,65,100
SONAR,100,150,65,65,100
SONAR,100,150,66,66,100
SONAR,100,150,66,66,100
SONAR,100,150,66,66,100
SONAR,100,150,66,65,100
SONAR,100,75,65,65,100
SONAR,100,150,66,65,100
SONAR,100,150,65,65,100
SONAR,100,150,68,65,100
SONAR,100,150,65,67,100
SONAR,100,150,68,65,100
SONAR,100,150,66,66,100
SONAR,100,69,66,66,100
SONAR,100,70,66,66,100
SONAR,100,150,69,65,100
SONAR,100,150,66,66,100
SONAR,100,69,66,66,100
SONAR,100,150,66,66,100
SONAR,100,150,68,66,100
SONAR,100,150,67,66,100
SONAR,100,150,66,66,100
SONAR,100,150,66,66,100
SONAR,100,76,65,66,100
SONAR,100,150,65,65,100
SONAR,100,150,65,65,100
SONAR,100,150,65,64,100
SONAR,100,150,65,64,100
SONAR,100,150,66,64,100
SONAR,100,150,68,65,100
SONAR,100,150,68,65,100
SONAR,100,150,68,65,100
SONAR,100,150,68,64,100
SONAR,100,150,65,64,100
SONAR,100,150,67,67,100
SONAR,100,150,68,65,100
SONAR,100,72,67,66,100
SONAR,100,150,68,65,100
SONAR,100,150,65,65,100
SONAR,100,150,65,65,100
SONAR,100,150,65,66,100
SONAR,100,74,65,67,100
SONAR,100,73,68,66,100
SONAR,100,74,65,65,100
SONAR,100,150,65,67,100
SONAR,100,150,65,67,100
SONAR,100,150,67,65,100
SONAR,100,150,65,65,100
SONAR,100,150,67,65,100
SONAR,100,150,67,65,100
SONAR,100,150,65,67,100
SONAR,100,150,65,65,100
SONAR,100,150,66,65,100
SONAR,100,150,65,65,100
SONAR,100,150,66,65,100
SONAR,100,74,65,67,100
SONAR,100,150,65,65,100
SONAR,100,75,65,67,100
SONAR,100,75,66,66,100
SONAR,100,150,64,65,100
SONAR,100,150,67,65,100
SONAR,100,150,66,65,100
SONAR,100,150,65,66,100
SONAR,100,150,65,67,100
SONAR,100,150,69,70,100
SONAR,100,150,150,70,100
SONAR,100,150,67,67,100
SONAR,100,150,67,67,100
SONAR,100,150,65,66,100
SONAR,100,150,68,66,100
SONAR,100,53,65,65,100
SONAR,100,72,65,66,100
SONAR,100,73,68,65,100
SONAR,100,67,150,65,100
SONAR,100,68,150,66,100
SONAR,100,68,150,65,100
SONAR,100,77,65,65,100
SONAR,100,150,65,66,100
SONAR,100,150,64,67,100
SONAR,100,71,150,65,100
SONAR,100,68,65,67,100
SONAR,100,67,150,45,100
SONAR,100,69,65,65,100
SONAR,100,68,65,66,100
SONAR,100,67,66,65,100
SONAR,100,67,64,65,100
SONAR,100,68,64,64,100
SONAR,100,68,66,65,100
SONAR,100,150,65,66,100
SONAR,100,54,65,66,100
SONAR,100,53,64,65,100
SONAR,100,70,65,150,100
SONAR,100,53,66,66,100
SONAR,100,150,64,65,100
SONAR,100,69,65,66,100
SONAR,100,150,66,66,100
SONAR,100,150,150,65,100
SONAR,100,73,66,65,100
SONAR,100,150,65,66,100
SONAR,100,69,66,65,100
SONAR,100,150,66,66,100
SONAR,100,150,66,65,100
SONAR,100,150,66,65,100
SONAR,100,150,66,66,100
SONAR,100,73,65,66,100
SONAR,100,73,66,65,100
SONAR,100,150,68,68,100
SONAR,100,150,66,65,100
SONAR,100,150,65,66,100
SONAR,100,150,65,65,100
SONAR,100,150,66,66,100
SONAR,100,150,66,67,100
SONAR,100,75,67,65,100
SONAR,100,150,65,66,100
SONAR,100,150,67,66,100
SONAR,100,150,66,66,100
SONAR,100,150,65,66,100
SONAR,100,150,64,65,100
SONAR,100,73,67,65,100
SONAR,100,150,66,65,100
SONAR,100,150,65,65,100
SONAR,100,150,64,65,100
SONAR,100,65,66,66,100
SONAR,100,150,65,65,100
SONAR,100,150,65,66,100
SONAR,100,150,65,66,100
SONAR,100,150,64,66,100
SONAR,100,150,67,64,100
SONAR,100,150,66,64,100
SONAR,100,150,67,64,100
SONAR,100,150,67,65,100
SONAR,100,150,67,65,100
SONAR,100,150,67,66,100
SONAR,100,150,66,67,100
SONAR,100,150,66,64,100
SONAR,100,70,65,65,100
SONAR,100,150,64,64,100
SONAR,100,150,64,66,100
SONAR,100,72,64,64,100
SONAR,100,71,66,64,100
SONAR,100,71,64,64,100
SONAR,100,72,65,65,100
SONAR,100,71,64,150,100
SONAR,100,70,65,150,100
SONAR,100,150,66,45,100
SONAR,100,70,65,150,100
SONAR,100,68,67,115,100
SONAR,100,67,65,150,100
SONAR,100,150,66,64,100
SONAR,100,68,65,150,100
SONAR,100,70,66,65,100
SONAR,100,70,66,65,100
SONAR,100,150,66,65,100
SONAR,100,70,64,65,100
SONAR,100,70,64,64,100
SONAR,100,69,64,65,100
SONAR,100,70,66,65,100
SONAR,100,70,64,64,100
SONAR,100,70,64,65,100
SONAR,100,70,64,65,100
SONAR,100,69,64,66,100
SONAR,100,71,64,64,100
SONAR,100,150,64,65,100
SONAR,100,51,64,65,100
SONAR,100,69,64,65,100
SONAR,100,150,66,65,100
SONAR,100,150,64,64,100
SONAR,100,150,64,65,100
SONAR,100,69,64,66,100
SONAR,100,150,64,65,100
SONAR,100,150,66,65,100
SONAR,100,150,64,66,100
SONAR,100,150,64,66,100
SONAR,100,150,65,66,100
SONAR,100,69,64,65,100
SONAR,100,67,65,65,100
SONAR,100,69,65,65,100
SONAR,100,70,65,65,100
SONAR,100,51,64,45,100
SONAR,100,69,66,150,100
SONAR,100,68,69,67,100
SONAR,100,69,67,150,100
SONAR,100,70,150,66,100
SONAR,100,69,66,104,100
SONAR,100,68,65,65,100
SONAR,100,150,64,65,100
SONAR,100,68,66,65,100
SONAR,100,70,66,66,100
SONAR,100,150,69,65,100
SONAR,100,73,66,65,100
SONAR,100,50,69,67,100
SONAR,100,70,64,65,100
SONAR,100,70,66,67,100
SONAR,100,150,69,65,100
SONAR,100,68,70,65,100
SONAR,100,69,150,65,100
SONAR,100,69,69,65,100
SONAR,100,69,65,65,100
SONAR,100,150,65,65,100
SONAR,100,150,65,66,100
SONAR,100,70,65,66,100
SONAR,100,150,65,65,100
SONAR,100,150,69,65,100
SONAR,100,150,65,65,100
SONAR,100,70,150,66,100
SONAR,100,150,150,66,100
SONAR,100,150,106,65,100
SONAR,100,150,65,66,100
SONAR,100,150,150,66,100
SONAR,100,150,150,66,100
SONAR,100,150,150,66,100
SONAR,100,150,65,64,100
SONAR,100,150,69,64,100
SONAR,100,150,150,65,100
SONAR,100,150,66,64,100
SONAR,100,150,66,65,100
SONAR,100,150,64,65,100
SONAR,100,150,66,64,100
SONAR,100,150,66,65,100
SONAR,100,150,69,65,100
SONAR,100,150,66,66,100
SONAR,100,150,66,66,100
SONAR,100,150,65,66,100
SONAR,100,68,65,66,100
SONAR,100,150,65,65,100
SONAR,100,150,65,65,100
SONAR,100,150,67,66,100
SONAR,100,150,67,66,100
SONAR,100,150,150,66,100
SONAR,100,150,67,66,100
SONAR,100,150,68,66,100
SONAR,100,150,67,66,100
SONAR,100,79,67,65,100
SONAR,100,95,69,66,100
SONAR,100,95,150,67,100
SONAR,100,150,150,67,100
SONAR,100,150,150,67,100
SONAR,100,150,150,67,100
SONAR,100,150,68,65,100
SONAR,100,150,68,65,100
SONAR,100,150,150,66,100
SONAR,100,150,65,66,100
SONAR,100,150,65,66,100
SONAR,100,150,68,66,100
SONAR,100,150,65,66,100
SONAR,100,150,65,66,100
SONAR,100,75,65,66,100
SONAR,100,78,65,66,100
SONAR,100,51,65,66,100
SONAR,100,150,66,65,100
SONAR,100,150,65,65,100
SONAR,100,150,66,65,100
SONAR,100,150,66,66,100
SONAR,100,150,66,66,100
SONAR,100,150,66,66,100
SONAR,100,150,67,66,100
SONAR,100,150,67,66,100
SONAR,100,150,66,66,100
SONAR,100,150,66,67,100
SONAR,100,150,64,66,100
SONAR,100,150,66,66,100
SONAR,100,150,66,65,100
SONAR,100,150,64,66,100
SONAR,100,150,66,65,100
SONAR,100,150,66,66,100
SONAR,100,68,64,65,100
SONAR,100,150,64,66,100
SONAR,100,150,64,66,100
SONAR,100,150,65,65,100
SONAR,100,150,65,65,100
SONAR,100,150,66,65,100
SONAR,100,150,65,65,100
SONAR,100,150,66,65,100
SONAR,100,150,66,66,100
SONAR,100,150,66,66,100
SONAR,100,68,65,67,100
SONAR,100,68,66,65,100
SONAR,100,68,65,66,100
SONAR,100,67,65,66,100
SONAR,100,67,65,65,100
SONAR,100,64,64,65,100
SONAR,100,67,64,65,100
SONAR,100,67,64,65,100
SONAR,100,69,64,65,100
SONAR,100,69,64,65,100
SONAR,100,68,64,65,100
SONAR,100,150,65,65,100
SONAR,100,150,65,65,100
SONAR,100,150,65,65,100
SONAR,100,150,65,65,100
SONAR,100,150,65,65,100
SONAR,100,150,65,65,100
SONAR,100,150,65,66,100
SONAR,100,77,66,66,100
SONAR,100,68,64,66,100
SONAR,100,150,64,67,100
SONAR,100,68,64,67,100
SONAR,100,150,64,66,100
SONAR,100,150,66,67,100
SONAR,100,150,64,65,100
SONAR,100,150,64,65,100
SONAR,100,150,65,65,100
SONAR,100,150,65,67,100
SONAR,100,150,65,65,100
SONAR,100,150,65,65,100
SONAR,100,150,65,65,100
SONAR,100,150,65,66,100
SONAR,100,75,65,65,100
SONAR,100,150,65,66,100
SONAR,100,150,67,65,100
SONAR,100,150,67,64,100
SONAR,100,150,65,65,100
SONAR,100,150,65,64,100
SONAR,100,150,64,65,100
SONAR,100,76,66,66,100
SONAR,100,150,66,64,100
SONAR,100,76,150,64,100
SONAR,100,76,150,66,100
SONAR,100,69,65,66,100
SONAR,100,150,65,65,100
SONAR,100,150,65,64,100
SONAR,100,150,64,65,100
SONAR,100,150,66,64,100
SONAR,100,150,65,65,100
SONAR,100,150,65,64,100
SONAR,100,150,150,65,100
SONAR,100,150,150,65,100
SONAR,100,150,65,65,100
SONAR,100,150,65,65,100
SONAR,100,150,65,65,100
SONAR,100,76,65,150,100
SONAR,100,67,65,67,100
SONAR,100,67,65,65,100
SONAR,100,150,65,65,100
SONAR,100,150,65,65,100
SONAR,100,150,65,67,100
SONAR,100,150,65,64,100
SONAR,100,68,65,64,100
SONAR,100,150,65,65,100
SONAR,100,150,65,65,100
SONAR,100,150,65,65,100
SONAR,100,150,65,65,100
SONAR,100,77,65,66,100
SONAR,100,150,65,66,100
SONAR,100,150,65,65,100
SONAR,100,66,65,65,100
SONAR,100,150,65,65,100
SONAR,100,150,65,65,100
SONAR,100,77,64,65,100
SONAR,100,68,65,65,100
SONAR,100,78,65,65,100
SONAR,100,77,65,65,100
SONAR,100,150,65,65,100
SONAR,100,150,64,65,100
SONAR,100,150,65,65,100
SONAR,100,150,65,65,100
SONAR,100,150,66,65,100
SONAR,100,150,69,65,100
SONAR,100,150,65,65,100
SONAR,100,150,66,65,100
SONAR,100,150,66,65,100
SONAR,100,150,66,65,100
SONAR,100,150,66,65,100
SONAR,100,69,64,66,100
SONAR,100,150,64,65,100
SONAR,100,150,64,67,100
SONAR,100,150,66,66,100
SONAR,100,150,64,66,100
SONAR,100,150,64,66,100
SONAR,100,150,150,66,100
SONAR,100,68,150,66,100
SONAR,100,68,66,65,100
SONAR,100,150,66,67,100
SONAR,100,68,150,66,100
SONAR,100,52,150,66,100
SONAR,100,68,150,66,100
SONAR,100,68,65,66,100
SONAR,100,68,66,66,100
SONAR,100,68,66,66,100
SONAR,100,69,66,66,100
SONAR,100,150,65,65,100
SONAR,100,68,64,67,100
SONAR,100,69,64,67,100
SONAR,100,69,64,65,100
SONAR,100,69,64,67,100
SONAR,100,69,64,66,100
SONAR,100,68,64,65,100
SONAR,100,69,64,67,100
SONAR,100,69,66,107,100
SONAR,100,69,65,66,100
SONAR,100,69,64,66,100
SONAR,100,68,64,48,100
SONAR,100,68,64,64,100
SONAR,100,150,150,64,100
SONAR,100,53,48,64,100
SONAR,100,67,64,64,100
SONAR,100,68,66,64,100
SONAR,100,70,66,65,100
SONAR,100,67,66,150,100
SONAR,100,67,64,49,100
SONAR,100,67,66,150,100
SONAR,100,67,64,150,100
SONAR,100,67,64,66,100
SONAR,100,67,64,65,100
SONAR,100,67,64,150,100
SONAR,100,67,66,150,100
SONAR,100,67,64,150,100
SONAR,100,67,64,66,100
SONAR,100,67,64,150,100
SONAR,100,69,66,150,100
SONAR,100,69,66,65,100
SONAR,100,69,66,66,100
SONAR,100,70,64,64,100
SONAR,100,69,65,64,100
SONAR,100,69,64,64,100
SONAR,100,69,64,64,100
SONAR,100,69,66,64,100
SONAR,100,69,66,65,100
SONAR,100,51,150,64,100
SONAR,100,69,66,64,100
SONAR,100,69,64,66,100
SONAR,100,150,64,150,100
SONAR,100,150,64,66,100
SONAR,100,68,64,66,100
SONAR,100,150,65,67,100
SONAR,100,68,65,67,100
SONAR,100,150,65,65,100
SONAR,100,64,65,67,100
SONAR,100,69,65,65,100
SONAR,100,69,65,65,100
SONAR,100,69,65,65,100
SONAR,100,69,65,66,100
SONAR,100,150,65,66,100
SONAR,100,64,65,65,100
SONAR,100,69,65,65,100
SONAR,100,150,65,66,100
SONAR,100,150,65,66,100
SONAR,100,150,65,65,100
SONAR,100,69,65,67,100
SONAR,100,150,65,66,100
SONAR,100,150,65,66,100
SONAR,100,69,65,66,100
SONAR,100,67,65,66,100
SONAR,100,69,65,66,100
SONAR,100,69,65,65,100
SONAR,100,69,65,66,100
SONAR,100,69,65,66,100
SONAR,100,69,65,150,100
SONAR,100,69,64,65,100
SONAR,100,70,64,65,100
SONAR,100,70,64,66,100
SONAR,100,69,64,150,100
SONAR,100,64,64,67,100
SONAR,100,67,66,150,100
SONAR,100,67,65,66,100
SONAR,100,68,65,66,100
SONAR,100,68,65,64,100
SONAR,100,67,150,64,100
SONAR,100,67,65,65,100
SONAR,100,67,65,66,100
SONAR,100,67,65,101,100
SONAR,100,67,65,150,100
SONAR,100,70,65,66,100
SONAR,100,70,65,66,100
SONAR,100,69,65,66,100
SONAR,100,69,65,66,100
SONAR,100,69,65,66,100
SONAR,100,69,65,67,100
SONAR,100,150,65,67,100
SONAR,100,68,65,67,100
SONAR,100,150,150,66,100
SONAR,100,150,65,66,100
SONAR,100,150,65,46,100
SONAR,100,70,150,66,100
SONAR,100,150,150,65,100
SONAR,100,68,65,65,100
SONAR,100,68,66,65,100
SONAR,100,68,66,67,100
SONAR,100,68,66,65,100
SONAR,100,69,66,65,100
SONAR,100,150,66,65,100
SONAR,100,68,150,65,100
SONAR,100,68,66,65,100
SONAR,100,150,66,65,100
SONAR,100,69,66,67,100
SONAR,100,150,65,65,100
SONAR,100,150,65,67,100
SONAR,100,150,67,68,100
SONAR,100,150,65,68,100
SONAR,100,150,65,68,100
SONAR,100,150,65,67,100
SONAR,100,150,65,65,100
SONAR,100,150,65,65,100
SONAR,100,150,65,66,100
SONAR,100,150,65,66,100
SONAR,100,150,65,66,100
SONAR,100,150,65,64,100
SONAR,100,150,68,65,100
SONAR,100,150,67,65,100
SONAR,100,150,65,65,100
SONAR,100,73,66,65,100
SONAR,100,150,68,67,100
SONAR,100,150,67,67,100
SONAR,100,71,68,66,100
SONAR,100,53,64,41,100
SONAR,100,39,64,65,100
SONAR,100,69,66,150,100
SONAR,100,69,66,150,100
SONAR,100,70,66,150,100
SONAR,100,70,66,150,100
SONAR,100,70,65,150,100
SONAR,100,68,150,150,100
AVOID_OBSTACLE,DONE
MOTORS,0,0
BEARING,36.00,14.40,-21.60
MOTORS,70,80
SONAR,100,68,66,6,100
AVOID_OBSTACLE,TURN_LEFT
MOTORS,0,127
SONAR,100,68,41,150,100
SONAR,100,68,66,150,100
SONAR,100,68,41,150,100
SONAR,100,68,41,150,100
SONAR,100,67,66,150,100
SONAR,100,68,39,150,100
SONAR,100,67,66,150,100
SONAR,100,68,41,150,100
SONAR,100,68,39,150,100
SONAR,100,68,66,150,100
SONAR,100,68,66,66,100
SONAR,100,68,66,65,100
SONAR,100,68,66,65,100
SONAR,100,68,150,65,100
SONAR,100,67,65,150,100
SONAR,100,67,65,150,100
SONAR,100,69,150,150,100
AVOID_OBSTACLE,DONE
MOTORS,0,0
MOTORS,70,80
GPS,40.090438,-105.185661,40.090438,-105.185661
TIME,22:33:13
