START
ROUTE_BEGIN
40.090702, -105.185844
40.090896, -105.185668
40.091022, -105.185508
40.091182, -105.185333
40.091278, -105.185165
40.091197, -105.184989
40.091056, -105.184837
40.090946, -105.184951
40.090816, -105.185096
40.090656, -105.185272
40.090457, -105.185485
40.090583, -105.185699
ROUTE_END
WAYPOINT,0,40.09,-105.19
GPS_NO_FIX
MOTORS,0,0
GPS_FIX
GPS,40.090389,-105.185630GPS,40.090389,-105.185630GPS,40.090389,-105.185630GPS,40.090389,-105.185630GPS,40.090389,-105.185630GPS,40.090389,-105.185630GPS,40.090389,-105.185630GPS,40.090389,-105.185630GPS,40.090389,-105.185630GPS,40.090385,-105.185630GPS,40.090385,-105.185630GPS,40.090385,-105.185630GPS,40.090385,-105.185630GPS,40.090385,-105.185630GPS,40.090385,-105.185630GPS,40.090385,-105.185630GPS,40.090389,-105.185615GPS,40.090389,-105.185615GPS,40.090389,-105.185615GPS,40.090389,-105.185615GPS,40.090389,-105.185615GPS,40.090389,-105.185615GPS,40.090389,-105.185615GPS,40.090389,-105.185615GPS,40.090389,-105.185615GPS,40.090389,-105.185615GPS,40.090389,-105.185615GPS,40.090389,-105.185615GPS,40.090389,-105.185615GPS,40.090389,-105.185615GPS,40.090389,-105.185615GPS,40.090389,-105.185615GPS,40.090389,-105.185615GPS,40.090389,-105.185615GPS,40.090389,-105.185615GPS,40.090389,-105.185615GPS,40.090389,-105.185615GPS,40.090389,-105.185615GPS,40.090389,-105.185615GPS,40.090389,-105.185615GPS,40.090389,-105.185615GPS,40.090389,-105.185615GPS,40.090393,-105.185615GPS,40.090393,-105.185615GPS,40.090393,-105.185615GPS,40.090393,-105.185615GPS,40.090393,-105.185615GPS,40.090393,-105.185615GPS,40.090393,-105.185615GPS,40.090393,-105.185615GPS,40.090393,-105.185615GPS,40.090396,-105.185615GPS,40.090396,-105.185615GPS,40.090400,-105.185615GPS,40.090400,-105.185630GPS,40.090404,-105.185630GPS,40.090404,-105.185630GPS,40.090404,-105.185630GPS,40.090404,-105.185630GPS,40.090408,-105.185630GPS,40.090412,-105.185630GPS,40.090412,-105.185630GPS,40.090415,-105.185630GPS,40.090415,-105.185630GPS,40.090419,-105.185630GPS,40.090419,-105.185630GPS,40.090419,-105.185646GPS,40.090427,-105.185646GPS,40.090427,-105.185646GPS,40.090427,-105.185646GPS,40.090431,-105.185646GPS,40.090431,-105.185646GPS,40.090431,-105.185646GPS,40.090431,-105.185646GPS,40.090431,-105.185646GPS,40.090435,-105.185646GPS,40.090435,-105.185661GPS,40.090438,-105.185661GPS,40.090438,-105.185661GPS,40.090442,-105.185661GPS,40.090442,-105.185661GPS,40.090442,-105.185661GPS,40.090446,-105.185661GPS,40.090446,-105.185661GPS,40.090450,-105.185661GPS,40.090450,-105.185661GPS,40.090450,-105.185661GPS,40.090454,-105.185661GPS,40.090454,-105.185661GPS,40.090457,-105.185646GPS,40.090457,-105.185646GPS,40.090461,-105.185646GPS,40.090461,-105.185646GPS,40.090465,-105.185646GPS,40.090465,-105.185646GPS,40.090465,-105.185646GPS,40.090469,-105.185646GPS,40.090469,-105.185646GPS,40.090469,-105.185646GPS,40.090473,-105.185630GPS,40.090473,-105.185630GPS,40.090476,-105.185630GPS,40.090476,-105.185630GPS,40.090476,-105.185630GPS,40.090480,-105.185630GPS,40.090480,-105.185630GPS,40.090488,-105.185630GPS,40.090488,-105.185630GPS,40.090492,-105.185630GPS,40.090492,-105.185630GPS,40.090496,-105.185615GPS,40.090496,-105.185615GPS,40.090496,-105.185615GPS,40.090496,-105.185615GPS,40.090496,-105.185615GPS,40.090496,-105.185615GPS,40.090499,-105.185615GPS,40.090499,-105.185615GPS,40.090499,-105.185615GPS,40.090499,-105.185592GPS,40.090496,-105.185592GPS,40.090496,-105.185592GPS,40.090496,-105.185592GPS,40.090496,-105.185592GPS,40.090496,-105.185577GPS,40.090496,-105.185577GPS,40.090496,-105.185577GPS,40.090496,-105.185577GPS,40.090496,-105.185577GPS,40.090499,-105.185577GPS,40.090503,-105.185577GPS,40.090507,-105.185577GPS,40.090511,-105.185577GPS,40.090511,-105.185577GPS,40.090515,-105.185577GPS,40.090515,-105.185577GPS,40.090515,-105.185577GPS,40.090515,-105.185577GPS,40.090518,-105.185577GPS,40.090518,-105.185577GPS,40.090518,-105.185592GPS,40.090522,-105.185592GPS,40.090522,-105.185592GPS,40.090522,-105.185592GPS,40.090526,-105.185592GPS,40.090526,-105.185592GPS,40.090530,-105.185592GPS,40.090530,-105.185592GPS,40.090534,-105.185592GPS,40.090534,-105.185615GPS,40.090538,-105.185615GPS,40.090538,-105.185615GPS,40.090541,-105.185615GPS,40.090541,-105.185615GPS,40.090541,-105.185615GPS,40.090549,-105.185615GPS,40.090549,-105.185615GPS,40.090549,-105.185615GPS,40.090549,-105.185615GPS,40.090553,-105.185615GPS,40.090553,-105.185615GPS,40.090553,-105.185615GPS,40.090557,-105.185615GPS,40.090557,-105.185615GPS,40.090560,-105.185615GPS,40.090560,-105.185615GPS,40.090564,-105.185615GPS,40.090564,-105.185615GPS,40.090564,-105.185615GPS,40.090568,-105.185615GPS,40.090568,-105.185615GPS,40.090568,-105.185615GPS,40.090572,-105.185630GPS,40.090572,-105.185630GPS,40.090576,-105.185630GPS,40.090576,-105.185630GPS,40.090579,-105.185630GPS,40.090579,-105.185630GPS,40.090579,-105.185630GPS,40.090583,-105.185630GPS,40.090583,-105.185630GPS,40.090587,-105.185630GPS,40.090587,-105.185630GPS,40.090587,-105.185630GPS,40.090587,-105.185646GPS,40.090587,-105.185646GPS,40.090587,-105.185646GPS,40.090591,-105.185646GPS,40.090591,-105.185646GPS,40.090591,-105.185646GPS,40.090591,-105.185646GPS,40.090587,-105.185646GPS,40.090587,-105.185646GPS,40.090587,-105.185646GPS,40.090587,-105.185661GPS,40.090587,-105.185661GPS,40.090587,-105.185661GPS,40.090587,-105.185661GPS,40.090587,-105.185661GPS,40.090583,-105.185661GPS,40.090583,-105.185661GPS,40.090583,-105.185661GPS,40.090583,-105.185661GPS,40.090583,-105.185661GPS,40.090583,-105.185661GPS,40.090583,-105.185661GPS,40.090587,-105.185661GPS,40.090587,-105.185661GPS,40.090587,-105.185661GPS,40.090587,-105.185661GPS,40.090587,-105.185661GPS,40.090587,-105.185661GPS,40.090587,-105.185661GPS,40.090587,-105.185661GPS,40.090587,-105.185661GPS,40.090587,-105.185661GPS,40.090587,-105.185661GPS,40.090587,-105.185661GPS,40.090587,-105.185661GPS,40.090587,-105.185661GPS,40.090587,-105.185661GPS,40.090587,-105.185661GPS,40.090587,-105.185661GPS,40.090587,-105.185661GPS,40.090587,-105.185661GPS,40.090587,-105.185661GPS,40.090587,-105.185661GPS,40.090587,-105.185661GPS,40.090587,-105.185661GPS,40.090587,-105.185661GPS,40.090587,-105.185661GPS,40.090587,-105.185661GPS,40.090587,-105.185661GPS,40.090587,-105.185661GPS,40.090587,-105.185661GPS,40.090587,-105.185661GPS,40.090587,-105.185661GPS,40.090587,-105.185661GPS,40.090587,-105.185661GPS,40.090587,-105.185661GPS,40.090587,-105.185661GPS,40.090587,-105.185661GPS,40.090587,-105.185661GPS,40.090587,-105.185661GPS,40.090587,-105.185661GPS,40.090587,-105.185661GPS,40.090587,-105.185661GPS,40.090587,-105.185661GPS,40.090587,-105.185661GPS,40.090587,-105.185661GPS,40.090587,-105.185661GPS,40.090587,-105.185661GPS,40.090587,-105.185661GPS,40.090587,-105.185661GPS,40.090587,-105.185661GPS,40.090587,-105.185661GPS,40.090587,-105.185661GPS,40.090587,-105.185661GPS,40.090587,-105.185661GPS,40.090587,-105.185661GPS,40.090587,-105.185661GPS,40.090587,-105.185661GPS,40.090587,-105.185661GPS,40.090587,-105.185661GPS,40.090587,-105.185661GPS,40.090587,-105.185661GPS,40.090587,-105.185661GPS,40.090587,-105.185661GPS,40.090587,-105.185661GPS,40.090587,-105.185661GPS,40.090587,-105.185661START_BUTTON_ACTIVATED
SONAR,100,150,150,6,100
AVOID_OBSTACLE,TURN_LEFT
MOTORS,0,100
SONAR,100,150,150,150,100
AVOID_OBSTACLE,DONE
MOTORS,0,0
MOTORS,0,0
GPS,40.090587,-105.185661SONAR,100,150,150,150,100
MOTORS,0,0
GPS,40.090587,-105.185661SONAR,100,150,150,150,100
BEARING,314.00,302.01,-11.99
MOTORS,74,80
SONAR,100,150,150,150,100
MOTORS,74,80
GPS,40.090587,-105.185661SONAR,100,150,150,150,100
MOTORS,74,80
GPS,40.090587,-105.185661SONAR,100,150,150,150,100
BEARING,311.00,302.01,-8.99
MOTORS,76,80
SONAR,100,150,150,150,100
MOTORS,76,80
SONAR,100,150,150,150,100
MOTORS,76,80
GPS,40.090587,-105.185661SONAR,100,150,150,150,100
BEARING,310.00,302.01,-7.99
MOTORS,76,80
GPS,40.090587,-105.185661SONAR,100,150,150,150,100
MOTORS,76,80
GPS,40.090587,-105.185676SONAR,100,150,150,150,100
MOTORS,76,80
SONAR,100,150,150,150,100
BEARING,308.00,304.29,-3.71
MOTORS,78,80
SONAR,100,150,150,150,100
MOTORS,78,80
GPS,40.090595,-105.185676SONAR,100,150,150,150,100
MOTORS,78,80
SONAR,100,150,150,150,100
BEARING,310.00,302.47,-7.53
MOTORS,76,80
SONAR,100,150,150,150,100
MOTORS,76,80
SONAR,100,150,150,150,100
MOTORS,76,80
GPS,40.090602,-105.185691SONAR,100,150,150,150,100
BEARING,309.00,303.02,-5.98
MOTORS,77,80
GPS,40.090610,-105.185691SONAR,100,150,150,150,100
MOTORS,77,80
SONAR,100,150,150,150,100
MOTORS,77,80
SONAR,100,150,150,150,100
BEARING,308.00,300.96,-7.04
MOTORS,76,80
GPS,40.090614,-105.185707SONAR,100,150,150,150,100
MOTORS,76,80
GPS,40.090618,-105.185707SONAR,100,150,150,150,100
MOTORS,76,80
GPS,40.090621,-105.185722SONAR,100,150,150,150,100
BEARING,308.00,303.27,-4.73
MOTORS,77,80
SONAR,100,150,150,150,100
MOTORS,77,80
GPS,40.090621,-105.185722SONAR,100,150,150,150,100
MOTORS,77,80
GPS,40.090625,-105.185722SONAR,100,150,150,150,100
BEARING,307.00,302.01,-4.99
MOTORS,77,80
GPS,40.090625,-105.185722SONAR,100,150,150,150,100
MOTORS,77,80
SONAR,100,150,150,150,100
MOTORS,77,80
GPS,40.090629,-105.185745SONAR,100,150,150,150,100
BEARING,306.00,306.16,0.16
MOTORS,80,79
GPS,40.090633,-105.185745SONAR,100,150,150,150,100
MOTORS,80,79
GPS,40.090633,-105.185745SONAR,100,150,150,150,100
MOTORS,80,79
SONAR,100,150,150,150,100
BEARING,311.00,304.70,-6.30
MOTORS,77,80
SONAR,100,150,150,150,100
MOTORS,77,80
GPS,40.090641,-105.185760SONAR,100,150,150,150,100
MOTORS,77,80
GPS,40.090641,-105.185760SONAR,100,150,150,150,100
BEARING,310.00,306.03,-3.97
MOTORS,78,80
SONAR,100,150,150,150,100
MOTORS,78,80
GPS,40.090644,-105.185760SONAR,100,150,150,150,100
MOTORS,78,80
GPS,40.090644,-105.185775SONAR,100,150,150,150,100
BEARING,313.00,309.81,-3.19
MOTORS,78,80
SONAR,100,150,150,150,100
MOTORS,78,80
SONAR,100,150,150,150,100
MOTORS,78,80
GPS,40.090652,-105.185775SONAR,100,150,150,150,100
BEARING,312.00,305.84,-6.16
MOTORS,77,80
GPS,40.090656,-105.185775SONAR,100,150,150,150,100
MOTORS,77,80
SONAR,100,150,150,150,100
MOTORS,77,80
GPS,40.090656,-105.185791SONAR,100,150,150,150,100
BEARING,311.00,310.60,-0.40
MOTORS,79,80
GPS,40.090660,-105.185791SONAR,100,150,150,150,100
MOTORS,79,80
GPS,40.090663,-105.185791SONAR,100,150,150,150,100
MOTORS,79,80
SONAR,100,150,150,150,100
BEARING,313.00,305.54,-7.46
MOTORS,76,80
GPS,40.090671,-105.185791SONAR,100,150,150,150,100
MOTORS,76,80
GPS,40.090671,-105.185806SONAR,100,150,150,150,100
MOTORS,76,80
GPS,40.090675,-105.185806SONAR,100,150,150,150,100
BEARING,313.00,304.99,-8.01
MOTORS,76,80
SONAR,100,150,150,150,100
MOTORS,76,80
GPS,40.090679,-105.185806SONAR,100,150,150,150,100
MOTORS,76,80
GPS,40.090682,-105.185806SONAR,100,150,150,138,100
BEARING,313.00,296.57,-16.43
MOTORS,72,80
GPS,40.090686,-105.185821SONAR,100,150,150,150,100
MOTORS,72,80
SONAR,100,150,150,143,100
MOTORS,72,80
GPS,40.090690,-105.185821SONAR,100,150,150,150,100
BEARING,310.00,296.57,-13.43
REACHED_WAYPOINT
WAYPOINT,1,40.09,-105.19
MOTORS,72,80
GPS,40.090690,-105.185821SONAR,100,150,150,150,100
MOTORS,72,80
GPS,40.090694,-105.185821SONAR,100,150,150,150,100
MOTORS,72,80
SONAR,100,150,150,150,100
BEARING,307.00,37.04,90.04
MOTORS,80,0
SONAR,100,150,150,150,100
MOTORS,80,0
GPS,40.090698,-105.185836SONAR,100,150,150,150,100
MOTORS,80,0
GPS,40.090702,-105.185836SONAR,100,150,150,150,100
BEARING,16.00,40.79,24.79
MOTORS,80,0
SONAR,100,150,150,150,100
MOTORS,80,0
GPS,40.090702,-105.185859SONAR,100,150,150,150,100
MOTORS,80,0
GPS,40.090705,-105.185859SONAR,100,150,150,150,100
BEARING,58.00,45.00,-13.00
MOTORS,74,80
SONAR,100,150,150,150,100
MOTORS,74,80
GPS,40.090705,-105.185859SONAR,100,150,150,150,100
MOTORS,74,80
GPS,40.090705,-105.185859SONAR,100,150,150,150,100
BEARING,74.00,45.00,-29.00
MOTORS,0,80
GPS,40.090705,-105.185859SONAR,100,150,150,150,100
MOTORS,0,80
SONAR,100,150,150,150,100
MOTORS,0,80
SONAR,100,150,150,150,100
BEARING,42.00,45.00,3.00
MOTORS,80,78
GPS,40.090705,-105.185836SONAR,100,150,150,150,100
MOTORS,80,78
GPS,40.090705,-105.185836SONAR,100,150,150,150,100
MOTORS,80,78
GPS,40.090709,-105.185836SONAR,100,150,150,150,100
BEARING,19.00,41.92,22.92
MOTORS,80,0
SONAR,100,150,150,150,100
MOTORS,80,0
SONAR,100,150,150,150,100
MOTORS,80,0
GPS,40.090709,-105.185836SONAR,100,150,150,150,100
BEARING,56.00,41.92,-14.08
MOTORS,73,80
GPS,40.090713,-105.185821SONAR,100,150,150,150,100
MOTORS,73,80
GPS,40.090717,-105.185821SONAR,100,150,150,150,100
MOTORS,73,80
SONAR,100,150,150,150,100
BEARING,71.00,40.40,-30.60
MOTORS,0,80
SONAR,100,150,150,150,100
MOTORS,0,80
GPS,40.090717,-105.185821SONAR,100,150,150,150,100
MOTORS,0,80
GPS,40.090717,-105.185821SONAR,100,150,150,150,100
BEARING,40.00,40.40,0.40
MOTORS,80,79
SONAR,100,150,150,150,100
MOTORS,80,79
GPS,40.090717,-105.185821SONAR,100,150,150,150,100
MOTORS,80,79
GPS,40.090717,-105.185806SONAR,100,150,150,150,100
BEARING,12.00,37.45,25.45
MOTORS,80,0
GPS,40.090717,-105.185806SONAR,100,150,150,150,100
MOTORS,80,0
SONAR,100,150,150,150,100
MOTORS,80,0
GPS,40.090717,-105.185806SONAR,100,150,150,150,100
BEARING,49.00,37.45,-11.55
MOTORS,74,80
GPS,40.090721,-105.185806SONAR,100,150,150,150,100
MOTORS,74,80
GPS,40.090724,-105.185806SONAR,100,150,150,150,100
MOTORS,74,80
GPS,40.090724,-105.185806SONAR,100,150,150,150,100
BEARING,68.00,38.66,-29.34
MOTORS,0,80
SONAR,100,150,150,150,100
MOTORS,0,80
SONAR,100,150,150,150,100
MOTORS,0,80
GPS,40.090724,-105.185806SONAR,100,150,150,150,100
BEARING,37.00,38.66,1.66
MOTORS,80,79
GPS,40.090724,-105.185791SONAR,100,150,150,150,100
MOTORS,80,79
SONAR,100,150,150,150,100
MOTORS,80,79
GPS,40.090724,-105.185791SONAR,100,150,150,150,100
BEARING,11.00,35.42,24.42
MOTORS,80,0
GPS,40.090724,-105.185791SONAR,100,150,150,150,100
MOTORS,80,0
GPS,40.090732,-105.185791SONAR,100,150,150,150,100
MOTORS,80,0
SONAR,100,150,150,150,100
BEARING,46.00,36.66,-9.34
MOTORS,75,80
SONAR,100,150,150,150,100
MOTORS,75,80
GPS,40.090736,-105.185791SONAR,100,150,150,150,100
MOTORS,75,80
GPS,40.090736,-105.185791SONAR,100,150,150,150,100
BEARING,63.00,37.30,-25.70
MOTORS,0,80
SONAR,100,150,150,150,100
MOTORS,0,80
SONAR,100,150,150,150,100
MOTORS,0,80
GPS,40.090740,-105.185775SONAR,100,150,150,150,100
BEARING,33.00,34.33,1.33
MOTORS,80,79
GPS,40.090740,-105.185775SONAR,100,150,150,150,100
MOTORS,80,79
SONAR,100,150,150,150,100
MOTORS,80,79
SONAR,100,150,150,150,100
BEARING,4.00,34.33,30.33
MOTORS,80,0
GPS,40.090744,-105.185775SONAR,100,150,150,150,100
MOTORS,80,0
GPS,40.090744,-105.185775SONAR,100,150,150,150,100
MOTORS,80,0
SONAR,100,150,150,150,100
BEARING,43.00,34.99,-8.01
MOTORS,76,80
GPS,40.090747,-105.185775SONAR,100,91,150,150,100
AVOID_OBSTACLE,TURN_RIGHT
MOTORS,100,0
SONAR,100,150,150,150,100
AVOID_OBSTACLE,DONE
MOTORS,0,0
MOTORS,76,80
SONAR,100,150,150,150,100
MOTORS,76,80
GPS,40.090755,-105.185775SONAR,100,150,150,150,100
BEARING,62.00,37.12,-24.88
MOTORS,0,80
GPS,40.090755,-105.185775SONAR,100,150,150,150,100
MOTORS,0,80
SONAR,100,150,150,150,100
MOTORS,0,80
GPS,40.090755,-105.185775SONAR,100,150,150,150,100
BEARING,49.00,37.12,-11.88
MOTORS,74,80
GPS,40.090755,-105.185760SONAR,100,150,150,150,100
MOTORS,74,80
GPS,40.090755,-105.185760SONAR,100,150,150,150,100
MOTORS,74,80
SONAR,100,150,150,150,100
BEARING,35.00,32.97,-2.03
MOTORS,79,80
SONAR,100,150,150,150,100
MOTORS,79,80
GPS,40.090759,-105.185760SONAR,100,150,150,150,100
MOTORS,79,80
GPS,40.090759,-105.185760SONAR,100,150,150,150,100
BEARING,38.00,33.69,-4.31
MOTORS,78,80
GPS,40.090763,-105.185760SONAR,100,150,150,150,100
MOTORS,78,80
SONAR,100,150,150,148,100
MOTORS,78,80
GPS,40.090763,-105.185760SONAR,100,150,150,150,100
BEARING,39.00,34.44,-4.56
MOTORS,77,80
GPS,40.090766,-105.185745SONAR,100,150,150,147,100
MOTORS,77,80
GPS,40.090770,-105.185745SONAR,100,150,150,150,100
MOTORS,77,80
SONAR,100,150,150,150,100
BEARING,40.00,31.22,-8.78
MOTORS,76,80
SONAR,100,150,150,150,100
MOTORS,76,80
GPS,40.090778,-105.185745SONAR,100,150,150,150,100
MOTORS,76,80
GPS,40.090782,-105.185745SONAR,100,150,150,150,100
BEARING,43.00,33.69,-9.31
MOTORS,75,80
GPS,40.090785,-105.185722SONAR,100,150,150,150,100
MOTORS,75,80
SONAR,100,150,150,123,100
MOTORS,75,80
SONAR,100,150,150,150,100
BEARING,43.00,25.77,-17.23
MOTORS,72,80
GPS,40.090793,-105.185722SONAR,100,150,150,150,100
MOTORS,72,80
GPS,40.090797,-105.185722SONAR,100,150,150,150,100
MOTORS,72,80
GPS,40.090801,-105.185707SONAR,100,150,150,150,100
BEARING,43.00,21.80,-21.20
MOTORS,0,80
SONAR,100,150,150,134,100
MOTORS,0,80
SONAR,100,150,150,150,100
MOTORS,0,80
GPS,40.090805,-105.185707SONAR,100,150,150,150,100
BEARING,339.00,22.62,43.62
MOTORS,80,0
GPS,40.090808,-105.185691SONAR,100,150,150,150,100
MOTORS,80,0
GPS,40.090808,-105.185691SONAR,100,150,150,150,100
MOTORS,80,0
SONAR,100,150,150,150,100
BEARING,315.00,14.62,59.62
MOTORS,80,0
GPS,40.090808,-105.185691SONAR,100,150,150,150,100
MOTORS,80,0
GPS,40.090808,-105.185691SONAR,100,150,150,150,100
MOTORS,80,0
SONAR,100,150,150,150,100
BEARING,339.00,14.62,35.62
MOTORS,80,0
SONAR,100,150,150,150,100
MOTORS,80,0
GPS,40.090812,-105.185691SONAR,100,150,150,150,100
MOTORS,80,0
GPS,40.090812,-105.185707SONAR,100,150,150,150,100
BEARING,5.00,24.44,19.44
MOTORS,80,71
SONAR,100,150,150,150,100
MOTORS,80,71
GPS,40.090816,-105.185707SONAR,100,150,150,150,100
MOTORS,80,71
GPS,40.090816,-105.185707SONAR,100,150,150,150,100
BEARING,25.00,25.46,0.46
MOTORS,80,79
GPS,40.090820,-105.185707SONAR,100,150,150,150,100
MOTORS,80,79
SONAR,100,150,150,150,100
MOTORS,80,79
SONAR,100,150,150,150,100
BEARING,28.00,26.57,-1.43
MOTORS,79,80
GPS,40.090820,-105.185707SONAR,100,150,150,147,100
MOTORS,79,80
GPS,40.090824,-105.185691SONAR,100,150,150,150,100
MOTORS,79,80
GPS,40.090827,-105.185691SONAR,100,150,150,150,100
BEARING,31.00,18.43,-12.57
MOTORS,74,80
SONAR,100,150,150,150,100
MOTORS,74,80
SONAR,100,150,150,150,100
MOTORS,74,80
GPS,40.090831,-105.185691SONAR,100,150,150,150,100
BEARING,32.00,19.44,-12.56
MOTORS,74,80
GPS,40.090835,-105.185691SONAR,100,150,150,150,100
MOTORS,74,80
SONAR,100,150,150,150,100
MOTORS,74,80
SONAR,100,150,150,150,100
BEARING,33.00,20.56,-12.44
MOTORS,74,80
GPS,40.090843,-105.185676SONAR,100,150,150,150,100
MOTORS,74,80
GPS,40.090843,-105.185676SONAR,100,150,150,150,100
MOTORS,74,80
GPS,40.090847,-105.185676SONAR,100,150,150,150,100
BEARING,33.00,8.75,-24.25
MOTORS,0,80
SONAR,100,150,150,150,100
MOTORS,0,80
GPS,40.090854,-105.185676SONAR,100,150,150,150,100
MOTORS,0,80
GPS,40.090858,-105.185661SONAR,100,150,150,150,100
BEARING,321.00,348.69,27.69
MOTORS,80,0
GPS,40.090862,-105.185661SONAR,100,150,150,150,100
MOTORS,80,0
SONAR,100,150,150,150,100
MOTORS,80,0
GPS,40.090862,-105.185661SONAR,100,150,150,150,100
BEARING,296.00,347.47,51.47
REACHED_WAYPOINT
WAYPOINT,2,40.09,-105.19
MOTORS,80,0
GPS,40.090866,-105.185661SONAR,100,150,150,150,100
MOTORS,80,0
GPS,40.090866,-105.185661SONAR,100,150,150,150,100
MOTORS,80,0
SONAR,100,150,150,150,100
BEARING,319.00,44.29,85.29
MOTORS,80,0
SONAR,100,150,150,150,100
MOTORS,80,0
GPS,40.090866,-105.185661SONAR,100,150,150,150,100
MOTORS,80,0
GPS,40.090866,-105.185661SONAR,100,150,150,150,100
BEARING,346.00,44.29,58.29
MOTORS,80,0
GPS,40.090866,-105.185676SONAR,100,150,150,150,100
MOTORS,80,0
SONAR,100,150,150,150,100
MOTORS,80,0
GPS,40.090866,-105.185676SONAR,100,150,150,150,100
BEARING,12.00,47.02,35.02
MOTORS,80,0
GPS,40.090869,-105.185676SONAR,100,150,150,150,100
MOTORS,80,0
GPS,40.090869,-105.185676SONAR,100,150,150,150,100
MOTORS,80,0
SONAR,100,150,150,150,100
BEARING,36.00,47.73,11.73
MOTORS,80,74
SONAR,100,150,150,150,100
MOTORS,80,74
GPS,40.090873,-105.185676SONAR,100,150,150,150,100
MOTORS,80,74
GPS,40.090873,-105.185676SONAR,100,150,150,150,100
BEARING,53.00,48.45,-4.55
MOTORS,77,80
GPS,40.090877,-105.185661SONAR,100,150,150,150,100
MOTORS,77,80
SONAR,100,150,150,150,100
MOTORS,77,80
SONAR,100,150,150,150,100
BEARING,54.00,46.47,-7.53
MOTORS,76,80
GPS,40.090877,-105.185661SONAR,100,150,150,150,100
MOTORS,76,80
GPS,40.090881,-105.185661SONAR,100,150,150,150,100
MOTORS,76,80
SONAR,100,150,150,150,100
BEARING,57.00,47.23,-9.77
MOTORS,75,80
GPS,40.090881,-105.185661SONAR,100,150,150,150,100
MOTORS,75,80
GPS,40.090881,-105.185646SONAR,100,150,150,150,100
MOTORS,75,80
GPS,40.090881,-105.185646SONAR,100,150,150,150,100
BEARING,58.00,44.22,-13.78
MOTORS,73,80
GPS,40.090885,-105.185646SONAR,100,150,150,150,100
MOTORS,73,80
SONAR,100,150,150,150,100
MOTORS,73,80
SONAR,100,150,150,150,100
BEARING,59.00,45.00,-14.00
MOTORS,73,80
GPS,40.090888,-105.185630SONAR,100,150,150,150,100
MOTORS,73,80
GPS,40.090888,-105.185630SONAR,100,150,150,150,100
MOTORS,73,80
SONAR,100,150,150,150,100
BEARING,58.00,42.44,-15.56
MOTORS,73,80
SONAR,100,150,150,150,100
MOTORS,73,80
GPS,40.090892,-105.185615SONAR,100,150,150,150,100
MOTORS,73,80
GPS,40.090892,-105.185592SONAR,100,150,150,150,100
BEARING,60.00,32.91,-27.09
MOTORS,0,80
GPS,40.090892,-105.185592SONAR,100,150,150,150,100
MOTORS,0,80
SONAR,100,150,150,150,100
MOTORS,0,80
SONAR,100,150,104,101,100
BEARING,2.00,32.91,30.91
MOTORS,80,0
GPS,40.090896,-105.185577SONAR,100,150,88,86,100
AVOID_OBSTACLE,TURN_LEFT
MOTORS,0,100
SONAR,100,150,150,150,100
AVOID_OBSTACLE,DONE
MOTORS,0,0
MOTORS,80,0
GPS,40.090900,-105.185577SONAR,100,150,150,150,100
MOTORS,80,0
GPS,40.090900,-105.185577SONAR,100,150,150,150,100
BEARING,337.00,29.36,52.36
MOTORS,80,0
SONAR,100,150,150,150,100
MOTORS,80,0
GPS,40.090900,-105.185577SONAR,100,150,150,150,100
MOTORS,80,0
GPS,40.090900,-105.185577SONAR,100,150,73,70,100
AVOID_OBSTACLE,TURN_LEFT
MOTORS,0,100
SONAR,100,150,68,65,100
SONAR,100,150,65,65,100
SONAR,100,150,150,67,100
SONAR,100,150,150,150,100
AVOID_OBSTACLE,DONE
MOTORS,0,0
BEARING,2.00,29.36,27.36
MOTORS,80,0
GPS,40.090900,-105.185577SONAR,100,150,65,65,100
AVOID_OBSTACLE,TURN_LEFT
MOTORS,0,100
SONAR,100,150,150,68,100
SONAR,100,150,150,68,100
SONAR,100,150,150,68,100
SONAR,100,150,150,150,100
AVOID_OBSTACLE,DONE
MOTORS,0,0
MOTORS,80,0
GPS,40.090904,-105.185577SONAR,100,150,65,64,100
AVOID_OBSTACLE,TURN_LEFT
MOTORS,0,100
SONAR,100,69,64,150,100
SONAR,100,69,150,150,100
AVOID_OBSTACLE,DONE
MOTORS,0,0
MOTORS,80,0
GPS,40.090904,-105.185577SONAR,100,150,150,64,100
AVOID_OBSTACLE,TURN_LEFT
MOTORS,0,100
SONAR,100,150,65,150,100
SONAR,100,150,65,64,100
SONAR,100,150,69,67,100
SONAR,100,150,65,64,100
SONAR,100,150,10,6,100
SONAR,100,150,7,3,100
SONAR,100,150,5,3,100
SONAR,100,150,5,3,100
SONAR,100,150,3,3,100
SONAR,100,150,3,3,100
SONAR,100,150,3,3,100
SONAR,100,150,5,3,100
SONAR,100,150,6,3,100
SONAR,100,150,5,3,100
SONAR,100,150,4,3,100
SONAR,100,150,3,3,100
SONAR,100,150,5,6,100
SONAR,100,150,65,14,100
SONAR,100,150,150,21,100
SONAR,100,150,69,67,100
SONAR,100,150,150,69,100
SONAR,100,150,67,68,100
SONAR,100,150,150,150,100
AVOID_OBSTACLE,DONE
MOTORS,0,0
BEARING,2.00,30.14,28.14
MOTORS,80,0
GPS,40.090904,-105.185577SONAR,100,150,150,65,100
AVOID_OBSTACLE,TURN_LEFT
MOTORS,0,100
SONAR,100,69,65,66,100
SONAR,100,69,150,68,100
SONAR,100,150,65,150,100
SONAR,100,70,66,150,100
SONAR,100,150,150,150,100
AVOID_OBSTACLE,DONE
MOTORS,0,0
MOTORS,80,0
GPS,40.090904,-105.185577SONAR,100,150,150,64,100
AVOID_OBSTACLE,TURN_LEFT
MOTORS,0,100
SONAR,100,150,64,62,100
SONAR,100,150,150,150,100
AVOID_OBSTACLE,DONE
MOTORS,0,0
MOTORS,80,0
GPS,40.090904,-105.185577SONAR,100,150,150,150,100
BEARING,324.00,30.14,66.14
MOTORS,80,0
SONAR,100,150,150,6,100
AVOID_OBSTACLE,TURN_LEFT
MOTORS,0,100
SONAR,100,150,150,150,100
AVOID_OBSTACLE,DONE
MOTORS,0,0
MOTORS,80,0
SONAR,100,150,150,150,100
MOTORS,80,0
GPS,40.090904,-105.185577SONAR,100,150,150,150,100
BEARING,339.00,30.14,51.14
MOTORS,80,0
GPS,40.090904,-105.185577SONAR,100,71,150,150,100
AVOID_OBSTACLE,TURN_RIGHT
MOTORS,100,0
SONAR,100,150,150,150,100
AVOID_OBSTACLE,DONE
MOTORS,0,0
MOTORS,80,0
GPS,40.090908,-105.185577SONAR,100,150,150,150,100
MOTORS,80,0
GPS,40.090908,-105.185592SONAR,100,150,150,150,100
BEARING,345.00,36.25,51.25
MOTORS,80,0
GPS,40.090908,-105.185592SONAR,100,150,150,150,100
MOTORS,80,0
SONAR,100,150,150,150,100
MOTORS,80,0
GPS,40.090908,-105.185592SONAR,100,150,150,150,100
BEARING,7.00,36.25,29.25
MOTORS,80,0
GPS,40.090908,-105.185592SONAR,100,150,150,150,100
MOTORS,80,0
GPS,40.090908,-105.185592SONAR,100,150,150,150,100
MOTORS,80,0
GPS,40.090908,-105.185592SONAR,100,150,150,150,100
BEARING,43.00,36.25,-6.75
MOTORS,77,80
SONAR,100,150,150,150,100
MOTORS,77,80
GPS,40.090908,-105.185592SONAR,100,150,150,150,100
MOTORS,77,80
GPS,40.090908,-105.185592SONAR,100,150,150,150,100
BEARING,57.00,36.25,-20.75
MOTORS,0,80
GPS,40.090908,-105.185592SONAR,100,150,150,150,100
MOTORS,0,80
SONAR,100,150,150,150,100
MOTORS,0,80
SONAR,100,150,150,150,100
BEARING,28.00,36.25,8.25
MOTORS,80,76
GPS,40.090908,-105.185577SONAR,100,150,150,150,100
MOTORS,80,76
GPS,40.090908,-105.185577SONAR,100,150,150,150,100
MOTORS,80,76
SONAR,100,150,150,150,100
BEARING,11.00,30.96,19.96
MOTORS,80,71
GPS,40.090908,-105.185577SONAR,100,150,150,150,100
MOTORS,80,71
GPS,40.090915,-105.185577SONAR,100,150,150,150,100
MOTORS,80,71
SONAR,100,150,150,150,100
BEARING,15.00,32.74,17.74
MOTORS,80,72
SONAR,100,150,150,150,100
MOTORS,80,72
SONAR,100,150,150,150,100
MOTORS,80,72
GPS,40.090923,-105.185577SONAR,100,150,150,150,100
BEARING,22.00,34.70,12.70
MOTORS,80,74
GPS,40.090927,-105.185577SONAR,100,150,150,150,100
MOTORS,80,74
SONAR,100,150,150,150,100
MOTORS,80,74
GPS,40.090930,-105.185577SONAR,100,150,150,150,100
BEARING,28.00,36.87,8.87
MOTORS,80,76
GPS,40.090930,-105.185562SONAR,100,150,150,150,100
MOTORS,80,76
SONAR,100,150,150,150,100
MOTORS,80,76
GPS,40.090934,-105.185562SONAR,100,150,150,150,100
BEARING,33.00,31.33,-1.67
MOTORS,79,80
GPS,40.090938,-105.185562SONAR,100,150,150,150,100
MOTORS,79,80
GPS,40.090942,-105.185562SONAR,100,150,150,143,100
MOTORS,79,80
GPS,40.090946,-105.185562SONAR,100,150,150,135,100
BEARING,36.00,34.99,-1.01
MOTORS,79,80
SONAR,100,150,150,150,100
MOTORS,79,80
GPS,40.090946,-105.185546SONAR,100,150,150,150,100
MOTORS,79,80
GPS,40.090950,-105.185546SONAR,100,150,150,150,100
BEARING,39.00,27.76,-11.24
MOTORS,75,80
GPS,40.090953,-105.185546SONAR,100,150,150,150,100
MOTORS,75,80
SONAR,100,150,150,150,100
MOTORS,75,80
GPS,40.090957,-105.185546SONAR,100,150,150,150,100
BEARING,41.00,30.47,-10.53
MOTORS,75,80
GPS,40.090961,-105.185531SONAR,100,150,150,150,100
MOTORS,75,80
SONAR,100,150,150,150,100
MOTORS,75,80
SONAR,100,150,150,150,100
BEARING,43.00,20.56,-22.44
MOTORS,0,80
SONAR,100,150,150,150,100
MOTORS,0,80
GPS,40.090969,-105.185516SONAR,100,150,150,150,100
MOTORS,0,80
GPS,40.090969,-105.185516SONAR,100,150,150,150,100
BEARING,344.00,8.13,24.13
MOTORS,80,0
SONAR,100,150,150,150,100
MOTORS,80,0
GPS,40.090976,-105.185516SONAR,100,150,150,150,100
MOTORS,80,0
GPS,40.090976,-105.185516SONAR,100,150,150,150,100
BEARING,319.00,9.46,50.46
MOTORS,80,0
GPS,40.090976,-105.185516SONAR,100,150,150,150,100
MOTORS,80,0
SONAR,100,150,150,150,100
MOTORS,80,0
GPS,40.090980,-105.185516SONAR,100,150,150,150,100
BEARING,340.00,10.30,30.30
MOTORS,80,0
GPS,40.090980,-105.185516SONAR,100,150,150,150,100
MOTORS,80,0
GPS,40.090980,-105.185516SONAR,100,150,150,150,100
MOTORS,80,0
SONAR,100,150,150,150,100
BEARING,9.00,10.30,1.30
MOTORS,80,79
SONAR,100,150,150,150,100
MOTORS,80,79
GPS,40.090984,-105.185516SONAR,100,150,150,150,100
MOTORS,80,79
GPS,40.090984,-105.185516SONAR,100,150,150,150,100
BEARING,28.00,11.31,-16.69
MOTORS,72,80
SONAR,100,150,150,150,100
MOTORS,72,80
SONAR,100,150,150,150,100
MOTORS,72,80
GPS,40.090988,-105.185516SONAR,100,150,150,150,100
BEARING,28.00,12.53,-15.47
REACHED_WAYPOINT
WAYPOINT,3,40.09,-105.19
MOTORS,72,80
GPS,40.090988,-105.185516SONAR,100,150,150,150,100
MOTORS,72,80
SONAR,100,150,150,150,100
MOTORS,72,80
SONAR,100,150,150,150,100
BEARING,28.00,43.26,15.26
MOTORS,80,73
GPS,40.090991,-105.185501SONAR,100,150,150,150,100
MOTORS,80,73
GPS,40.090995,-105.185501SONAR,100,150,150,150,100
MOTORS,80,73
SONAR,100,150,150,150,100
BEARING,32.00,41.92,9.92
MOTORS,80,75
GPS,40.090999,-105.185501SONAR,100,150,150,150,100
MOTORS,80,75
GPS,40.091003,-105.185501SONAR,100,150,150,150,100
MOTORS,80,75
GPS,40.091003,-105.185501SONAR,100,150,150,150,100
BEARING,39.00,43.11,4.11
MOTORS,80,78
SONAR,100,150,150,150,100
MOTORS,80,78
SONAR,100,150,150,146,100
MOTORS,80,78
GPS,40.091011,-105.185478SONAR,100,150,150,150,100
BEARING,45.00,40.18,-4.82
MOTORS,77,80
GPS,40.091011,-105.185478SONAR,100,150,150,150,100
MOTORS,77,80
GPS,40.091014,-105.185478SONAR,100,150,150,150,100
MOTORS,77,80
SONAR,100,150,150,150,100
BEARING,49.00,40.82,-8.18
MOTORS,76,80
SONAR,100,150,150,150,100
MOTORS,76,80
GPS,40.091018,-105.185462SONAR,100,150,150,150,100
MOTORS,76,80
GPS,40.091022,-105.185462SONAR,100,150,150,150,100
BEARING,52.00,38.99,-13.01
MOTORS,74,80
GPS,40.091026,-105.185447SONAR,100,150,150,150,100
MOTORS,74,80
SONAR,100,150,150,150,100
MOTORS,74,80
GPS,40.091026,-105.185447SONAR,100,150,150,150,100
BEARING,51.00,36.19,-14.81
MOTORS,73,80
GPS,40.091030,-105.185447SONAR,100,150,150,150,100
MOTORS,73,80
GPS,40.091030,-105.185447SONAR,100,150,150,150,100
MOTORS,73,80
SONAR,100,150,150,150,100
BEARING,52.00,36.87,-15.13
MOTORS,73,80
SONAR,100,150,150,150,100
MOTORS,73,80
GPS,40.091037,-105.185432SONAR,100,150,150,150,100
MOTORS,73,80
GPS,40.091041,-105.185432SONAR,100,150,150,150,100
BEARING,52.00,35.10,-16.90
MOTORS,72,80
GPS,40.091041,-105.185417SONAR,100,150,150,150,100
MOTORS,72,80
SONAR,100,150,150,150,100
MOTORS,72,80
GPS,40.091041,-105.185417SONAR,100,150,150,150,100
BEARING,53.00,30.74,-22.26
MOTORS,0,80
GPS,40.091045,-105.185417SONAR,100,150,150,150,100
MOTORS,0,80
SONAR,100,150,150,150,100
MOTORS,0,80
SONAR,100,150,150,150,100
BEARING,345.00,31.43,46.43
MOTORS,80,0
GPS,40.091049,-105.185401SONAR,100,150,150,150,100
MOTORS,80,0
GPS,40.091049,-105.185401SONAR,100,144,143,150,100
MOTORS,80,0
GPS,40.091049,-105.185386SONAR,100,139,140,150,100
BEARING,320.00,21.80,61.80
MOTORS,80,0
SONAR,100,134,135,150,100
MOTORS,80,0
GPS,40.091053,-105.185386SONAR,100,127,150,150,100
MOTORS,80,0
GPS,40.091053,-105.185401SONAR,100,118,150,150,100
BEARING,341.00,27.90,46.90
MOTORS,80,0
SONAR,100,150,150,150,100
MOTORS,80,0
SONAR,100,150,150,150,100
MOTORS,80,0
GPS,40.091053,-105.185401SONAR,100,150,150,150,100
BEARING,9.00,27.90,18.90
MOTORS,80,71
GPS,40.091056,-105.185401SONAR,100,150,150,150,100
MOTORS,80,71
SONAR,100,150,150,150,100
MOTORS,80,71
GPS,40.091056,-105.185401SONAR,100,150,150,150,100
BEARING,29.00,28.61,-0.39
MOTORS,79,80
GPS,40.091056,-105.185401SONAR,100,150,150,150,100
MOTORS,79,80
GPS,40.091060,-105.185401SONAR,100,150,150,150,100
MOTORS,79,80
SONAR,100,150,150,150,100
BEARING,31.00,29.36,-1.64
MOTORS,79,80
GPS,40.091060,-105.185401SONAR,100,150,150,150,100
MOTORS,79,80
GPS,40.091064,-105.185401SONAR,100,150,150,150,100
MOTORS,79,80
SONAR,100,150,150,150,100
BEARING,33.00,30.14,-2.86
MOTORS,78,80
SONAR,100,150,150,150,100
MOTORS,78,80
SONAR,100,150,150,150,100
MOTORS,78,80
GPS,40.091072,-105.185386SONAR,100,150,150,150,100
BEARING,36.00,25.77,-10.23
MOTORS,75,80
GPS,40.091075,-105.185386SONAR,100,150,150,150,100
MOTORS,75,80
SONAR,100,150,150,150,100
MOTORS,75,80
GPS,40.091075,-105.185386SONAR,100,150,150,150,100
BEARING,38.00,26.57,-11.43
MOTORS,74,80
GPS,40.091079,-105.185386SONAR,100,150,150,150,100
MOTORS,74,80
GPS,40.091083,-105.185371SONAR,100,150,150,150,100
MOTORS,74,80
SONAR,100,150,150,150,100
BEARING,39.00,21.04,-17.96
MOTORS,72,80
GPS,40.091087,-105.185371SONAR,100,150,150,150,100
MOTORS,72,80
GPS,40.091091,-105.185371SONAR,100,150,150,150,100
MOTORS,72,80
GPS,40.091091,-105.185371SONAR,100,150,150,150,100
BEARING,40.00,22.62,-17.38
MOTORS,72,80
SONAR,100,150,150,150,100
MOTORS,72,80
GPS,40.091098,-105.185348SONAR,100,150,150,150,100
MOTORS,72,80
GPS,40.091102,-105.185348SONAR,100,150,150,150,100
BEARING,40.00,10.78,-29.22
MOTORS,0,80
GPS,40.091106,-105.185348SONAR,100,150,150,150,100
MOTORS,0,80
SONAR,100,150,150,150,100
MOTORS,0,80
GPS,40.091106,-105.185348SONAR,100,150,150,150,100
BEARING,340.00,11.31,31.31
MOTORS,80,0
GPS,40.091110,-105.185333SONAR,100,150,150,150,100
MOTORS,80,0
SONAR,100,150,150,150,100
MOTORS,80,0
SONAR,100,150,150,150,100
BEARING,315.00,360.00,45.00
MOTORS,80,0
SONAR,100,150,150,150,100
MOTORS,80,0
GPS,40.091114,-105.185333SONAR,100,150,150,150,100
MOTORS,80,0
SONAR,100,150,150,150,100
BEARING,335.00,360.00,25.00
MOTORS,80,0
SONAR,100,150,150,150,100
MOTORS,80,0
GPS,40.091114,-105.185333SONAR,100,150,150,150,100
MOTORS,80,0
GPS,40.091114,-105.185333SONAR,100,150,150,150,100
BEARING,0.00,360.00,0.00
MOTORS,80,80
SONAR,100,150,150,150,100
MOTORS,80,80
GPS,40.091117,-105.185333SONAR,100,150,150,150,100
MOTORS,80,80
GPS,40.091117,-105.185333SONAR,100,150,150,150,100
BEARING,19.00,360.00,-19.00
MOTORS,71,80
SONAR,100,140,131,126,100
MOTORS,71,80
SONAR,100,116,110,105,100
MOTORS,71,80
GPS,40.091121,-105.185333SONAR,100,95,85,80,100
AVOID_OBSTACLE,TURN_LEFT
MOTORS,0,100
SONAR,100,63,54,49,100
SONAR,100,150,38,32,100
SONAR,100,150,23,16,100
SONAR,100,150,150,2,100
SONAR,100,150,4,3,100
SONAR,100,150,3,4,100
SONAR,100,150,3,4,100
SONAR,100,150,3,4,100
SONAR,100,150,3,4,100
SONAR,100,150,3,4,100
SONAR,100,150,3,4,100
SONAR,100,150,3,4,100
SONAR,100,150,3,4,100
SONAR,100,150,3,4,100
SONAR,100,150,3,4,100
SONAR,100,150,3,4,100
SONAR,100,150,3,4,100
SONAR,100,150,3,4,100
SONAR,100,150,3,4,100
SONAR,100,150,3,4,100
SONAR,100,150,3,4,100
SONAR,100,150,3,4,100
SONAR,100,150,3,4,100
SONAR,100,150,3,4,100
SONAR,100,150,3,4,100
SONAR,100,150,3,4,100
SONAR,100,150,3,4,100
SONAR,100,150,3,4,100
SONAR,100,150,3,4,100
SONAR,100,150,3,4,100
SONAR,100,150,3,4,100
SONAR,100,150,3,4,100
SONAR,100,150,3,4,100
SONAR,100,150,3,4,100
SONAR,100,150,3,4,100
SONAR,100,150,2,2,100
SONAR,100,150,3,4,100
SONAR,100,150,3,3,100
SONAR,100,150,3,4,100
SONAR,100,150,3,3,100
SONAR,100,150,3,4,100
SONAR,100,150,2,2,100
SONAR,100,150,2,3,100
SONAR,100,150,3,3,100
SONAR,100,150,3,4,100
SONAR,100,150,6,5,100
SONAR,100,150,150,7,100
SONAR,100,39,150,150,100
AVOID_OBSTACLE,DONE
MOTORS,0,0
BEARING,13.00,360.00,-13.00
MOTORS,74,80
SONAR,100,150,150,150,100
MOTORS,74,80
GPS,40.091133,-105.185333SONAR,100,150,150,150,100
MOTORS,74,80
GPS,40.091133,-105.185333SONAR,100,150,150,150,100
BEARING,356.00,360.00,4.00
MOTORS,80,78
GPS,40.091133,-105.185333SONAR,100,150,150,150,100
MOTORS,80,78
SONAR,100,150,150,150,100
MOTORS,80,78
GPS,40.091133,-105.185333SONAR,100,150,150,150,100
BEARING,355.00,360.00,5.00
MOTORS,80,77
GPS,40.091133,-105.185333SONAR,100,150,150,150,100
MOTORS,80,77
SONAR,100,150,150,150,100
MOTORS,80,77
SONAR,100,150,150,150,100
BEARING,0.00,360.00,0.00
MOTORS,80,80
SONAR,100,150,150,134,100
MOTORS,80,80
GPS,40.091140,-105.185333SONAR,100,150,150,150,100
MOTORS,80,80
SONAR,100,150,150,150,100
BEARING,4.00,360.00,-4.00
MOTORS,78,80
SONAR,100,150,150,150,100
MOTORS,78,80
GPS,40.091148,-105.185333SONAR,100,150,150,150,100
MOTORS,78,80
GPS,40.091148,-105.185333SONAR,100,150,150,150,100
BEARING,8.00,360.00,-8.00
REACHED_WAYPOINT
WAYPOINT,4,40.09,-105.19
MOTORS,78,80
SONAR,100,150,150,150,100
MOTORS,78,80
SONAR,100,150,150,150,100
MOTORS,78,80
GPS,40.091159,-105.185333SONAR,100,150,150,139,100
BEARING,11.00,54.83,43.83
MOTORS,80,0
GPS,40.091167,-105.185333SONAR,100,150,150,150,100
MOTORS,80,0
SONAR,100,150,150,150,100
MOTORS,80,0
GPS,40.091171,-105.185333SONAR,100,150,150,150,100
BEARING,67.00,57.53,-9.47
MOTORS,75,80
GPS,40.091175,-105.185317SONAR,100,150,150,150,100
MOTORS,75,80
SONAR,100,150,150,150,100
MOTORS,75,80
SONAR,100,150,150,150,100
BEARING,130.00,55.98,-74.02
MOTORS,0,80
GPS,40.091178,-105.185317SONAR,100,150,150,150,100
MOTORS,0,80
GPS,40.091175,-105.185317SONAR,100,150,150,150,100
MOTORS,0,80
GPS,40.091175,-105.185317SONAR,100,150,150,150,100
BEARING,95.00,55.98,-39.02
MOTORS,0,80
SONAR,100,150,150,150,100
MOTORS,0,80
SONAR,100,150,150,150,100
MOTORS,0,80
GPS,40.091171,-105.185317SONAR,100,150,150,150,100
BEARING,67.00,55.01,-11.99
MOTORS,74,80
GPS,40.091171,-105.185302SONAR,100,150,150,150,100
MOTORS,74,80
SONAR,100,150,150,150,100
MOTORS,74,80
GPS,40.091171,-105.185302SONAR,100,150,150,150,100
BEARING,50.00,52.13,2.13
MOTORS,80,79
GPS,40.091171,-105.185302SONAR,100,150,150,150,100
MOTORS,80,79
GPS,40.091171,-105.185302SONAR,100,150,150,150,100
MOTORS,80,79
SONAR,100,150,150,150,100
BEARING,54.00,52.13,-1.87
MOTORS,79,80
GPS,40.091171,-105.185302SONAR,100,150,150,150,100
MOTORS,79,80
GPS,40.091175,-105.185287SONAR,100,150,150,150,100
MOTORS,79,80
GPS,40.091175,-105.185287SONAR,100,150,150,150,100
BEARING,57.00,49.84,-7.16
MOTORS,76,80
SONAR,100,150,150,150,100
MOTORS,76,80
SONAR,100,150,150,150,100
MOTORS,76,80
GPS,40.091178,-105.185272SONAR,100,150,150,150,100
BEARING,58.00,47.12,-10.88
MOTORS,75,80
GPS,40.091178,-105.185272SONAR,100,150,150,150,100
MOTORS,75,80
GPS,40.091182,-105.185272SONAR,100,150,150,150,100
MOTORS,75,80
SONAR,100,150,150,150,100
BEARING,62.00,48.24,-13.76
MOTORS,73,80
GPS,40.091182,-105.185256SONAR,100,150,150,146,100
MOTORS,73,80
GPS,40.091186,-105.185256SONAR,100,150,150,150,100
MOTORS,73,80
SONAR,100,150,150,150,100
BEARING,61.00,45.00,-16.00
MOTORS,72,80
SONAR,100,21,150,124,100
AVOID_OBSTACLE,TURN_RIGHT
MOTORS,100,0
SONAR,100,150,150,150,100
AVOID_OBSTACLE,DONE
MOTORS,0,0
MOTORS,72,80
SONAR,100,150,150,150,100
MOTORS,72,80
GPS,40.091186,-105.185234SONAR,100,150,150,150,100
BEARING,73.00,36.87,-36.13
MOTORS,0,80
GPS,40.091186,-105.185218SONAR,100,150,150,150,100
MOTORS,0,80
SONAR,100,150,150,150,100
MOTORS,0,80
SONAR,100,150,150,150,100
BEARING,58.00,30.26,-27.74
MOTORS,0,80
GPS,40.091186,-105.185218SONAR,100,150,150,150,100
MOTORS,0,80
GPS,40.091186,-105.185218SONAR,100,150,150,150,100
MOTORS,0,80
SONAR,100,150,150,150,100
BEARING,37.00,30.26,-6.74
MOTORS,77,80
SONAR,100,150,150,150,100
MOTORS,77,80
SONAR,100,150,150,150,100
MOTORS,77,80
GPS,40.091190,-105.185203SONAR,100,150,150,150,100
BEARING,23.00,23.50,0.50
MOTORS,80,79
GPS,40.091190,-105.185203SONAR,100,150,150,150,100
MOTORS,80,79
GPS,40.091194,-105.185203SONAR,100,150,150,150,100
MOTORS,80,79
SONAR,100,150,150,150,100
BEARING,27.00,24.44,-2.56
MOTORS,78,80
SONAR,100,150,150,150,100
MOTORS,78,80
GPS,40.091197,-105.185203SONAR,100,150,150,150,100
MOTORS,78,80
GPS,40.091197,-105.185203SONAR,100,150,150,150,100
BEARING,31.00,25.46,-5.54
MOTORS,77,80
SONAR,100,150,150,150,100
MOTORS,77,80
SONAR,100,91,150,150,100
AVOID_OBSTACLE,TURN_RIGHT
MOTORS,100,0
SONAR,100,150,150,150,100
AVOID_OBSTACLE,DONE
MOTORS,0,0
MOTORS,77,80
SONAR,100,150,150,150,100
BEARING,42.00,25.46,-16.54
MOTORS,72,80
GPS,40.091213,-105.185188SONAR,100,150,150,150,100
MOTORS,72,80
GPS,40.091213,-105.185188SONAR,100,150,150,150,100
MOTORS,72,80
SONAR,100,150,150,150,100
BEARING,42.00,19.44,-22.56
MOTORS,0,80
SONAR,100,150,150,150,100
MOTORS,0,80
GPS,40.091220,-105.185188SONAR,100,150,150,150,100
MOTORS,0,80
GPS,40.091220,-105.185188SONAR,100,150,150,150,100
BEARING,11.00,21.80,10.80
MOTORS,80,75
GPS,40.091220,-105.185188SONAR,100,150,150,150,100
MOTORS,80,75
SONAR,100,150,150,150,100
MOTORS,80,75
GPS,40.091224,-105.185188SONAR,100,150,150,150,100
BEARING,347.00,23.20,36.20
MOTORS,80,0
GPS,40.091224,-105.185188SONAR,100,150,150,150,100
MOTORS,80,0
GPS,40.091224,-105.185188SONAR,100,150,150,150,100
MOTORS,80,0
SONAR,100,150,150,150,100
BEARING,24.00,23.20,-0.80
MOTORS,79,80
GPS,40.091224,-105.185188SONAR,100,96,90,150,100
AVOID_OBSTACLE,TURN_RIGHT
MOTORS,100,0
SONAR,100,79,150,150,100
SONAR,100,71,150,150,100
SONAR,100,62,150,64,100
SONAR,100,54,58,58,100
SONAR,100,150,51,150,100
SONAR,100,49,150,53,100
SONAR,100,45,150,150,100
SONAR,100,45,49,150,100
SONAR,100,45,49,150,100
SONAR,100,46,48,150,100
SONAR,100,45,150,150,100
SONAR,100,46,150,150,100
SONAR,100,47,150,150,100
SONAR,100,47,48,150,100
SONAR,100,47,150,150,100
SONAR,100,46,48,150,100
SONAR,100,46,150,54,100
SONAR,100,46,150,150,100
SONAR,100,45,150,150,100
SONAR,100,46,150,150,100
SONAR,100,45,150,150,100
SONAR,100,45,150,150,100
SONAR,100,45,150,150,100
SONAR,100,46,150,150,100
SONAR,100,46,150,150,100
SONAR,100,45,150,150,100
SONAR,100,45,150,150,100
SONAR,100,45,150,150,100
SONAR,100,46,150,150,100
SONAR,100,45,150,150,100
SONAR,100,45,150,150,100
SONAR,100,45,150,150,100
SONAR,100,45,150,53,100
SONAR,100,46,150,52,100
SONAR,100,45,150,53,100
SONAR,100,46,49,150,100
SONAR,100,46,150,54,100
SONAR,100,45,150,150,100
SONAR,100,47,150,52,100
SONAR,100,45,36,48,100
SONAR,100,39,44,53,100
SONAR,100,48,48,98,100
SONAR,100,56,88,150,100
SONAR,100,150,150,150,100
AVOID_OBSTACLE,DONE
MOTORS,0,0
MOTORS,79,80
GPS,40.091239,-105.185173SONAR,100,150,150,150,100
MOTORS,79,80
GPS,40.091239,-105.185173SONAR,100,150,150,150,100
BEARING,35.00,11.31,-23.69
MOTORS,0,80
GPS,40.091243,-105.185188SONAR,100,150,150,5,100
AVOID_OBSTACLE,TURN_LEFT
MOTORS,0,100
SONAR,100,150,150,150,100
AVOID_OBSTACLE,DONE
MOTORS,0,0
MOTORS,0,80
GPS,40.091239,-105.185188SONAR,100,150,150,150,100
MOTORS,0,80
SONAR,100,150,150,5,100
AVOID_OBSTACLE,TURN_LEFT
MOTORS,0,100
SONAR,100,150,150,150,100
AVOID_OBSTACLE,DONE
MOTORS,0,0
BEARING,167.00,30.96,-136.04
MOTORS,0,80
SONAR,100,150,150,150,100
MOTORS,0,80
SONAR,100,2,2,150,100
AVOID_OBSTACLE,TURN_RIGHT
MOTORS,100,0
SONAR,100,3,2,150,100
SONAR,100,150,2,150,100
SONAR,100,7,2,150,100
SONAR,100,4,2,150,100
SONAR,100,9,2,150,100
SONAR,100,4,2,150,100
SONAR,100,150,3,150,100
SONAR,100,150,3,150,100
SONAR,100,150,3,150,100
SONAR,100,150,3,150,100
SONAR,100,150,3,150,100
SONAR,100,150,3,150,100
SONAR,100,150,3,150,100
SONAR,100,150,4,150,100
SONAR,100,150,4,150,100
SONAR,100,150,3,150,100
SONAR,100,150,3,150,100
SONAR,100,150,3,150,100
SONAR,100,150,3,150,100
SONAR,100,150,2,150,100
SONAR,100,150,3,150,100
SONAR,100,150,3,150,100
SONAR,100,150,3,150,100
SONAR,100,150,4,150,100
SONAR,100,150,5,150,100
SONAR,100,150,4,150,100
SONAR,100,150,3,150,100
SONAR,100,150,3,150,100
SONAR,100,150,4,150,100
SONAR,100,150,3,150,100
SONAR,100,150,2,150,100
SONAR,100,150,150,150,100
AVOID_OBSTACLE,DONE
MOTORS,0,0
MOTORS,0,80
GPS,40.091190,-105.185203SONAR,100,150,11,150,100
AVOID_OBSTACLE,TURN_RIGHT
MOTORS,100,0
SONAR,100,150,6,150,100
SONAR,100,150,6,150,100
SONAR,100,150,6,150,100
SONAR,100,150,150,150,100
AVOID_OBSTACLE,DONE
MOTORS,0,0
BEARING,133.00,23.50,-109.50
MOTORS,0,80
GPS,40.091186,-105.185218SONAR,100,150,8,150,100
AVOID_OBSTACLE,TURN_RIGHT
MOTORS,100,0
SONAR,100,150,10,150,100
SONAR,100,150,150,150,100
AVOID_OBSTACLE,DONE
MOTORS,0,0
MOTORS,0,80
SONAR,100,150,10,150,100
AVOID_OBSTACLE,TURN_RIGHT
MOTORS,100,0
SONAR,100,150,8,150,100
SONAR,100,150,5,150,100
SONAR,100,150,1,150,100
SONAR,100,150,3,150,100
SONAR,100,150,2,150,100
SONAR,100,150,3,150,100
SONAR,100,150,3,150,100
SONAR,100,150,3,150,100
SONAR,100,150,2,150,100
SONAR,100,150,2,150,100
SONAR,100,150,2,150,100
SONAR,100,150,3,150,100
SONAR,100,150,5,150,100
SONAR,100,150,4,150,100
SONAR,100,150,3,150,100
SONAR,100,10,3,150,100
SONAR,100,150,4,150,100
SONAR,100,150,3,150,100
SONAR,100,150,3,150,100
SONAR,100,150,3,150,100
SONAR,100,150,3,150,100
SONAR,100,150,3,150,100
SONAR,100,150,3,150,100
SONAR,100,150,4,150,100
SONAR,100,150,3,150,100
SONAR,100,150,3,150,100
SONAR,100,150,4,150,100
SONAR,100,150,3,150,100
SONAR,100,150,3,150,100
SONAR,100,150,3,150,100
SONAR,100,150,3,150,100
SONAR,100,150,150,150,100
AVOID_OBSTACLE,DONE
MOTORS,0,0
MOTORS,0,80
GPS,40.091148,-105.185234SONAR,100,150,7,150,100
AVOID_OBSTACLE,TURN_RIGHT
MOTORS,100,0
SONAR,100,150,4,150,100
SONAR,100,150,4,150,100
SONAR,100,150,4,150,100
SONAR,100,150,4,150,100
SONAR,100,150,4,150,100
SONAR,100,150,4,150,100
SONAR,100,150,3,150,100
SONAR,100,150,4,150,100
SONAR,100,150,4,150,100
SONAR,100,150,4,150,100
SONAR,100,150,3,150,100
SONAR,100,150,3,150,100
SONAR,100,150,3,10,100
SONAR,100,150,3,150,100
SONAR,100,150,3,150,100
SONAR,100,150,3,150,100
SONAR,100,150,3,150,100
SONAR,100,150,3,150,100
SONAR,100,150,3,150,100
SONAR,100,150,3,150,100
SONAR,100,150,3,150,100
SONAR,100,150,4,150,100
SONAR,100,150,3,150,100
SONAR,100,150,3,150,100
SONAR,100,150,3,150,100
SONAR,100,150,3,150,100
SONAR,100,150,3,150,100
SONAR,100,150,3,150,100
SONAR,100,150,4,150,100
SONAR,100,5,3,150,100
SONAR,100,150,3,150,100
SONAR,100,150,3,150,100
SONAR,100,150,3,150,100
SONAR,100,150,3,150,100
SONAR,100,150,3,150,100
SONAR,100,6,3,150,100
SONAR,100,150,3,150,100
SONAR,100,150,4,150,100
SONAR,100,150,3,150,100
SONAR,100,150,3,150,100
SONAR,100,150,3,150,100
SONAR,100,150,4,150,100
SONAR,100,150,3,150,100
SONAR,100,150,3,150,100
SONAR,100,150,3,150,100
SONAR,100,150,3,150,100
SONAR,100,150,3,150,100
SONAR,100,150,4,150,100
SONAR,100,150,3,150,100
SONAR,100,150,3,150,100
SONAR,100,150,3,150,100
SONAR,100,150,5,150,100
SONAR,100,150,4,150,100
SONAR,100,150,3,150,100
SONAR,100,150,3,150,100
SONAR,100,150,3,150,100
SONAR,100,150,3,150,100
SONAR,100,150,3,150,100
SONAR,100,150,3,150,100
SONAR,100,150,3,150,100
SONAR,100,150,3,150,100
SONAR,100,150,3,150,100
SONAR,100,150,3,150,100
SONAR,100,150,3,150,100
SONAR,100,150,3,150,100
SONAR,100,150,3,150,100
SONAR,100,150,3,150,100
SONAR,100,150,3,150,100
SONAR,100,150,3,150,100
SONAR,100,150,3,150,100
SONAR,100,150,3,150,100
SONAR,100,150,3,150,100
SONAR,100,150,3,150,100
SONAR,100,150,3,150,100
SONAR,100,150,3,150,100
SONAR,100,150,3,150,100
SONAR,100,150,3,150,100
SONAR,100,150,3,150,100
SONAR,100,150,3,150,100
SONAR,100,150,3,150,100
SONAR,100,150,3,150,100
SONAR,100,150,3,150,100
SONAR,100,150,3,150,100
SONAR,100,150,3,150,100
SONAR,100,150,3,150,100
SONAR,100,150,3,150,100
SONAR,100,150,3,150,100
SONAR,100,150,4,150,100
SONAR,100,150,3,150,100
SONAR,100,150,3,150,100
SONAR,100,150,3,150,100
SONAR,100,150,3,150,100
SONAR,100,150,3,150,100
SONAR,100,150,3,150,100
SONAR,100,150,3,150,100
SONAR,100,150,3,150,100
SONAR,100,150,4,150,100
SONAR,100,150,3,150,100
SONAR,100,150,3,150,100
SONAR,100,150,3,150,100
SONAR,100,150,3,150,100
SONAR,100,150,3,150,100
SONAR,100,150,3,150,100
SONAR,100,150,3,150,100
SONAR,100,150,3,150,100
SONAR,100,150,3,150,100
SONAR,100,150,3,150,100
SONAR,100,150,3,150,100
SONAR,100,150,3,150,100
SONAR,100,150,3,150,100
SONAR,100,150,3,150,100
SONAR,100,150,3,150,100
SONAR,100,150,3,150,100
SONAR,100,150,3,150,100
SONAR,100,150,3,150,100
SONAR,100,150,3,150,100
SONAR,100,7,3,150,100
SONAR,100,150,3,150,100
SONAR,100,150,3,150,100
SONAR,100,150,3,150,100
SONAR,100,150,3,150,100
SONAR,100,150,3,150,100
SONAR,100,150,3,150,100
SONAR,100,150,4,150,100
SONAR,100,150,3,150,100
SONAR,100,5,8,150,100
SONAR,100,150,2,150,100
SONAR,100,150,2,150,100
SONAR,100,3,1,150,100
SONAR,100,8,1,150,100
SONAR,100,7,1,150,100
SONAR,100,7,1,150,100
SONAR,100,8,1,150,100
SONAR,100,8,1,73,100
SONAR,100,4,1,150,100
SONAR,100,4,1,150,100
SONAR,100,5,1,75,100
SONAR,100,5,1,150,100
SONAR,100,6,1,69,100
SONAR,100,4,1,150,100
SONAR,100,4,1,150,100
SONAR,100,5,1,150,100
SONAR,100,7,1,71,100
SONAR,100,6,1,68,100
SONAR,100,5,1,71,100
SONAR,100,5,1,73,100
SONAR,100,4,1,150,100
SONAR,100,4,1,77,100
SONAR,100,5,1,150,100
SONAR,100,6,1,150,100
SONAR,100,5,1,77,100
SONAR,100,4,1,73,100
SONAR,100,7,1,73,100
SONAR,100,5,1,57,100
SONAR,100,150,1,150,100
SONAR,100,150,1,150,100
SONAR,100,150,1,65,100
SONAR,100,5,1,150,100
SONAR,100,5,1,150,100
SONAR,100,7,1,71,100
SONAR,100,5,1,73,100
SONAR,100,6,1,73,100
SONAR,100,7,1,150,100
SONAR,100,7,1,150,100
SONAR,100,150,1,150,100
SONAR,100,150,1,150,100
SONAR,100,5,1,150,100
SONAR,100,6,1,89,100
SONAR,100,5,1,150,100
SONAR,100,6,1,98,100
SONAR,100,6,1,150,100
SONAR,100,6,1,150,100
SONAR,100,6,1,150,100
SONAR,100,6,1,150,100
SONAR,100,150,1,150,100
SONAR,100,15,1,150,100
SONAR,100,150,1,150,100
SONAR,100,5,1,150,100
SONAR,100,5,1,150,100
SONAR,100,150,1,150,100
SONAR,100,150,1,150,100
SONAR,100,7,1,150,100
SONAR,100,7,1,150,100
SONAR,100,6,1,150,100
SONAR,100,7,1,150,100
SONAR,100,150,1,150,100
SONAR,100,150,1,150,100
SONAR,100,6,1,150,100
SONAR,100,150,1,150,100
SONAR,100,150,1,150,100
SONAR,100,150,1,150,100
SONAR,100,150,1,150,100
SONAR,100,150,1,150,100
SONAR,100,150,1,150,100
SONAR,100,150,1,150,100
SONAR,100,150,1,150,100
SONAR,100,6,1,150,100
SONAR,100,150,1,150,100
SONAR,100,150,1,150,100
SONAR,100,150,1,150,100
SONAR,100,150,1,150,100
SONAR,100,150,1,150,100
SONAR,100,150,1,150,100
SONAR,100,150,1,150,100
SONAR,100,150,1,150,100
SONAR,100,3,1,150,100
SONAR,100,12,2,150,100
SONAR,100,3,3,150,100
SONAR,100,3,4,150,100
SONAR,100,5,3,150,100
SONAR,100,4,2,150,100
SONAR,100,150,150,150,100
AVOID_OBSTACLE,DONE
MOTORS,0,0
BEARING,124.00,27.90,-96.10
MOTORS,0,80
GPS,40.090969,-105.185531SONAR,100,8,150,150,100
AVOID_OBSTACLE,TURN_RIGHT
MOTORS,100,0
SONAR,100,150,150,150,100
AVOID_OBSTACLE,DONE
MOTORS,0,0
MOTORS,0,80
GPS,40.090965,-105.185531SONAR,100,150,150,5,100
AVOID_OBSTACLE,TURN_LEFT
MOTORS,0,100
SONAR,100,150,150,150,100
AVOID_OBSTACLE,DONE
MOTORS,0,0
MOTORS,0,80
GPS,40.090969,-105.185546SONAR,100,150,150,150,100
BEARING,177.00,50.99,-126.01
MOTORS,0,80
GPS,40.090969,-105.185546SONAR,100,150,150,150,100
MOTORS,0,80
SONAR,100,150,150,5,100
AVOID_OBSTACLE,TURN_LEFT
MOTORS,0,100
SONAR,100,150,150,150,100
AVOID_OBSTACLE,DONE
MOTORS,0,0
MOTORS,0,80
GPS,40.090976,-105.185562SONAR,100,150,150,150,100
BEARING,178.00,52.78,-125.22
MOTORS,0,80
SONAR,100,150,150,150,100
MOTORS,0,80
SONAR,100,150,150,5,100
AVOID_OBSTACLE,TURN_LEFT
MOTORS,0,100
SONAR,100,150,150,150,100
AVOID_OBSTACLE,DONE
MOTORS,0,0
MOTORS,0,80
SONAR,100,150,150,150,100
BEARING,175.00,52.78,-122.22
MOTORS,0,80
GPS,40.090976,-105.185577SONAR,100,150,150,5,100
AVOID_OBSTACLE,TURN_LEFT
MOTORS,0,100
SONAR,100,150,150,150,100
AVOID_OBSTACLE,DONE
MOTORS,0,0
MOTORS,0,80
GPS,40.090976,-105.185577SONAR,100,150,150,150,100
MOTORS,0,80
GPS,40.090976,-105.185577SONAR,100,150,150,5,100
AVOID_OBSTACLE,TURN_LEFT
MOTORS,0,100
SONAR,100,150,150,150,100
AVOID_OBSTACLE,DONE
MOTORS,0,0
BEARING,167.00,53.82,-113.18
MOTORS,0,80
GPS,40.090976,-105.185592SONAR,100,150,150,150,100
MOTORS,0,80
GPS,40.090976,-105.185592SONAR,100,150,150,150,100
MOTORS,0,80
SONAR,100,150,150,5,100
AVOID_OBSTACLE,TURN_LEFT
MOTORS,0,100
SONAR,100,150,150,150,100
AVOID_OBSTACLE,DONE
MOTORS,0,0
BEARING,157.00,54.80,-102.20
MOTORS,0,80
GPS,40.090969,-105.185615SONAR,100,150,150,150,100
MOTORS,0,80
SONAR,100,150,150,150,100
MOTORS,0,80
SONAR,100,150,150,5,100
AVOID_OBSTACLE,TURN_LEFT
MOTORS,0,100
SONAR,100,150,150,150,100
AVOID_OBSTACLE,DONE
MOTORS,0,0
BEARING,154.00,55.53,-98.47
MOTORS,0,80
SONAR,100,150,150,150,100
MOTORS,0,80
GPS,40.090961,-105.185615SONAR,100,150,150,150,100
MOTORS,0,80
GPS,40.090957,-105.185615SONAR,100,150,150,5,100
AVOID_OBSTACLE,TURN_LEFT
MOTORS,0,100
SONAR,100,150,150,150,100
AVOID_OBSTACLE,DONE
MOTORS,0,0
BEARING,151.00,54.55,-96.45
MOTORS,0,80
GPS,40.090953,-105.185630SONAR,100,150,150,150,100
MOTORS,0,80
SONAR,100,150,150,150,100
MOTORS,0,80
SONAR,100,150,150,5,100
AVOID_OBSTACLE,TURN_LEFT
MOTORS,0,100
SONAR,100,150,150,150,100
AVOID_OBSTACLE,DONE
MOTORS,0,0
BEARING,147.00,55.13,-91.87
MOTORS,0,80
SONAR,100,150,150,150,100
MOTORS,0,80
SONAR,100,150,150,150,100
MOTORS,0,80
SONAR,100,150,150,5,100
AVOID_OBSTACLE,TURN_LEFT
MOTORS,0,100
SONAR,100,150,150,150,100
AVOID_OBSTACLE,DONE
MOTORS,0,0
BEARING,139.00,55.13,-83.87
MOTORS,0,80
SONAR,100,150,150,150,100
MOTORS,0,80
GPS,40.090930,-105.185630SONAR,100,150,150,150,100
MOTORS,0,80
GPS,40.090927,-105.185630SONAR,100,150,150,5,100
AVOID_OBSTACLE,TURN_LEFT
MOTORS,0,100
SONAR,100,150,150,150,100
AVOID_OBSTACLE,DONE
MOTORS,0,0
BEARING,126.00,52.98,-73.02
MOTORS,0,80
GPS,40.090919,-105.185630SONAR,100,150,150,5,100
AVOID_OBSTACLE,TURN_LEFT
MOTORS,0,100
SONAR,100,150,150,150,100
AVOID_OBSTACLE,DONE
MOTORS,0,0
MOTORS,0,80
GPS,40.090915,-105.185630SONAR,100,4,150,150,100
AVOID_OBSTACLE,TURN_RIGHT
MOTORS,100,0
SONAR,100,150,5,150,100
SONAR,100,150,5,150,100
SONAR,100,150,4,150,100
SONAR,100,150,4,150,100
SONAR,100,150,4,150,100
SONAR,100,150,150,150,100
AVOID_OBSTACLE,DONE
MOTORS,0,0
MOTORS,0,80
GPS,40.090908,-105.185615SONAR,100,150,150,150,100
BEARING,65.00,50.58,-14.42
MOTORS,73,80
GPS,40.090904,-105.185615SONAR,100,150,150,150,100
MOTORS,73,80
SONAR,100,71,150,5,100
AVOID_OBSTACLE,TURN_LEFT
MOTORS,0,100
SONAR,100,150,150,150,100
AVOID_OBSTACLE,DONE
MOTORS,0,0
MOTORS,73,80
GPS,40.090900,-105.185615SONAR,100,150,150,150,100
BEARING,73.00,50.00,-23.00
MOTORS,0,80
SONAR,100,150,150,150,100
MOTORS,0,80
GPS,40.090900,-105.185615SONAR,100,150,150,150,100
MOTORS,0,80
GPS,40.090896,-105.185615SONAR,100,150,150,150,100
BEARING,71.00,49.72,-21.28
MOTORS,0,80
GPS,40.090892,-105.185615SONAR,100,150,150,5,100
AVOID_OBSTACLE,TURN_LEFT
MOTORS,0,100
SONAR,100,150,150,150,100
AVOID_OBSTACLE,DONE
MOTORS,0,0
MOTORS,0,80
GPS,40.090888,-105.185615SONAR,100,150,150,150,100
MOTORS,0,80
SONAR,100,150,150,150,100
BEARING,88.00,49.16,-38.84
MOTORS,0,80
GPS,40.090885,-105.185615SONAR,100,150,150,150,100
MOTORS,0,80
GPS,40.090885,-105.185615SONAR,100,150,150,5,100
AVOID_OBSTACLE,TURN_LEFT
MOTORS,0,100
SONAR,100,150,150,150,100
AVOID_OBSTACLE,DONE
MOTORS,0,0
MOTORS,0,80
GPS,40.090881,-105.185615SONAR,100,150,150,150,100
BEARING,84.00,48.61,-35.39
MOTORS,0,80
GPS,40.090881,-105.185615SONAR,100,150,150,124,100
MOTORS,0,80
GPS,40.090877,-105.185615SONAR,100,150,150,150,100
MOTORS,0,80
GPS,40.090873,-105.185615SONAR,100,150,150,150,100
BEARING,86.00,48.07,-37.93
MOTORS,0,80
SONAR,100,150,150,150,100
MOTORS,0,80
SONAR,100,150,150,5,100
AVOID_OBSTACLE,TURN_LEFT
MOTORS,0,100
SONAR,100,150,150,150,100
AVOID_OBSTACLE,DONE
MOTORS,0,0
MOTORS,0,80
SONAR,100,150,150,150,100
BEARING,90.00,48.07,-41.93
MOTORS,0,80
GPS,40.090866,-105.185615SONAR,100,150,150,150,100
MOTORS,0,80
GPS,40.090862,-105.185615SONAR,100,150,150,5,100
AVOID_OBSTACLE,TURN_LEFT
MOTORS,0,100
SONAR,100,150,150,150,100
AVOID_OBSTACLE,DONE
MOTORS,0,0
MOTORS,0,80
GPS,40.090858,-105.185630SONAR,100,150,150,150,100
BEARING,81.00,47.96,-33.04
MOTORS,0,80
GPS,40.090854,-105.185630SONAR,100,150,150,150,100
MOTORS,0,80
GPS,40.090847,-105.185630SONAR,100,150,150,5,100
AVOID_OBSTACLE,TURN_LEFT
MOTORS,0,100
SONAR,100,150,150,150,100
AVOID_OBSTACLE,DONE
MOTORS,0,0
MOTORS,0,80
GPS,40.090843,-105.185630SONAR,100,150,150,150,100
BEARING,89.00,46.94,-42.06
MOTORS,0,80
SONAR,100,150,150,150,100
MOTORS,0,80
GPS,40.090839,-105.185630SONAR,100,150,150,150,100
MOTORS,0,80
GPS,40.090839,-105.185630SONAR,100,150,150,5,100
AVOID_OBSTACLE,TURN_LEFT
MOTORS,0,100
SONAR,100,150,150,150,100
AVOID_OBSTACLE,DONE
MOTORS,0,0
BEARING,95.00,46.69,-48.31
MOTORS,0,80
SONAR,100,150,150,150,100
MOTORS,0,80
GPS,40.090827,-105.185630SONAR,100,150,150,150,100
MOTORS,0,80
GPS,40.090827,-105.185646SONAR,100,150,150,5,100
AVOID_OBSTACLE,TURN_LEFT
MOTORS,0,100
SONAR,100,150,150,150,100
AVOID_OBSTACLE,DONE
MOTORS,0,0
BEARING,89.00,46.88,-42.12
MOTORS,0,80
GPS,40.090824,-105.185646SONAR,100,150,150,150,100
MOTORS,0,80
SONAR,100,150,150,124,100
MOTORS,0,80
SONAR,100,135,150,5,100
AVOID_OBSTACLE,TURN_LEFT
MOTORS,0,100
SONAR,100,150,150,150,100
AVOID_OBSTACLE,DONE
MOTORS,0,0
BEARING,87.00,46.64,-40.36
MOTORS,0,80
GPS,40.090816,-105.185646SONAR,100,150,150,150,100
MOTORS,0,80
SONAR,100,150,150,150,100
MOTORS,0,80
SONAR,100,150,150,5,100
AVOID_OBSTACLE,TURN_LEFT
MOTORS,0,100
SONAR,100,150,150,150,100
AVOID_OBSTACLE,DONE
MOTORS,0,0
BEARING,83.00,46.16,-36.84
MOTORS,0,80
SONAR,100,150,150,150,100
MOTORS,0,80
GPS,40.090808,-105.185646SONAR,100,150,150,150,100
MOTORS,0,80
GPS,40.090805,-105.185646SONAR,100,150,150,5,100
AVOID_OBSTACLE,TURN_LEFT
MOTORS,0,100
SONAR,100,150,150,150,100
AVOID_OBSTACLE,DONE
MOTORS,0,0
BEARING,79.00,45.46,-33.54
MOTORS,0,80
GPS,40.090801,-105.185646SONAR,100,150,150,150,100
MOTORS,0,80
GPS,40.090801,-105.185646SONAR,100,150,150,150,100
MOTORS,0,80
SONAR,100,150,150,5,100
AVOID_OBSTACLE,TURN_LEFT
MOTORS,0,100
SONAR,100,150,150,150,100
AVOID_OBSTACLE,DONE
MOTORS,0,0
BEARING,83.00,45.23,-37.77
MOTORS,0,80
GPS,40.090797,-105.185646SONAR,100,150,150,150,100
MOTORS,0,80
SONAR,100,150,150,150,100
MOTORS,0,80
SONAR,100,150,150,150,100
BEARING,83.00,45.00,-38.00
MOTORS,0,80
GPS,40.090793,-105.185646SONAR,100,150,150,150,100
MOTORS,0,80
GPS,40.090793,-105.185661SONAR,100,150,150,5,100
AVOID_OBSTACLE,TURN_LEFT
MOTORS,0,100
SONAR,100,150,150,150,100
AVOID_OBSTACLE,DONE
MOTORS,0,0
MOTORS,0,80
GPS,40.090785,-105.185661SONAR,100,5,150,150,100
AVOID_OBSTACLE,TURN_RIGHT
MOTORS,100,0
SONAR,100,150,150,150,100
AVOID_OBSTACLE,DONE
MOTORS,0,0
BEARING,84.00,45.22,-38.78
MOTORS,0,80
GPS,40.090782,-105.185661SONAR,100,150,150,150,100
MOTORS,0,80
GPS,40.090778,-105.185661SONAR,100,150,150,150,100
MOTORS,0,80
GPS,40.090778,-105.185661SONAR,100,150,150,5,100
AVOID_OBSTACLE,TURN_LEFT
MOTORS,0,100
SONAR,100,150,150,150,100
AVOID_OBSTACLE,DONE
MOTORS,0,0
BEARING,80.00,44.78,-35.22
MOTORS,0,80
GPS,40.090778,-105.185661SONAR,100,150,150,150,100
MOTORS,0,80
GPS,40.090774,-105.185661SONAR,100,150,150,150,100
MOTORS,0,80
SONAR,100,150,150,5,100
AVOID_OBSTACLE,TURN_LEFT
MOTORS,0,100
SONAR,100,150,150,150,100
AVOID_OBSTACLE,DONE
MOTORS,0,0
BEARING,91.00,44.56,-46.44
MOTORS,0,80
GPS,40.090770,-105.185661SONAR,100,150,150,150,100
MOTORS,0,80
SONAR,100,150,150,150,100
MOTORS,0,80
GPS,40.090770,-105.185661SONAR,100,150,150,150,100
BEARING,83.00,44.35,-38.65
MOTORS,0,80
GPS,40.090766,-105.185661SONAR,100,150,150,150,100
MOTORS,0,80
GPS,40.090766,-105.185661SONAR,100,150,150,150,100
MOTORS,0,80
GPS,40.090763,-105.185661SONAR,100,150,150,5,100
AVOID_OBSTACLE,TURN_LEFT
MOTORS,0,100
SONAR,100,150,150,150,100
AVOID_OBSTACLE,DONE
MOTORS,0,0
BEARING,89.00,43.92,-45.08
MOTORS,0,80
GPS,40.090763,-105.185676SONAR,100,150,150,150,100
MOTORS,0,80
SONAR,100,150,150,104,100
MOTORS,0,80
SONAR,100,150,150,5,100
AVOID_OBSTACLE,TURN_LEFT
MOTORS,0,100
SONAR,100,150,150,150,100
AVOID_OBSTACLE,DONE
MOTORS,0,0
BEARING,99.00,44.79,-54.21
MOTORS,0,80
SONAR,100,150,150,150,100
MOTORS,0,80
SONAR,100,150,150,150,100
MOTORS,0,80
GPS,40.090755,-105.185676SONAR,100,150,150,5,100
AVOID_OBSTACLE,TURN_LEFT
MOTORS,0,100
SONAR,100,150,150,150,100
AVOID_OBSTACLE,DONE
MOTORS,0,0
BEARING,95.00,44.37,-50.63
MOTORS,0,80
SONAR,100,150,150,150,100
MOTORS,0,80
GPS,40.090751,-105.185691SONAR,100,150,150,150,100
MOTORS,0,80
GPS,40.090747,-105.185691SONAR,100,150,150,5,100
AVOID_OBSTACLE,TURN_LEFT
MOTORS,0,100
SONAR,100,150,150,150,100
AVOID_OBSTACLE,DONE
MOTORS,0,0
BEARING,98.00,44.79,-53.21
MOTORS,0,80
GPS,40.090744,-105.185691SONAR,100,150,9,150,100
AVOID_OBSTACLE,TURN_RIGHT
MOTORS,100,0
SONAR,100,150,7,150,100
SONAR,100,150,7,150,100
SONAR,100,150,150,150,100
AVOID_OBSTACLE,DONE
MOTORS,0,0
MOTORS,0,80
GPS,40.090740,-105.185691SONAR,100,150,150,150,100
MOTORS,0,80
GPS,40.090740,-105.185691SONAR,100,150,150,7,100
AVOID_OBSTACLE,TURN_LEFT
MOTORS,0,100
SONAR,100,150,150,5,100
SONAR,100,150,150,150,100
AVOID_OBSTACLE,DONE
MOTORS,0,0
BEARING,105.00,44.38,-60.62
MOTORS,0,80
GPS,40.090732,-105.185707SONAR,100,150,150,150,100
MOTORS,0,80
SONAR,100,150,150,150,100
MOTORS,0,80
SONAR,100,150,150,5,100
AVOID_OBSTACLE,TURN_LEFT
MOTORS,0,100
SONAR,100,150,150,150,100
AVOID_OBSTACLE,DONE
MOTORS,0,0
BEARING,142.00,44.80,-97.20
MOTORS,0,80
SONAR,100,150,150,150,100
MOTORS,0,80
GPS,40.090721,-105.185707SONAR,100,150,150,150,100
MOTORS,0,80
GPS,40.090721,-105.185722SONAR,100,150,150,5,100
AVOID_OBSTACLE,TURN_LEFT
MOTORS,0,100
SONAR,100,150,150,150,100
AVOID_OBSTACLE,DONE
MOTORS,0,0
BEARING,148.00,45.00,-103.00
MOTORS,0,80
GPS,40.090717,-105.185722SONAR,100,150,150,150,100
MOTORS,0,80
GPS,40.090717,-105.185722SONAR,100,150,150,150,100
MOTORS,0,80
GPS,40.090717,-105.185722SONAR,100,150,150,5,100
AVOID_OBSTACLE,TURN_LEFT
MOTORS,0,100
SONAR,100,150,7,150,100
SONAR,100,150,150,150,100
AVOID_OBSTACLE,DONE
MOTORS,0,0
BEARING,121.00,44.80,-76.20
MOTORS,0,80
SONAR,100,150,150,150,100
MOTORS,0,80
SONAR,100,150,150,150,100
MOTORS,0,80
GPS,40.090717,-105.185745SONAR,100,150,150,5,100
AVOID_OBSTACLE,TURN_LEFT
MOTORS,0,100
SONAR,100,150,150,150,100
AVOID_OBSTACLE,DONE
MOTORS,0,0
BEARING,111.00,45.96,-65.04
MOTORS,0,80
SONAR,100,150,150,150,100
MOTORS,0,80
GPS,40.090713,-105.185745SONAR,100,150,150,150,100
MOTORS,0,80
GPS,40.090709,-105.185745SONAR,100,150,150,5,100
AVOID_OBSTACLE,TURN_LEFT
MOTORS,0,100
SONAR,100,150,150,45,100
SONAR,100,150,150,150,100
AVOID_OBSTACLE,DONE
MOTORS,0,0
BEARING,104.00,45.57,-58.43
MOTORS,0,80
GPS,40.090705,-105.185760SONAR,100,150,150,150,100
MOTORS,0,80
SONAR,100,150,150,150,100
MOTORS,0,80
GPS,40.090705,-105.185760SONAR,100,150,150,5,100
AVOID_OBSTACLE,TURN_LEFT
MOTORS,0,100
SONAR,100,150,150,150,100
AVOID_OBSTACLE,DONE
MOTORS,0,0
BEARING,81.00,46.12,-34.88
MOTORS,0,80
SONAR,100,150,150,150,100
MOTORS,0,80
GPS,40.090698,-105.185775SONAR,100,150,150,29,100
AVOID_OBSTACLE,TURN_LEFT
MOTORS,0,100
SONAR,100,150,150,5,100
SONAR,100,150,150,150,100
AVOID_OBSTACLE,DONE
MOTORS,0,0
MOTORS,0,80
GPS,40.090694,-105.185775SONAR,100,150,150,150,100
BEARING,73.00,46.28,-26.72
MOTORS,0,80
GPS,40.090690,-105.185775SONAR,100,150,150,103,100
MOTORS,0,80
SONAR,100,150,150,5,100
AVOID_OBSTACLE,TURN_LEFT
MOTORS,0,100
SONAR,100,150,150,150,100
AVOID_OBSTACLE,DONE
MOTORS,0,0
MOTORS,0,80
SONAR,100,150,150,150,100
BEARING,73.00,46.09,-26.91
MOTORS,0,80
SONAR,100,150,150,150,100
MOTORS,0,80
SONAR,100,150,150,5,100
AVOID_OBSTACLE,TURN_LEFT
MOTORS,0,100
SONAR,100,150,150,150,100
AVOID_OBSTACLE,DONE
MOTORS,0,0
MOTORS,0,80
GPS,40.090686,-105.185775SONAR,100,150,150,150,100
BEARING,67.00,45.91,-21.09
MOTORS,0,80
GPS,40.090686,-105.185775SONAR,100,150,6,150,100
AVOID_OBSTACLE,TURN_RIGHT
MOTORS,100,0
SONAR,100,150,7,150,100
SONAR,100,150,150,150,100
AVOID_OBSTACLE,DONE
MOTORS,0,0
MOTORS,0,80
SONAR,100,150,150,150,100
MOTORS,0,80
SONAR,100,86,150,5,100
AVOID_OBSTACLE,TURN_LEFT
MOTORS,0,100
SONAR,100,150,150,150,100
AVOID_OBSTACLE,DONE
MOTORS,0,0
BEARING,66.00,45.91,-20.09
MOTORS,0,80
SONAR,100,150,150,150,100
MOTORS,0,80
GPS,40.090686,-105.185760SONAR,100,150,150,150,100
MOTORS,0,80
GPS,40.090682,-105.185760SONAR,100,150,150,5,100
AVOID_OBSTACLE,TURN_LEFT
MOTORS,0,100
SONAR,100,150,150,150,100
AVOID_OBSTACLE,DONE
MOTORS,0,0
BEARING,49.00,45.00,-4.00
MOTORS,78,80
GPS,40.090682,-105.185745SONAR,100,150,150,150,100
MOTORS,78,80
GPS,40.090682,-105.185745SONAR,100,150,150,150,100
MOTORS,78,80
GPS,40.090679,-105.185745SONAR,100,150,150,5,100
AVOID_OBSTACLE,TURN_LEFT
MOTORS,0,100
SONAR,100,150,150,150,100
AVOID_OBSTACLE,DONE
MOTORS,0,0
BEARING,54.00,44.07,-9.93
MOTORS,75,80
GPS,40.090679,-105.185745SONAR,100,150,150,150,100
MOTORS,75,80
SONAR,100,150,150,150,100
MOTORS,75,80
SONAR,100,150,150,5,100
AVOID_OBSTACLE,TURN_LEFT
MOTORS,0,100
SONAR,100,150,150,150,100
AVOID_OBSTACLE,DONE
MOTORS,0,0
BEARING,57.00,44.07,-12.93
MOTORS,74,80
SONAR,100,150,150,150,100
MOTORS,74,80
SONAR,100,150,150,150,100
MOTORS,74,80
GPS,40.090671,-105.185722SONAR,100,150,150,5,100
AVOID_OBSTACLE,TURN_LEFT
MOTORS,0,100
SONAR,100,150,150,150,100
AVOID_OBSTACLE,DONE
MOTORS,0,0
BEARING,47.00,42.56,-4.44
MOTORS,78,80
SONAR,100,150,150,150,100
MOTORS,78,80
GPS,40.090660,-105.185722SONAR,100,150,150,150,100
MOTORS,78,80
GPS,40.090660,-105.185722SONAR,100,150,150,5,100
AVOID_OBSTACLE,TURN_LEFT
MOTORS,0,100
SONAR,100,150,150,150,100
AVOID_OBSTACLE,DONE
MOTORS,0,0
BEARING,49.00,42.03,-6.97
MOTORS,76,80
GPS,40.090656,-105.185722SONAR,100,150,150,150,100
MOTORS,76,80
SONAR,100,150,150,150,100
MOTORS,76,80
SONAR,100,150,150,5,100
AVOID_OBSTACLE,TURN_LEFT
MOTORS,0,100
SONAR,100,150,150,150,100
AVOID_OBSTACLE,DONE
MOTORS,0,0
BEARING,58.00,41.85,-16.15
MOTORS,72,80
SONAR,100,150,150,150,100
MOTORS,72,80
GPS,40.090652,-105.185707SONAR,100,150,150,2,100
AVOID_OBSTACLE,TURN_LEFT
MOTORS,0,100
SONAR,100,150,150,5,100
SONAR,100,150,150,150,100
AVOID_OBSTACLE,DONE
MOTORS,0,0
MOTORS,72,80
GPS,40.090648,-105.185707SONAR,100,150,150,150,100
BEARING,55.00,40.72,-14.28
MOTORS,73,80
GPS,40.090644,-105.185707SONAR,100,150,150,150,100
MOTORS,73,80
GPS,40.090644,-105.185707SONAR,100,150,150,5,100
AVOID_OBSTACLE,TURN_LEFT
MOTORS,0,100
SONAR,100,150,150,150,100
AVOID_OBSTACLE,DONE
MOTORS,0,0
MOTORS,73,80
GPS,40.090641,-105.185707SONAR,100,150,150,150,100
BEARING,48.00,40.37,-7.63
MOTORS,76,80
GPS,40.090641,-105.185707SONAR,100,150,150,150,100
MOTORS,76,80
SONAR,100,150,150,150,100
MOTORS,76,80
GPS,40.090637,-105.185691SONAR,100,150,150,150,100
BEARING,56.00,39.40,-16.60
MOTORS,72,80
GPS,40.090637,-105.185691SONAR,100,150,150,150,100
MOTORS,72,80
GPS,40.090633,-105.185691SONAR,100,150,150,5,100
AVOID_OBSTACLE,TURN_LEFT
MOTORS,0,100
SONAR,100,150,150,150,100
AVOID_OBSTACLE,DONE
MOTORS,0,0
MOTORS,72,80
GPS,40.090629,-105.185691SONAR,100,150,150,150,100
BEARING,48.00,39.07,-8.93
MOTORS,76,80
GPS,40.090629,-105.185691SONAR,100,150,150,150,100
MOTORS,76,80
SONAR,100,150,150,150,100
MOTORS,76,80
GPS,40.090629,-105.185691SONAR,100,150,150,150,100
BEARING,56.00,39.07,-16.93
MOTORS,72,80
GPS,40.090625,-105.185676SONAR,100,150,150,5,100
AVOID_OBSTACLE,TURN_LEFT
MOTORS,0,100
SONAR,100,150,150,150,100
AVOID_OBSTACLE,DONE
MOTORS,0,0
MOTORS,72,80
GPS,40.090625,-105.185676SONAR,100,150,150,150,100
MOTORS,72,80
GPS,40.090621,-105.185676SONAR,100,150,150,150,100
BEARING,55.00,37.92,-17.08
MOTORS,72,80
GPS,40.090621,-105.185676SONAR,100,150,150,5,100
AVOID_OBSTACLE,TURN_LEFT
MOTORS,0,100
SONAR,100,150,150,150,100
AVOID_OBSTACLE,DONE
MOTORS,0,0
MOTORS,72,80
GPS,40.090618,-105.185676SONAR,100,150,150,150,100
MOTORS,72,80
SONAR,100,150,150,150,100
BEARING,52.00,37.76,-14.24
MOTORS,73,80
SONAR,100,150,150,5,100
AVOID_OBSTACLE,TURN_LEFT
MOTORS,0,100
SONAR,100,150,150,150,100
AVOID_OBSTACLE,DONE
MOTORS,0,0
MOTORS,73,80
SONAR,100,150,150,150,100
MOTORS,73,80
GPS,40.090610,-105.185661SONAR,100,150,150,5,100
AVOID_OBSTACLE,TURN_LEFT
MOTORS,0,100
SONAR,100,150,150,150,100
AVOID_OBSTACLE,DONE
MOTORS,0,0
BEARING,58.00,36.61,-21.39
MOTORS,0,80
SONAR,100,150,150,5,100
AVOID_OBSTACLE,TURN_LEFT
MOTORS,0,100
SONAR,100,150,150,150,100
AVOID_OBSTACLE,DONE
MOTORS,0,0
MOTORS,0,80
SONAR,100,150,150,150,100
MOTORS,0,80
GPS,40.090595,-105.185646SONAR,100,150,150,150,100
BEARING,70.00,35.14,-34.86
MOTORS,0,80
GPS,40.090595,-105.185646SONAR,100,150,150,5,100
AVOID_OBSTACLE,TURN_LEFT
MOTORS,0,100
SONAR,100,150,150,150,100
AVOID_OBSTACLE,DONE
MOTORS,0,0
MOTORS,0,80
GPS,40.090591,-105.185646SONAR,100,150,150,150,100
MOTORS,0,80
SONAR,100,150,150,150,100
BEARING,61.00,34.99,-26.01
MOTORS,0,80
SONAR,100,26,150,5,100
AVOID_OBSTACLE,TURN_LEFT
MOTORS,0,100
SONAR,100,150,150,150,100
AVOID_OBSTACLE,DONE
MOTORS,0,0
MOTORS,0,80
SONAR,100,150,150,5,100
AVOID_OBSTACLE,TURN_LEFT
MOTORS,0,100
SONAR,100,150,150,150,100
AVOID_OBSTACLE,DONE
MOTORS,0,0
MOTORS,0,80
GPS,40.090576,-105.185630SONAR,100,150,150,150,100
BEARING,63.00,33.55,-29.45
MOTORS,0,80
GPS,40.090576,-105.185630SONAR,100,150,150,150,100
MOTORS,0,80
GPS,40.090572,-105.185630SONAR,100,150,150,5,100
AVOID_OBSTACLE,TURN_LEFT
MOTORS,0,100
SONAR,100,150,150,150,100
AVOID_OBSTACLE,DONE
MOTORS,0,0
MOTORS,0,80
SONAR,100,150,150,5,100
AVOID_OBSTACLE,TURN_LEFT
MOTORS,0,100
SONAR,100,150,150,150,100
AVOID_OBSTACLE,DONE
MOTORS,0,0
BEARING,64.00,33.40,-30.60
MOTORS,0,80
SONAR,100,150,150,150,100
MOTORS,0,80
GPS,40.090560,-105.185615SONAR,100,150,150,150,100
MOTORS,0,80
GPS,40.090560,-105.185615SONAR,100,150,150,5,100
AVOID_OBSTACLE,TURN_LEFT
MOTORS,0,100
SONAR,100,150,150,150,100
AVOID_OBSTACLE,DONE
MOTORS,0,0
BEARING,54.00,32.11,-21.89
MOTORS,0,80
GPS,40.090557,-105.185615SONAR,100,150,150,150,100
MOTORS,0,80
GPS,40.090553,-105.185592SONAR,100,150,150,150,100
MOTORS,0,80
SONAR,100,150,150,5,100
AVOID_OBSTACLE,TURN_LEFT
MOTORS,0,100
SONAR,100,150,150,150,100
AVOID_OBSTACLE,DONE
MOTORS,0,0
BEARING,57.00,30.52,-26.48
MOTORS,0,80
GPS,40.090549,-105.185592SONAR,100,150,5,150,100
AVOID_OBSTACLE,TURN_RIGHT
MOTORS,100,0
SONAR,100,150,6,150,100
SONAR,100,150,5,150,100
SONAR,100,150,5,150,100
SONAR,100,150,5,150,100
SONAR,100,150,5,150,100
SONAR,100,150,4,150,100
SONAR,100,150,4,150,100
SONAR,100,7,5,150,100
SONAR,100,150,5,150,100
SONAR,100,150,4,150,100
SONAR,100,150,4,150,100
SONAR,100,150,5,150,100
SONAR,100,150,5,150,100
SONAR,100,150,5,150,100
SONAR,100,150,6,150,100
SONAR,100,150,4,150,100
SONAR,100,150,5,150,100
SONAR,100,150,150,150,100
AVOID_OBSTACLE,DONE
MOTORS,0,0
MOTORS,0,80
GPS,40.090522,-105.185577SONAR,100,150,150,150,100
MOTORS,0,80
SONAR,100,150,150,150,100
BEARING,66.00,28.61,-37.39
MOTORS,0,80
SONAR,100,25,150,5,100
AVOID_OBSTACLE,TURN_LEFT
MOTORS,0,100
SONAR,100,150,5,150,100
SONAR,100,150,4,150,100
SONAR,100,150,6,150,100
SONAR,100,150,150,150,100
AVOID_OBSTACLE,DONE
MOTORS,0,0
MOTORS,0,80
GPS,40.090515,-105.185562SONAR,100,150,5,150,100
AVOID_OBSTACLE,TURN_RIGHT
MOTORS,100,0
SONAR,100,150,5,150,100
SONAR,100,150,6,150,100
SONAR,100,150,4,150,100
SONAR,100,150,4,150,100
SONAR,100,6,5,150,100
SONAR,100,7,5,150,100
SONAR,100,150,150,150,100
AVOID_OBSTACLE,DONE
MOTORS,0,0
MOTORS,0,80
SONAR,100,150,150,150,100
BEARING,74.00,27.47,-46.53
MOTORS,0,80
SONAR,100,150,150,5,100
AVOID_OBSTACLE,TURN_LEFT
MOTORS,0,100
SONAR,100,150,150,150,100
AVOID_OBSTACLE,DONE
MOTORS,0,0
MOTORS,0,80
SONAR,100,150,150,150,100
MOTORS,0,80
GPS,40.090503,-105.185562SONAR,100,150,150,150,100
BEARING,84.00,27.13,-56.87
MOTORS,0,80
GPS,40.090503,-105.185562SONAR,100,150,150,5,100
AVOID_OBSTACLE,TURN_LEFT
MOTORS,0,100
SONAR,100,150,6,150,100
SONAR,100,150,150,150,100
AVOID_OBSTACLE,DONE
MOTORS,0,0
MOTORS,0,80
GPS,40.090499,-105.185562SONAR,100,150,150,150,100
MOTORS,0,80
GPS,40.090503,-105.185562SONAR,100,150,6,150,100
AVOID_OBSTACLE,TURN_RIGHT
MOTORS,100,0
SONAR,100,150,6,150,100
SONAR,100,150,4,150,100
SONAR,100,150,4,150,100
SONAR,100,150,4,150,100
SONAR,100,150,4,150,100
SONAR,100,150,150,150,100
AVOID_OBSTACLE,DONE
MOTORS,0,0
BEARING,109.00,27.13,-81.87
MOTORS,0,80
GPS,40.090503,-105.185577SONAR,100,150,150,150,100
MOTORS,0,80
SONAR,100,150,150,150,100
MOTORS,0,80
SONAR,100,150,150,5,100
AVOID_OBSTACLE,TURN_LEFT
MOTORS,0,100
SONAR,100,150,150,150,100
AVOID_OBSTACLE,DONE
MOTORS,0,0
BEARING,104.00,28.01,-75.99
MOTORS,0,80
SONAR,100,150,6,150,100
AVOID_OBSTACLE,TURN_RIGHT
MOTORS,100,0
SONAR,100,150,150,150,100
AVOID_OBSTACLE,DONE
MOTORS,0,0
MOTORS,0,80
SONAR,100,150,150,150,100
MOTORS,0,80
GPS,40.090492,-105.185592SONAR,100,150,150,5,100
AVOID_OBSTACLE,TURN_LEFT
MOTORS,0,100
SONAR,100,150,150,150,100
AVOID_OBSTACLE,DONE
MOTORS,0,0
BEARING,95.00,28.53,-66.47
MOTORS,0,80
SONAR,100,150,150,150,100
MOTORS,0,80
GPS,40.090488,-105.185592SONAR,100,150,150,150,100
MOTORS,0,80
SONAR,100,150,150,150,100
BEARING,91.00,28.42,-62.58
MOTORS,0,80
GPS,40.090480,-105.185592SONAR,100,150,150,5,100
AVOID_OBSTACLE,TURN_LEFT
MOTORS,0,100
SONAR,100,150,150,150,100
AVOID_OBSTACLE,DONE
MOTORS,0,0
MOTORS,0,80
GPS,40.090476,-105.185615SONAR,100,150,150,150,100
MOTORS,0,80
GPS,40.090473,-105.185615SONAR,100,150,150,150,100
BEARING,90.00,29.22,-60.78
MOTORS,0,80
GPS,40.090473,-105.185615SONAR,100,150,150,5,100
AVOID_OBSTACLE,TURN_LEFT
MOTORS,0,100
SONAR,100,150,150,150,100
AVOID_OBSTACLE,DONE
MOTORS,0,0
MOTORS,0,80
GPS,40.090469,-105.185615SONAR,100,150,150,150,100
MOTORS,0,80
SONAR,100,150,150,150,100
BEARING,91.00,29.10,-61.90
MOTORS,0,80
SONAR,100,150,150,150,100
MOTORS,0,80
GPS,40.090465,-105.185615SONAR,100,150,150,5,100
AVOID_OBSTACLE,TURN_LEFT
MOTORS,0,100
SONAR,100,150,150,150,100
AVOID_OBSTACLE,DONE
MOTORS,0,0
MOTORS,0,80
SONAR,100,150,150,5,100
AVOID_OBSTACLE,TURN_LEFT
MOTORS,0,100
SONAR,100,150,150,150,100
AVOID_OBSTACLE,DONE
MOTORS,0,0
BEARING,90.00,28.99,-61.01
MOTORS,0,80
GPS,40.090454,-105.185630SONAR,100,150,150,150,100
MOTORS,0,80
SONAR,100,150,150,59,100
AVOID_OBSTACLE,TURN_LEFT
MOTORS,0,100
SONAR,100,150,150,150,100
AVOID_OBSTACLE,DONE
MOTORS,0,0
MOTORS,0,80
SONAR,100,150,150,150,100
BEARING,90.00,29.46,-60.54
MOTORS,0,80
SONAR,100,150,150,5,100
AVOID_OBSTACLE,TURN_LEFT
MOTORS,0,100
SONAR,100,150,150,150,100
AVOID_OBSTACLE,DONE
MOTORS,0,0
MOTORS,0,80
GPS,40.090442,-105.185646SONAR,100,150,150,5,100
AVOID_OBSTACLE,TURN_LEFT
MOTORS,0,100
SONAR,100,150,150,26,100
SONAR,100,150,150,23,100
SONAR,100,150,150,150,100
AVOID_OBSTACLE,DONE
MOTORS,0,0
MOTORS,0,80
SONAR,100,150,5,150,100
AVOID_OBSTACLE,TURN_RIGHT
MOTORS,100,0
SONAR,100,150,150,150,100
AVOID_OBSTACLE,DONE
MOTORS,0,0
BEARING,79.00,29.91,-49.09
MOTORS,0,80
GPS,40.090431,-105.185646SONAR,100,150,150,150,100
MOTORS,0,80
GPS,40.090427,-105.185646SONAR,100,150,150,150,100
MOTORS,0,80
GPS,40.090419,-105.185646SONAR,100,150,150,5,100
AVOID_OBSTACLE,TURN_LEFT
MOTORS,0,100
SONAR,100,150,150,150,100
AVOID_OBSTACLE,DONE
MOTORS,0,0
BEARING,56.00,29.25,-26.75
MOTORS,0,80
GPS,40.090415,-105.185646SONAR,100,150,150,150,100
MOTORS,0,80
GPS,40.090412,-105.185646SONAR,100,150,150,150,100
MOTORS,0,80
SONAR,100,150,150,5,100
AVOID_OBSTACLE,TURN_LEFT
MOTORS,0,100
SONAR,100,150,150,150,100
AVOID_OBSTACLE,DONE
MOTORS,0,0
BEARING,56.00,29.03,-26.97
MOTORS,0,80
GPS,40.090408,-105.185646SONAR,100,10,150,150,100
AVOID_OBSTACLE,TURN_RIGHT
MOTORS,100,0
SONAR,100,6,150,150,100
SONAR,100,6,150,150,100
SONAR,100,6,150,150,100
SONAR,100,150,150,150,100
AVOID_OBSTACLE,DONE
MOTORS,0,0
MOTORS,0,80
GPS,40.090396,-105.185646SONAR,100,150,150,5,100
AVOID_OBSTACLE,TURN_LEFT
MOTORS,0,100
SONAR,100,150,150,150,100
AVOID_OBSTACLE,DONE
MOTORS,0,0
MOTORS,0,80
GPS,40.090393,-105.185646SONAR,100,150,150,150,100
BEARING,50.00,28.51,-21.49
MOTORS,0,80
SONAR,100,150,150,150,100
MOTORS,0,80
SONAR,100,97,150,5,100
AVOID_OBSTACLE,TURN_LEFT
MOTORS,0,100
SONAR,100,150,150,150,100
AVOID_OBSTACLE,DONE
MOTORS,0,0
MOTORS,0,80
SONAR,100,150,150,150,100
BEARING,61.00,28.51,-32.49
MOTORS,0,80
GPS,40.090389,-105.185630SONAR,100,150,150,150,100
MOTORS,0,80
GPS,40.090385,-105.185630SONAR,100,150,150,5,100
AVOID_OBSTACLE,TURN_LEFT
MOTORS,0,100
SONAR,100,150,150,150,100
AVOID_OBSTACLE,DONE
MOTORS,0,0
MOTORS,0,80
GPS,40.090385,-105.185630SONAR,100,150,150,150,100
BEARING,56.00,27.54,-28.46
MOTORS,0,80
GPS,40.090381,-105.185630SONAR,100,150,150,107,100
MOTORS,0,80
GPS,40.090381,-105.185630SONAR,100,150,150,5,100
AVOID_OBSTACLE,TURN_LEFT
MOTORS,0,100
SONAR,100,150,150,150,100
AVOID_OBSTACLE,DONE
MOTORS,0,0
MOTORS,0,80
GPS,40.090377,-105.185630SONAR,100,150,150,150,100
BEARING,61.00,27.34,-33.66
MOTORS,0,80
SONAR,100,150,150,150,100
MOTORS,0,80
SONAR,100,150,150,150,100
MOTORS,0,80
GPS,40.090373,-105.185630SONAR,100,150,150,150,100
BEARING,60.00,27.24,-32.76
MOTORS,0,80
GPS,40.090373,-105.185630SONAR,100,150,150,87,100
AVOID_OBSTACLE,TURN_LEFT
MOTORS,0,100
SONAR,100,150,150,5,100
SONAR,100,150,150,150,100
AVOID_OBSTACLE,DONE
MOTORS,0,0
MOTORS,0,80
GPS,40.090373,-105.185615SONAR,100,150,150,150,100
MOTORS,0,80
SONAR,100,150,150,112,100
BEARING,355.00,26.47,31.47
MOTORS,80,0
SONAR,100,150,150,5,100
AVOID_OBSTACLE,TURN_LEFT
MOTORS,0,100
SONAR,100,150,150,150,100
AVOID_OBSTACLE,DONE
MOTORS,0,0
MOTORS,80,0
SONAR,100,150,150,150,100
MOTORS,80,0
GPS,40.090366,-105.185615SONAR,100,6,150,150,100
AVOID_OBSTACLE,TURN_RIGHT
MOTORS,100,0
SONAR,100,3,2,150,100
SONAR,100,5,6,150,100
SONAR,100,150,150,150,100
AVOID_OBSTACLE,DONE
MOTORS,0,0
BEARING,314.00,26.28,72.28
MOTORS,80,0
SONAR,100,150,150,150,100
MOTORS,80,0
GPS,40.090366,-105.185615SONAR,100,150,150,150,100
MOTORS,80,0
GPS,40.090366,-105.185615SONAR,100,150,150,5,100
AVOID_OBSTACLE,TURN_LEFT
MOTORS,0,100
SONAR,100,150,150,150,100
AVOID_OBSTACLE,DONE
MOTORS,0,0
BEARING,314.00,26.28,72.28
MOTORS,80,0
GPS,40.090366,-105.185615SONAR,100,150,150,150,100
MOTORS,80,0
SONAR,100,150,150,150,100
MOTORS,80,0
SONAR,100,150,150,150,100
BEARING,314.00,26.28,72.28
MOTORS,80,0
SONAR,100,150,39,150,100
AVOID_OBSTACLE,TURN_RIGHT
MOTORS,100,0
SONAR,100,150,150,150,100
AVOID_OBSTACLE,DONE
MOTORS,0,0
MOTORS,80,0
SONAR,100,150,150,150,100
MOTORS,80,0
GPS,40.090366,-105.185630SONAR,100,150,150,150,100
BEARING,314.00,27.04,73.04
MOTORS,80,0
GPS,40.090366,-105.185630SONAR,100,150,150,150,100
MOTORS,80,0
GPS,40.090366,-105.185630SONAR,100,150,150,150,100
MOTORS,80,0
SONAR,100,150,150,150,100
BEARING,314.00,27.04,73.04
MOTORS,80,0
SONAR,100,150,150,150,100
MOTORS,80,0
GPS,40.090366,-105.185630SONAR,100,150,150,150,100
MOTORS,80,0
GPS,40.090366,-105.185630SONAR,100,150,150,5,100
AVOID_OBSTACLE,TURN_LEFT
MOTORS,0,100
SONAR,100,150,150,150,100
AVOID_OBSTACLE,DONE
MOTORS,0,0
BEARING,314.00,27.04,73.04
MOTORS,80,0
GPS,40.090366,-105.185630SONAR,100,150,150,150,100
MOTORS,80,0
GPS,40.090366,-105.185630SONAR,100,150,150,150,100
MOTORS,80,0
GPS,40.090366,-105.185630SONAR,100,150,150,5,100
AVOID_OBSTACLE,TURN_LEFT
MOTORS,0,100
SONAR,100,150,150,150,100
AVOID_OBSTACLE,DONE
MOTORS,0,0
BEARING,314.00,27.04,73.04
MOTORS,80,0
GPS,40.090366,-105.185630SONAR,100,150,150,150,100
MOTORS,80,0
GPS,40.090366,-105.185630SONAR,100,150,150,150,100
MOTORS,80,0
SONAR,100,150,150,150,100
BEARING,315.00,27.04,72.04
MOTORS,80,0
SONAR,100,150,150,150,100
MOTORS,80,0
GPS,40.090366,-105.185630SONAR,100,150,150,150,100
MOTORS,80,0
GPS,40.090366,-105.185630SONAR,100,150,150,150,100
BEARING,315.00,27.04,72.04
MOTORS,80,0
GPS,40.090366,-105.185630SONAR,100,150,150,5,100
AVOID_OBSTACLE,TURN_LEFT
MOTORS,0,100
SONAR,100,150,150,150,100
AVOID_OBSTACLE,DONE
MOTORS,0,0
MOTORS,80,0
GPS,40.090366,-105.185630SONAR,100,150,150,150,100
MOTORS,80,0
SONAR,100,150,150,104,100
BEARING,315.00,27.04,72.04
MOTORS,80,0
SONAR,100,150,150,5,100
AVOID_OBSTACLE,TURN_LEFT
MOTORS,0,100
SONAR,100,150,150,150,100
AVOID_OBSTACLE,DONE
MOTORS,0,0
MOTORS,80,0
SONAR,100,150,150,150,100
MOTORS,80,0
SONAR,100,150,150,150,100
BEARING,314.00,27.04,73.04
MOTORS,80,0
GPS,40.090366,-105.185630SONAR,100,150,150,150,100
MOTORS,80,0
GPS,40.090366,-105.185630SONAR,100,150,150,150,100
MOTORS,80,0
GPS,40.090366,-105.185630SONAR,100,150,150,5,100
AVOID_OBSTACLE,TURN_LEFT
MOTORS,0,100
SONAR,100,150,150,150,100
AVOID_OBSTACLE,DONE
MOTORS,0,0
BEARING,314.00,27.04,73.04
MOTORS,80,0
GPS,40.090366,-105.185630SONAR,100,150,150,150,100
MOTORS,80,0
SONAR,100,150,150,150,100
MOTORS,80,0
SONAR,100,150,150,150,100
BEARING,314.00,27.04,73.04
MOTORS,80,0
GPS,40.090366,-105.185630