START
ROUTE_BEGIN
40.090702, -105.185844
40.090896, -105.185668
40.091007, -105.185516
40.091159, -105.185348
40.091304, -105.185165
40.091201, -105.185005
40.091079, -105.184844
40.090965, -105.184974
40.090839, -105.185104
40.090675, -105.185287
40.090473, -105.185516
40.090599, -105.185699
40.090702, -105.185844
ROUTE_END
WAYPOINT,0,40.09,-105.19
GPS_NO_FIX
MOTORS,0,0
GPS_FIX
GPS,40.090576,-105.185676GPS,40.090576,-105.185676GPS,40.090576,-105.185676GPS,40.090576,-105.185676GPS,40.090576,-105.185676GPS,40.090576,-105.185676GPS,40.090579,-105.185676GPS,40.090576,-105.185676GPS,40.090576,-105.185676GPS,40.090576,-105.185676GPS,40.090576,-105.185676GPS,40.090576,-105.185676GPS,40.090579,-105.185676GPS,40.090579,-105.185676GPS,40.090579,-105.185676GPS,40.090579,-105.185676GPS,40.090579,-105.185676GPS,40.090579,-105.185676GPS,40.090576,-105.185676GPS,40.090576,-105.185676GPS,40.090576,-105.185676GPS,40.090576,-105.185676GPS,40.090576,-105.185676GPS,40.090576,-105.185676GPS,40.090576,-105.185676GPS,40.090576,-105.185676GPS,40.090576,-105.185676GPS,40.090576,-105.185676GPS,40.090576,-105.185676GPS,40.090576,-105.185676GPS,40.090579,-105.185676GPS,40.090579,-105.185676GPS,40.090579,-105.185676GPS,40.090579,-105.185676START_BUTTON_ACTIVATED
SONAR,100,150,150,150,100
BEARING,309.00,306.03,-2.97
MOTORS,68,70
GPS,40.090579,-105.185676SONAR,100,150,150,150,100
BEARING,309.00,306.03,-2.97
MOTORS,68,70
SONAR,100,150,150,150,100
BEARING,309.00,306.03,-2.97
MOTORS,68,70
SONAR,100,150,150,150,100
BEARING,309.00,306.03,-2.97
MOTORS,68,70
GPS,40.090579,-105.185676SONAR,100,65,150,150,100
AVOID_OBSTACLE,TURN_RIGHT
MOTORS,127,0
SONAR,100,150,150,150,100
AVOID_OBSTACLE,DONE
MOTORS,0,0
BEARING,308.00,306.03,-1.97
MOTORS,69,70
GPS,40.090579,-105.185691SONAR,100,150,150,150,100
BEARING,309.00,308.66,-0.34
MOTORS,69,70
SONAR,100,150,150,150,100
BEARING,309.00,308.66,-0.34
MOTORS,69,70
SONAR,100,150,150,150,100
BEARING,309.00,308.66,-0.34
MOTORS,69,70
GPS,40.090579,-105.185691SONAR,100,150,150,150,100
BEARING,310.00,308.66,-1.34
MOTORS,69,70
GPS,40.090579,-105.185691SONAR,100,150,150,150,100
BEARING,311.00,308.66,-2.34
MOTORS,69,70
GPS,40.090579,-105.185691SONAR,100,150,150,150,100
BEARING,311.00,308.66,-2.34
MOTORS,69,70
GPS,40.090579,-105.185691SONAR,100,150,150,150,100
BEARING,312.00,308.66,-3.34
MOTORS,68,70
SONAR,100,150,150,150,100
BEARING,312.00,308.66,-3.34
MOTORS,68,70
SONAR,100,150,150,150,100
BEARING,313.00,308.66,-4.34
MOTORS,68,70
GPS,40.090583,-105.185691SONAR,100,150,150,150,100
BEARING,312.00,307.78,-4.22
MOTORS,68,70
GPS,40.090583,-105.185707SONAR,100,150,150,150,100
BEARING,312.00,310.73,-1.27
MOTORS,69,70
GPS,40.090587,-105.185707SONAR,100,150,150,150,100
BEARING,314.00,309.81,-4.19
MOTORS,68,70
GPS,40.090587,-105.185707SONAR,100,150,150,150,100
BEARING,314.00,309.81,-4.19
MOTORS,68,70
SONAR,100,150,150,150,100
BEARING,314.00,309.81,-4.19
MOTORS,68,70
SONAR,100,150,150,150,100
BEARING,315.00,309.81,-5.19
MOTORS,67,70
SONAR,100,150,150,150,100
BEARING,315.00,309.81,-5.19
MOTORS,67,70
GPS,40.090595,-105.185722SONAR,100,4,150,150,100
AVOID_OBSTACLE,TURN_RIGHT
MOTORS,127,0
SONAR,100,150,150,150,100
AVOID_OBSTACLE,DONE
MOTORS,0,0
BEARING,328.00,311.19,-16.81
MOTORS,63,70
GPS,40.090599,-105.185722SONAR,100,150,150,150,100
BEARING,328.00,310.16,-17.84
MOTORS,63,70
SONAR,100,150,150,150,100
BEARING,328.00,310.16,-17.84
MOTORS,63,70
SONAR,100,150,150,150,100
BEARING,329.00,310.16,-18.84
MOTORS,62,70
GPS,40.090602,-105.185722SONAR,100,150,150,150,100
BEARING,327.00,309.09,-17.91
MOTORS,63,70
GPS,40.090602,-105.185722SONAR,100,150,150,150,100
BEARING,327.00,309.09,-17.91
MOTORS,63,70
SONAR,100,150,150,150,100
BEARING,325.00,309.09,-15.91
MOTORS,63,70
SONAR,100,150,150,150,100
BEARING,325.00,309.09,-15.91
MOTORS,63,70
GPS,40.090610,-105.185722SONAR,100,150,150,148,100
BEARING,326.00,306.87,-19.13
MOTORS,62,70
GPS,40.090610,-105.185745SONAR,100,150,150,150,100
BEARING,323.00,312.71,-10.29
MOTORS,65,70
GPS,40.090614,-105.185745SONAR,100,150,150,150,100
BEARING,322.00,311.50,-10.50
MOTORS,65,70
GPS,40.090614,-105.185745SONAR,100,150,150,150,100
BEARING,324.00,311.50,-12.50
MOTORS,65,70
GPS,40.090618,-105.185745SONAR,100,150,150,150,100
BEARING,324.00,310.24,-13.76
MOTORS,64,70
SONAR,100,150,150,150,100
BEARING,324.00,310.24,-13.76
MOTORS,64,70
SONAR,100,150,150,150,100
BEARING,322.00,310.24,-11.76
MOTORS,65,70
GPS,40.090621,-105.185745SONAR,100,150,150,150,100
BEARING,323.00,308.93,-14.07
MOTORS,64,70
GPS,40.090625,-105.185745SONAR,100,150,150,150,100
BEARING,323.00,307.57,-15.43
MOTORS,63,70
GPS,40.090625,-105.185760SONAR,100,150,150,150,100
BEARING,322.00,312.27,-9.73
MOTORS,66,70
SONAR,100,150,150,150,100
BEARING,321.00,312.27,-8.73
MOTORS,66,70
SONAR,100,150,150,150,100
BEARING,320.00,312.27,-7.73
MOTORS,66,70
SONAR,100,150,150,133,100
BEARING,321.00,312.27,-8.73
MOTORS,66,70
GPS,40.090633,-105.185760SONAR,100,150,150,150,100
BEARING,320.00,309.29,-10.71
MOTORS,65,70
GPS,40.090637,-105.185760SONAR,100,150,150,150,100
BEARING,322.00,307.69,-14.31
MOTORS,64,70
GPS,40.090641,-105.185760SONAR,100,150,150,150,100
BEARING,321.00,306.03,-14.97
MOTORS,64,70
GPS,40.090641,-105.185775SONAR,100,150,150,150,100
BEARING,320.00,311.63,-8.37
MOTORS,66,70
SONAR,100,150,150,150,100
BEARING,322.00,311.63,-10.37
MOTORS,65,70
GPS,40.090644,-105.185775SONAR,100,150,150,150,100
BEARING,319.00,309.81,-9.19
MOTORS,66,70
GPS,40.090648,-105.185775SONAR,100,150,150,150,100
BEARING,319.00,307.88,-11.13
MOTORS,65,70
GPS,40.090652,-105.185775SONAR,100,150,150,150,100
BEARING,319.00,305.84,-13.16
MOTORS,64,70
GPS,40.090656,-105.185775SONAR,100,150,150,150,100
BEARING,318.00,303.69,-14.31
MOTORS,64,70
SONAR,100,150,150,150,100
BEARING,315.00,303.69,-11.31
MOTORS,65,70
GPS,40.090660,-105.185775SONAR,100,150,150,150,100
BEARING,314.00,301.43,-12.57
MOTORS,65,70
GPS,40.090660,-105.185791SONAR,100,150,150,150,100
BEARING,313.00,308.16,-4.84
MOTORS,68,70
GPS,40.090663,-105.185791SONAR,100,150,150,150,100
BEARING,313.00,305.54,-7.46
MOTORS,67,70
GPS,40.090663,-105.185791SONAR,100,150,150,150,100
BEARING,313.00,305.54,-7.46
MOTORS,67,70
SONAR,100,150,150,150,100
BEARING,315.00,305.54,-9.46
MOTORS,66,70
GPS,40.090671,-105.185791SONAR,100,150,150,150,100
BEARING,316.00,299.74,-16.26
MOTORS,63,70
GPS,40.090671,-105.185791SONAR,100,150,150,142,100
BEARING,315.00,299.74,-15.26
MOTORS,64,70
GPS,40.090675,-105.185791SONAR,100,150,150,136,100
BEARING,316.00,296.57,-19.43
MOTORS,62,70
GPS,40.090679,-105.185806SONAR,100,150,150,150,100
BEARING,317.00,300.96,-16.04
MOTORS,63,70
SONAR,100,150,150,150,100
BEARING,315.00,300.96,-14.04
MOTORS,64,70
GPS,40.090679,-105.185806SONAR,100,150,150,150,100
BEARING,316.00,300.96,-15.04
MOTORS,64,70
GPS,40.090682,-105.185806SONAR,100,150,150,150,100
BEARING,316.00,296.57,-19.43
MOTORS,62,70
GPS,40.090682,-105.185806SONAR,100,150,150,150,100
BEARING,317.00,296.57,-20.43
MOTORS,62,70
GPS,40.090682,-105.185821SONAR,100,150,150,150,100
BEARING,316.00,309.81,-6.19
REACHED_WAYPOINT
WAYPOINT,1,40.09,-105.19
MOTORS,62,70
GPS,40.090686,-105.185821SONAR,100,150,150,150,100
BEARING,313.00,36.03,83.03
MOTORS,70,0
SONAR,100,150,150,150,100
BEARING,326.00,36.03,70.03
MOTORS,70,0
GPS,40.090690,-105.185821SONAR,100,150,150,150,100
BEARING,349.00,36.53,47.53
MOTORS,70,0
GPS,40.090690,-105.185821SONAR,100,150,150,150,100
BEARING,5.00,36.53,31.53
MOTORS,70,0
GPS,40.090690,-105.185821SONAR,100,150,150,150,100
BEARING,14.00,36.53,22.53
MOTORS,70,61
GPS,40.090694,-105.185821SONAR,100,150,150,150,100
BEARING,24.00,37.04,13.04
MOTORS,70,64
SONAR,100,150,150,150,100
BEARING,28.00,37.04,9.04
MOTORS,70,66
SONAR,100,150,150,150,100
BEARING,29.00,37.04,8.04
MOTORS,70,66
GPS,40.090698,-105.185821SONAR,100,150,150,150,100
BEARING,29.00,37.57,8.57
MOTORS,70,66
GPS,40.090698,-105.185821SONAR,100,150,150,150,100
BEARING,31.00,37.57,6.57
MOTORS,70,67
SONAR,100,150,150,150,100
BEARING,32.00,37.57,5.57
MOTORS,70,67
SONAR,100,150,150,150,100
BEARING,33.00,37.57,4.57
MOTORS,70,68
SONAR,100,150,150,150,100
BEARING,34.00,37.57,3.57
MOTORS,70,68
GPS,40.090702,-105.185821SONAR,100,150,150,150,100
BEARING,35.00,38.11,3.11
MOTORS,70,68
GPS,40.090705,-105.185821SONAR,100,150,150,150,100
BEARING,38.00,38.66,0.66
MOTORS,70,69
GPS,40.090705,-105.185821SONAR,100,150,150,150,100
BEARING,39.00,38.66,-0.34
MOTORS,69,70
GPS,40.090709,-105.185806SONAR,100,150,150,148,100
BEARING,39.00,36.30,-2.70
MOTORS,68,70
SONAR,100,150,150,150,100
BEARING,39.00,36.30,-2.70
MOTORS,68,70
SONAR,100,150,150,150,100
BEARING,40.00,36.30,-3.70
MOTORS,68,70
GPS,40.090717,-105.185806SONAR,100,150,150,150,100
BEARING,41.00,37.45,-3.55
MOTORS,68,70
GPS,40.090721,-105.185806SONAR,100,150,150,150,100
BEARING,39.00,38.05,-0.95
MOTORS,69,70
SONAR,100,150,150,150,100
BEARING,39.00,38.05,-0.95
MOTORS,69,70
SONAR,100,150,150,149,100
BEARING,39.00,38.05,-0.95
MOTORS,69,70
SONAR,100,150,150,150,100
BEARING,40.00,38.05,-1.95
MOTORS,69,70
GPS,40.090732,-105.185791SONAR,100,150,150,150,100
BEARING,41.00,36.66,-4.34
MOTORS,68,70
GPS,40.090736,-105.185791SONAR,100,150,150,150,100
BEARING,41.00,37.30,-3.70
MOTORS,68,70
GPS,40.090736,-105.185791SONAR,100,150,150,150,100
BEARING,42.00,37.30,-4.70
MOTORS,68,70
GPS,40.090740,-105.185775SONAR,100,150,150,150,100
BEARING,43.00,34.33,-8.67
MOTORS,66,70
SONAR,100,150,150,150,100
BEARING,42.00,34.33,-7.67
MOTORS,67,70
GPS,40.090744,-105.185775SONAR,100,150,150,145,100
BEARING,42.00,34.99,-7.01
MOTORS,67,70
GPS,40.090744,-105.185775SONAR,100,76,150,150,100
AVOID_OBSTACLE,TURN_RIGHT
MOTORS,127,0
SONAR,100,150,150,150,100
AVOID_OBSTACLE,DONE
MOTORS,0,0
BEARING,50.00,34.99,-15.01
MOTORS,64,70
GPS,40.090755,-105.185760SONAR,100,150,150,150,100
BEARING,51.00,32.97,-18.03
MOTORS,62,70
SONAR,100,150,150,150,100
BEARING,51.00,32.97,-18.03
MOTORS,62,70
GPS,40.090755,-105.185760SONAR,100,150,150,150,100
BEARING,51.00,32.97,-18.03
MOTORS,62,70
GPS,40.090755,-105.185760SONAR,100,150,150,150,100
BEARING,49.00,32.97,-16.03
MOTORS,63,70
GPS,40.090755,-105.185760SONAR,100,150,150,150,100
BEARING,49.00,32.97,-16.03
MOTORS,63,70
GPS,40.090755,-105.185760SONAR,100,150,150,150,100
BEARING,49.00,32.97,-16.03
MOTORS,63,70
SONAR,100,150,150,150,100
BEARING,48.00,32.97,-15.03
MOTORS,64,70
SONAR,100,150,150,148,100
BEARING,50.00,32.97,-17.03
MOTORS,63,70
GPS,40.090759,-105.185745SONAR,100,150,150,150,100
BEARING,48.00,29.05,-18.95
MOTORS,62,70
GPS,40.090763,-105.185745SONAR,100,150,150,150,100
BEARING,48.00,29.74,-18.26
MOTORS,62,70
SONAR,100,150,150,150,100
BEARING,48.00,29.74,-18.26
MOTORS,62,70
SONAR,100,150,150,95,100
BEARING,47.00,29.74,-17.26
MOTORS,63,70
GPS,40.090763,-105.185745SONAR,100,150,150,150,100
BEARING,46.00,29.74,-16.26
MOTORS,63,70
GPS,40.090766,-105.185722SONAR,100,150,150,150,100
BEARING,45.00,22.38,-22.62
MOTORS,61,70
GPS,40.090770,-105.185722SONAR,100,150,150,137,100
BEARING,54.00,22.99,-31.01
MOTORS,0,70
GPS,40.090770,-105.185722SONAR,100,150,121,116,100
BEARING,33.00,22.99,-10.01
MOTORS,66,70
SONAR,100,150,150,150,100
BEARING,27.00,22.99,-4.01
MOTORS,68,70
SONAR,100,150,150,150,100
BEARING,11.00,22.99,11.99
MOTORS,70,65
GPS,40.090774,-105.185707SONAR,100,150,150,150,100
BEARING,4.00,17.35,13.35
MOTORS,70,64
GPS,40.090778,-105.185707SONAR,100,150,150,150,100
BEARING,6.00,17.88,11.88
MOTORS,70,65
GPS,40.090778,-105.185707SONAR,100,150,150,150,100
BEARING,8.00,17.88,9.88
MOTORS,70,66
SONAR,100,150,150,150,100
BEARING,11.00,17.88,6.88
MOTORS,70,67
GPS,40.090778,-105.185707SONAR,100,150,150,150,100
BEARING,12.00,17.88,5.88
MOTORS,70,67
GPS,40.090782,-105.185707SONAR,100,150,150,150,100
BEARING,14.00,18.43,4.43
MOTORS,70,68
GPS,40.090785,-105.185707SONAR,100,150,150,150,100
BEARING,15.00,19.03,4.03
MOTORS,70,68
GPS,40.090793,-105.185707SONAR,100,150,150,150,100
BEARING,17.00,20.32,3.32
MOTORS,70,68
SONAR,100,150,150,150,100
BEARING,17.00,20.32,3.32
MOTORS,70,68
SONAR,100,150,150,126,100
BEARING,19.00,20.32,1.32
MOTORS,70,69
GPS,40.090801,-105.185707SONAR,100,150,150,150,100
BEARING,22.00,21.80,-0.20
MOTORS,69,70
GPS,40.090801,-105.185707SONAR,100,150,150,150,100
BEARING,22.00,21.80,-0.20
MOTORS,69,70
GPS,40.090808,-105.185707SONAR,100,150,150,150,100
BEARING,22.00,23.50,1.50
MOTORS,70,69
GPS,40.090808,-105.185691SONAR,100,150,150,150,100
BEARING,23.00,14.62,-8.38
MOTORS,66,70
GPS,40.090812,-105.185691SONAR,100,150,150,140,100
BEARING,23.00,15.26,-7.74
MOTORS,66,70
GPS,40.090820,-105.185691SONAR,100,150,150,150,100
BEARING,24.00,16.70,-7.30
MOTORS,67,70
SONAR,100,150,150,150,100
BEARING,23.00,16.70,-6.30
MOTORS,67,70
SONAR,100,150,150,150,100
BEARING,24.00,16.70,-7.30
MOTORS,67,70
GPS,40.090824,-105.185691SONAR,100,150,150,150,100
BEARING,24.00,17.53,-6.47
MOTORS,67,70
GPS,40.090827,-105.185691SONAR,100,150,150,150,100
BEARING,25.00,18.43,-6.57
MOTORS,67,70
GPS,40.090831,-105.185691SONAR,100,150,150,150,100
BEARING,26.00,19.44,-6.56
MOTORS,67,70
GPS,40.090835,-105.185691SONAR,100,150,150,137,100
BEARING,26.00,20.56,-5.44
MOTORS,67,70
SONAR,100,150,150,145,100
BEARING,26.00,20.56,-5.44
MOTORS,67,70
SONAR,100,150,150,150,100
BEARING,26.00,20.56,-5.44
MOTORS,67,70
GPS,40.090843,-105.185676SONAR,100,150,150,150,100
BEARING,27.00,8.13,-18.87
MOTORS,62,70
GPS,40.090843,-105.185676SONAR,100,150,150,150,100
BEARING,26.00,8.13,-17.87
MOTORS,63,70
GPS,40.090847,-105.185676SONAR,100,150,150,150,100
BEARING,26.00,8.75,-17.25
MOTORS,63,70
GPS,40.090854,-105.185676SONAR,100,150,150,150,100
BEARING,25.00,10.30,-14.70
MOTORS,64,70
SONAR,100,150,150,150,100
BEARING,26.00,10.30,-15.70
MOTORS,63,70
SONAR,100,150,150,150,100
BEARING,25.00,10.30,-14.70
MOTORS,64,70
SONAR,100,150,150,150,100
BEARING,25.00,10.30,-14.70
MOTORS,64,70
GPS,40.090866,-105.185661SONAR,100,150,150,150,100
BEARING,24.00,345.96,-38.04
REACHED_WAYPOINT
WAYPOINT,2,40.09,-105.19
MOTORS,64,70
GPS,40.090866,-105.185661SONAR,100,150,150,150,100
BEARING,25.00,45.76,20.76
MOTORS,70,61
SONAR,100,150,150,150,100
BEARING,26.00,45.76,19.76
MOTORS,70,62
SONAR,100,150,150,150,100
BEARING,28.00,45.76,17.76
MOTORS,70,63
SONAR,100,150,150,150,100
BEARING,30.00,45.76,15.76
MOTORS,70,63
SONAR,100,150,150,150,100
BEARING,32.00,45.76,13.76
MOTORS,70,64
GPS,40.090881,-105.185646SONAR,100,150,150,150,100
BEARING,35.00,45.86,10.86
MOTORS,70,65
GPS,40.090881,-105.185646SONAR,100,150,150,150,100
BEARING,35.00,45.86,10.86
MOTORS,70,65
GPS,40.090885,-105.185646SONAR,100,150,150,150,100
BEARING,38.00,46.74,8.74
MOTORS,70,66
SONAR,100,150,150,150,100
BEARING,40.00,46.74,6.74
MOTORS,70,67
SONAR,100,150,150,150,100
BEARING,40.00,46.74,6.74
MOTORS,70,67
GPS,40.090892,-105.185646SONAR,100,150,150,150,100
BEARING,43.00,48.58,5.58
MOTORS,70,67
GPS,40.090892,-105.185630SONAR,100,150,150,150,100
BEARING,43.00,45.00,2.00
MOTORS,70,69
SONAR,100,150,53,150,100
AVOID_OBSTACLE,TURN_RIGHT
MOTORS,127,0
SONAR,100,150,150,150,100
AVOID_OBSTACLE,DONE
MOTORS,0,0
BEARING,52.00,45.00,-7.00
MOTORS,67,70
SONAR,100,150,150,150,100
BEARING,52.00,45.00,-7.00
MOTORS,67,70
GPS,40.090900,-105.185615SONAR,100,150,150,150,100
BEARING,53.00,42.88,-10.12
MOTORS,66,70
GPS,40.090900,-105.185615SONAR,100,150,150,150,100
BEARING,53.00,42.88,-10.12
MOTORS,66,70
SONAR,100,150,150,150,100
BEARING,52.00,42.88,-9.12
MOTORS,66,70
SONAR,100,150,150,150,100
BEARING,52.00,42.88,-9.12
MOTORS,66,70
GPS,40.090900,-105.185615SONAR,100,150,150,150,100
BEARING,53.00,42.88,-10.12
MOTORS,66,70
GPS,40.090900,-105.185615SONAR,100,150,150,150,100
BEARING,53.00,42.88,-10.12
MOTORS,66,70
GPS,40.090904,-105.185615SONAR,100,150,150,150,100
BEARING,55.00,43.92,-11.08
MOTORS,65,70
SONAR,100,150,150,150,100
BEARING,54.00,43.92,-10.08
MOTORS,66,70
SONAR,100,150,150,150,100
BEARING,53.00,43.92,-9.08
MOTORS,66,70
SONAR,100,150,150,150,100
BEARING,54.00,43.92,-10.08
MOTORS,66,70
GPS,40.090904,-105.185592SONAR,100,150,150,148,100
BEARING,54.00,36.53,-17.47
MOTORS,63,70
GPS,40.090908,-105.185592SONAR,100,150,150,150,100
BEARING,54.00,37.57,-16.43
MOTORS,63,70
GPS,40.090908,-105.185592SONAR,100,150,150,150,100
BEARING,54.00,37.57,-16.43
MOTORS,63,70
SONAR,100,150,150,150,100
BEARING,53.00,37.57,-15.43
MOTORS,63,70
GPS,40.090908,-105.185577SONAR,100,150,150,150,100
BEARING,53.00,31.61,-21.39
MOTORS,61,70
GPS,40.090908,-105.185577SONAR,100,150,150,150,100
BEARING,53.00,31.61,-21.39
MOTORS,61,70
GPS,40.090915,-105.185577SONAR,100,150,150,150,100
BEARING,53.00,33.69,-19.31
MOTORS,62,70
SONAR,100,150,150,150,100
BEARING,51.00,33.69,-17.31
MOTORS,63,70
SONAR,100,150,150,150,100
BEARING,50.00,33.69,-16.31
MOTORS,63,70
SONAR,100,150,150,150,100
BEARING,50.00,33.69,-16.31
MOTORS,63,70
GPS,40.090919,-105.185562SONAR,100,150,150,150,100
BEARING,50.00,27.55,-22.45
MOTORS,61,70
GPS,40.090919,-105.185562SONAR,100,150,150,150,100
BEARING,50.00,27.55,-22.45
MOTORS,61,70
GPS,40.090919,-105.185546SONAR,100,150,150,150,100
BEARING,48.00,19.18,-28.82
MOTORS,58,70
SONAR,100,117,150,139,100
BEARING,48.00,19.18,-28.82
MOTORS,58,70
GPS,40.090919,-105.185546SONAR,100,85,150,134,100
AVOID_OBSTACLE,TURN_RIGHT
MOTORS,127,0
SONAR,100,57,150,150,100
SONAR,100,44,150,150,100
SONAR,100,40,150,68,100
SONAR,100,19,150,150,100
SONAR,100,14,18,150,100
SONAR,100,8,150,150,100
SONAR,100,9,150,150,100
SONAR,100,9,150,150,100
SONAR,100,8,150,150,100
SONAR,100,8,150,150,100
SONAR,100,8,150,150,100
SONAR,100,9,150,150,100
SONAR,100,8,150,150,100
SONAR,100,8,150,150,100
SONAR,100,8,150,31,100
SONAR,100,8,150,29,100
SONAR,100,8,150,32,100
SONAR,100,8,150,30,100
SONAR,100,8,150,30,100
SONAR,100,8,150,28,100
SONAR,100,8,150,28,100
SONAR,100,8,150,28,100
SONAR,100,9,150,29,100
SONAR,100,9,150,29,100
SONAR,100,8,150,30,100
SONAR,100,8,150,32,100
SONAR,100,9,150,31,100
SONAR,100,8,150,150,100
SONAR,100,8,150,150,100
SONAR,100,9,150,150,100
SONAR,100,9,150,150,100
SONAR,100,9,150,150,100
SONAR,100,9,150,31,100
SONAR,100,8,150,150,100
SONAR,100,8,150,31,100
SONAR,100,9,150,30,100
SONAR,100,9,150,31,100
SONAR,100,8,150,33,100
SONAR,100,9,150,33,100
SONAR,100,8,150,150,100
SONAR,100,8,150,150,100
SONAR,100,8,150,32,100
SONAR,100,9,150,150,100
SONAR,100,8,150,31,100
SONAR,100,8,150,150,100
SONAR,100,8,150,150,100
SONAR,100,8,15,150,100
SONAR,100,7,12,29,100
SONAR,100,9,13,26,100
SONAR,100,14,150,150,100
SONAR,100,17,150,37,100
SONAR,100,23,150,150,100
SONAR,100,150,150,150,100
AVOID_OBSTACLE,DONE
MOTORS,0,0
BEARING,36.00,19.18,-16.82
MOTORS,63,70
GPS,40.090919,-105.185501SONAR,100,150,150,150,100
BEARING,41.00,350.13,-50.87
MOTORS,0,70
GPS,40.090915,-105.185501SONAR,100,150,150,150,100
BEARING,47.00,350.54,-56.46
MOTORS,0,70
GPS,40.090915,-105.185501SONAR,100,150,150,150,100
BEARING,25.00,350.54,-34.46
MOTORS,0,70
