START
ROUTE_BEGIN
39.940769, -105.081916
39.940567, -105.081886
39.940448, -105.081779
39.940769, -105.081916
ROUTE_END
WAYPOINT,0,39.94,-105.08
GPS_NO_FIX
MOTORS,0,0
GPS_FIX
GPS,39.940319,-105.082115,39.940319,-105.082115
TIME,1:58:49
GPS,39.940319,-105.082115,39.940319,-105.082115
TIME,1:58:50
GPS,39.940319,-105.082115,39.940319,-105.082115
TIME,1:58:50
GPS,39.940319,-105.082115,39.940319,-105.082115
TIME,1:58:50
GPS,39.940319,-105.082115,39.940319,-105.082115
TIME,1:58:50
GPS,39.940319,-105.082115,39.940319,-105.082115
TIME,1:58:50
GPS,39.940319,-105.082115,39.940319,-105.082115
TIME,1:58:51
GPS,39.940319,-105.082115,39.940319,-105.082115
TIME,1:58:51
GPS,39.940319,-105.082115,39.940319,-105.082115
TIME,1:58:51
GPS,39.940319,-105.082115,39.940319,-105.082115
TIME,1:58:51
GPS,39.940319,-105.082115,39.940319,-105.082115
TIME,1:58:51
GPS,39.940319,-105.082115,39.940319,-105.082115
TIME,1:58:52
GPS,39.940322,-105.082115,39.940322,-105.082115
TIME,1:58:52
GPS,39.940330,-105.082115,39.940330,-105.082115
TIME,1:58:52
GPS,39.940334,-105.082115,39.940334,-105.082115
TIME,1:58:52
GPS,39.940341,-105.082099,39.940341,-105.082099
TIME,1:58:52
GPS,39.940349,-105.082099,39.940349,-105.082099
TIME,1:58:53
GPS,39.940353,-105.082099,39.940353,-105.082099
TIME,1:58:53
GPS,39.940357,-105.082077,39.940357,-105.082077
TIME,1:58:53
GPS,39.940380,-105.082061,39.940380,-105.082061
TIME,1:58:53
GPS,39.940391,-105.082046,39.940391,-105.082046
TIME,1:58:53
GPS,39.940410,-105.082031,39.940410,-105.082031
TIME,1:58:54
GPS,39.940433,-105.082015,39.940433,-105.082015
TIME,1:58:54
GPS,39.940441,-105.082015,39.940441,-105.082015
TIME,1:58:54
GPS,39.940448,-105.082000,39.940448,-105.082000
TIME,1:58:54
GPS,39.940456,-105.082000,39.940456,-105.082000
TIME,1:58:55
GPS,39.940464,-105.082000,39.940464,-105.082000
TIME,1:58:55
GPS,39.940467,-105.081985,39.940467,-105.081985
TIME,1:58:55
GPS,39.940471,-105.081985,39.940471,-105.081985
TIME,1:58:55
GPS,39.940479,-105.081985,39.940479,-105.081985
TIME,1:58:55
GPS,39.940479,-105.081962,39.940479,-105.081962
TIME,1:58:56
GPS,39.940483,-105.081962,39.940483,-105.081962
TIME,1:58:56
GPS,39.940486,-105.081962,39.940486,-105.081962
TIME,1:58:56
GPS,39.940490,-105.081962,39.940490,-105.081962
TIME,1:58:56
GPS,39.940490,-105.081962,39.940490,-105.081962
TIME,1:58:56
GPS,39.940494,-105.081947,39.940494,-105.081947
TIME,1:58:57
GPS,39.940494,-105.081947,39.940494,-105.081947
TIME,1:58:57
GPS,39.940494,-105.081947,39.940494,-105.081947
TIME,1:58:57
GPS,39.940498,-105.081947,39.940498,-105.081947
TIME,1:58:57
GPS,39.940498,-105.081947,39.940498,-105.081947
TIME,1:58:57
GPS,39.940502,-105.081947,39.940502,-105.081947
TIME,1:58:58
GPS,39.940502,-105.081932,39.940502,-105.081932
TIME,1:58:58
GPS,39.940502,-105.081932,39.940502,-105.081932
TIME,1:58:58
GPS,39.940502,-105.081932,39.940502,-105.081932
TIME,1:58:58
GPS,39.940505,-105.081932,39.940505,-105.081932
TIME,1:58:58
GPS,39.940505,-105.081932,39.940505,-105.081932
TIME,1:58:59
GPS,39.940505,-105.081932,39.940505,-105.081932
TIME,1:58:59
GPS,39.940505,-105.081916,39.940505,-105.081916
TIME,1:58:59
GPS,39.940505,-105.081916,39.940505,-105.081916
TIME,1:58:59
GPS,39.940505,-105.081916,39.940505,-105.081916
TIME,1:58:59
GPS,39.940509,-105.081916,39.940509,-105.081916
TIME,1:59:0
GPS,39.940509,-105.081916,39.940509,-105.081916
TIME,1:59:0
GPS,39.940509,-105.081916,39.940509,-105.081916
TIME,1:59:0
GPS,39.940513,-105.081916,39.940513,-105.081916
TIME,1:59:0
GPS,39.940513,-105.081916,39.940513,-105.081916
TIME,1:59:0
GPS,39.940513,-105.081916,39.940513,-105.081916
TIME,1:59:1
GPS,39.940513,-105.081916,39.940513,-105.081916
TIME,1:59:1
GPS,39.940517,-105.081916,39.940517,-105.081916
TIME,1:59:1
GPS,39.940517,-105.081916,39.940517,-105.081916
TIME,1:59:1
GPS,39.940517,-105.081916,39.940517,-105.081916
TIME,1:59:1
GPS,39.940517,-105.081916,39.940517,-105.081916
TIME,1:59:2
GPS,39.940517,-105.081916,39.940517,-105.081916
TIME,1:59:2
GPS,39.940517,-105.081916,39.940517,-105.081916
TIME,1:59:2
GPS,39.940517,-105.081916,39.940517,-105.081916
TIME,1:59:2
GPS,39.940517,-105.081901,39.940517,-105.081901
TIME,1:59:2
GPS,39.940517,-105.081901,39.940517,-105.081901
TIME,1:59:3
GPS,39.940517,-105.081901,39.940517,-105.081901
TIME,1:59:3
GPS,39.940517,-105.081901,39.940517,-105.081901
TIME,1:59:3
GPS,39.940517,-105.081901,39.940517,-105.081901
TIME,1:59:3
GPS,39.940517,-105.081901,39.940517,-105.081901
TIME,1:59:3
GPS,39.940517,-105.081901,39.940517,-105.081901
TIME,1:59:4
GPS,39.940517,-105.081901,39.940517,-105.081901
TIME,1:59:4
GPS,39.940517,-105.081901,39.940517,-105.081901
TIME,1:59:4
GPS,39.940525,-105.081901,39.940525,-105.081901
TIME,1:59:4
GPS,39.940525,-105.081901,39.940525,-105.081901
TIME,1:59:4
GPS,39.940525,-105.081901,39.940525,-105.081901
TIME,1:59:5
GPS,39.940525,-105.081901,39.940525,-105.081901
TIME,1:59:5
GPS,39.940525,-105.081901,39.940525,-105.081901
TIME,1:59:5
GPS,39.940525,-105.081901,39.940525,-105.081901
TIME,1:59:5
GPS,39.940525,-105.081901,39.940525,-105.081901
TIME,1:59:5
GPS,39.940525,-105.081901,39.940525,-105.081901
TIME,1:59:6
GPS,39.940525,-105.081901,39.940525,-105.081901
TIME,1:59:6
GPS,39.940525,-105.081901,39.940525,-105.081901
TIME,1:59:6
GPS,39.940525,-105.081901,39.940525,-105.081901
TIME,1:59:6
GPS,39.940525,-105.081901,39.940525,-105.081901
TIME,1:59:6
GPS,39.940525,-105.081901,39.940525,-105.081901
TIME,1:59:7
GPS,39.940525,-105.081901,39.940525,-105.081901
TIME,1:59:7
GPS,39.940525,-105.081901,39.940525,-105.081901
TIME,1:59:7
GPS,39.940525,-105.081901,39.940525,-105.081901
TIME,1:59:7
GPS,39.940525,-105.081901,39.940525,-105.081901
TIME,1:59:7
GPS,39.940525,-105.081901,39.940525,-105.081901
TIME,1:59:8
GPS,39.940525,-105.081901,39.940525,-105.081901
TIME,1:59:8
GPS,39.940525,-105.081901,39.940525,-105.081901
TIME,1:59:8
GPS,39.940525,-105.081901,39.940525,-105.081901
TIME,1:59:8
GPS,39.940525,-105.081901,39.940525,-105.081901
TIME,1:59:8
GPS,39.940525,-105.081901,39.940525,-105.081901
TIME,1:59:9
GPS,39.940525,-105.081901,39.940525,-105.081901
TIME,1:59:9
GPS,39.940525,-105.081901,39.940525,-105.081901
TIME,1:59:9
GPS,39.940525,-105.081901,39.940525,-105.081901
TIME,1:59:9
GPS,39.940525,-105.081901,39.940525,-105.081901
TIME,1:59:9
GPS,39.940525,-105.081901,39.940525,-105.081901
TIME,1:59:10
GPS,39.940525,-105.081901,39.940525,-105.081901
TIME,1:59:10
GPS,39.940525,-105.081901,39.940525,-105.081901
TIME,1:59:10
GPS,39.940525,-105.081901,39.940525,-105.081901
TIME,1:59:10
GPS,39.940525,-105.081901,39.940525,-105.081901
TIME,1:59:10
GPS,39.940525,-105.081901,39.940525,-105.081901
TIME,1:59:10
GPS,39.940525,-105.081901,39.940525,-105.081901
TIME,1:59:11
GPS,39.940525,-105.081901,39.940525,-105.081901
TIME,1:59:11
GPS,39.940525,-105.081901,39.940525,-105.081901
TIME,1:59:11
GPS,39.940525,-105.081901,39.940525,-105.081901
TIME,1:59:11
GPS,39.940525,-105.081901,39.940525,-105.081901
TIME,1:59:11
GPS,39.940525,-105.081901,39.940525,-105.081901
TIME,1:59:12
GPS,39.940525,-105.081901,39.940525,-105.081901
TIME,1:59:12
GPS,39.940525,-105.081901,39.940525,-105.081901
TIME,1:59:12
GPS,39.940525,-105.081901,39.940525,-105.081901
TIME,1:59:12
GPS,39.940525,-105.081901,39.940525,-105.081901
TIME,1:59:12
GPS,39.940525,-105.081901,39.940525,-105.081901
TIME,1:59:12
GPS,39.940525,-105.081901,39.940525,-105.081901
TIME,1:59:13
GPS,39.940525,-105.081901,39.940525,-105.081901
TIME,1:59:13
GPS,39.940525,-105.081901,39.940525,-105.081901
TIME,1:59:13
GPS,39.940525,-105.081901,39.940525,-105.081901
TIME,1:59:13
GPS,39.940525,-105.081901,39.940525,-105.081901
TIME,1:59:13
GPS,39.940525,-105.081901,39.940525,-105.081901
TIME,1:59:13
GPS,39.940525,-105.081901,39.940525,-105.081901
TIME,1:59:14
GPS,39.940525,-105.081901,39.940525,-105.081901
TIME,1:59:14
GPS,39.940525,-105.081901,39.940525,-105.081901
TIME,1:59:14
GPS,39.940525,-105.081901,39.940525,-105.081901
TIME,1:59:14
GPS,39.940525,-105.081901,39.940525,-105.081901
TIME,1:59:14
GPS,39.940528,-105.081901,39.940528,-105.081901
TIME,1:59:15
GPS,39.940528,-105.081901,39.940528,-105.081901
TIME,1:59:15
GPS,39.940528,-105.081901,39.940528,-105.081901
TIME,1:59:15
GPS,39.940528,-105.081901,39.940528,-105.081901
TIME,1:59:15
GPS,39.940528,-105.081901,39.940528,-105.081901
TIME,1:59:15
GPS,39.940528,-105.081901,39.940528,-105.081901
TIME,1:59:15
GPS,39.940528,-105.081901,39.940528,-105.081901
TIME,1:59:16
GPS,39.940528,-105.081901,39.940528,-105.081901
TIME,1:59:16
START_BUTTON_ACTIVATED
SONAR,100,150,150,150,100
BEARING,350.00,356.37,6.37
MOTORS,75,61
GPS,39.940528,-105.081901,39.940528,-105.081901
TIME,1:59:16
SONAR,100,150,150,150,100
BEARING,350.00,356.37,6.37
MOTORS,75,61
SONAR,100,150,150,150,100
BEARING,350.00,356.37,6.37
MOTORS,75,61
SONAR,100,150,150,150,100
BEARING,352.00,356.37,4.37
MOTORS,75,65
GPS,39.940528,-105.081901,39.940528,-105.081901
TIME,1:59:16
SONAR,100,150,150,150,100
BEARING,353.00,356.37,3.37
MOTORS,75,67
GPS,39.940528,-105.081901,39.940528,-105.081901
TIME,1:59:17
SONAR,100,150,150,150,100
BEARING,355.00,356.37,1.37
MOTORS,75,72
GPS,39.940528,-105.081901,39.940528,-105.081901
TIME,1:59:17
SONAR,100,150,150,150,100
BEARING,356.00,356.37,0.37
MOTORS,75,74
SONAR,100,150,150,150,100
BEARING,357.00,356.37,-0.63
MOTORS,73,75
GPS,39.940528,-105.081901,39.940528,-105.081901
TIME,1:59:17
SONAR,100,150,150,150,100
BEARING,356.00,356.37,0.37
MOTORS,75,74
GPS,39.940528,-105.081916,39.940528,-105.081916
TIME,1:59:17
SONAR,100,150,150,143,100
BEARING,358.00,360.00,2.00
MOTORS,75,70
GPS,39.940532,-105.081916,39.940532,-105.081916
TIME,1:59:17
SONAR,100,150,150,150,100
BEARING,0.00,360.00,0.00
MOTORS,75,75
GPS,39.940536,-105.081901,39.940536,-105.081901
TIME,1:59:18
SONAR,100,150,150,150,100
BEARING,2.00,356.25,-5.75
MOTORS,63,75
SONAR,100,150,150,150,100
BEARING,1.00,356.25,-4.75
MOTORS,65,75
SONAR,100,150,150,150,100
BEARING,0.00,356.25,-3.75
MOTORS,67,75
GPS,39.940544,-105.081901,39.940544,-105.081901
TIME,1:59:18
SONAR,100,150,150,150,100
BEARING,0.00,356.12,-3.88
MOTORS,66,75
GPS,39.940544,-105.081916,39.940544,-105.081916
TIME,1:59:18
SONAR,100,150,150,150,100
BEARING,359.00,360.00,1.00
MOTORS,75,72
SONAR,100,150,150,150,100
BEARING,0.00,360.00,0.00
MOTORS,75,75
SONAR,100,150,150,150,100
BEARING,2.00,360.00,-2.00
MOTORS,70,75
GPS,39.940551,-105.081916,39.940551,-105.081916
TIME,1:59:19
SONAR,100,150,150,150,100
BEARING,2.00,360.00,-2.00
MOTORS,70,75
GPS,39.940555,-105.081916,39.940555,-105.081916
TIME,1:59:19
SONAR,100,150,150,150,100
BEARING,2.00,360.00,-2.00
MOTORS,70,75
GPS,39.940559,-105.081916,39.940559,-105.081916
TIME,1:59:19
SONAR,100,150,150,150,100
BEARING,2.00,360.00,-2.00
MOTORS,70,75
SONAR,100,150,150,150,100
BEARING,2.00,360.00,-2.00
MOTORS,70,75
SONAR,100,150,150,150,100
BEARING,2.00,360.00,-2.00
MOTORS,70,75
GPS,39.940563,-105.081916,39.940563,-105.081916
TIME,1:59:19
SONAR,100,150,150,150,100
BEARING,3.00,360.00,-3.00
MOTORS,68,75
GPS,39.940567,-105.081916,39.940567,-105.081916
TIME,1:59:20
SONAR,100,150,150,150,100
BEARING,3.00,360.00,-3.00
MOTORS,68,75
SONAR,100,150,150,150,100
BEARING,2.00,360.00,-2.00
MOTORS,70,75
SONAR,100,150,150,150,100
BEARING,2.00,360.00,-2.00
MOTORS,70,75
GPS,39.940578,-105.081916,39.940578,-105.081916
TIME,1:59:20
SONAR,100,150,150,150,100
BEARING,2.00,360.00,-2.00
MOTORS,70,75
GPS,39.940578,-105.081916,39.940578,-105.081916
TIME,1:59:20
SONAR,100,150,150,150,100
BEARING,3.00,360.00,-3.00
MOTORS,68,75
GPS,39.940586,-105.081916,39.940586,-105.081916
TIME,1:59:20
SONAR,100,150,150,148,100
BEARING,2.00,360.00,-2.00
MOTORS,70,75
GPS,39.940589,-105.081932,39.940589,-105.081932
TIME,1:59:21
SONAR,100,150,150,150,100
BEARING,4.00,4.86,0.86
MOTORS,75,73
SONAR,100,150,150,150,100
BEARING,7.00,4.86,-2.14
MOTORS,70,75
GPS,39.940593,-105.081932,39.940593,-105.081932
TIME,1:59:21
SONAR,100,150,150,150,100
BEARING,9.00,4.97,-4.03
MOTORS,66,75
GPS,39.940597,-105.081932,39.940597,-105.081932
TIME,1:59:21
SONAR,100,150,150,150,100
BEARING,11.00,5.08,-5.92
MOTORS,62,75
GPS,39.940601,-105.081932,39.940601,-105.081932
TIME,1:59:21
SONAR,100,150,150,150,100
BEARING,10.00,5.19,-4.81
MOTORS,64,75
GPS,39.940605,-105.081932,39.940605,-105.081932
TIME,1:59:21
SONAR,100,150,150,150,100
BEARING,6.00,5.31,-0.69
MOTORS,73,75
SONAR,100,150,150,150,100
BEARING,4.00,5.31,1.31
MOTORS,75,72
GPS,39.940605,-105.081932,39.940605,-105.081932
TIME,1:59:22
SONAR,100,150,150,150,100
BEARING,6.00,5.31,-0.69
MOTORS,73,75
GPS,39.940608,-105.081932,39.940608,-105.081932
TIME,1:59:22
SONAR,100,150,150,150,100
BEARING,6.00,5.44,-0.56
MOTORS,73,75
GPS,39.940612,-105.081932,39.940612,-105.081932
TIME,1:59:22
SONAR,100,150,150,150,100
BEARING,7.00,5.57,-1.43
MOTORS,72,75
GPS,39.940616,-105.081932,39.940616,-105.081932
TIME,1:59:22
SONAR,100,150,150,146,100
BEARING,8.00,5.71,-2.29
MOTORS,70,75
SONAR,100,150,150,150,100
BEARING,9.00,5.71,-3.29
MOTORS,68,75
SONAR,100,150,150,150,100
BEARING,9.00,5.71,-3.29
MOTORS,68,75
GPS,39.940624,-105.081932,39.940624,-105.081932
TIME,1:59:23
SONAR,100,150,150,136,100
BEARING,9.00,6.01,-2.99
MOTORS,68,75
GPS,39.940628,-105.081932,39.940628,-105.081932
TIME,1:59:23
SONAR,100,150,150,150,100
BEARING,8.00,6.17,-1.83
MOTORS,71,75
SONAR,100,150,150,150,100
BEARING,7.00,6.17,-0.83
MOTORS,73,75
SONAR,100,150,150,150,100
BEARING,7.00,6.17,-0.83
MOTORS,73,75
GPS,39.940631,-105.081932,39.940631,-105.081932
TIME,1:59:23
SONAR,100,150,150,150,100
BEARING,8.00,6.34,-1.66
MOTORS,71,75
GPS,39.940635,-105.081932,39.940635,-105.081932
TIME,1:59:23
SONAR,100,150,150,150,100
BEARING,9.00,6.52,-2.48
MOTORS,69,75
GPS,39.940639,-105.081932,39.940639,-105.081932
TIME,1:59:24
SONAR,100,150,150,150,100
BEARING,9.00,6.71,-2.29
MOTORS,70,75
SONAR,100,150,150,150,100
BEARING,10.00,6.71,-3.29
MOTORS,68,75
SONAR,100,150,150,150,100
BEARING,10.00,6.71,-3.29
MOTORS,68,75
GPS,39.940650,-105.081932,39.940650,-105.081932
TIME,1:59:24
SONAR,100,150,150,150,100
BEARING,9.00,7.35,-1.65
MOTORS,71,75
GPS,39.940654,-105.081932,39.940654,-105.081932
TIME,1:59:24
SONAR,100,150,150,150,100
BEARING,10.00,7.59,-2.41
MOTORS,69,75
SONAR,100,150,150,150,100
BEARING,10.00,7.59,-2.41
MOTORS,69,75
SONAR,100,150,150,150,100
BEARING,11.00,7.59,-3.41
MOTORS,67,75
GPS,39.940662,-105.081932,39.940662,-105.081932
TIME,1:59:25
SONAR,100,150,150,150,100
BEARING,8.00,8.13,0.13
MOTORS,75,74
GPS,39.940666,-105.081932,39.940666,-105.081932
TIME,1:59:25
SONAR,100,150,150,150,100
BEARING,11.00,8.43,-2.57
MOTORS,69,75
GPS,39.940670,-105.081932,39.940670,-105.081932
TIME,1:59:25
SONAR,100,150,150,150,100
BEARING,9.00,8.75,-0.25
MOTORS,74,75
GPS,39.940673,-105.081932,39.940673,-105.081932
TIME,1:59:25
SONAR,100,150,150,150,100
BEARING,10.00,9.09,-0.91
MOTORS,73,75
SONAR,100,150,150,150,100
BEARING,10.00,9.09,-0.91
MOTORS,73,75
GPS,39.940677,-105.081932,39.940677,-105.081932
TIME,1:59:25
SONAR,100,150,150,150,100
BEARING,11.00,9.46,-1.54
MOTORS,71,75
GPS,39.940677,-105.081932,39.940677,-105.081932
TIME,1:59:26
SONAR,100,150,150,150,100
BEARING,11.00,9.46,-1.54
MOTORS,71,75
GPS,39.940681,-105.081932,39.940681,-105.081932
TIME,1:59:26
SONAR,100,150,150,150,100
BEARING,11.00,9.87,-1.13
MOTORS,72,75
SONAR,100,150,150,150,100
BEARING,10.00,9.87,-0.13
MOTORS,74,75
SONAR,100,150,150,150,100
BEARING,11.00,9.87,-1.13
MOTORS,72,75
GPS,39.940689,-105.081932,39.940689,-105.081932
TIME,1:59:26
SONAR,100,150,150,150,100
BEARING,13.00,10.78,-2.22
MOTORS,70,75
GPS,39.940689,-105.081932,39.940689,-105.081932
TIME,1:59:26
SONAR,100,150,150,150,100
BEARING,11.00,10.78,-0.22
MOTORS,74,75
SONAR,100,150,150,150,100
BEARING,11.00,10.78,-0.22
MOTORS,74,75
SONAR,100,150,150,150,100
BEARING,13.00,10.78,-2.22
MOTORS,70,75
SONAR,100,150,150,150,100
BEARING,12.00,10.78,-1.22
MOTORS,72,75
GPS,39.940696,-105.081932,39.940696,-105.081932
TIME,1:59:27
SONAR,100,150,150,150,100
BEARING,14.00,11.89,-2.11
MOTORS,70,75
GPS,39.940700,-105.081932,39.940700,-105.081932
TIME,1:59:27
SONAR,100,150,150,150,100
BEARING,13.00,12.53,-0.47
MOTORS,74,75
GPS,39.940708,-105.081932,39.940708,-105.081932
TIME,1:59:27
SONAR,100,150,150,150,100
BEARING,13.00,14.04,1.04
MOTORS,75,72
SONAR,100,150,150,150,100
BEARING,15.00,14.04,-0.96
MOTORS,72,75
GPS,39.940711,-105.081932,39.940711,-105.081932
TIME,1:59:28
SONAR,100,150,150,150,100
BEARING,15.00,14.93,-0.07
MOTORS,74,75
GPS,39.940715,-105.081932,39.940715,-105.081932
TIME,1:59:28
SONAR,100,150,150,150,100
BEARING,16.00,15.95,-0.05
MOTORS,74,75
GPS,39.940715,-105.081932,39.940715,-105.081932
TIME,1:59:28
SONAR,100,150,150,150,100
BEARING,18.00,15.95,-2.05
MOTORS,70,75
SONAR,100,150,150,150,100
BEARING,18.00,15.95,-2.05
MOTORS,70,75
SONAR,100,150,150,150,100
BEARING,17.00,15.95,-1.05
MOTORS,72,75
SONAR,100,150,150,150,100
BEARING,20.00,15.95,-4.05
MOTORS,66,75
GPS,39.940727,-105.081932,39.940727,-105.081932
TIME,1:59:29
SONAR,100,150,150,150,100
BEARING,18.00,19.98,1.98
MOTORS,75,70
GPS,39.940727,-105.081932,39.940727,-105.081932
TIME,1:59:29
SONAR,100,150,150,150,100
BEARING,19.00,19.98,0.98
MOTORS,75,72
GPS,39.940731,-105.081916,39.940731,-105.081916
TIME,1:59:29
SONAR,100,150,150,150,100
BEARING,21.00,360.00,-21.00
MOTORS,31,75
SONAR,100,150,150,150,100
BEARING,20.00,360.00,-20.00
MOTORS,33,75
SONAR,100,150,150,150,100
BEARING,17.00,360.00,-17.00
MOTORS,39,75
GPS,39.940734,-105.081916,39.940734,-105.081916
TIME,1:59:29
SONAR,100,150,150,150,100
BEARING,14.00,360.00,-14.00
REACHED_WAYPOINT
WAYPOINT,1,39.94,-105.08
MOTORS,39,75
GPS,39.940738,-105.081916,39.940738,-105.081916
TIME,1:59:30
SONAR,100,150,150,150,100
BEARING,10.00,169.92,159.92
MOTORS,75,0
SONAR,100,150,150,150,100
BEARING,18.00,169.92,151.92
MOTORS,75,0
SONAR,100,150,150,150,100
BEARING,29.00,169.92,140.92
MOTORS,75,0
SONAR,100,150,150,150,100
BEARING,35.00,169.92,134.92
MOTORS,75,0
GPS,39.940746,-105.081916,39.940746,-105.081916
TIME,1:59:30
SONAR,100,150,150,150,100
BEARING,41.00,170.34,129.34
MOTORS,75,0
GPS,39.940750,-105.081916,39.940750,-105.081916
TIME,1:59:30
SONAR,100,150,150,150,100
BEARING,49.00,170.54,121.54
MOTORS,75,0
GPS,39.940750,-105.081916,39.940750,-105.081916
TIME,1:59:31
SONAR,100,150,150,150,100
BEARING,55.00,170.54,115.54
MOTORS,75,0
SONAR,100,150,150,150,100
BEARING,60.00,170.54,110.54
MOTORS,75,0
GPS,39.940753,-105.081916,39.940753,-105.081916
TIME,1:59:31
SONAR,100,150,150,150,100
BEARING,69.00,170.73,101.73
MOTORS,75,0
GPS,39.940753,-105.081916,39.940753,-105.081916
TIME,1:59:31
SONAR,100,150,150,150,100
BEARING,75.00,170.73,95.73
MOTORS,75,0
GPS,39.940753,-105.081916,39.940753,-105.081916
TIME,1:59:31
SONAR,100,150,150,150,100
BEARING,86.00,170.73,84.73
MOTORS,75,0
SONAR,100,150,150,150,100
BEARING,93.00,170.73,77.73
MOTORS,75,0
SONAR,100,150,150,150,100
BEARING,103.00,170.73,67.73
MOTORS,75,0
SONAR,100,150,150,150,100
BEARING,111.00,170.73,59.73
MOTORS,75,0
GPS,39.940757,-105.081916,39.940757,-105.081916
TIME,1:59:32
SONAR,100,150,150,150,100
BEARING,118.00,170.91,52.91
MOTORS,75,0
GPS,39.940757,-105.081916,39.940757,-105.081916
TIME,1:59:32
SONAR,100,150,150,150,100
BEARING,129.00,170.91,41.91
MOTORS,75,0
SONAR,100,150,150,150,100
BEARING,145.00,170.91,25.91
MOTORS,75,21
SONAR,100,150,150,150,100
BEARING,159.00,170.91,11.91
MOTORS,75,50
GPS,39.940757,-105.081901,39.940757,-105.081901
TIME,1:59:32
SONAR,100,150,150,150,100
BEARING,172.00,175.43,3.43
MOTORS,75,67
GPS,39.940753,-105.081901,39.940753,-105.081901
TIME,1:59:33
SONAR,100,150,150,150,100
BEARING,177.00,175.33,-1.67
MOTORS,71,75
SONAR,100,150,150,150,100
BEARING,182.00,175.33,-6.67
MOTORS,61,75
SONAR,100,150,150,150,100
BEARING,179.00,175.33,-3.67
MOTORS,67,75
SONAR,100,150,150,150,100
BEARING,178.00,175.33,-2.67
MOTORS,69,75
GPS,39.940750,-105.081901,39.940750,-105.081901
TIME,1:59:33
SONAR,100,150,150,150,100
BEARING,179.00,175.24,-3.76
MOTORS,67,75
GPS,39.940746,-105.081916,39.940746,-105.081916
TIME,1:59:33
SONAR,100,150,150,134,100
BEARING,185.00,170.34,-14.66
MOTORS,44,75
GPS,39.940746,-105.081916,39.940746,-105.081916
TIME,1:59:34
SONAR,100,150,150,150,100
BEARING,180.00,170.34,-9.66
MOTORS,54,75
SONAR,100,150,150,150,100
BEARING,175.00,170.34,-4.66
MOTORS,65,75
SONAR,100,150,150,150,100
BEARING,177.00,170.34,-6.66
MOTORS,61,75
GPS,39.940738,-105.081916,39.940738,-105.081916
TIME,1:59:34
SONAR,100,150,150,150,100
BEARING,177.00,169.92,-7.08
MOTORS,60,75
GPS,39.940734,-105.081916,39.940734,-105.081916
TIME,1:59:34
SONAR,100,150,150,150,100
BEARING,177.00,169.70,-7.30
MOTORS,59,75
SONAR,100,150,150,150,100
BEARING,175.00,169.70,-5.30
MOTORS,63,75
SONAR,100,150,150,150,100
BEARING,172.00,169.70,-2.30
MOTORS,70,75
SONAR,100,150,150,150,100
BEARING,172.00,169.70,-2.30
MOTORS,70,75
GPS,39.940723,-105.081916,39.940723,-105.081916
TIME,1:59:35
SONAR,100,150,150,150,100
BEARING,175.00,168.96,-6.04
MOTORS,62,75
GPS,39.940719,-105.081916,39.940719,-105.081916
TIME,1:59:35
SONAR,100,150,150,146,100
BEARING,175.00,168.69,-6.31
MOTORS,61,75
SONAR,100,150,150,150,100
BEARING,174.00,168.69,-5.31
MOTORS,63,75
SONAR,100,150,150,150,100
BEARING,173.00,168.69,-4.31
MOTORS,66,75
GPS,39.940711,-105.081916,39.940711,-105.081916
TIME,1:59:35
SONAR,100,150,150,150,100
BEARING,175.00,168.11,-6.89
MOTORS,60,75
GPS,39.940708,-105.081916,39.940708,-105.081916
TIME,1:59:36
SONAR,100,150,150,150,100
BEARING,174.00,167.80,-6.20
MOTORS,62,75
SONAR,100,150,150,150,100
BEARING,174.00,167.80,-6.20
MOTORS,62,75
SONAR,100,150,150,150,100
BEARING,174.00,167.80,-6.20
MOTORS,62,75
GPS,39.940696,-105.081916,39.940696,-105.081916
TIME,1:59:36
SONAR,100,150,150,150,100
BEARING,173.00,166.76,-6.24
MOTORS,61,75
GPS,39.940692,-105.081916,39.940692,-105.081916
TIME,1:59:36
SONAR,100,150,150,150,100
BEARING,172.00,166.37,-5.63
MOTORS,63,75
GPS,39.940689,-105.081916,39.940689,-105.081916
TIME,1:59:36
SONAR,100,150,150,137,100
BEARING,171.00,165.96,-5.04
MOTORS,64,75
SONAR,100,150,150,150,100
BEARING,172.00,165.96,-6.04
MOTORS,62,75
SONAR,100,150,150,131,100
BEARING,173.00,165.96,-7.04
MOTORS,60,75
GPS,39.940677,-105.081916,39.940677,-105.081916
TIME,1:59:37
SONAR,100,150,150,150,100
BEARING,170.00,164.58,-5.42
MOTORS,63,75
GPS,39.940673,-105.081916,39.940673,-105.081916
TIME,1:59:37
SONAR,100,150,150,150,100
BEARING,169.00,164.05,-4.95
MOTORS,64,75
GPS,39.940670,-105.081916,39.940670,-105.081916
TIME,1:59:37
SONAR,100,150,150,150,100
BEARING,168.00,163.50,-4.50
MOTORS,65,75
SONAR,100,150,150,150,100
BEARING,168.00,163.50,-4.50
MOTORS,65,75
SONAR,100,150,150,150,100
BEARING,169.00,163.50,-5.50
MOTORS,63,75
GPS,39.940662,-105.081916,39.940662,-105.081916
TIME,1:59:38
SONAR,100,150,150,150,100
BEARING,168.00,162.26,-5.74
MOTORS,63,75
GPS,39.940654,-105.081916,39.940654,-105.081916
TIME,1:59:38
SONAR,100,150,150,150,100
BEARING,166.00,160.82,-5.18
MOTORS,64,75
GPS,39.940650,-105.081916,39.940650,-105.081916
TIME,1:59:38
SONAR,100,150,150,150,100
BEARING,164.00,160.02,-3.98
MOTORS,66,75
SONAR,100,150,150,150,100
BEARING,162.00,160.02,-1.98
MOTORS,70,75
SONAR,100,150,150,150,100
BEARING,164.00,160.02,-3.98
MOTORS,66,75
GPS,39.940639,-105.081916,39.940639,-105.081916
TIME,1:59:38
SONAR,100,150,150,150,100
BEARING,164.00,157.17,-6.83
MOTORS,60,75
GPS,39.940635,-105.081916,39.940635,-105.081916
TIME,1:59:39
SONAR,100,150,150,150,100
BEARING,166.00,156.04,-9.96
MOTORS,54,75
SONAR,100,150,150,150,100
BEARING,165.00,156.04,-8.96
MOTORS,56,75
SONAR,100,150,150,150,100
BEARING,162.00,156.04,-5.96
MOTORS,62,75
GPS,39.940628,-105.081916,39.940628,-105.081916
TIME,1:59:39
SONAR,100,150,150,131,100
BEARING,162.00,153.43,-8.57
MOTORS,57,75
GPS,39.940624,-105.081916,39.940624,-105.081916
TIME,1:59:39
SONAR,100,150,150,150,100
BEARING,161.00,151.93,-9.07
MOTORS,56,75
GPS,39.940620,-105.081916,39.940620,-105.081916
TIME,1:59:39
SONAR,100,150,150,134,100
BEARING,159.00,150.26,-8.74
MOTORS,56,75
SONAR,100,150,150,150,100
BEARING,156.00,150.26,-5.74
MOTORS,63,75
SONAR,100,150,150,150,100
BEARING,160.00,150.26,-9.74
MOTORS,54,75
GPS,39.940612,-105.081916,39.940612,-105.081916
TIME,1:59:40
SONAR,100,150,150,150,100
BEARING,163.00,146.31,-16.69
MOTORS,40,75
GPS,39.940605,-105.081916,39.940605,-105.081916
TIME,1:59:40
SONAR,100,150,150,150,100
BEARING,159.00,141.34,-17.66
MOTORS,38,75
GPS,39.940605,-105.081916,39.940605,-105.081916
TIME,1:59:40
SONAR,100,150,150,150,100
BEARING,159.00,141.34,-17.66
MOTORS,38,75
SONAR,100,150,150,150,100
BEARING,156.00,141.34,-14.66
MOTORS,44,75
SONAR,100,150,150,150,100
BEARING,152.00,141.34,-10.66
MOTORS,52,75
GPS,39.940597,-105.081916,39.940597,-105.081916
TIME,1:59:41
SONAR,100,150,150,125,100
BEARING,148.00,135.00,-13.00
REACHED_WAYPOINT
WAYPOINT,2,39.94,-105.08
MOTORS,52,75
GPS,39.940593,-105.081916,39.940593,-105.081916
TIME,1:59:41
SONAR,100,150,150,136,100
BEARING,144.00,136.55,-7.45
MOTORS,59,75
GPS,39.940589,-105.081916,39.940589,-105.081916
TIME,1:59:41
SONAR,100,150,150,150,100
BEARING,144.00,135.78,-8.22
MOTORS,57,75
SONAR,100,150,150,150,100
BEARING,144.00,135.78,-8.22
MOTORS,57,75
SONAR,100,150,150,150,100
BEARING,140.00,135.78,-4.22
MOTORS,66,75
GPS,39.940578,-105.081916,39.940578,-105.081916
TIME,1:59:41
SONAR,100,150,150,150,100
BEARING,137.00,133.36,-3.64
MOTORS,67,75
GPS,39.940574,-105.081901,39.940574,-105.081901
TIME,1:59:42
SONAR,100,150,150,150,100
BEARING,135.00,135.88,0.88
MOTORS,75,73
SONAR,100,150,150,150,100
BEARING,138.00,135.88,-2.12
MOTORS,70,75
SONAR,100,150,150,150,100
BEARING,139.00,135.88,-3.12
MOTORS,68,75
GPS,39.940567,-105.081901,39.940567,-105.081901
TIME,1:59:42
SONAR,100,150,150,134,100
BEARING,139.00,134.09,-4.91
MOTORS,64,75
GPS,39.940563,-105.081901,39.940563,-105.081901
TIME,1:59:42
SONAR,100,150,150,143,100
BEARING,139.00,133.15,-5.85
MOTORS,62,75
GPS,39.940559,-105.081901,39.940559,-105.081901
TIME,1:59:42
SONAR,100,150,150,150,100
BEARING,135.00,132.18,-2.82
MOTORS,69,75
GPS,39.940559,-105.081901,39.940559,-105.081901
TIME,1:59:43
SONAR,100,150,150,150,100
BEARING,137.00,132.18,-4.82
MOTORS,64,75
SONAR,100,150,150,142,100
BEARING,138.00,132.18,-5.82
MOTORS,62,75
GPS,39.940555,-105.081901,39.940555,-105.081901
TIME,1:59:43
SONAR,100,150,150,150,100
BEARING,137.00,131.19,-5.81
MOTORS,62,75
GPS,39.940551,-105.081901,39.940551,-105.081901
TIME,1:59:43
SONAR,100,150,150,150,100
BEARING,136.00,130.16,-5.84
MOTORS,62,75
GPS,39.940547,-105.081886,39.940547,-105.081886
TIME,1:59:43
SONAR,100,150,150,131,100
BEARING,136.00,132.88,-3.12
MOTORS,68,75
SONAR,100,150,150,150,100
BEARING,135.00,132.88,-2.12
MOTORS,70,75
SONAR,100,150,150,144,100
BEARING,136.00,132.88,-3.12
MOTORS,68,75
GPS,39.940540,-105.081886,39.940540,-105.081886
TIME,1:59:44
SONAR,100,150,150,150,100
BEARING,140.00,130.60,-9.40
MOTORS,55,75
GPS,39.940536,-105.081886,39.940536,-105.081886
TIME,1:59:44
SONAR,100,150,150,150,100
BEARING,135.00,129.40,-5.60
MOTORS,63,75
SONAR,100,150,150,150,100
BEARING,133.00,129.40,-3.60
MOTORS,67,75
SONAR,100,150,150,150,100
BEARING,130.00,129.40,-0.60
MOTORS,73,75
SONAR,100,150,150,150,100
BEARING,133.00,129.40,-3.60
MOTORS,67,75
GPS,39.940528,-105.081871,39.940528,-105.081871
TIME,1:59:44
SONAR,100,150,150,150,100
BEARING,133.00,131.19,-1.81
MOTORS,71,75
GPS,39.940525,-105.081871,39.940525,-105.081871
TIME,1:59:45
SONAR,100,150,150,150,100
BEARING,134.00,129.81,-4.19
MOTORS,66,75
SONAR,100,150,150,142,100
BEARING,132.00,129.81,-2.19
MOTORS,70,75
SONAR,100,150,150,150,100
BEARING,135.00,129.81,-5.19
MOTORS,64,75
GPS,39.940513,-105.081871,39.940513,-105.081871
TIME,1:59:45
SONAR,100,150,150,150,100
BEARING,131.00,125.31,-5.69
MOTORS,63,75
GPS,39.940509,-105.081871,39.940509,-105.081871
TIME,1:59:45
SONAR,100,150,150,147,100
BEARING,133.00,123.69,-9.31
MOTORS,55,75
SONAR,100,150,150,150,100
BEARING,135.00,123.69,-11.31
MOTORS,51,75
SONAR,100,150,150,150,100
BEARING,134.00,123.69,-10.31
MOTORS,53,75
SONAR,100,150,150,140,100
BEARING,132.00,123.69,-8.31
MOTORS,57,75
GPS,39.940498,-105.081855,39.940498,-105.081855
TIME,1:59:46
SONAR,100,150,150,150,100
BEARING,131.00,123.02,-7.98
MOTORS,58,75
GPS,39.940494,-105.081855,39.940494,-105.081855
TIME,1:59:46
SONAR,100,150,150,128,100
BEARING,131.00,120.96,-10.04
MOTORS,54,75
GPS,39.940494,-105.081855,39.940494,-105.081855
TIME,1:59:46
SONAR,100,150,150,150,100
BEARING,132.00,120.96,-11.04
MOTORS,52,75
SONAR,100,150,150,132,100
BEARING,129.00,120.96,-8.04
MOTORS,58,75
SONAR,100,150,150,150,100
BEARING,129.00,120.96,-8.04
MOTORS,58,75
GPS,39.940486,-105.081855,39.940486,-105.081855
TIME,1:59:47
SONAR,100,150,150,109,100
BEARING,125.00,116.57,-8.43
MOTORS,57,75
GPS,39.940483,-105.081855,39.940483,-105.081855
TIME,1:59:47
SONAR,100,150,103,106,100
BEARING,126.00,114.23,-11.77
MOTORS,50,75
SONAR,100,150,97,89,100
AVOID_OBSTACLE,TURN_LEFT
MOTORS,0,100
SONAR,100,150,70,62,100
SONAR,100,150,53,48,100
SONAR,100,150,150,35,100
SONAR,100,150,150,42,100
SONAR,100,150,150,49,100
SONAR,100,150,150,150,100
AVOID_OBSTACLE,DONE
MOTORS,0,0
BEARING,121.00,114.23,-6.77
MOTORS,60,75
SONAR,100,150,150,150,100
BEARING,123.00,114.23,-8.77
MOTORS,56,75
SONAR,100,150,150,150,100
BEARING,121.00,114.23,-6.77
MOTORS,60,75
GPS,39.940467,-105.081855,39.940467,-105.081855
TIME,1:59:48
SONAR,100,150,150,150,100
BEARING,121.00,104.04,-16.96
MOTORS,39,75
GPS,39.940464,-105.081855,39.940464,-105.081855
TIME,1:59:48
SONAR,100,150,150,150,100
BEARING,120.00,101.31,-18.69
MOTORS,36,75
GPS,39.940464,-105.081855,39.940464,-105.081855
TIME,1:59:49
SONAR,100,150,150,150,100
BEARING,116.00,101.31,-14.69
MOTORS,44,75
SONAR,100,150,150,148,100
BEARING,112.00,101.31,-10.69
MOTORS,52,75
SONAR,100,150,150,150,100
BEARING,111.00,101.31,-9.69
MOTORS,54,75
GPS,39.940456,-105.081855,39.940456,-105.081855
TIME,1:59:49
SONAR,100,150,150,150,100
BEARING,109.00,95.71,-13.29
MOTORS,47,75
GPS,39.940456,-105.081855,39.940456,-105.081855
TIME,1:59:49
SONAR,100,150,150,150,100
BEARING,105.00,95.71,-9.29
MOTORS,55,75
GPS,39.940456,-105.081855,39.940456,-105.081855
TIME,1:59:49
SONAR,100,150,150,150,100
BEARING,104.00,95.71,-8.29
MOTORS,57,75
SONAR,100,150,150,150,100
BEARING,101.00,95.71,-5.29
MOTORS,63,75
SONAR,100,150,150,150,100
BEARING,101.00,95.71,-5.29
MOTORS,63,75
GPS,39.940452,-105.081832,39.940452,-105.081832
TIME,1:59:50
SONAR,100,150,150,131,100
BEARING,100.00,94.09,-5.91
MOTORS,62,75
GPS,39.940452,-105.081832,39.940452,-105.081832
TIME,1:59:50
SONAR,100,150,150,150,100
BEARING,100.00,94.09,-5.91
MOTORS,62,75
GPS,39.940448,-105.081832,39.940448,-105.081832
TIME,1:59:50
SONAR,100,150,150,150,100
BEARING,96.00,90.00,-6.00
MOTORS,62,75
SONAR,100,150,150,150,100
BEARING,97.00,90.00,-7.00
MOTORS,60,75
GPS,39.940448,-105.081832,39.940448,-105.081832
TIME,1:59:50
SONAR,100,150,150,135,100
BEARING,98.00,90.00,-8.00
MOTORS,58,75
GPS,39.940444,-105.081817,39.940444,-105.081817
TIME,1:59:51
SONAR,100,150,150,150,100
BEARING,96.00,84.29,-11.71
MOTORS,50,75
GPS,39.940444,-105.081817,39.940444,-105.081817
TIME,1:59:51
SONAR,100,150,150,150,100
BEARING,94.00,84.29,-9.71
MOTORS,54,75
SONAR,100,150,150,145,100
BEARING,94.00,84.29,-9.71
MOTORS,54,75
SONAR,100,150,150,150,100
BEARING,93.00,84.29,-8.71
MOTORS,56,75
GPS,39.940441,-105.081817,39.940441,-105.081817
TIME,1:59:51
SONAR,100,150,150,143,100
BEARING,92.00,78.69,-13.31
MOTORS,47,75
GPS,39.940441,-105.081802,39.940441,-105.081802
TIME,1:59:51
SONAR,100,150,150,150,100
BEARING,92.00,71.57,-20.43
REACHED_WAYPOINT
WAYPOINT,3,39.94,-105.08
MOTORS,47,75
GPS,39.940437,-105.081802,39.940437,-105.081802
TIME,1:59:52
SONAR,100,150,150,150,100
BEARING,89.00,340.97,-108.03
MOTORS,0,75
SONAR,100,150,150,150,100
BEARING,77.00,340.97,-96.03
MOTORS,0,75
SONAR,100,150,150,150,100
BEARING,64.00,340.97,-83.03
MOTORS,0,75
GPS,39.940433,-105.081802,39.940433,-105.081802
TIME,1:59:52
SONAR,100,150,150,150,100
BEARING,52.00,341.18,-70.82
MOTORS,0,75
GPS,39.940433,-105.081802,39.940433,-105.081802
TIME,1:59:52
SONAR,100,150,150,150,100
BEARING,42.00,341.18,-60.82
MOTORS,0,75
GPS,39.940433,-105.081802,39.940433,-105.081802
TIME,1:59:52
SONAR,100,150,150,150,100
BEARING,35.00,341.18,-53.82
MOTORS,0,75
SONAR,100,150,150,150,100
BEARING,28.00,341.18,-46.82
MOTORS,0,75
SONAR,100,150,150,150,100
BEARING,22.00,341.18,-40.82
MOTORS,0,75
GPS,39.940437,-105.081787,39.940437,-105.081787
TIME,1:59:53
SONAR,100,150,150,150,100
BEARING,14.00,338.65,-35.35
MOTORS,1,75
GPS,39.940441,-105.081787,39.940441,-105.081787
TIME,1:59:53
SONAR,100,150,150,150,100
BEARING,7.00,338.43,-28.57
MOTORS,15,75
GPS,39.940441,-105.081787,39.940441,-105.081787
TIME,1:59:53
SONAR,100,150,150,150,100
BEARING,3.00,338.43,-24.57
MOTORS,23,75
SONAR,100,150,150,150,100
BEARING,359.00,338.43,-20.57
MOTORS,32,75
SONAR,100,150,150,150,100
BEARING,356.00,338.43,-17.57
MOTORS,38,75
GPS,39.940441,-105.081787,39.940441,-105.081787
TIME,1:59:54
SONAR,100,150,150,150,100
BEARING,352.00,338.43,-13.57
MOTORS,46,75
GPS,39.940444,-105.081787,39.940444,-105.081787
TIME,1:59:54
SONAR,100,150,150,150,100
BEARING,348.00,338.20,-9.80
MOTORS,54,75
GPS,39.940448,-105.081787,39.940448,-105.081787
TIME,1:59:54
SONAR,100,150,150,150,100
BEARING,348.00,337.96,-10.04
MOTORS,54,75
SONAR,100,150,150,150,100
BEARING,346.00,337.96,-8.04
MOTORS,58,75
GPS,39.940448,-105.081787,39.940448,-105.081787
TIME,1:59:54
SONAR,100,150,150,150,100
BEARING,343.00,337.96,-5.04
MOTORS,64,75
GPS,39.940452,-105.081787,39.940452,-105.081787
TIME,1:59:54
SONAR,100,150,150,150,100
BEARING,341.00,337.72,-3.28
MOTORS,68,75
GPS,39.940456,-105.081787,39.940456,-105.081787
TIME,1:59:55
SONAR,100,150,150,150,100
BEARING,341.00,337.48,-3.52
MOTORS,67,75
GPS,39.940456,-105.081802,39.940456,-105.081802
TIME,1:59:55
SONAR,100,150,150,150,100
BEARING,340.00,339.90,-0.10
MOTORS,74,75
SONAR,100,150,150,150,100
BEARING,343.00,339.90,-3.10
MOTORS,68,75
SONAR,100,150,150,150,100
BEARING,342.00,339.90,-2.10
MOTORS,70,75
GPS,39.940467,-105.081802,39.940467,-105.081802
TIME,1:59:55
SONAR,100,150,150,150,100
BEARING,342.00,339.21,-2.79
MOTORS,69,75
GPS,39.940471,-105.081802,39.940471,-105.081802
TIME,1:59:55
SONAR,100,150,150,150,100
BEARING,344.00,338.96,-5.04
MOTORS,64,75
SONAR,100,150,150,150,100
BEARING,343.00,338.96,-4.04
MOTORS,66,75
SONAR,100,150,150,139,100
BEARING,342.00,338.96,-3.04
MOTORS,68,75
GPS,39.940483,-105.081802,39.940483,-105.081802
TIME,1:59:56
SONAR,100,150,150,150,100
BEARING,341.00,338.20,-2.80
MOTORS,69,75
GPS,39.940486,-105.081817,39.940486,-105.081817
TIME,1:59:56
SONAR,100,150,150,150,100
BEARING,342.00,340.64,-1.36
MOTORS,72,75
GPS,39.940490,-105.081817,39.940490,-105.081817
TIME,1:59:56
SONAR,100,150,150,150,100
BEARING,342.00,340.40,-1.60
MOTORS,71,75
SONAR,100,150,150,148,100
BEARING,342.00,340.40,-1.60
MOTORS,71,75
SONAR,100,150,150,143,100
BEARING,344.00,340.40,-3.60
MOTORS,67,75
GPS,39.940494,-105.081817,39.940494,-105.081817
TIME,1:59:57
SONAR,100,45,150,150,100
AVOID_OBSTACLE,TURN_RIGHT
MOTORS,100,0
SONAR,100,150,150,150,100
AVOID_OBSTACLE,DONE
MOTORS,0,0
BEARING,351.00,340.14,-10.86
MOTORS,52,75
SONAR,100,150,150,150,100
BEARING,351.00,340.14,-10.86
MOTORS,52,75
GPS,39.940505,-105.081832,39.940505,-105.081832
TIME,1:59:57
SONAR,100,150,150,150,100
BEARING,351.00,342.32,-8.68
MOTORS,56,75
GPS,39.940505,-105.081832,39.940505,-105.081832
TIME,1:59:57
SONAR,100,150,150,150,100
BEARING,352.00,342.32,-9.68
MOTORS,54,75
SONAR,100,150,150,150,100
BEARING,350.00,342.32,-7.68
MOTORS,58,75
SONAR,100,150,150,150,100
BEARING,348.00,342.32,-5.68
MOTORS,63,75
SONAR,100,150,150,150,100
BEARING,347.00,342.32,-4.68
MOTORS,65,75
GPS,39.940509,-105.081832,39.940509,-105.081832
TIME,1:59:58
SONAR,100,150,150,150,100
BEARING,347.00,342.07,-4.93
MOTORS,64,75
GPS,39.940513,-105.081832,39.940513,-105.081832
TIME,1:59:58
SONAR,100,150,150,150,100
BEARING,348.00,341.82,-6.18
MOTORS,62,75
SONAR,100,150,150,150,100
BEARING,348.00,341.82,-6.18
MOTORS,62,75
SONAR,100,150,150,150,100
BEARING,346.00,341.82,-4.18
MOTORS,66,75
GPS,39.940517,-105.081832,39.940517,-105.081832
TIME,1:59:59
SONAR,100,150,150,150,100
BEARING,347.00,341.57,-5.43
MOTORS,63,75
GPS,39.940517,-105.081832,39.940517,-105.081832
TIME,1:59:59
SONAR,100,150,150,150,100
BEARING,347.00,341.57,-5.43
MOTORS,63,75
GPS,39.940525,-105.081832,39.940525,-105.081832
TIME,1:59:59
SONAR,100,150,150,150,100
BEARING,347.00,341.03,-5.97
MOTORS,62,75
SONAR,100,150,150,150,100
BEARING,346.00,341.03,-4.97
MOTORS,64,75
SONAR,100,150,150,150,100
BEARING,344.00,341.03,-2.97
MOTORS,68,75
GPS,39.940528,-105.081832,39.940528,-105.081832
TIME,1:59:59
SONAR,100,150,150,150,100
BEARING,345.00,340.75,-4.25
MOTORS,66,75
GPS,39.940532,-105.081832,39.940532,-105.081832
TIME,2:0:0
SONAR,100,150,150,150,100
BEARING,344.00,340.46,-3.54
MOTORS,67,75
GPS,39.940536,-105.081832,39.940536,-105.081832
TIME,2:0:0
SONAR,100,150,150,150,100
BEARING,346.00,340.17,-5.83
MOTORS,62,75
SONAR,100,150,150,150,100
BEARING,344.00,340.17,-3.83
MOTORS,67,75
SONAR,100,150,150,150,100
BEARING,345.00,340.17,-4.83
MOTORS,64,75
GPS,39.940540,-105.081832,39.940540,-105.081832
TIME,2:0:0
SONAR,100,150,150,150,100
BEARING,344.00,339.86,-4.14
MOTORS,66,75
GPS,39.940544,-105.081832,39.940544,-105.081832
TIME,2:0:0
SONAR,100,150,150,150,100
BEARING,346.00,339.55,-6.45
MOTORS,61,75
SONAR,100,150,150,150,100
BEARING,346.00,339.55,-6.45
MOTORS,61,75
SONAR,100,150,150,150,100
BEARING,344.00,339.55,-4.45
MOTORS,65,75
GPS,39.940551,-105.081832,39.940551,-105.081832
TIME,2:0:1
SONAR,100,150,150,150,100
BEARING,343.00,338.90,-4.10
MOTORS,66,75
GPS,39.940551,-105.081855,39.940551,-105.081855
TIME,2:0:1
SONAR,100,150,150,150,100
BEARING,343.00,344.32,1.32
MOTORS,75,72
GPS,39.940555,-105.081855,39.940555,-105.081855
TIME,2:0:1
SONAR,100,150,150,150,100
BEARING,344.00,344.05,0.05
MOTORS,75,74
SONAR,100,150,150,150,100
BEARING,345.00,344.05,-0.95
MOTORS,73,75
SONAR,100,150,150,143,100
BEARING,345.00,344.05,-0.95
MOTORS,73,75
GPS,39.940559,-105.081855,39.940559,-105.081855
TIME,2:0:2
SONAR,100,150,150,150,100
BEARING,347.00,343.78,-3.22
MOTORS,68,75
GPS,39.940563,-105.081855,39.940563,-105.081855
TIME,2:0:2
SONAR,100,150,150,150,100
BEARING,348.00,343.50,-4.50
MOTORS,65,75
GPS,39.940563,-105.081855,39.940563,-105.081855
TIME,2:0:2
SONAR,100,150,150,150,100
BEARING,347.00,343.50,-3.50
MOTORS,67,75
SONAR,100,150,150,150,100
BEARING,348.00,343.50,-4.50
MOTORS,65,75
GPS,39.940567,-105.081855,39.940567,-105.081855
TIME,2:0:2
SONAR,100,150,150,150,100
BEARING,348.00,343.20,-4.80
MOTORS,65,75
GPS,39.940570,-105.081855,39.940570,-105.081855
TIME,2:0:2
SONAR,100,150,150,150,100
BEARING,349.00,342.90,-6.10
MOTORS,62,75
GPS,39.940574,-105.081855,39.940574,-105.081855
TIME,2:0:3
SONAR,100,150,150,150,100
BEARING,347.00,342.58,-4.42
MOTORS,65,75
GPS,39.940574,-105.081855,39.940574,-105.081855
TIME,2:0:3
SONAR,100,150,150,146,100
BEARING,347.00,342.58,-4.42
MOTORS,65,75
SONAR,100,150,150,150,100
BEARING,349.00,342.58,-6.42
MOTORS,61,75
SONAR,100,150,150,150,100
BEARING,347.00,342.58,-4.42
MOTORS,65,75
GPS,39.940586,-105.081855,39.940586,-105.081855
TIME,2:0:3
SONAR,100,150,150,136,100
BEARING,346.00,341.57,-4.43
MOTORS,65,75
GPS,39.940589,-105.081855,39.940589,-105.081855
TIME,2:0:3
SONAR,100,150,150,150,100
BEARING,345.00,341.20,-3.80
MOTORS,67,75
SONAR,100,150,150,150,100
BEARING,346.00,341.20,-4.80
MOTORS,65,75
SONAR,100,150,150,150,100
BEARING,346.00,341.20,-4.80
MOTORS,65,75
GPS,39.940593,-105.081855,39.940593,-105.081855
TIME,2:0:4
SONAR,100,150,150,150,100
BEARING,346.00,340.82,-5.18
MOTORS,64,75
GPS,39.940597,-105.081855,39.940597,-105.081855
TIME,2:0:4
SONAR,100,150,150,150,100
BEARING,344.00,340.43,-3.57
MOTORS,67,75
GPS,39.940597,-105.081855,39.940597,-105.081855
TIME,2:0:4
SONAR,100,150,150,150,100
BEARING,346.00,340.43,-5.57
MOTORS,63,75
SONAR,100,150,150,150,100
BEARING,343.00,340.43,-2.57
MOTORS,69,75
SONAR,100,150,150,150,100
BEARING,344.00,340.43,-3.57
MOTORS,67,75
SONAR,100,150,150,150,100
BEARING,344.00,340.43,-3.57
MOTORS,67,75
GPS,39.940605,-105.081855,39.940605,-105.081855
TIME,2:0:5
SONAR,100,150,150,150,100
BEARING,346.00,339.59,-6.41
MOTORS,61,75
GPS,39.940608,-105.081855,39.940608,-105.081855
TIME,2:0:5
SONAR,100,150,150,150,100
BEARING,347.00,339.15,-7.85
MOTORS,58,75
SONAR,100,150,150,150,100
BEARING,347.00,339.15,-7.85
MOTORS,58,75
SONAR,100,150,150,150,100
BEARING,345.00,339.15,-5.85
MOTORS,62,75
GPS,39.940616,-105.081855,39.940616,-105.081855
TIME,2:0:5
SONAR,100,150,150,150,100
BEARING,343.00,338.20,-4.80
MOTORS,64,75
GPS,39.940616,-105.081855,39.940616,-105.081855
TIME,2:0:6
SONAR,100,150,150,150,100
BEARING,344.00,338.20,-5.80
MOTORS,62,75
GPS,39.940620,-105.081855,39.940620,-105.081855
TIME,2:0:6
SONAR,100,150,150,150,100
BEARING,343.00,337.69,-5.31
MOTORS,63,75
SONAR,100,150,150,150,100
BEARING,344.00,337.69,-6.31
MOTORS,61,75
SONAR,100,150,150,150,100
BEARING,343.00,337.69,-5.31
MOTORS,63,75
GPS,39.940624,-105.081871,39.940624,-105.081871
TIME,2:0:6
SONAR,100,150,150,150,100
BEARING,343.00,342.47,-0.53
MOTORS,73,75
GPS,39.940628,-105.081871,39.940628,-105.081871
TIME,2:0:6
SONAR,100,150,150,150,100
BEARING,343.00,342.03,-0.97
MOTORS,72,75
SONAR,100,150,150,150,100
BEARING,345.00,342.03,-2.97
MOTORS,68,75
SONAR,100,150,150,150,100
BEARING,345.00,342.03,-2.97
MOTORS,68,75
GPS,39.940631,-105.081871,39.940631,-105.081871
TIME,2:0:7
SONAR,100,150,150,150,100
BEARING,344.00,341.57,-2.43
MOTORS,69,75
GPS,39.940635,-105.081871,39.940635,-105.081871
TIME,2:0:7
SONAR,100,150,150,150,100
BEARING,346.00,341.08,-4.92
MOTORS,64,75
GPS,39.940639,-105.081871,39.940639,-105.081871
TIME,2:0:7
SONAR,100,150,150,150,100
BEARING,344.00,340.56,-3.44
MOTORS,67,75
SONAR,100,150,150,150,100
BEARING,346.00,340.56,-5.44
MOTORS,63,75
SONAR,100,150,150,150,100
BEARING,345.00,340.56,-4.44
MOTORS,65,75
GPS,39.940647,-105.081871,39.940647,-105.081871
TIME,2:0:8
SONAR,100,150,150,150,100
BEARING,345.00,339.44,-5.56
MOTORS,63,75
GPS,39.940650,-105.081871,39.940650,-105.081871
TIME,2:0:8
SONAR,100,150,150,150,100
BEARING,343.00,338.84,-4.16
MOTORS,66,75
GPS,39.940654,-105.081871,39.940654,-105.081871
TIME,2:0:8
SONAR,100,150,150,150,100
BEARING,343.00,338.20,-4.80
MOTORS,64,75
SONAR,100,150,150,150,100
BEARING,343.00,338.20,-4.80
MOTORS,64,75
SONAR,100,150,150,150,100
BEARING,344.00,338.20,-5.80
MOTORS,62,75
GPS,39.940662,-105.081871,39.940662,-105.081871
TIME,2:0:8
SONAR,100,150,150,150,100
BEARING,344.00,336.80,-7.20
MOTORS,60,75
GPS,39.940662,-105.081871,39.940662,-105.081871
TIME,2:0:9
SONAR,100,150,150,150,100
BEARING,342.00,336.80,-5.20
MOTORS,64,75
SONAR,100,150,150,150,100
BEARING,344.00,336.80,-7.20
MOTORS,60,75
SONAR,100,150,150,150,100
BEARING,345.00,336.80,-8.20
MOTORS,57,75
GPS,39.940670,-105.081871,39.940670,-105.081871
TIME,2:0:9
SONAR,100,150,150,150,100
BEARING,342.00,335.22,-6.78
MOTORS,60,75
GPS,39.940670,-105.081871,39.940670,-105.081871
TIME,2:0:9
SONAR,100,150,150,150,100
BEARING,341.00,335.22,-5.78
MOTORS,62,75
GPS,39.940673,-105.081871,39.940673,-105.081871
TIME,2:0:9
SONAR,100,150,150,150,100
BEARING,340.00,334.36,-5.64
MOTORS,63,75
SONAR,100,150,150,150,100
BEARING,341.00,334.36,-6.64
MOTORS,61,75
SONAR,100,150,150,150,100
BEARING,340.00,334.36,-5.64
MOTORS,63,75
GPS,39.940681,-105.081871,39.940681,-105.081871
TIME,2:0:10
SONAR,100,150,150,150,100
BEARING,341.00,332.45,-8.55
MOTORS,57,75
GPS,39.940681,-105.081871,39.940681,-105.081871
TIME,2:0:10
SONAR,100,150,150,150,100
BEARING,339.00,332.45,-6.55
MOTORS,61,75
SONAR,100,150,150,150,100
BEARING,338.00,332.45,-5.55
MOTORS,63,75
SONAR,100,150,150,150,100
BEARING,338.00,332.45,-5.55
MOTORS,63,75
SONAR,100,56,150,150,100
AVOID_OBSTACLE,TURN_RIGHT
MOTORS,100,0
SONAR,100,150,150,150,100
AVOID_OBSTACLE,DONE
MOTORS,0,0
BEARING,342.00,332.45,-9.55
MOTORS,55,75
SONAR,100,150,150,150,100
BEARING,343.00,332.45,-10.55
MOTORS,53,75
GPS,39.940696,-105.081886,39.940696,-105.081886
TIME,2:0:11
SONAR,100,150,150,150,100
BEARING,345.00,337.17,-7.83
MOTORS,58,75
GPS,39.940696,-105.081886,39.940696,-105.081886
TIME,2:0:11
SONAR,100,150,150,150,100
BEARING,342.00,337.17,-4.83
MOTORS,64,75
GPS,39.940696,-105.081886,39.940696,-105.081886
TIME,2:0:11
SONAR,100,150,150,150,100
BEARING,342.00,337.17,-4.83
MOTORS,64,75
SONAR,100,150,150,150,100
BEARING,341.00,337.17,-3.83
MOTORS,67,75
SONAR,100,150,150,150,100
BEARING,342.00,337.17,-4.83
MOTORS,64,75
GPS,39.940696,-105.081886,39.940696,-105.081886
TIME,2:0:12
SONAR,100,150,150,150,100
BEARING,341.00,337.17,-3.83
MOTORS,67,75
GPS,39.940700,-105.081886,39.940700,-105.081886
TIME,2:0:12
SONAR,100,150,150,150,100
BEARING,342.00,336.04,-5.96
MOTORS,62,75
GPS,39.940700,-105.081886,39.940700,-105.081886
TIME,2:0:12
SONAR,100,150,150,148,100
BEARING,343.00,336.04,-6.96
MOTORS,60,75
GPS,39.940708,-105.081886,39.940708,-105.081886
TIME,2:0:12
SONAR,100,150,150,150,100
BEARING,341.00,333.43,-7.57
MOTORS,59,75
SONAR,100,150,150,150,100
BEARING,340.00,333.43,-6.57
MOTORS,61,75
SONAR,100,150,150,150,100
BEARING,341.00,333.43,-7.57
MOTORS,59,75
GPS,39.940711,-105.081886,39.940711,-105.081886
TIME,2:0:13
SONAR,100,150,150,150,100
BEARING,340.00,331.93,-8.07
MOTORS,58,75
GPS,39.940715,-105.081886,39.940715,-105.081886
TIME,2:0:13
SONAR,100,150,150,150,100
BEARING,336.00,330.26,-5.74
MOTORS,63,75
SONAR,100,150,150,150,100
BEARING,337.00,330.26,-6.74
MOTORS,60,75
SONAR,100,150,150,150,100
BEARING,337.00,330.26,-6.74
MOTORS,60,75
GPS,39.940719,-105.081886,39.940719,-105.081886
TIME,2:0:13
SONAR,100,150,150,150,100
BEARING,337.00,328.39,-8.61
MOTORS,57,75
GPS,39.940723,-105.081901,39.940723,-105.081901
TIME,2:0:14
SONAR,100,150,150,150,100
BEARING,336.00,341.57,5.57
MOTORS,75,63
