START
ROUTE_BEGIN
39.940769, -105.081916
39.940567, -105.081886
39.940448, -105.081779
39.940769, -105.081916
ROUTE_END
WAYPOINT,0,39.94,-105.08
GPS_NO_FIX
MOTORS,0,0
GPS_FIX
GPS,39.940544,-105.081947,39.940544,-105.081947
TIME,1:53:56
GPS,39.940544,-105.081947,39.940544,-105.081947
TIME,1:53:56
GPS,39.940544,-105.081947,39.940544,-105.081947
TIME,1:53:57
GPS,39.940544,-105.081947,39.940544,-105.081947
TIME,1:53:57
GPS,39.940544,-105.081947,39.940544,-105.081947
TIME,1:53:57
GPS,39.940544,-105.081947,39.940544,-105.081947
TIME,1:53:57
GPS,39.940544,-105.081947,39.940544,-105.081947
TIME,1:53:57
START_BUTTON_ACTIVATED
SONAR,100,32,150,150,100
AVOID_OBSTACLE,TURN_RIGHT
MOTORS,100,0
SONAR,100,150,150,150,100
AVOID_OBSTACLE,DONE
MOTORS,0,0
BEARING,16.00,7.72,-8.28
MOTORS,95,100
SONAR,100,150,150,150,100
BEARING,16.00,7.72,-8.28
MOTORS,95,100
SONAR,100,150,150,150,100
BEARING,16.00,7.72,-8.28
MOTORS,95,100
GPS,39.940544,-105.081947,39.940544,-105.081947
TIME,1:53:58
SONAR,100,150,150,150,100
BEARING,18.00,7.72,-10.28
MOTORS,94,100
GPS,39.940544,-105.081947,39.940544,-105.081947
TIME,1:53:58
SONAR,100,150,150,150,100
BEARING,18.00,7.72,-10.28
MOTORS,94,100
SONAR,100,150,150,150,100
BEARING,15.00,7.72,-7.28
MOTORS,95,100
SONAR,100,150,150,150,100
BEARING,13.00,7.72,-5.28
MOTORS,97,100
GPS,39.940544,-105.081947,39.940544,-105.081947
TIME,1:53:59
SONAR,100,150,150,129,100
BEARING,12.00,7.72,-4.28
MOTORS,97,100
GPS,39.940544,-105.081947,39.940544,-105.081947
TIME,1:53:59
SONAR,100,150,150,150,100
BEARING,12.00,7.72,-4.28
MOTORS,97,100
GPS,39.940544,-105.081947,39.940544,-105.081947
TIME,1:53:59
SONAR,100,150,150,150,100
BEARING,14.00,7.72,-6.28
MOTORS,96,100
SONAR,100,150,150,150,100
BEARING,14.00,7.72,-6.28
MOTORS,96,100
SONAR,100,150,150,150,100
BEARING,15.00,7.72,-7.28
MOTORS,95,100
GPS,39.940551,-105.081947,39.940551,-105.081947
TIME,1:53:59
SONAR,100,150,150,150,100
BEARING,16.00,7.99,-8.01
MOTORS,95,100
GPS,39.940555,-105.081947,39.940555,-105.081947
TIME,1:54:0
SONAR,100,150,150,150,100
BEARING,16.00,8.13,-7.87
MOTORS,95,100
GPS,39.940559,-105.081947,39.940559,-105.081947
TIME,1:54:0
SONAR,100,150,150,150,100
BEARING,16.00,8.28,-7.72
MOTORS,95,100
SONAR,100,150,150,150,100
BEARING,15.00,8.28,-6.72
MOTORS,96,100
SONAR,100,150,150,150,100
BEARING,17.00,8.28,-8.72
MOTORS,95,100
GPS,39.940567,-105.081932,39.940567,-105.081932
TIME,1:54:0
SONAR,100,150,150,150,100
BEARING,18.00,4.32,-13.68
MOTORS,92,100
GPS,39.940570,-105.081932,39.940570,-105.081932
TIME,1:54:0
SONAR,100,150,150,150,100
BEARING,17.00,4.40,-12.60
MOTORS,92,100
GPS,39.940578,-105.081932,39.940578,-105.081932
TIME,1:54:1
SONAR,100,150,150,150,100
BEARING,17.00,4.57,-12.43
MOTORS,93,100
GPS,39.940586,-105.081932,39.940586,-105.081932
TIME,1:54:1
SONAR,100,150,150,150,100
BEARING,17.00,4.76,-12.24
MOTORS,93,100
SONAR,100,150,150,150,100
BEARING,18.00,4.76,-13.24
MOTORS,92,100
GPS,39.940589,-105.081932,39.940589,-105.081932
TIME,1:54:1
SONAR,100,150,150,150,100
BEARING,18.00,4.86,-13.14
MOTORS,92,100
GPS,39.940597,-105.081932,39.940597,-105.081932
TIME,1:54:1
SONAR,100,150,150,150,100
BEARING,16.00,5.08,-10.92
MOTORS,93,100
GPS,39.940601,-105.081932,39.940601,-105.081932
TIME,1:54:1
SONAR,100,150,150,150,100
BEARING,17.00,5.19,-11.81
MOTORS,93,100
SONAR,100,150,150,150,100
BEARING,18.00,5.19,-12.81
MOTORS,92,100
SONAR,100,150,150,150,100
BEARING,19.00,5.19,-13.81
MOTORS,92,100
GPS,39.940608,-105.081932,39.940608,-105.081932
TIME,1:54:2
SONAR,100,150,150,150,100
BEARING,18.00,5.44,-12.56
MOTORS,93,100
GPS,39.940616,-105.081932,39.940616,-105.081932
TIME,1:54:2
SONAR,100,150,150,150,100
BEARING,16.00,5.71,-10.29
MOTORS,94,100
SONAR,100,150,150,150,100
BEARING,17.00,5.71,-11.29
MOTORS,93,100
SONAR,100,150,150,150,100
BEARING,18.00,5.71,-12.29
MOTORS,93,100
SONAR,100,150,150,150,100
BEARING,17.00,5.71,-11.29
MOTORS,93,100
GPS,39.940628,-105.081932,39.940628,-105.081932
TIME,1:54:3
SONAR,100,150,150,150,100
BEARING,17.00,6.17,-10.83
MOTORS,93,100
GPS,39.940631,-105.081932,39.940631,-105.081932
TIME,1:54:3
SONAR,100,150,150,150,100
BEARING,17.00,6.34,-10.66
MOTORS,94,100
GPS,39.940635,-105.081932,39.940635,-105.081932
TIME,1:54:3
SONAR,100,150,150,150,100
BEARING,16.00,6.52,-9.48
MOTORS,94,100
SONAR,100,150,150,150,100
BEARING,17.00,6.52,-10.48
MOTORS,94,100
GPS,39.940639,-105.081932,39.940639,-105.081932
TIME,1:54:3
SONAR,100,150,150,150,100
BEARING,16.00,6.71,-9.29
MOTORS,94,100
GPS,39.940647,-105.081932,39.940647,-105.081932
TIME,1:54:3
SONAR,100,150,150,150,100
BEARING,17.00,7.13,-9.87
MOTORS,94,100
GPS,39.940650,-105.081916,39.940650,-105.081916
TIME,1:54:4
SONAR,100,150,150,150,100
BEARING,18.00,360.00,-18.00
MOTORS,90,100
SONAR,100,150,150,150,100
BEARING,18.00,360.00,-18.00
MOTORS,90,100
SONAR,100,150,150,150,100
BEARING,17.00,360.00,-17.00
MOTORS,90,100
SONAR,100,150,150,150,100
BEARING,18.00,360.00,-18.00
MOTORS,90,100
GPS,39.940662,-105.081916,39.940662,-105.081916
TIME,1:54:4
SONAR,100,150,150,150,100
BEARING,16.00,360.00,-16.00
MOTORS,91,100
GPS,39.940670,-105.081916,39.940670,-105.081916
TIME,1:54:4
SONAR,100,150,150,150,100
BEARING,14.00,360.00,-14.00
MOTORS,92,100
SONAR,100,150,150,150,100
BEARING,15.00,360.00,-15.00
MOTORS,91,100
SONAR,100,150,150,150,100
BEARING,14.00,360.00,-14.00
MOTORS,92,100
GPS,39.940677,-105.081916,39.940677,-105.081916
TIME,1:54:5
SONAR,100,150,150,147,100
BEARING,14.00,360.00,-14.00
MOTORS,92,100
GPS,39.940681,-105.081916,39.940681,-105.081916
TIME,1:54:5
SONAR,100,150,150,150,100
BEARING,15.00,360.00,-15.00
MOTORS,91,100
GPS,39.940685,-105.081901,39.940685,-105.081901
TIME,1:54:5
SONAR,100,150,150,150,100
BEARING,14.00,349.70,-24.30
MOTORS,86,100
SONAR,100,150,150,150,100
BEARING,13.00,349.70,-23.30
MOTORS,87,100
SONAR,100,150,150,150,100
BEARING,12.00,349.70,-22.30
MOTORS,87,100
GPS,39.940692,-105.081901,39.940692,-105.081901
TIME,1:54:6
SONAR,100,150,150,150,100
BEARING,10.00,348.69,-21.31
MOTORS,88,100
GPS,39.940696,-105.081901,39.940696,-105.081901
TIME,1:54:6
SONAR,100,150,150,150,100
BEARING,10.00,348.11,-21.89
MOTORS,87,100
GPS,39.940700,-105.081901,39.940700,-105.081901
TIME,1:54:6
SONAR,100,150,150,150,100
BEARING,8.00,347.47,-20.53
MOTORS,88,100
SONAR,100,150,150,130,100
BEARING,8.00,347.47,-20.53
MOTORS,88,100
GPS,39.940708,-105.081901,39.940708,-105.081901
TIME,1:54:6
SONAR,100,150,150,150,100
BEARING,8.00,345.96,-22.04
MOTORS,87,100
GPS,39.940715,-105.081901,39.940715,-105.081901
TIME,1:54:6
SONAR,100,150,150,150,100
BEARING,7.00,344.05,-22.95
MOTORS,87,100
GPS,39.940719,-105.081901,39.940719,-105.081901
TIME,1:54:7
SONAR,100,150,150,150,100
BEARING,6.00,342.90,-23.10
MOTORS,87,100
SONAR,100,150,150,150,100
BEARING,3.00,342.90,-20.10
MOTORS,88,100
SONAR,100,150,150,150,100
BEARING,1.00,342.90,-18.10
MOTORS,89,100
GPS,39.940727,-105.081901,39.940727,-105.081901
TIME,1:54:7
SONAR,100,150,150,150,100
BEARING,2.00,340.02,-21.98
MOTORS,87,100
GPS,39.940731,-105.081901,39.940731,-105.081901
TIME,1:54:7
SONAR,100,150,150,150,100
BEARING,0.00,338.20,-21.80
MOTORS,87,100
GPS,39.940734,-105.081901,39.940734,-105.081901
TIME,1:54:7
SONAR,100,150,150,150,100
BEARING,0.00,336.04,-23.96
REACHED_WAYPOINT
WAYPOINT,1,39.94,-105.08
MOTORS,87,100
SONAR,100,150,150,150,100
BEARING,359.00,174.81,175.81
MOTORS,100,0
SONAR,100,150,150,150,100
BEARING,11.00,174.81,163.81
MOTORS,100,0
GPS,39.940746,-105.081901,39.940746,-105.081901
TIME,1:54:8
SONAR,100,150,150,150,100
BEARING,44.00,175.14,131.14
MOTORS,100,0
GPS,39.940750,-105.081901,39.940750,-105.081901
TIME,1:54:8
SONAR,100,150,150,150,100
BEARING,68.00,175.24,107.24
MOTORS,100,0
GPS,39.940753,-105.081901,39.940753,-105.081901
TIME,1:54:8
SONAR,100,150,150,150,100
BEARING,89.00,175.33,86.33
MOTORS,100,0
SONAR,100,150,150,150,100
BEARING,107.00,175.33,68.33
MOTORS,100,62
SONAR,100,150,150,150,100
BEARING,131.00,175.33,44.33
MOTORS,100,75
GPS,39.940757,-105.081886,39.940757,-105.081886
TIME,1:54:9
SONAR,100,150,150,150,100
BEARING,153.00,180.00,27.00
MOTORS,100,85
GPS,39.940757,-105.081886,39.940757,-105.081886
TIME,1:54:9
SONAR,100,150,150,150,100
BEARING,159.00,180.00,21.00
MOTORS,100,88
GPS,39.940753,-105.081886,39.940753,-105.081886
TIME,1:54:9
SONAR,100,150,150,150,100
BEARING,167.00,180.00,13.00
MOTORS,100,92
GPS,39.940753,-105.081886,39.940753,-105.081886
TIME,1:54:9
SONAR,100,41,150,150,100
AVOID_OBSTACLE,TURN_RIGHT
MOTORS,100,0
SONAR,100,150,150,150,100
AVOID_OBSTACLE,DONE
MOTORS,0,0
BEARING,194.00,180.00,-14.00
MOTORS,92,100
GPS,39.940746,-105.081886,39.940746,-105.081886
TIME,1:54:10
SONAR,100,150,150,150,100
BEARING,195.00,180.00,-15.00
MOTORS,91,100
GPS,39.940746,-105.081886,39.940746,-105.081886
TIME,1:54:10
SONAR,100,150,150,150,100
BEARING,197.00,180.00,-17.00
MOTORS,90,100
SONAR,100,150,150,150,100
BEARING,197.00,180.00,-17.00
MOTORS,90,100
GPS,39.940742,-105.081886,39.940742,-105.081886
TIME,1:54:10
SONAR,100,150,150,150,100
BEARING,199.00,180.00,-19.00
MOTORS,89,100
GPS,39.940738,-105.081886,39.940738,-105.081886
TIME,1:54:10
SONAR,100,150,150,150,100
BEARING,194.00,180.00,-14.00
MOTORS,92,100
GPS,39.940738,-105.081901,39.940738,-105.081901
TIME,1:54:10
SONAR,100,150,150,150,100
BEARING,197.00,174.92,-22.08
MOTORS,87,100
GPS,39.940734,-105.081901,39.940734,-105.081901
TIME,1:54:11
SONAR,100,150,150,150,100
BEARING,197.00,174.81,-22.19
MOTORS,87,100
SONAR,100,150,150,150,100
BEARING,195.00,174.81,-20.19
MOTORS,88,100
SONAR,100,150,150,150,100
BEARING,195.00,174.81,-20.19
MOTORS,88,100
GPS,39.940731,-105.081901,39.940731,-105.081901
TIME,1:54:11
SONAR,100,150,150,150,100
BEARING,195.00,174.69,-20.31
MOTORS,88,100
GPS,39.940727,-105.081901,39.940727,-105.081901
TIME,1:54:11
SONAR,100,150,150,150,100
BEARING,195.00,174.56,-20.44
MOTORS,88,100
SONAR,100,150,150,150,100
BEARING,195.00,174.56,-20.44
MOTORS,88,100
SONAR,100,150,150,150,100
BEARING,196.00,174.56,-21.44
MOTORS,88,100
GPS,39.940719,-105.081916,39.940719,-105.081916
TIME,1:54:12
SONAR,100,150,150,150,100
BEARING,194.00,168.69,-25.31
MOTORS,85,100
GPS,39.940715,-105.081916,39.940715,-105.081916
TIME,1:54:12
SONAR,100,150,150,150,100
BEARING,195.00,168.41,-26.59
MOTORS,85,100
GPS,39.940708,-105.081916,39.940708,-105.081916
TIME,1:54:12
SONAR,100,150,150,150,100
BEARING,194.00,167.80,-26.20
MOTORS,85,100
SONAR,100,150,150,150,100
BEARING,193.00,167.80,-25.20
MOTORS,85,100
SONAR,100,150,150,150,100
BEARING,194.00,167.80,-26.20
MOTORS,85,100
GPS,39.940696,-105.081916,39.940696,-105.081916
TIME,1:54:12
SONAR,100,150,150,150,100
BEARING,191.00,166.76,-24.24
MOTORS,86,100
GPS,39.940692,-105.081916,39.940692,-105.081916
TIME,1:54:13
SONAR,100,150,150,150,100
BEARING,194.00,166.37,-27.63
MOTORS,84,100
GPS,39.940689,-105.081932,39.940689,-105.081932
TIME,1:54:13
SONAR,100,150,150,150,100
BEARING,193.00,159.44,-33.56
MOTORS,81,100
SONAR,100,150,150,150,100
BEARING,191.00,159.44,-31.56
MOTORS,82,100
GPS,39.940681,-105.081932,39.940681,-105.081932
TIME,1:54:13
SONAR,100,150,150,150,100
BEARING,184.00,158.20,-25.80
MOTORS,85,100
GPS,39.940677,-105.081932,39.940677,-105.081932
TIME,1:54:13
SONAR,100,150,150,150,100
BEARING,183.00,157.52,-25.48
MOTORS,85,100
GPS,39.940673,-105.081932,39.940673,-105.081932
TIME,1:54:13
SONAR,100,150,150,150,100
BEARING,180.00,156.80,-23.20
MOTORS,87,100
SONAR,100,150,51,150,100
AVOID_OBSTACLE,TURN_RIGHT
MOTORS,100,0
SONAR,100,150,150,150,100
AVOID_OBSTACLE,DONE
MOTORS,0,0
BEARING,202.00,156.80,-45.20
MOTORS,74,100
GPS,39.940658,-105.081932,39.940658,-105.081932
TIME,1:54:14
SONAR,100,150,150,150,100
BEARING,210.00,153.43,-56.57
MOTORS,68,100
SONAR,100,150,150,150,100
BEARING,212.00,153.43,-58.57
MOTORS,67,100
SONAR,100,150,150,150,100
BEARING,215.00,153.43,-61.57
MOTORS,65,100
GPS,39.940654,-105.081932,39.940654,-105.081932
TIME,1:54:14
SONAR,100,150,150,150,100
BEARING,211.00,152.45,-58.55
MOTORS,67,100
GPS,39.940650,-105.081932,39.940650,-105.081932
TIME,1:54:15
SONAR,100,150,150,150,100
BEARING,204.00,151.39,-52.61
MOTORS,70,100
GPS,39.940650,-105.081932,39.940650,-105.081932
TIME,1:54:15
SONAR,100,150,150,150,100
BEARING,200.00,151.39,-48.61
MOTORS,72,100
SONAR,100,150,150,150,100
BEARING,193.00,151.39,-41.61
MOTORS,76,100
SONAR,100,150,150,150,100
BEARING,188.00,151.39,-36.61
MOTORS,79,100
GPS,39.940647,-105.081947,39.940647,-105.081947
TIME,1:54:15
SONAR,100,150,150,150,100
BEARING,184.00,142.70,-41.30
MOTORS,77,100
GPS,39.940639,-105.081947,39.940639,-105.081947
TIME,1:54:15
SONAR,100,150,150,150,100
BEARING,179.00,139.90,-39.10
MOTORS,78,100
GPS,39.940635,-105.081947,39.940635,-105.081947
TIME,1:54:16
SONAR,100,150,150,150,100
BEARING,179.00,138.37,-40.63
MOTORS,77,100
SONAR,100,150,150,150,100
BEARING,175.00,138.37,-36.63
MOTORS,79,100
SONAR,100,150,150,150,100
BEARING,169.00,138.37,-30.63
MOTORS,82,100
GPS,39.940628,-105.081947,39.940628,-105.081947
TIME,1:54:16
SONAR,100,150,150,150,100
BEARING,168.00,135.00,-33.00
MOTORS,81,100
GPS,39.940624,-105.081947,39.940624,-105.081947
TIME,1:54:16
SONAR,100,150,150,150,100
BEARING,166.00,133.15,-32.85
MOTORS,81,100
GPS,39.940620,-105.081947,39.940620,-105.081947
TIME,1:54:16
SONAR,100,150,150,150,100
BEARING,161.00,131.19,-29.81
MOTORS,83,100
SONAR,100,150,150,150,100
BEARING,153.00,131.19,-21.81
MOTORS,87,100
GPS,39.940616,-105.081947,39.940616,-105.081947
TIME,1:54:17
SONAR,100,150,150,150,100
BEARING,151.00,129.09,-21.91
MOTORS,87,100
GPS,39.940608,-105.081947,39.940608,-105.081947
TIME,1:54:17
SONAR,100,150,150,150,100
BEARING,159.00,124.51,-34.49
MOTORS,80,100
GPS,39.940605,-105.081947,39.940605,-105.081947
TIME,1:54:17
SONAR,100,150,150,150,100
BEARING,171.00,122.01,-48.99
MOTORS,72,100
GPS,39.940597,-105.081947,39.940597,-105.081947
TIME,1:54:17
SONAR,100,150,150,150,100
BEARING,167.00,116.57,-50.43
MOTORS,71,100
SONAR,100,150,150,150,100
BEARING,164.00,116.57,-47.43
MOTORS,73,100
SONAR,100,150,150,150,100
BEARING,157.00,116.57,-40.43
MOTORS,77,100
GPS,39.940589,-105.081947,39.940589,-105.081947
TIME,1:54:18
SONAR,100,150,150,150,100
BEARING,154.00,110.56,-43.44
MOTORS,75,100
GPS,39.940578,-105.081947,39.940578,-105.081947
TIME,1:54:18
SONAR,100,150,150,150,100
BEARING,144.00,100.62,-43.38
MOTORS,75,100
SONAR,100,150,150,150,100
BEARING,142.00,100.62,-41.38
MOTORS,77,100
SONAR,100,150,150,150,100
BEARING,147.00,100.62,-46.38
MOTORS,74,100
GPS,39.940567,-105.081947,39.940567,-105.081947
TIME,1:54:18
SONAR,100,37,150,150,100
AVOID_OBSTACLE,TURN_RIGHT
MOTORS,100,0
SONAR,100,150,150,150,100
AVOID_OBSTACLE,DONE
MOTORS,0,0
BEARING,132.00,90.00,-42.00
MOTORS,76,100
SONAR,100,150,150,150,100
BEARING,130.00,90.00,-40.00
MOTORS,77,100
GPS,39.940555,-105.081947,39.940555,-105.081947
TIME,1:54:19
SONAR,100,150,150,150,100
BEARING,130.00,79.38,-50.62
MOTORS,71,100
GPS,39.940551,-105.081932,39.940551,-105.081932
TIME,1:54:19
SONAR,100,150,150,150,100
BEARING,138.00,71.57,-66.43
MOTORS,63,100
GPS,39.940551,-105.081932,39.940551,-105.081932
TIME,1:54:19
SONAR,100,150,150,150,100
BEARING,123.00,71.57,-51.43
MOTORS,71,100
SONAR,100,150,150,150,100
BEARING,113.00,71.57,-41.43
MOTORS,76,100
SONAR,100,150,150,150,100
BEARING,112.00,71.57,-40.43
MOTORS,77,100
GPS,39.940547,-105.081932,39.940547,-105.081932
TIME,1:54:20
SONAR,100,150,150,150,100
BEARING,109.00,67.38,-41.62
MOTORS,76,100
GPS,39.940544,-105.081932,39.940544,-105.081932
TIME,1:54:20
SONAR,100,150,150,150,100
BEARING,107.00,63.43,-43.57
MOTORS,75,100
SONAR,100,150,150,150,100
BEARING,109.00,63.43,-45.57
MOTORS,74,100
SONAR,100,21,20,150,100
AVOID_OBSTACLE,TURN_RIGHT
MOTORS,100,0
SONAR,100,3,5,150,100
SONAR,100,5,150,150,100
SONAR,100,150,150,150,100
AVOID_OBSTACLE,DONE
MOTORS,0,0
BEARING,122.00,63.43,-58.57
MOTORS,67,100
SONAR,100,150,150,150,100
BEARING,122.00,63.43,-58.57
MOTORS,67,100
GPS,39.940532,-105.081916,39.940532,-105.081916
TIME,1:54:21
SONAR,100,150,2,150,100
AVOID_OBSTACLE,TURN_RIGHT
MOTORS,100,0
SONAR,100,150,150,150,100
AVOID_OBSTACLE,DONE
MOTORS,0,0
BEARING,124.00,41.63,-82.37
REACHED_WAYPOINT
WAYPOINT,2,39.94,-105.08
MOTORS,67,100
SONAR,100,150,150,150,100
BEARING,122.00,121.43,-0.57
MOTORS,99,100
GPS,39.940532,-105.081916,39.940532,-105.081916
TIME,1:54:21
SONAR,100,150,150,150,100
BEARING,119.00,121.43,2.43
MOTORS,100,98
GPS,39.940532,-105.081916,39.940532,-105.081916
TIME,1:54:22
SONAR,100,150,150,150,100
BEARING,121.00,121.43,0.43
MOTORS,100,99
GPS,39.940532,-105.081932,39.940532,-105.081932
TIME,1:54:22
SONAR,100,150,150,150,100
BEARING,119.00,118.81,-0.19
MOTORS,99,100
SONAR,100,150,150,150,100
BEARING,122.00,118.81,-3.19
MOTORS,98,100
SONAR,100,150,150,150,100
BEARING,122.00,118.81,-3.19
MOTORS,98,100
GPS,39.940528,-105.081916,39.940528,-105.081916
TIME,1:54:22
SONAR,100,150,150,150,100
BEARING,122.00,120.26,-1.74
MOTORS,99,100
GPS,39.940528,-105.081916,39.940528,-105.081916
TIME,1:54:22
SONAR,100,150,150,150,100
BEARING,124.00,120.26,-3.74
MOTORS,97,100
SONAR,100,150,150,150,100
BEARING,128.00,120.26,-7.74
MOTORS,95,100
SONAR,100,150,150,150,100
BEARING,136.00,120.26,-15.74
MOTORS,91,100
SONAR,100,150,150,150,100
BEARING,117.00,120.26,3.26
MOTORS,100,98
GPS,39.940517,-105.081916,39.940517,-105.081916
TIME,1:54:23
SONAR,100,150,150,150,100
BEARING,116.00,116.57,0.57
MOTORS,100,99
GPS,39.940513,-105.081916,39.940513,-105.081916
TIME,1:54:23
SONAR,100,150,150,150,100
BEARING,113.00,115.28,2.28
MOTORS,100,98
SONAR,100,150,150,150,100
BEARING,111.00,115.28,4.28
MOTORS,100,97
SONAR,100,150,150,150,100
BEARING,123.00,115.28,-7.72
MOTORS,95,100
GPS,39.940505,-105.081916,39.940505,-105.081916
TIME,1:54:24
SONAR,100,150,150,150,100
BEARING,121.00,112.62,-8.38
MOTORS,95,100
GPS,39.940502,-105.081901,39.940502,-105.081901
TIME,1:54:24
SONAR,100,150,150,150,100
BEARING,123.00,113.63,-9.37
MOTORS,94,100
GPS,39.940498,-105.081901,39.940498,-105.081901
TIME,1:54:24
SONAR,100,150,150,150,100
BEARING,128.00,112.11,-15.89
MOTORS,91,100
SONAR,100,150,150,150,100
BEARING,133.00,112.11,-20.89
MOTORS,88,100
SONAR,100,150,150,150,100
BEARING,130.00,112.11,-17.89
MOTORS,90,100
SONAR,100,150,150,150,100
BEARING,130.00,112.11,-17.89
MOTORS,90,100
GPS,39.940486,-105.081901,39.940486,-105.081901
TIME,1:54:25
SONAR,100,150,150,130,100
BEARING,132.00,107.35,-24.65
MOTORS,86,100
GPS,39.940483,-105.081901,39.940483,-105.081901
TIME,1:54:25
SONAR,100,150,150,108,100
BEARING,133.00,105.71,-27.29
MOTORS,84,100
SONAR,100,150,150,150,100
BEARING,134.00,105.71,-28.29
MOTORS,84,100
SONAR,100,150,150,150,100
BEARING,135.00,105.71,-29.29
MOTORS,83,100
GPS,39.940475,-105.081901,39.940475,-105.081901
TIME,1:54:25
SONAR,100,150,150,150,100
BEARING,114.00,102.34,-11.66
MOTORS,93,100
GPS,39.940471,-105.081886,39.940471,-105.081886
TIME,1:54:25
SONAR,100,20,27,150,100
AVOID_OBSTACLE,TURN_RIGHT
MOTORS,100,0
SONAR,100,150,150,150,100
AVOID_OBSTACLE,DONE
MOTORS,0,0
BEARING,114.00,102.09,-11.91
MOTORS,93,100
GPS,39.940464,-105.081886,39.940464,-105.081886
TIME,1:54:26
SONAR,100,150,150,150,100
BEARING,119.00,98.13,-20.87
MOTORS,88,100
GPS,39.940456,-105.081886,39.940456,-105.081886
TIME,1:54:26
SONAR,100,150,150,150,100
BEARING,120.00,94.09,-25.91
MOTORS,85,100
SONAR,100,150,150,150,100
BEARING,123.00,94.09,-28.91
MOTORS,83,100
SONAR,100,150,150,150,100
BEARING,124.00,94.09,-29.91
MOTORS,83,100
GPS,39.940456,-105.081886,39.940456,-105.081886
TIME,1:54:26
SONAR,100,52,150,150,100
AVOID_OBSTACLE,TURN_RIGHT
MOTORS,100,0
SONAR,100,14,74,150,100
SONAR,100,45,57,150,100
SONAR,100,59,51,150,100
SONAR,100,150,150,150,100
AVOID_OBSTACLE,DONE
MOTORS,0,0
BEARING,117.00,94.09,-22.91
MOTORS,87,100
GPS,39.940456,-105.081886,39.940456,-105.081886
TIME,1:54:27
SONAR,100,43,150,150,100
AVOID_OBSTACLE,TURN_RIGHT
MOTORS,100,0
SONAR,100,8,2,150,100
SONAR,100,41,2,150,100
SONAR,100,6,3,150,100
SONAR,100,150,2,150,100
SONAR,100,150,2,150,100
SONAR,100,5,3,150,100
SONAR,100,53,3,150,100
SONAR,100,150,3,150,100
SONAR,100,9,2,150,100
SONAR,100,24,2,150,100
SONAR,100,150,2,150,100
SONAR,100,23,2,150,100
SONAR,100,150,3,150,100
SONAR,100,25,3,150,100
SONAR,100,25,2,150,100
SONAR,100,150,2,150,100
SONAR,100,150,2,150,100
SONAR,100,24,2,150,100
SONAR,100,150,2,150,100
SONAR,100,150,3,150,100
SONAR,100,19,2,150,100
SONAR,100,18,2,150,100
SONAR,100,150,3,150,100
SONAR,100,150,3,150,100
SONAR,100,150,2,150,100
SONAR,100,150,2,150,100
SONAR,100,7,2,150,100
SONAR,100,150,2,150,100
SONAR,100,6,2,150,100
SONAR,100,150,2,150,100
SONAR,100,7,2,150,100
SONAR,100,7,3,150,100
SONAR,100,7,2,150,100
SONAR,100,8,3,150,100
SONAR,100,6,5,150,100
SONAR,100,6,3,150,100
SONAR,100,150,3,150,100
SONAR,100,150,150,150,100
AVOID_OBSTACLE,DONE
MOTORS,0,0
BEARING,28.00,94.09,66.09
MOTORS,100,63
SONAR,100,150,150,150,100
BEARING,29.00,94.09,65.09
MOTORS,100,63
SONAR,100,150,150,150,100
BEARING,28.00,94.09,66.09
MOTORS,100,63
GPS,39.940471,-105.081886,39.940471,-105.081886
TIME,1:54:32
SONAR,100,150,150,150,100
BEARING,29.00,102.09,73.09
MOTORS,100,59
GPS,39.940475,-105.081871,39.940475,-105.081871
TIME,1:54:32
SONAR,100,150,150,150,100
BEARING,33.00,106.26,73.26
MOTORS,100,59
SONAR,100,150,150,150,100
BEARING,38.00,106.26,68.26
MOTORS,100,62
SONAR,100,150,150,150,100
BEARING,41.00,106.26,65.26
MOTORS,100,63
GPS,39.940475,-105.081871,39.940475,-105.081871
TIME,1:54:33
SONAR,100,150,150,150,100
BEARING,49.00,106.26,57.26
MOTORS,100,68
GPS,39.940475,-105.081871,39.940475,-105.081871
TIME,1:54:33
SONAR,100,150,150,150,100
BEARING,53.00,106.26,53.26
MOTORS,100,70
GPS,39.940479,-105.081871,39.940479,-105.081871
TIME,1:54:33
SONAR,100,150,150,150,100
BEARING,58.00,108.43,50.43
MOTORS,100,71
GPS,39.940479,-105.081871,39.940479,-105.081871
TIME,1:54:33
SONAR,100,150,150,150,100
BEARING,63.00,108.43,45.43
MOTORS,100,74
SONAR,100,150,150,150,100
BEARING,69.00,108.43,39.43
MOTORS,100,78
GPS,39.940479,-105.081871,39.940479,-105.081871
TIME,1:54:34
SONAR,100,150,150,150,100
BEARING,74.00,108.43,34.43
MOTORS,100,80
GPS,39.940479,-105.081855,39.940479,-105.081855
TIME,1:54:34
SONAR,100,150,150,150,100
BEARING,77.00,111.80,34.80
MOTORS,100,80
GPS,39.940479,-105.081855,39.940479,-105.081855
TIME,1:54:34
SONAR,100,150,150,150,100
BEARING,84.00,111.80,27.80
MOTORS,100,84
SONAR,100,150,150,150,100
BEARING,88.00,111.80,23.80
MOTORS,100,86
SONAR,100,150,150,150,100
BEARING,92.00,111.80,19.80
MOTORS,100,88
GPS,39.940479,-105.081832,39.940479,-105.081832
TIME,1:54:34
SONAR,100,150,150,150,100
BEARING,98.00,119.74,21.74
MOTORS,100,87
GPS,39.940475,-105.081832,39.940475,-105.081832
TIME,1:54:35
SONAR,100,150,150,150,100
BEARING,103.00,116.57,13.57
MOTORS,100,92
GPS,39.940471,-105.081817,39.940471,-105.081817
TIME,1:54:35
SONAR,100,150,150,150,100
BEARING,108.00,120.96,12.96
MOTORS,100,92
SONAR,100,150,150,150,100
BEARING,113.00,120.96,7.96
MOTORS,100,95
SONAR,100,150,150,150,100
BEARING,118.00,120.96,2.96
MOTORS,100,98
GPS,39.940464,-105.081817,39.940464,-105.081817
TIME,1:54:35
SONAR,100,150,150,150,100
BEARING,123.00,111.80,-11.20
MOTORS,93,100
GPS,39.940456,-105.081802,39.940456,-105.081802
TIME,1:54:35
SONAR,100,150,150,150,100
BEARING,125.00,108.43,-16.57
REACHED_WAYPOINT
WAYPOINT,3,39.94,-105.08
MOTORS,93,100
GPS,39.940452,-105.081802,39.940452,-105.081802
TIME,1:54:36
SONAR,100,150,150,150,100
BEARING,126.00,340.13,-145.87
MOTORS,0,100
SONAR,100,150,150,150,100
BEARING,115.00,340.13,-134.87
MOTORS,0,100
GPS,39.940448,-105.081802,39.940448,-105.081802
TIME,1:54:36
SONAR,100,150,150,150,100
BEARING,83.00,340.35,-102.65
MOTORS,0,100
GPS,39.940441,-105.081802,39.940441,-105.081802
TIME,1:54:36
SONAR,100,150,150,150,100
BEARING,49.00,340.77,-68.23
MOTORS,62,100
GPS,39.940437,-105.081802,39.940437,-105.081802
TIME,1:54:36
SONAR,100,150,150,150,100
BEARING,22.00,340.97,-41.03
MOTORS,77,100
GPS,39.940433,-105.081787,39.940433,-105.081787
TIME,1:54:36
SONAR,100,150,150,150,100
BEARING,0.00,338.88,-21.12
MOTORS,88,100
SONAR,100,45,75,42,100
AVOID_OBSTACLE,TURN_LEFT
MOTORS,0,100
SONAR,100,150,150,150,100
AVOID_OBSTACLE,DONE
MOTORS,0,0
BEARING,353.00,338.88,-14.12
MOTORS,92,100
SONAR,100,150,150,150,100
BEARING,353.00,338.88,-14.12
MOTORS,92,100
SONAR,100,150,150,150,100
BEARING,354.00,338.88,-15.12
MOTORS,91,100
GPS,39.940433,-105.081787,39.940433,-105.081787
TIME,1:54:37
SONAR,100,150,150,150,100
BEARING,354.00,338.88,-15.12
MOTORS,91,100
GPS,39.940433,-105.081787,39.940433,-105.081787
TIME,1:54:37
SONAR,100,150,150,150,100
BEARING,354.00,338.88,-15.12
MOTORS,91,100
SONAR,100,150,150,150,100
BEARING,355.00,338.88,-16.12
MOTORS,91,100
SONAR,100,150,150,150,100
BEARING,356.00,338.88,-17.12
MOTORS,90,100
GPS,39.940433,-105.081787,39.940433,-105.081787
TIME,1:54:38
SONAR,100,150,150,150,100
BEARING,356.00,338.88,-17.12
MOTORS,90,100
GPS,39.940437,-105.081787,39.940437,-105.081787
TIME,1:54:38
SONAR,100,150,150,150,100
BEARING,355.00,338.65,-16.35
MOTORS,90,100
GPS,39.940437,-105.081787,39.940437,-105.081787
TIME,1:54:38
SONAR,100,150,150,150,100
BEARING,356.00,338.65,-17.35
MOTORS,90,100
GPS,39.940441,-105.081787,39.940441,-105.081787
TIME,1:54:38
SONAR,100,150,150,150,100
BEARING,356.00,338.43,-17.57
MOTORS,90,100
SONAR,100,150,150,150,100
BEARING,358.00,338.43,-19.57
MOTORS,89,100
GPS,39.940444,-105.081787,39.940444,-105.081787
TIME,1:54:39
SONAR,100,150,150,150,100
BEARING,359.00,338.20,-20.80
MOTORS,88,100
GPS,39.940448,-105.081787,39.940448,-105.081787
TIME,1:54:39
SONAR,100,150,150,150,100
BEARING,359.00,337.96,-21.04
MOTORS,88,100
GPS,39.940452,-105.081787,39.940452,-105.081787
TIME,1:54:39
SONAR,100,150,150,150,100
BEARING,0.00,337.72,-22.28
MOTORS,87,100
SONAR,100,150,150,150,100
BEARING,1.00,337.72,-23.28
MOTORS,87,100
SONAR,100,150,150,150,100
BEARING,1.00,337.72,-23.28
MOTORS,87,100
GPS,39.940464,-105.081787,39.940464,-105.081787
TIME,1:54:39
SONAR,100,150,150,150,100
BEARING,1.00,336.97,-24.03
MOTORS,86,100
GPS,39.940471,-105.081787,39.940471,-105.081787
TIME,1:54:40
SONAR,100,150,150,150,100
BEARING,0.00,336.45,-23.55
MOTORS,86,100
GPS,39.940475,-105.081787,39.940475,-105.081787
TIME,1:54:40
SONAR,100,150,150,150,100
BEARING,359.00,336.18,-22.82
MOTORS,87,100
SONAR,100,150,150,150,100
BEARING,359.00,336.18,-22.82
MOTORS,87,100
SONAR,100,150,150,150,100
BEARING,0.00,336.18,-23.82
MOTORS,86,100
GPS,39.940483,-105.081787,39.940483,-105.081787
TIME,1:54:40
SONAR,100,150,150,150,100
BEARING,358.00,335.61,-22.39
MOTORS,87,100
GPS,39.940486,-105.081787,39.940486,-105.081787
TIME,1:54:40
SONAR,100,150,150,150,100
BEARING,359.00,335.32,-23.68
MOTORS,86,100
GPS,39.940494,-105.081787,39.940494,-105.081787
TIME,1:54:41
SONAR,100,150,150,150,100
BEARING,358.00,334.72,-23.28
MOTORS,87,100
SONAR,100,150,150,150,100
BEARING,359.00,334.72,-24.28
MOTORS,86,100
GPS,39.940498,-105.081787,39.940498,-105.081787
TIME,1:54:41
SONAR,100,150,150,141,100
BEARING,2.00,334.41,-27.59
MOTORS,84,100
GPS,39.940502,-105.081787,39.940502,-105.081787
TIME,1:54:41
SONAR,100,150,150,118,100
BEARING,11.00,334.09,-36.91
MOTORS,79,100
GPS,39.940505,-105.081787,39.940505,-105.081787
TIME,1:54:41
SONAR,100,150,150,120,100
BEARING,49.00,333.77,-75.23
MOTORS,0,100
GPS,39.940513,-105.081787,39.940513,-105.081787
TIME,1:54:41
SONAR,100,6,99,87,100
AVOID_OBSTACLE,TURN_RIGHT
MOTORS,100,0
SONAR,100,7,75,125,100
SONAR,100,5,77,97,100
SONAR,100,7,94,115,100
SONAR,100,7,93,97,100
SONAR,100,150,93,98,100
SONAR,100,4,93,150,100
SONAR,100,5,99,100,100
SONAR,100,105,85,118,100
SONAR,100,95,84,150,100
SONAR,100,97,95,100,100
SONAR,100,95,92,99,100
SONAR,100,97,81,99,100
SONAR,100,107,93,150,100
SONAR,100,108,93,98,100
SONAR,100,101,94,150,100
SONAR,100,100,96,117,100
SONAR,100,105,94,115,100
SONAR,100,90,94,150,100
SONAR,100,101,86,96,100
SONAR,100,90,84,124,100
SONAR,100,44,90,150,100
SONAR,100,110,87,150,100
SONAR,100,106,116,150,100
AVOID_OBSTACLE,DONE
MOTORS,0,0
BEARING,29.00,333.09,-55.91
MOTORS,68,100
GPS,39.940532,-105.081802,39.940532,-105.081802
TIME,1:54:44
SONAR,100,117,120,150,100
BEARING,8.00,334.18,-33.82
MOTORS,81,100
GPS,39.940532,-105.081802,39.940532,-105.081802
TIME,1:54:45
SONAR,100,44,150,127,100
AVOID_OBSTACLE,TURN_RIGHT
MOTORS,100,0
SONAR,100,150,150,150,100
AVOID_OBSTACLE,DONE
MOTORS,0,0
BEARING,267.00,334.18,67.18
MOTORS,100,62
GPS,39.940532,-105.081817,39.940532,-105.081817
TIME,1:54:45
SONAR,100,150,150,150,100
BEARING,257.00,337.25,80.25
MOTORS,100,0
SONAR,100,150,150,150,100
BEARING,249.00,337.25,88.25
MOTORS,100,0
SONAR,100,150,28,5,100
AVOID_OBSTACLE,TURN_LEFT
MOTORS,0,100
SONAR,100,150,150,150,100
AVOID_OBSTACLE,DONE
MOTORS,0,0
BEARING,214.00,337.25,123.25
MOTORS,100,0
SONAR,100,150,108,150,100
BEARING,193.00,337.25,144.25
MOTORS,100,0
GPS,39.940532,-105.081802,39.940532,-105.081802
TIME,1:54:46
SONAR,100,6,105,150,100
AVOID_OBSTACLE,TURN_RIGHT
MOTORS,100,0
SONAR,100,7,150,150,100
SONAR,100,3,150,150,100
SONAR,100,1,150,150,100
SONAR,100,1,150,150,100
SONAR,100,1,150,150,100
SONAR,100,2,150,150,100
SONAR,100,1,150,150,100
SONAR,100,1,150,150,100
SONAR,100,1,150,150,100
SONAR,100,3,5,150,100
SONAR,100,150,150,150,100
AVOID_OBSTACLE,DONE
MOTORS,0,0
BEARING,97.00,334.18,-122.82
MOTORS,0,100
GPS,39.940528,-105.081817,39.940528,-105.081817
TIME,1:54:47
SONAR,100,150,150,150,100
BEARING,89.00,337.57,-111.43
MOTORS,0,100
GPS,39.940528,-105.081817,39.940528,-105.081817
TIME,1:54:48
SONAR,100,150,150,150,100
BEARING,91.00,337.57,-113.43
MOTORS,0,100
GPS,39.940528,-105.081817,39.940528,-105.081817
TIME,1:54:48
SONAR,100,150,150,150,100
BEARING,108.00,337.57,-130.43
MOTORS,0,100
SONAR,100,150,150,150,100
BEARING,123.00,337.57,-145.43
MOTORS,0,100
SONAR,100,150,150,150,100
BEARING,122.00,337.57,-144.43
MOTORS,0,100
GPS,39.940525,-105.081817,39.940525,-105.081817
TIME,1:54:48
SONAR,100,150,150,150,100
BEARING,134.00,337.89,-156.11
MOTORS,0,100
GPS,39.940525,-105.081817,39.940525,-105.081817
TIME,1:54:48
SONAR,100,150,150,150,100
BEARING,153.00,337.89,-175.11
MOTORS,0,100
SONAR,100,150,150,150,100
BEARING,153.00,337.89,-175.11
MOTORS,0,100
SONAR,100,150,150,5,100
AVOID_OBSTACLE,TURN_LEFT
MOTORS,0,100
SONAR,100,150,150,150,100
AVOID_OBSTACLE,DONE
MOTORS,0,0
BEARING,163.00,337.89,174.89
MOTORS,100,0
SONAR,100,150,150,150,100
BEARING,157.00,337.89,-179.11
MOTORS,0,100
GPS,39.940517,-105.081832,39.940517,-105.081832
TIME,1:54:49
SONAR,100,150,150,150,100
BEARING,142.00,341.57,-160.43
MOTORS,0,100
GPS,39.940517,-105.081832,39.940517,-105.081832
TIME,1:54:49
SONAR,100,150,150,150,100
BEARING,140.00,341.57,-158.43
MOTORS,0,100
GPS,39.940517,-105.081832,39.940517,-105.081832
TIME,1:54:50
SONAR,100,150,150,150,100
BEARING,139.00,341.57,-157.43
MOTORS,0,100
GPS,39.940517,-105.081832,39.940517,-105.081832
TIME,1:54:50
SONAR,100,150,150,150,100
BEARING,137.00,341.57,-155.43
MOTORS,0,100
SONAR,100,150,150,150,100
BEARING,147.00,341.57,-165.43
MOTORS,0,100
SONAR,100,150,150,150,100
BEARING,143.00,341.57,-161.43
MOTORS,0,100
GPS,39.940513,-105.081855,39.940513,-105.081855
TIME,1:54:50
SONAR,100,150,150,150,100
BEARING,133.00,346.57,-146.43
MOTORS,0,100
GPS,39.940513,-105.081855,39.940513,-105.081855
TIME,1:54:50
SONAR,100,150,150,150,100
BEARING,127.00,346.57,-140.43
MOTORS,0,100
GPS,39.940513,-105.081855,39.940513,-105.081855
TIME,1:54:51
SONAR,100,150,150,150,100
BEARING,129.00,346.57,-142.43
MOTORS,0,100
SONAR,100,150,150,150,100
BEARING,128.00,346.57,-141.43
MOTORS,0,100
SONAR,100,150,150,150,100
BEARING,121.00,346.57,-134.43
MOTORS,0,100
SONAR,100,150,150,150,100
BEARING,131.00,346.57,-144.43
MOTORS,0,100
GPS,39.940513,-105.081855,39.940513,-105.081855
TIME,1:54:51
SONAR,100,150,49,5,100
AVOID_OBSTACLE,TURN_LEFT
MOTORS,0,100
SONAR,100,150,150,150,100
AVOID_OBSTACLE,DONE
MOTORS,0,0
BEARING,137.00,346.57,-150.43
MOTORS,0,100
GPS,39.940513,-105.081871,39.940513,-105.081871
TIME,1:54:52
SONAR,100,150,150,5,100
AVOID_OBSTACLE,TURN_LEFT
MOTORS,0,100
SONAR,100,150,150,150,100
AVOID_OBSTACLE,DONE
MOTORS,0,0
BEARING,145.00,349.85,-155.15
MOTORS,0,100
SONAR,100,4,150,150,100
AVOID_OBSTACLE,TURN_RIGHT
MOTORS,100,0
SONAR,100,2,150,150,100
SONAR,100,1,150,150,100
SONAR,100,1,150,150,100
SONAR,100,1,150,150,100
SONAR,100,1,150,150,100
SONAR,100,2,150,150,100
SONAR,100,3,150,150,100
SONAR,100,5,150,150,100
SONAR,100,4,150,150,100
SONAR,100,3,150,150,100
SONAR,100,3,150,150,100
SONAR,100,3,150,150,100
SONAR,100,2,150,150,100
SONAR,100,7,150,150,100
SONAR,100,5,150,150,100
SONAR,100,150,150,150,100
AVOID_OBSTACLE,DONE
MOTORS,0,0
BEARING,111.00,349.85,-121.15
MOTORS,0,100
SONAR,100,150,150,5,100
AVOID_OBSTACLE,TURN_LEFT
MOTORS,0,100
SONAR,100,150,123,150,100
AVOID_OBSTACLE,DONE
MOTORS,0,0
BEARING,60.00,349.85,-70.15
MOTORS,61,100
SONAR,100,150,150,150,100
BEARING,52.00,349.85,-62.15
MOTORS,65,100
GPS,39.940525,-105.081901,39.940525,-105.081901
TIME,1:54:55
SONAR,100,150,150,150,100
BEARING,53.00,356.42,-56.58
MOTORS,68,100
GPS,39.940525,-105.081916,39.940525,-105.081916
TIME,1:54:55
SONAR,100,150,150,150,100
BEARING,64.00,360.00,-64.00
MOTORS,64,100
GPS,39.940525,-105.081916,39.940525,-105.081916
TIME,1:54:55
SONAR,100,150,52,5,100
AVOID_OBSTACLE,TURN_LEFT
MOTORS,0,100
SONAR,100,150,150,150,100
AVOID_OBSTACLE,DONE
MOTORS,0,0
BEARING,178.00,360.00,-178.00
MOTORS,0,100
GPS,39.940517,-105.081916,39.940517,-105.081916
TIME,1:54:56
SONAR,100,150,150,5,100
AVOID_OBSTACLE,TURN_LEFT
MOTORS,0,100
SONAR,100,150,150,150,100
AVOID_OBSTACLE,DONE
MOTORS,0,0
BEARING,157.00,360.00,-157.00
MOTORS,0,100
GPS,39.940517,-105.081916,39.940517,-105.081916
TIME,1:54:56
SONAR,100,150,150,5,100
AVOID_OBSTACLE,TURN_LEFT
MOTORS,0,100
SONAR,100,150,150,150,100
AVOID_OBSTACLE,DONE
MOTORS,0,0
BEARING,156.00,360.00,-156.00
MOTORS,0,100
GPS,39.940517,-105.081932,39.940517,-105.081932
TIME,1:54:56
SONAR,100,150,47,150,100
AVOID_OBSTACLE,TURN_RIGHT
MOTORS,100,0
SONAR,100,51,150,55,100
SONAR,100,52,150,150,100
SONAR,100,42,150,150,100
SONAR,100,49,150,150,100
SONAR,100,150,150,5,100
AVOID_OBSTACLE,DONE
MOTORS,0,0
BEARING,186.00,3.47,177.47
MOTORS,100,0
SONAR,100,150,150,150,100
BEARING,186.00,3.47,177.47
MOTORS,100,0
SONAR,100,150,150,150,100
BEARING,180.00,3.47,-176.53
MOTORS,0,100
GPS,39.940513,-105.081947,39.940513,-105.081947
TIME,1:54:58
SONAR,100,150,51,5,100
AVOID_OBSTACLE,TURN_LEFT
MOTORS,0,100
SONAR,100,150,150,150,100
AVOID_OBSTACLE,DONE
MOTORS,0,0
BEARING,170.00,6.81,-163.19
MOTORS,0,100
GPS,39.940513,-105.081947,39.940513,-105.081947
TIME,1:54:58
SONAR,100,150,150,5,100
AVOID_OBSTACLE,TURN_LEFT
MOTORS,0,100
SONAR,100,150,150,150,100
AVOID_OBSTACLE,DONE
MOTORS,0,0
BEARING,151.00,6.81,-144.19
MOTORS,0,100
GPS,39.940513,-105.081962,39.940513,-105.081962
TIME,1:54:58
SONAR,100,150,150,5,100
AVOID_OBSTACLE,TURN_LEFT
MOTORS,0,100
SONAR,100,150,150,150,100
AVOID_OBSTACLE,DONE
MOTORS,0,0
BEARING,146.00,10.15,-135.85
MOTORS,0,100
GPS,39.940513,-105.081962,39.940513,-105.081962
TIME,1:54:59
SONAR,100,150,150,5,100
AVOID_OBSTACLE,TURN_LEFT
MOTORS,0,100
SONAR,100,150,150,150,100
AVOID_OBSTACLE,DONE
MOTORS,0,0
BEARING,125.00,10.15,-114.85
MOTORS,0,100
SONAR,100,8,150,150,100
AVOID_OBSTACLE,TURN_RIGHT
MOTORS,100,0
SONAR,100,3,2,150,100
SONAR,100,3,3,150,100
SONAR,100,3,2,150,100
SONAR,100,2,2,150,100
SONAR,100,2,2,150,100
SONAR,100,2,3,150,100
SONAR,100,2,3,150,100
SONAR,100,1,3,150,100
SONAR,100,4,3,150,100
SONAR,100,1,3,150,100
SONAR,100,1,3,150,100
SONAR,100,2,3,150,100
SONAR,100,2,3,150,100
SONAR,100,3,3,150,100
SONAR,100,2,3,150,100
SONAR,100,2,3,150,100
SONAR,100,3,150,150,100
SONAR,100,2,3,150,100
SONAR,100,3,3,150,100
SONAR,100,2,4,150,100
SONAR,100,3,4,150,100
SONAR,100,4,3,150,100
SONAR,100,3,4,150,100
SONAR,100,11,150,150,100
SONAR,100,2,150,150,100
SONAR,100,4,150,150,100
SONAR,100,6,5,150,100
SONAR,100,6,150,150,100
SONAR,100,150,150,150,100
AVOID_OBSTACLE,DONE
MOTORS,0,0
BEARING,150.00,10.15,-139.85
MOTORS,0,100
GPS,39.940505,-105.082031,39.940505,-105.082031
TIME,1:55:3
SONAR,100,150,150,150,100
BEARING,149.00,23.50,-125.50
MOTORS,0,100
GPS,39.940505,-105.082031,39.940505,-105.082031
TIME,1:55:3
SONAR,100,150,150,150,100
BEARING,150.00,23.50,-126.50
MOTORS,0,100
GPS,39.940502,-105.082031,39.940502,-105.082031
TIME,1:55:3
SONAR,100,150,150,150,100
BEARING,148.00,23.20,-124.80
MOTORS,0,100
GPS,39.940502,-105.082031,39.940502,-105.082031
TIME,1:55:3
SONAR,100,150,150,150,100
BEARING,150.00,23.20,-126.80
MOTORS,0,100
SONAR,100,150,150,150,100
BEARING,151.00,23.20,-127.80
MOTORS,0,100
SONAR,100,3,150,150,100
AVOID_OBSTACLE,TURN_RIGHT
MOTORS,100,0
SONAR,100,150,150,150,100
AVOID_OBSTACLE,DONE
MOTORS,0,0
BEARING,154.00,23.20,-130.80
MOTORS,0,100
SONAR,100,4,150,150,100
AVOID_OBSTACLE,TURN_RIGHT
MOTORS,100,0
SONAR,100,9,150,150,100
SONAR,100,150,150,28,100
AVOID_OBSTACLE,DONE
MOTORS,0,0
BEARING,172.00,23.20,-148.80
MOTORS,0,100
GPS,39.940505,-105.082031,39.940505,-105.082031
TIME,1:55:5
SONAR,100,24,150,150,100
AVOID_OBSTACLE,TURN_RIGHT
MOTORS,100,0
SONAR,100,21,25,150,100
SONAR,100,22,27,150,100
SONAR,100,24,28,150,100
SONAR,100,27,33,150,100
SONAR,100,30,35,150,100
SONAR,100,33,39,69,100
SONAR,100,37,43,68,100
SONAR,100,42,55,150,100
SONAR,100,47,150,150,100
SONAR,100,71,64,22,100
SONAR,100,83,11,150,100
SONAR,100,150,150,150,100
AVOID_OBSTACLE,DONE
MOTORS,0,0
BEARING,175.00,23.50,-151.50
MOTORS,0,100
GPS,39.940502,-105.082046,39.940502,-105.082046
TIME,1:55:6
SONAR,100,150,150,150,100
BEARING,182.00,25.91,-156.09
MOTORS,0,100
GPS,39.940502,-105.082046,39.940502,-105.082046
TIME,1:55:6
SONAR,100,61,150,150,100
AVOID_OBSTACLE,TURN_RIGHT
MOTORS,100,0
SONAR,100,61,150,150,100
SONAR,100,61,64,150,100
SONAR,100,60,63,150,100
SONAR,100,59,60,150,100
SONAR,100,56,58,150,100
SONAR,100,54,54,57,100
SONAR,100,50,50,53,100
SONAR,100,48,48,150,100
SONAR,100,5,46,44,100
SONAR,100,2,8,42,100
SONAR,100,6,3,150,100
SONAR,100,150,4,150,100
SONAR,100,150,3,150,100
SONAR,100,150,150,150,100
AVOID_OBSTACLE,DONE
MOTORS,0,0
BEARING,83.00,25.91,-57.09
MOTORS,68,100
