START
ROUTE_BEGIN
40.090702, -105.185844
40.091285, -105.185173
40.091056, -105.184837
40.090457, -105.185485
40.090702, -105.185844
ROUTE_END
WAYPOINT,0,40.09,-105.19,293
GPS_NO_FIX
MOTORS,0,0
GPS_FIX
GPS,40.090385,-105.185661,40.090385,-105.185661
TIME,14:23:59
GPS,40.090385,-105.185661,40.090385,-105.185661
TIME,14:23:59
GPS,40.090385,-105.185661,40.090385,-105.185661
TIME,14:23:59
GPS,40.090385,-105.185661,40.090385,-105.185661
TIME,14:23:59
GPS,40.090385,-105.185661,40.090385,-105.185661
TIME,14:23:59
GPS,40.090385,-105.185661,40.090385,-105.185661
TIME,14:24:0
GPS,40.090385,-105.185661,40.090385,-105.185661
TIME,14:24:0
GPS,40.090385,-105.185661,40.090385,-105.185661
TIME,14:24:0
GPS,40.090385,-105.185661,40.090385,-105.185661
TIME,14:24:0
GPS,40.090385,-105.185661,40.090385,-105.185661
TIME,14:24:0
GPS,40.090385,-105.185646,40.090385,-105.185646
TIME,14:24:0
GPS,40.090385,-105.185646,40.090385,-105.185646
TIME,14:24:0
GPS,40.090385,-105.185646,40.090385,-105.185646
TIME,14:24:1
GPS,40.090381,-105.185646,40.090381,-105.185646
TIME,14:24:1
GPS,40.090381,-105.185646,40.090381,-105.185646
TIME,14:24:1
GPS,40.090381,-105.185646,40.090381,-105.185646
TIME,14:24:1
GPS,40.090381,-105.185646,40.090381,-105.185646
TIME,14:24:2
GPS,40.090381,-105.185646,40.090381,-105.185646
TIME,14:24:2
GPS,40.090381,-105.185646,40.090381,-105.185646
TIME,14:24:2
GPS,40.090381,-105.185646,40.090381,-105.185646
TIME,14:24:2
GPS,40.090381,-105.185646,40.090381,-105.185646
TIME,14:24:2
GPS,40.090381,-105.185646,40.090381,-105.185646
TIME,14:24:3
GPS,40.090381,-105.185646,40.090381,-105.185646
TIME,14:24:3
GPS,40.090377,-105.185646,40.090377,-105.185646
TIME,14:24:3
GPS,40.090377,-105.185646,40.090377,-105.185646
TIME,14:24:3
GPS,40.090377,-105.185646,40.090377,-105.185646
TIME,14:24:3
GPS,40.090377,-105.185646,40.090377,-105.185646
TIME,14:24:3
GPS,40.090377,-105.185646,40.090377,-105.185646
TIME,14:24:4
GPS,40.090377,-105.185646,40.090377,-105.185646
TIME,14:24:4
GPS,40.090381,-105.185646,40.090381,-105.185646
TIME,14:24:4
GPS,40.090381,-105.185646,40.090381,-105.185646
TIME,14:24:4
GPS,40.090381,-105.185646,40.090381,-105.185646
TIME,14:24:4
GPS,40.090381,-105.185646,40.090381,-105.185646
TIME,14:24:4
GPS,40.090381,-105.185646,40.090381,-105.185646
TIME,14:24:4
GPS,40.090381,-105.185646,40.090381,-105.185646
TIME,14:24:5
GPS,40.090381,-105.185646,40.090381,-105.185646
TIME,14:24:5
GPS,40.090381,-105.185646,40.090381,-105.185646
TIME,14:24:5
GPS,40.090385,-105.185646,40.090385,-105.185646
TIME,14:24:5
GPS,40.090385,-105.185630,40.090385,-105.185630
TIME,14:24:6
GPS,40.090385,-105.185630,40.090385,-105.185630
TIME,14:24:6
GPS,40.090389,-105.185630,40.090389,-105.185630
TIME,14:24:6
GPS,40.090389,-105.185630,40.090389,-105.185630
TIME,14:24:6
GPS,40.090393,-105.185630,40.090393,-105.185630
TIME,14:24:6
GPS,40.090393,-105.185630,40.090393,-105.185630
TIME,14:24:7
GPS,40.090393,-105.185630,40.090393,-105.185630
TIME,14:24:7
GPS,40.090396,-105.185630,40.090396,-105.185630
TIME,14:24:7
GPS,40.090396,-105.185630,40.090396,-105.185630
TIME,14:24:7
GPS,40.090396,-105.185630,40.090396,-105.185630
TIME,14:24:7
GPS,40.090400,-105.185630,40.090400,-105.185630
TIME,14:24:8
GPS,40.090404,-105.185630,40.090404,-105.185630
TIME,14:24:8
GPS,40.090404,-105.185630,40.090404,-105.185630
TIME,14:24:8
GPS,40.090408,-105.185630,40.090408,-105.185630
TIME,14:24:8
GPS,40.090408,-105.185630,40.090408,-105.185630
TIME,14:24:8
GPS,40.090412,-105.185630,40.090412,-105.185630
TIME,14:24:8
GPS,40.090412,-105.185630,40.090412,-105.185630
TIME,14:24:9
GPS,40.090415,-105.185630,40.090415,-105.185630
TIME,14:24:9
GPS,40.090419,-105.185630,40.090419,-105.185630
TIME,14:24:9
GPS,40.090419,-105.185646,40.090419,-105.185646
TIME,14:24:9
GPS,40.090419,-105.185646,40.090419,-105.185646
TIME,14:24:10
GPS,40.090427,-105.185646,40.090427,-105.185646
TIME,14:24:10
GPS,40.090427,-105.185646,40.090427,-105.185646
TIME,14:24:10
GPS,40.090431,-105.185646,40.090431,-105.185646
TIME,14:24:10
GPS,40.090431,-105.185646,40.090431,-105.185646
TIME,14:24:10
GPS,40.090431,-105.185646,40.090431,-105.185646
TIME,14:24:11
GPS,40.090435,-105.185661,40.090435,-105.185661
TIME,14:24:11
GPS,40.090435,-105.185661,40.090435,-105.185661
TIME,14:24:11
GPS,40.090438,-105.185661,40.090438,-105.185661
TIME,14:24:11
GPS,40.090442,-105.185661,40.090442,-105.185661
TIME,14:24:11
GPS,40.090442,-105.185661,40.090442,-105.185661
TIME,14:24:11
GPS,40.090442,-105.185661,40.090442,-105.185661
TIME,14:24:12
GPS,40.090442,-105.185661,40.090442,-105.185661
TIME,14:24:12
GPS,40.090446,-105.185661,40.090446,-105.185661
TIME,14:24:12
GPS,40.090450,-105.185661,40.090450,-105.185661
TIME,14:24:12
GPS,40.090450,-105.185661,40.090450,-105.185661
TIME,14:24:12
GPS,40.090450,-105.185661,40.090450,-105.185661
TIME,14:24:12
GPS,40.090450,-105.185661,40.090450,-105.185661
TIME,14:24:12
GPS,40.090454,-105.185661,40.090454,-105.185661
TIME,14:24:13
GPS,40.090454,-105.185661,40.090454,-105.185661
TIME,14:24:13
GPS,40.090457,-105.185661,40.090457,-105.185661
TIME,14:24:13
GPS,40.090457,-105.185661,40.090457,-105.185661
TIME,14:24:13
GPS,40.090461,-105.185661,40.090461,-105.185661
TIME,14:24:14
GPS,40.090461,-105.185646,40.090461,-105.185646
TIME,14:24:14
GPS,40.090465,-105.185646,40.090465,-105.185646
TIME,14:24:14
GPS,40.090465,-105.185646,40.090465,-105.185646
TIME,14:24:14
GPS,40.090465,-105.185646,40.090465,-105.185646
TIME,14:24:14
GPS,40.090469,-105.185646,40.090469,-105.185646
TIME,14:24:15
GPS,40.090469,-105.185646,40.090469,-105.185646
TIME,14:24:15
GPS,40.090473,-105.185630,40.090473,-105.185630
TIME,14:24:15
GPS,40.090476,-105.185630,40.090476,-105.185630
TIME,14:24:15
GPS,40.090476,-105.185630,40.090476,-105.185630
TIME,14:24:15
GPS,40.090480,-105.185630,40.090480,-105.185630
TIME,14:24:16
GPS,40.090480,-105.185630,40.090480,-105.185630
TIME,14:24:16
GPS,40.090480,-105.185630,40.090480,-105.185630
TIME,14:24:16
GPS,40.090488,-105.185630,40.090488,-105.185630
TIME,14:24:16
GPS,40.090488,-105.185615,40.090488,-105.185615
TIME,14:24:16
GPS,40.090492,-105.185615,40.090492,-105.185615
TIME,14:24:16
GPS,40.090492,-105.185615,40.090492,-105.185615
TIME,14:24:16
GPS,40.090496,-105.185615,40.090496,-105.185615
TIME,14:24:17
GPS,40.090496,-105.185615,40.090496,-105.185615
TIME,14:24:17
GPS,40.090496,-105.185592,40.090496,-105.185592
TIME,14:24:17
GPS,40.090499,-105.185592,40.090499,-105.185592
TIME,14:24:17
GPS,40.090503,-105.185592,40.090503,-105.185592
TIME,14:24:18
GPS,40.090503,-105.185592,40.090503,-105.185592
TIME,14:24:18
GPS,40.090507,-105.185577,40.090507,-105.185577
TIME,14:24:18
GPS,40.090507,-105.185577,40.090507,-105.185577
TIME,14:24:18
GPS,40.090507,-105.185577,40.090507,-105.185577
TIME,14:24:18
GPS,40.090507,-105.185577,40.090507,-105.185577
TIME,14:24:19
GPS,40.090507,-105.185577,40.090507,-105.185577
TIME,14:24:19
GPS,40.090507,-105.185562,40.090507,-105.185562
TIME,14:24:19
GPS,40.090507,-105.185562,40.090507,-105.185562
TIME,14:24:19
GPS,40.090511,-105.185562,40.090511,-105.185562
TIME,14:24:19
GPS,40.090511,-105.185562,40.090511,-105.185562
TIME,14:24:19
GPS,40.090511,-105.185562,40.090511,-105.185562
TIME,14:24:20
GPS,40.090515,-105.185546,40.090515,-105.185546
TIME,14:24:20
GPS,40.090515,-105.185546,40.090515,-105.185546
TIME,14:24:20
GPS,40.090515,-105.185546,40.090515,-105.185546
TIME,14:24:20
GPS,40.090518,-105.185546,40.090518,-105.185546
TIME,14:24:20
GPS,40.090518,-105.185546,40.090518,-105.185546
TIME,14:24:20
GPS,40.090522,-105.185562,40.090522,-105.185562
TIME,14:24:20
GPS,40.090522,-105.185562,40.090522,-105.185562
TIME,14:24:21
GPS,40.090522,-105.185562,40.090522,-105.185562
TIME,14:24:21
GPS,40.090526,-105.185562,40.090526,-105.185562
TIME,14:24:21
GPS,40.090526,-105.185562,40.090526,-105.185562
TIME,14:24:21
GPS,40.090530,-105.185562,40.090530,-105.185562
TIME,14:24:22
GPS,40.090530,-105.185562,40.090530,-105.185562
TIME,14:24:22
GPS,40.090530,-105.185577,40.090530,-105.185577
TIME,14:24:22
GPS,40.090530,-105.185577,40.090530,-105.185577
TIME,14:24:22
GPS,40.090530,-105.185577,40.090530,-105.185577
TIME,14:24:22
GPS,40.090534,-105.185577,40.090534,-105.185577
TIME,14:24:23
GPS,40.090534,-105.185577,40.090534,-105.185577
TIME,14:24:23
GPS,40.090534,-105.185592,40.090534,-105.185592
TIME,14:24:23
GPS,40.090534,-105.185592,40.090534,-105.185592
TIME,14:24:23
GPS,40.090534,-105.185592,40.090534,-105.185592
TIME,14:24:23
GPS,40.090538,-105.185592,40.090538,-105.185592
TIME,14:24:24
GPS,40.090538,-105.185592,40.090538,-105.185592
TIME,14:24:24
GPS,40.090538,-105.185592,40.090538,-105.185592
TIME,14:24:24
GPS,40.090538,-105.185615,40.090538,-105.185615
TIME,14:24:24
GPS,40.090538,-105.185615,40.090538,-105.185615
TIME,14:24:24
GPS,40.090538,-105.185615,40.090538,-105.185615
TIME,14:24:25
GPS,40.090538,-105.185615,40.090538,-105.185615
TIME,14:24:25
GPS,40.090541,-105.185615,40.090541,-105.185615
TIME,14:24:25
GPS,40.090541,-105.185630,40.090541,-105.185630
TIME,14:24:25
GPS,40.090541,-105.185630,40.090541,-105.185630
TIME,14:24:26
GPS,40.090541,-105.185630,40.090541,-105.185630
TIME,14:24:26
GPS,40.090549,-105.185630,40.090549,-105.185630
TIME,14:24:26
GPS,40.090549,-105.185630,40.090549,-105.185630
TIME,14:24:26
GPS,40.090549,-105.185630,40.090549,-105.185630
TIME,14:24:26
GPS,40.090553,-105.185630,40.090553,-105.185630
TIME,14:24:27
GPS,40.090553,-105.185630,40.090553,-105.185630
TIME,14:24:27
GPS,40.090553,-105.185630,40.090553,-105.185630
TIME,14:24:27
GPS,40.090553,-105.185630,40.090553,-105.185630
TIME,14:24:27
GPS,40.090553,-105.185646,40.090553,-105.185646
TIME,14:24:27
GPS,40.090553,-105.185646,40.090553,-105.185646
TIME,14:24:28
GPS,40.090557,-105.185646,40.090557,-105.185646
TIME,14:24:28
GPS,40.090557,-105.185646,40.090557,-105.185646
TIME,14:24:28
GPS,40.090557,-105.185646,40.090557,-105.185646
TIME,14:24:28
GPS,40.090560,-105.185646,40.090560,-105.185646
TIME,14:24:28
GPS,40.090560,-105.185646,40.090560,-105.185646
TIME,14:24:28
GPS,40.090560,-105.185646,40.090560,-105.185646
TIME,14:24:29
GPS,40.090560,-105.185646,40.090560,-105.185646
TIME,14:24:29
GPS,40.090564,-105.185646,40.090564,-105.185646
TIME,14:24:29
GPS,40.090564,-105.185646,40.090564,-105.185646
TIME,14:24:29
GPS,40.090568,-105.185646,40.090568,-105.185646
TIME,14:24:30
GPS,40.090568,-105.185646,40.090568,-105.185646
TIME,14:24:30
GPS,40.090568,-105.185646,40.090568,-105.185646
TIME,14:24:30
GPS,40.090568,-105.185646,40.090568,-105.185646
TIME,14:24:30
GPS,40.090568,-105.185646,40.090568,-105.185646
TIME,14:24:30
GPS,40.090572,-105.185646,40.090572,-105.185646
TIME,14:24:30
GPS,40.090572,-105.185646,40.090572,-105.185646
TIME,14:24:31
GPS,40.090572,-105.185646,40.090572,-105.185646
TIME,14:24:31
GPS,40.090572,-105.185646,40.090572,-105.185646
TIME,14:24:31
GPS,40.090572,-105.185646,40.090572,-105.185646
TIME,14:24:31
GPS,40.090576,-105.185646,40.090576,-105.185646
TIME,14:24:31
GPS,40.090576,-105.185646,40.090576,-105.185646
TIME,14:24:32
GPS,40.090576,-105.185646,40.090576,-105.185646
TIME,14:24:32
GPS,40.090576,-105.185646,40.090576,-105.185646
TIME,14:24:32
GPS,40.090576,-105.185646,40.090576,-105.185646
TIME,14:24:32
GPS,40.090576,-105.185646,40.090576,-105.185646
TIME,14:24:32
GPS,40.090576,-105.185646,40.090576,-105.185646
TIME,14:24:32
GPS,40.090576,-105.185646,40.090576,-105.185646
TIME,14:24:33
GPS,40.090576,-105.185646,40.090576,-105.185646
TIME,14:24:33
GPS,40.090579,-105.185646,40.090579,-105.185646
TIME,14:24:33
GPS,40.090579,-105.185646,40.090579,-105.185646
TIME,14:24:33
GPS,40.090579,-105.185646,40.090579,-105.185646
TIME,14:24:34
GPS,40.090579,-105.185646,40.090579,-105.185646
TIME,14:24:34
GPS,40.090583,-105.185646,40.090583,-105.185646
TIME,14:24:34
GPS,40.090583,-105.185646,40.090583,-105.185646
TIME,14:24:34
GPS,40.090583,-105.185646,40.090583,-105.185646
TIME,14:24:34
GPS,40.090583,-105.185646,40.090583,-105.185646
TIME,14:24:35
GPS,40.090583,-105.185646,40.090583,-105.185646
TIME,14:24:35
GPS,40.090583,-105.185646,40.090583,-105.185646
TIME,14:24:35
GPS,40.090583,-105.185646,40.090583,-105.185646
TIME,14:24:35
GPS,40.090583,-105.185646,40.090583,-105.185646
TIME,14:24:35
GPS,40.090583,-105.185646,40.090583,-105.185646
TIME,14:24:36
GPS,40.090583,-105.185646,40.090583,-105.185646
TIME,14:24:36
GPS,40.090583,-105.185661,40.090583,-105.185661
TIME,14:24:36
GPS,40.090579,-105.185661,40.090579,-105.185661
TIME,14:24:36
GPS,40.090579,-105.185661,40.090579,-105.185661
TIME,14:24:36
GPS,40.090579,-105.185661,40.090579,-105.185661
TIME,14:24:36
GPS,40.090579,-105.185661,40.090579,-105.185661
TIME,14:24:37
GPS,40.090579,-105.185661,40.090579,-105.185661
TIME,14:24:37
GPS,40.090579,-105.185661,40.090579,-105.185661
TIME,14:24:37
GPS,40.090579,-105.185661,40.090579,-105.185661
TIME,14:24:38
GPS,40.090579,-105.185661,40.090579,-105.185661
TIME,14:24:38
GPS,40.090579,-105.185661,40.090579,-105.185661
TIME,14:24:38
GPS,40.090579,-105.185661,40.090579,-105.185661
TIME,14:24:38
GPS,40.090579,-105.185661,40.090579,-105.185661
TIME,14:24:38
GPS,40.090579,-105.185661,40.090579,-105.185661
TIME,14:24:39
GPS,40.090579,-105.185661,40.090579,-105.185661
TIME,14:24:39
GPS,40.090579,-105.185661,40.090579,-105.185661
TIME,14:24:39
GPS,40.090579,-105.185661,40.090579,-105.185661
TIME,14:24:39
GPS,40.090579,-105.185661,40.090579,-105.185661
TIME,14:24:39
GPS,40.090579,-105.185661,40.090579,-105.185661
TIME,14:24:40
GPS,40.090579,-105.185661,40.090579,-105.185661
TIME,14:24:40
GPS,40.090579,-105.185661,40.090579,-105.185661
TIME,14:24:40
GPS,40.090579,-105.185661,40.090579,-105.185661
TIME,14:24:40
GPS,40.090579,-105.185661,40.090579,-105.185661
TIME,14:24:40
GPS,40.090579,-105.185661,40.090579,-105.185661
TIME,14:24:40
GPS,40.090579,-105.185661,40.090579,-105.185661
TIME,14:24:41
GPS,40.090579,-105.185661,40.090579,-105.185661
TIME,14:24:41
GPS,40.090579,-105.185661,40.090579,-105.185661
TIME,14:24:41
GPS,40.090579,-105.185661,40.090579,-105.185661
TIME,14:24:41
GPS,40.090579,-105.185661,40.090579,-105.185661
TIME,14:24:42
GPS,40.090579,-105.185661,40.090579,-105.185661
TIME,14:24:42
GPS,40.090579,-105.185661,40.090579,-105.185661
TIME,14:24:42
GPS,40.090579,-105.185661,40.090579,-105.185661
TIME,14:24:42
GPS,40.090579,-105.185661,40.090579,-105.185661
TIME,14:24:42
GPS,40.090579,-105.185661,40.090579,-105.185661
TIME,14:24:43
GPS,40.090579,-105.185661,40.090579,-105.185661
TIME,14:24:43
GPS,40.090579,-105.185661,40.090579,-105.185661
TIME,14:24:43
GPS,40.090579,-105.185661,40.090579,-105.185661
TIME,14:24:43
GPS,40.090579,-105.185661,40.090579,-105.185661
TIME,14:24:43
GPS,40.090579,-105.185661,40.090579,-105.185661
TIME,14:24:44
GPS,40.090579,-105.185661,40.090579,-105.185661
TIME,14:24:44
GPS,40.090579,-105.185661,40.090579,-105.185661
TIME,14:24:44
GPS,40.090579,-105.185661,40.090579,-105.185661
TIME,14:24:44
GPS,40.090579,-105.185661,40.090579,-105.185661
TIME,14:24:44
GPS,40.090579,-105.185661,40.090579,-105.185661
TIME,14:24:44
GPS,40.090579,-105.185661,40.090579,-105.185661
TIME,14:24:44
GPS,40.090579,-105.185661,40.090579,-105.185661
TIME,14:24:45
GPS,40.090579,-105.185661,40.090579,-105.185661
TIME,14:24:45
GPS,40.090579,-105.185661,40.090579,-105.185661
TIME,14:24:45
GPS,40.090579,-105.185661,40.090579,-105.185661
TIME,14:24:45
GPS,40.090579,-105.185661,40.090579,-105.185661
TIME,14:24:46
GPS,40.090579,-105.185661,40.090579,-105.185661
TIME,14:24:46
GPS,40.090579,-105.185661,40.090579,-105.185661
TIME,14:24:46
GPS,40.090579,-105.185661,40.090579,-105.185661
TIME,14:24:46
GPS,40.090579,-105.185661,40.090579,-105.185661
TIME,14:24:46
GPS,40.090579,-105.185661,40.090579,-105.185661
TIME,14:24:47
GPS,40.090579,-105.185661,40.090579,-105.185661
TIME,14:24:47
GPS,40.090579,-105.185661,40.090579,-105.185661
TIME,14:24:47
GPS,40.090579,-105.185661,40.090579,-105.185661
TIME,14:24:47
GPS,40.090579,-105.185661,40.090579,-105.185661
TIME,14:24:47
GPS,40.090579,-105.185661,40.090579,-105.185661
TIME,14:24:48
GPS,40.090579,-105.185661,40.090579,-105.185661
TIME,14:24:48
GPS,40.090579,-105.185661,40.090579,-105.185661
TIME,14:24:48
GPS,40.090579,-105.185661,40.090579,-105.185661
TIME,14:24:48
GPS,40.090579,-105.185661,40.090579,-105.185661
TIME,14:24:48
GPS,40.090579,-105.185661,40.090579,-105.185661
TIME,14:24:48
GPS,40.090579,-105.185661,40.090579,-105.185661
TIME,14:24:49
GPS,40.090579,-105.185661,40.090579,-105.185661
TIME,14:24:49
GPS,40.090579,-105.185661,40.090579,-105.185661
TIME,14:24:49
GPS,40.090579,-105.185661,40.090579,-105.185661
TIME,14:24:49
GPS,40.090579,-105.185661,40.090579,-105.185661
TIME,14:24:50
GPS,40.090579,-105.185661,40.090579,-105.185661
TIME,14:24:50
GPS,40.090579,-105.185661,40.090579,-105.185661
TIME,14:24:50
GPS,40.090579,-105.185661,40.090579,-105.185661
TIME,14:24:50
GPS,40.090579,-105.185661,40.090579,-105.185661
TIME,14:24:50
GPS,40.090579,-105.185661,40.090579,-105.185661
TIME,14:24:51
GPS,40.090579,-105.185661,40.090579,-105.185661
TIME,14:24:51
GPS,40.090579,-105.185661,40.090579,-105.185661
TIME,14:24:51
GPS,40.090579,-105.185661,40.090579,-105.185661
TIME,14:24:51
GPS,40.090579,-105.185661,40.090579,-105.185661
TIME,14:24:52
GPS,40.090579,-105.185661,40.090579,-105.185661
TIME,14:24:52
GPS,40.090579,-105.185661,40.090579,-105.185661
TIME,14:24:52
GPS,40.090579,-105.185661,40.090579,-105.185661
TIME,14:24:52
GPS,40.090579,-105.185661,40.090579,-105.185661
TIME,14:24:52
GPS,40.090579,-105.185661,40.090579,-105.185661
TIME,14:24:52
GPS,40.090579,-105.185661,40.090579,-105.185661
TIME,14:24:53
GPS,40.090579,-105.185661,40.090579,-105.185661
TIME,14:24:53
GPS,40.090579,-105.185661,40.090579,-105.185661
TIME,14:24:53
GPS,40.090579,-105.185661,40.090579,-105.185661
TIME,14:24:53
GPS,40.090579,-105.185661,40.090579,-105.185661
TIME,14:24:54
GPS,40.090579,-105.185661,40.090579,-105.185661
TIME,14:24:54
GPS,40.090579,-105.185661,40.090579,-105.185661
TIME,14:24:54
GPS,40.090579,-105.185661,40.090579,-105.185661
TIME,14:24:54
GPS,40.090579,-105.185661,40.090579,-105.185661
TIME,14:24:54
GPS,40.090579,-105.185661,40.090579,-105.185661
TIME,14:24:55
GPS,40.090579,-105.185661,40.090579,-105.185661
TIME,14:24:55
GPS,40.090579,-105.185661,40.090579,-105.185661
TIME,14:24:55
GPS,40.090579,-105.185661,40.090579,-105.185661
TIME,14:24:55
GPS,40.090579,-105.185661,40.090579,-105.185661
TIME,14:24:55
GPS,40.090579,-105.185661,40.090579,-105.185661
TIME,14:24:56
GPS,40.090579,-105.185661,40.090579,-105.185661
TIME,14:24:56
GPS,40.090579,-105.185661,40.090579,-105.185661
TIME,14:24:56
GPS,40.090579,-105.185661,40.090579,-105.185661
TIME,14:24:56
GPS,40.090579,-105.185661,40.090579,-105.185661
TIME,14:24:56
GPS,40.090579,-105.185661,40.090579,-105.185661
TIME,14:24:56
GPS,40.090579,-105.185661,40.090579,-105.185661
TIME,14:24:57
GPS,40.090579,-105.185661,40.090579,-105.185661
TIME,14:24:57
GPS,40.090579,-105.185661,40.090579,-105.185661
TIME,14:24:57
GPS,40.090579,-105.185661,40.090579,-105.185661
TIME,14:24:57
GPS,40.090579,-105.185661,40.090579,-105.185661
TIME,14:24:58
GPS,40.090579,-105.185661,40.090579,-105.185661
TIME,14:24:58
GPS,40.090579,-105.185661,40.090579,-105.185661
TIME,14:24:58
GPS,40.090579,-105.185661,40.090579,-105.185661
TIME,14:24:58
GPS,40.090579,-105.185661,40.090579,-105.185661
TIME,14:24:58
GPS,40.090579,-105.185661,40.090579,-105.185661
TIME,14:24:59
GPS,40.090579,-105.185661,40.090579,-105.185661
TIME,14:24:59
GPS,40.090579,-105.185661,40.090579,-105.185661
TIME,14:24:59
GPS,40.090579,-105.185661,40.090579,-105.185661
TIME,14:24:59
GPS,40.090579,-105.185661,40.090579,-105.185661
TIME,14:24:59
GPS,40.090579,-105.185661,40.090579,-105.185661
TIME,14:24:59
GPS,40.090579,-105.185661,40.090579,-105.185661
TIME,14:25:0
GPS,40.090579,-105.185661,40.090579,-105.185661
TIME,14:25:0
GPS,40.090579,-105.185661,40.090579,-105.185661
TIME,14:25:0
GPS,40.090579,-105.185661,40.090579,-105.185661
TIME,14:25:0
GPS,40.090579,-105.185661,40.090579,-105.185661
TIME,14:25:0
GPS,40.090579,-105.185661,40.090579,-105.185661
TIME,14:25:0
GPS,40.090579,-105.185661,40.090579,-105.185661
TIME,14:25:1
GPS,40.090579,-105.185661,40.090579,-105.185661
TIME,14:25:1
GPS,40.090579,-105.185661,40.090579,-105.185661
TIME,14:25:1
GPS,40.090579,-105.185661,40.090579,-105.185661
TIME,14:25:1
GPS,40.090579,-105.185661,40.090579,-105.185661
TIME,14:25:2
GPS,40.090576,-105.185661,40.090576,-105.185661
TIME,14:25:2
GPS,40.090576,-105.185661,40.090576,-105.185661
TIME,14:25:2
GPS,40.090576,-105.185661,40.090576,-105.185661
TIME,14:25:2
GPS,40.090576,-105.185661,40.090576,-105.185661
TIME,14:25:2
GPS,40.090576,-105.185646,40.090576,-105.185646
TIME,14:25:3
GPS,40.090576,-105.185661,40.090576,-105.185661
TIME,14:25:3
GPS,40.090579,-105.185661,40.090579,-105.185661
TIME,14:25:3
GPS,40.090579,-105.185661,40.090579,-105.185661
TIME,14:25:3
GPS,40.090579,-105.185661,40.090579,-105.185661
TIME,14:25:3
GPS,40.090579,-105.185661,40.090579,-105.185661
TIME,14:25:4
GPS,40.090579,-105.185661,40.090579,-105.185661
TIME,14:25:4
GPS,40.090579,-105.185661,40.090579,-105.185661
TIME,14:25:4
GPS,40.090572,-105.185661,40.090572,-105.185661
TIME,14:25:4
GPS,40.090576,-105.185661,40.090576,-105.185661
TIME,14:25:4
GPS,40.090576,-105.185661,40.090576,-105.185661
TIME,14:25:5
GPS,40.090576,-105.185661,40.090576,-105.185661
TIME,14:25:5
GPS,40.090576,-105.185661,40.090576,-105.185661
TIME,14:25:5
GPS,40.090576,-105.185661,40.090576,-105.185661
TIME,14:25:5
GPS,40.090576,-105.185661,40.090576,-105.185661
TIME,14:25:6
GPS,40.090579,-105.185661,40.090579,-105.185661
TIME,14:25:6
GPS,40.090579,-105.185661,40.090579,-105.185661
TIME,14:25:6
GPS,40.090579,-105.185676,40.090579,-105.185676
TIME,14:25:6
GPS,40.090579,-105.185676,40.090579,-105.185676
TIME,14:25:6
GPS,40.090576,-105.185676,40.090576,-105.185676
TIME,14:25:7
GPS,40.090572,-105.185676,40.090572,-105.185676
TIME,14:25:7
GPS,40.090572,-105.185676,40.090572,-105.185676
TIME,14:25:7
GPS,40.090568,-105.185676,40.090568,-105.185676
TIME,14:25:7
GPS,40.090564,-105.185676,40.090564,-105.185676
TIME,14:25:7
GPS,40.090557,-105.185676,40.090557,-105.185676
TIME,14:25:8
GPS,40.090553,-105.185676,40.090553,-105.185676
TIME,14:25:8
GPS,40.090553,-105.185676,40.090553,-105.185676
TIME,14:25:8
GPS,40.090549,-105.185676,40.090549,-105.185676
TIME,14:25:8
GPS,40.090541,-105.185676,40.090541,-105.185676
TIME,14:25:8
GPS,40.090541,-105.185676,40.090541,-105.185676
TIME,14:25:8
GPS,40.090541,-105.185676,40.090541,-105.185676
TIME,14:25:8
GPS,40.090538,-105.185676,40.090538,-105.185676
TIME,14:25:9
GPS,40.090538,-105.185676,40.090538,-105.185676
TIME,14:25:9
GPS,40.090553,-105.185676,40.090553,-105.185676
TIME,14:25:9
GPS,40.090553,-105.185676,40.090553,-105.185676
TIME,14:25:9
GPS,40.090553,-105.185676,40.090553,-105.185676
TIME,14:25:10
GPS,40.090557,-105.185676,40.090557,-105.185676
TIME,14:25:10
GPS,40.090557,-105.185676,40.090557,-105.185676
TIME,14:25:10
GPS,40.090557,-105.185676,40.090557,-105.185676
TIME,14:25:10
GPS,40.090560,-105.185676,40.090560,-105.185676
TIME,14:25:10
GPS,40.090560,-105.185676,40.090560,-105.185676
TIME,14:25:11
GPS,40.090560,-105.185676,40.090560,-105.185676
TIME,14:25:11
GPS,40.090560,-105.185676,40.090560,-105.185676
TIME,14:25:11
GPS,40.090560,-105.185676,40.090560,-105.185676
TIME,14:25:11
GPS,40.090560,-105.185676,40.090560,-105.185676
TIME,14:25:11
GPS,40.090560,-105.185676,40.090560,-105.185676
TIME,14:25:12
GPS,40.090560,-105.185676,40.090560,-105.185676
TIME,14:25:12
GPS,40.090560,-105.185676,40.090560,-105.185676
TIME,14:25:12
GPS,40.090564,-105.185676,40.090564,-105.185676
TIME,14:25:12
GPS,40.090564,-105.185676,40.090564,-105.185676
TIME,14:25:12
GPS,40.090564,-105.185676,40.090564,-105.185676
TIME,14:25:12
GPS,40.090560,-105.185676,40.090560,-105.185676
TIME,14:25:13
GPS,40.090560,-105.185676,40.090560,-105.185676
TIME,14:25:13
GPS,40.090560,-105.185676,40.090560,-105.185676
TIME,14:25:13
GPS,40.090560,-105.185676,40.090560,-105.185676
TIME,14:25:13
GPS,40.090560,-105.185676,40.090560,-105.185676
TIME,14:25:13
GPS,40.090560,-105.185676,40.090560,-105.185676
TIME,14:25:14
GPS,40.090560,-105.185676,40.090560,-105.185676
TIME,14:25:14
GPS,40.090560,-105.185676,40.090560,-105.185676
TIME,14:25:14
GPS,40.090560,-105.185676,40.090560,-105.185676
TIME,14:25:14
GPS,40.090560,-105.185676,40.090560,-105.185676
TIME,14:25:14
GPS,40.090560,-105.185676,40.090560,-105.185676
TIME,14:25:15
GPS,40.090560,-105.185676,40.090560,-105.185676
TIME,14:25:15
GPS,40.090560,-105.185676,40.090560,-105.185676
TIME,14:25:15
GPS,40.090560,-105.185676,40.090560,-105.185676
TIME,14:25:15
GPS,40.090560,-105.185676,40.090560,-105.185676
TIME,14:25:15
GPS,40.090560,-105.185676,40.090560,-105.185676
TIME,14:25:16
GPS,40.090560,-105.185676,40.090560,-105.185676
TIME,14:25:16
GPS,40.090560,-105.185676,40.090560,-105.185676
TIME,14:25:16
GPS,40.090560,-105.185676,40.090560,-105.185676
TIME,14:25:16
GPS,40.090560,-105.185676,40.090560,-105.185676
TIME,14:25:16
GPS,40.090560,-105.185676,40.090560,-105.185676
TIME,14:25:16
GPS,40.090560,-105.185676,40.090560,-105.185676
TIME,14:25:17
GPS,40.090560,-105.185676,40.090560,-105.185676
TIME,14:25:17
GPS,40.090560,-105.185676,40.090560,-105.185676
TIME,14:25:17
GPS,40.090560,-105.185676,40.090560,-105.185676
TIME,14:25:17
GPS,40.090560,-105.185676,40.090560,-105.185676
TIME,14:25:18
GPS,40.090560,-105.185676,40.090560,-105.185676
TIME,14:25:18
GPS,40.090560,-105.185676,40.090560,-105.185676
TIME,14:25:18
GPS,40.090560,-105.185676,40.090560,-105.185676
TIME,14:25:18
GPS,40.090560,-105.185676,40.090560,-105.185676
TIME,14:25:18
GPS,40.090560,-105.185676,40.090560,-105.185676
TIME,14:25:19
GPS,40.090560,-105.185676,40.090560,-105.185676
TIME,14:25:19
GPS,40.090560,-105.185676,40.090560,-105.185676
TIME,14:25:19
GPS,40.090560,-105.185676,40.090560,-105.185676
TIME,14:25:19
GPS,40.090560,-105.185676,40.090560,-105.185676
TIME,14:25:19
GPS,40.090560,-105.185676,40.090560,-105.185676
TIME,14:25:20
GPS,40.090564,-105.185676,40.090564,-105.185676
TIME,14:25:20
GPS,40.090564,-105.185676,40.090564,-105.185676
TIME,14:25:20
GPS,40.090564,-105.185676,40.090564,-105.185676
TIME,14:25:20
GPS,40.090564,-105.185676,40.090564,-105.185676
TIME,14:25:20
GPS,40.090564,-105.185676,40.090564,-105.185676
TIME,14:25:20
GPS,40.090564,-105.185676,40.090564,-105.185676
TIME,14:25:20
GPS,40.090564,-105.185676,40.090564,-105.185676
TIME,14:25:21
START_BUTTON_ACTIVATED
SONAR,150,150,150,6,76
AVOID_OBSTACLE,TURN_LEFT
MOTORS,0,100
SONAR,150,150,150,150,106
AVOID_OBSTACLE,DONE
MOTORS,0,0
SPEED_COEFFICIENT,1.00
MOTORS,0,0
GPS,40.090564,-105.185676,40.090564,-105.185676
TIME,14:25:21
SONAR,150,150,150,6,104
AVOID_OBSTACLE,TURN_LEFT
MOTORS,0,100
SONAR,150,150,150,150,39
AVOID_OBSTACLE,DONE
MOTORS,0,0
SPEED_COEFFICIENT,1.00
MOTORS,0,0
GPS,40.090564,-105.185676,40.090564,-105.185676
TIME,14:25:22
SONAR,150,150,150,150,45
BEARING,313.00,293,-20.00
SPEED_COEFFICIENT,1.00
MOTORS,44,100
GPS,40.090564,-105.185676,40.090564,-105.185676
TIME,14:25:22
SONAR,150,150,150,150,103
SPEED_COEFFICIENT,1.00
MOTORS,44,100
GPS,40.090564,-105.185676,40.090564,-105.185676
TIME,14:25:22
SONAR,150,150,150,150,104
SPEED_COEFFICIENT,1.00
MOTORS,44,100
SONAR,150,150,150,150,103
BEARING,300.00,293,-7.00
SPEED_COEFFICIENT,1.00
MOTORS,80,100
SONAR,150,150,150,150,150
SPEED_COEFFICIENT,1.00
MOTORS,80,100
GPS,40.090564,-105.185676,40.090564,-105.185676
TIME,14:25:23
SONAR,150,150,150,150,150
SPEED_COEFFICIENT,1.00
MOTORS,80,100
GPS,40.090564,-105.185676,40.090564,-105.185676
TIME,14:25:23
SONAR,150,150,150,150,150
BEARING,287.00,293,6.00
SPEED_COEFFICIENT,1.00
MOTORS,100,83
GPS,40.090560,-105.185676,40.090560,-105.185676
TIME,14:25:24
SONAR,150,150,150,150,150
SPEED_COEFFICIENT,1.00
MOTORS,100,83
GPS,40.090560,-105.185676,40.090560,-105.185676
TIME,14:25:24
SONAR,150,150,150,150,150
SPEED_COEFFICIENT,1.00
MOTORS,100,83
SONAR,150,150,150,150,150
BEARING,315.00,293,-22.00
SPEED_COEFFICIENT,1.00
MOTORS,38,100
GPS,40.090568,-105.185691,40.090568,-105.185691
TIME,14:25:24
SONAR,150,150,150,150,150
SPEED_COEFFICIENT,1.00
MOTORS,38,100
GPS,40.090572,-105.185707,40.090572,-105.185707
TIME,14:25:24
SONAR,150,150,150,150,116
SPEED_COEFFICIENT,1.00
MOTORS,38,100
GPS,40.090576,-105.185707,40.090576,-105.185707
TIME,14:25:25
SONAR,150,150,150,150,118
BEARING,300.00,293,-7.00
SPEED_COEFFICIENT,1.00
MOTORS,80,100
GPS,40.090579,-105.185707,40.090579,-105.185707
TIME,14:25:25
SONAR,150,150,150,150,132
SPEED_COEFFICIENT,1.00
MOTORS,80,100
SONAR,150,150,150,150,150
SPEED_COEFFICIENT,1.00
MOTORS,80,100
SONAR,150,150,150,150,150
BEARING,288.00,293,5.00
SPEED_COEFFICIENT,1.00
MOTORS,100,86
GPS,40.090587,-105.185722,40.090587,-105.185722
TIME,14:25:26
SONAR,150,150,150,150,150
SPEED_COEFFICIENT,1.00
MOTORS,100,86
GPS,40.090587,-105.185745,40.090587,-105.185745
TIME,14:25:26
SONAR,150,150,150,150,150
SPEED_COEFFICIENT,1.00
MOTORS,100,86
GPS,40.090591,-105.185745,40.090591,-105.185745
TIME,14:25:26
SONAR,150,150,150,150,150
BEARING,311.00,293,-18.00
SPEED_COEFFICIENT,1.00
MOTORS,50,100
SONAR,150,150,150,150,150
SPEED_COEFFICIENT,1.00
MOTORS,50,100
SONAR,150,150,150,150,150
SPEED_COEFFICIENT,1.00
MOTORS,50,100
SONAR,150,150,150,150,150
BEARING,302.00,293,-9.00
SPEED_COEFFICIENT,1.00
MOTORS,75,100
SONAR,150,150,150,150,150
SPEED_COEFFICIENT,1.00
MOTORS,75,100
GPS,40.090610,-105.185775,40.090610,-105.185775
TIME,14:25:27
SONAR,150,150,150,150,150
SPEED_COEFFICIENT,1.00
MOTORS,75,100
GPS,40.090614,-105.185775,40.090614,-105.185775
TIME,14:25:28
SONAR,150,150,150,150,150
BEARING,288.00,293,5.00
SPEED_COEFFICIENT,1.00
MOTORS,100,86
SONAR,150,150,150,150,150
SPEED_COEFFICIENT,1.00
MOTORS,100,86
SONAR,150,150,150,150,150
SPEED_COEFFICIENT,1.00
MOTORS,100,86
SONAR,150,150,150,150,150
BEARING,307.00,293,-14.00
SPEED_COEFFICIENT,1.00
MOTORS,61,100
SONAR,117,150,150,150,150
SPEED_COEFFICIENT,1.00
MOTORS,61,100
GPS,40.090625,-105.185806,40.090625,-105.185806
TIME,14:25:29
SONAR,150,150,150,150,150
SPEED_COEFFICIENT,1.00
MOTORS,61,100
GPS,40.090629,-105.185806,40.090629,-105.185806
TIME,14:25:29
SONAR,123,150,150,150,150
BEARING,301.00,293,-8.00
SPEED_COEFFICIENT,1.00
MOTORS,77,100
GPS,40.090633,-105.185806,40.090633,-105.185806
TIME,14:25:29
SONAR,150,150,150,150,150
SPEED_COEFFICIENT,1.00
MOTORS,77,100
GPS,40.090633,-105.185821,40.090633,-105.185821
TIME,14:25:29
SONAR,150,150,150,150,150
SPEED_COEFFICIENT,1.00
MOTORS,77,100
SONAR,150,150,150,150,150
BEARING,289.00,293,4.00
SPEED_COEFFICIENT,1.00
MOTORS,100,88
GPS,40.090641,-105.185836,40.090641,-105.185836
TIME,14:25:30
SONAR,47,150,150,127,150
SPEED_COEFFICIENT,1.00
MOTORS,100,88
GPS,40.090644,-105.185836,40.090644,-105.185836
TIME,14:25:30
SONAR,76,150,150,150,150
SPEED_COEFFICIENT,1.00
MOTORS,100,88
GPS,40.090644,-105.185836,40.090644,-105.185836
TIME,14:25:30
SONAR,65,150,150,150,150
BEARING,304.00,293,-11.00
SPEED_COEFFICIENT,1.00
MOTORS,69,100
GPS,40.090648,-105.185859,40.090648,-105.185859
TIME,14:25:31
SONAR,65,150,150,150,150
SPEED_COEFFICIENT,1.00
MOTORS,69,100
GPS,40.090648,-105.185859,40.090648,-105.185859
TIME,14:25:31
SONAR,68,150,150,150,150
SPEED_COEFFICIENT,1.00
MOTORS,69,100
SONAR,68,150,150,149,150
BEARING,274.00,293,19.00
SPEED_COEFFICIENT,1.00
MOTORS,100,47
SONAR,68,150,150,137,150
SPEED_COEFFICIENT,1.00
MOTORS,100,47
SONAR,67,59,150,150,150
AVOID_OBSTACLE,TURN_RIGHT
MOTORS,100,0
SONAR,32,83,150,150,150
AVOID_OBSTACLE,DONE
MOTORS,0,0
SPEED_COEFFICIENT,1.00
MOTORS,100,47
GPS,40.090671,-105.185890,40.090671,-105.185890
TIME,14:25:32
SONAR,24,48,150,6,150
AVOID_OBSTACLE,TURN_LEFT
MOTORS,0,100
SONAR,24,150,21,150,150
SONAR,23,150,150,150,150
AVOID_OBSTACLE,DONE
MOTORS,0,0
BEARING,319.00,293,-26.00
SPEED_COEFFICIENT,1.00
MOTORS,27,100
GPS,40.090675,-105.185890,40.090675,-105.185890
TIME,14:25:33
SONAR,23,150,150,6,150
AVOID_OBSTACLE,TURN_LEFT
MOTORS,0,100
SONAR,23,150,18,150,150
SONAR,24,150,10,150,150
SONAR,24,3,23,23,150
SONAR,24,3,4,150,150
SONAR,24,150,6,150,150
SONAR,24,150,150,150,150
AVOID_OBSTACLE,DONE
MOTORS,0,0
SPEED_COEFFICIENT,1.00
MOTORS,27,100
GPS,40.090671,-105.185890,40.090671,-105.185890
TIME,14:25:34
SONAR,119,150,7,150,150
AVOID_OBSTACLE,TURN_RIGHT
MOTORS,100,0
SONAR,150,150,10,150,150
SONAR,150,150,3,150,150
SONAR,150,3,4,150,150
SONAR,150,4,150,150,150
SONAR,150,3,1,5,150
SONAR,150,150,2,150,150
SONAR,150,150,4,6,12
SONAR,150,150,3,6,10
SONAR,150,150,5,150,150
SONAR,150,150,2,150,150
SONAR,150,150,3,150,150
SONAR,150,150,3,5,150
SONAR,150,150,4,4,150
SONAR,150,150,2,3,150
SONAR,150,150,2,4,150
SONAR,150,150,3,4,150
SONAR,150,150,3,5,150
SONAR,150,150,3,4,150
SONAR,150,150,2,4,150
SONAR,150,150,2,150,150
SONAR,150,150,2,4,150
SONAR,150,150,2,4,150
SONAR,150,150,3,150,150
SONAR,150,150,3,150,150
SONAR,150,150,3,150,7
SONAR,150,150,3,4,150
SONAR,150,150,3,150,8
SONAR,150,150,3,150,6
SONAR,150,150,3,150,10
SONAR,150,150,7,7,150
SONAR,150,150,2,150,150
SONAR,150,150,3,150,150
SONAR,150,150,2,3,150
SONAR,150,150,1,150,150
SONAR,150,150,1,150,150
SONAR,150,150,1,150,150
SONAR,150,150,1,150,150
SONAR,150,150,1,150,150
SONAR,150,150,2,150,150
SONAR,150,150,5,150,150
SONAR,150,150,2,150,150
SONAR,150,150,2,150,14
SONAR,150,150,4,150,150
SONAR,150,150,2,150,150
SONAR,150,150,1,150,150
SONAR,99,150,2,150,23
SONAR,98,150,150,150,26
AVOID_OBSTACLE,DONE
MOTORS,0,0
SPEED_COEFFICIENT,1.00
MOTORS,27,100
GPS,40.090690,-105.185859,40.090690,-105.185859
TIME,14:25:44
SONAR,103,150,1,6,24
AVOID_OBSTACLE,TURN_LEFT
MOTORS,0,100
SONAR,100,150,2,150,24
SONAR,100,150,3,150,150
SONAR,100,150,150,150,150
AVOID_OBSTACLE,DONE
MOTORS,0,0
BEARING,30.00,293,-97.00
REACHED_WAYPOINT
WAYPOINT,1,40.09,-105.19,35
SPEED_COEFFICIENT,1.00
MOTORS,27,100
GPS,40.090690,-105.185859,40.090690,-105.185859
TIME,14:25:45
SONAR,101,150,150,6,150
AVOID_OBSTACLE,TURN_LEFT
MOTORS,0,100
SONAR,101,150,150,150,150
AVOID_OBSTACLE,DONE
MOTORS,0,0
SPEED_COEFFICIENT,1.00
MOTORS,27,100
SONAR,150,150,150,6,150
AVOID_OBSTACLE,TURN_LEFT
MOTORS,0,100
SONAR,150,150,150,150,150
AVOID_OBSTACLE,DONE
MOTORS,0,0
SPEED_COEFFICIENT,1.00
MOTORS,27,100
SONAR,150,150,150,150,150
BEARING,30.00,35,5.00
SPEED_COEFFICIENT,1.00
MOTORS,100,86
SONAR,150,150,150,150,150
SPEED_COEFFICIENT,1.00
MOTORS,100,86
SONAR,150,150,150,150,150
SPEED_COEFFICIENT,1.00
MOTORS,100,86
GPS,40.090690,-105.185859,40.090690,-105.185859
TIME,14:25:47
SONAR,150,150,150,150,150
BEARING,37.00,35,-2.00
SPEED_COEFFICIENT,1.00
MOTORS,94,100
GPS,40.090694,-105.185859,40.090694,-105.185859
TIME,14:25:47
SONAR,150,150,150,150,150
SPEED_COEFFICIENT,1.00
MOTORS,94,100
GPS,40.090694,-105.185859,40.090694,-105.185859
TIME,14:25:47
SONAR,150,150,150,150,150
SPEED_COEFFICIENT,1.00
MOTORS,94,100
SONAR,150,150,150,150,150
BEARING,44.00,35,-9.00
SPEED_COEFFICIENT,1.00
MOTORS,75,100
SONAR,150,150,150,150,150
SPEED_COEFFICIENT,1.00
MOTORS,75,100
SONAR,150,150,150,150,150
SPEED_COEFFICIENT,1.00
MOTORS,75,100
GPS,40.090705,-105.185821,40.090705,-105.185821
TIME,14:25:48
SONAR,150,150,150,150,150
BEARING,38.00,35,-3.00
SPEED_COEFFICIENT,1.00
MOTORS,91,100
GPS,40.090709,-105.185821,40.090709,-105.185821
TIME,14:25:48
SONAR,150,150,150,150,150
SPEED_COEFFICIENT,1.00
MOTORS,91,100
GPS,40.090713,-105.185821,40.090713,-105.185821
TIME,14:25:49
SONAR,150,150,150,150,150
SPEED_COEFFICIENT,1.00
MOTORS,91,100
GPS,40.090717,-105.185821,40.090717,-105.185821
TIME,14:25:49
SONAR,150,150,150,150,150
BEARING,40.00,35,-5.00
SPEED_COEFFICIENT,1.00
MOTORS,86,100
SONAR,150,150,150,150,150
SPEED_COEFFICIENT,1.00
MOTORS,86,100
SONAR,150,150,150,150,150
SPEED_COEFFICIENT,1.00
MOTORS,86,100
SONAR,150,150,150,150,150
BEARING,38.00,35,-3.00
SPEED_COEFFICIENT,1.00
MOTORS,91,100
GPS,40.090736,-105.185791,40.090736,-105.185791
TIME,14:25:50
SONAR,150,150,150,150,150
SPEED_COEFFICIENT,1.00
MOTORS,91,100
GPS,40.090736,-105.185791,40.090736,-105.185791
TIME,14:25:50
SONAR,150,150,150,150,150
SPEED_COEFFICIENT,1.00
MOTORS,91,100
SONAR,150,150,150,150,150
BEARING,40.00,35,-5.00
SPEED_COEFFICIENT,1.00
MOTORS,86,100
SONAR,150,150,150,150,150
SPEED_COEFFICIENT,1.00
MOTORS,86,100
SONAR,150,150,150,150,150
SPEED_COEFFICIENT,1.00
MOTORS,86,100
GPS,40.090755,-105.185775,40.090755,-105.185775
TIME,14:25:51
SONAR,150,150,150,150,150
BEARING,39.00,35,-4.00
SPEED_COEFFICIENT,1.00
MOTORS,88,100
GPS,40.090759,-105.185775,40.090759,-105.185775
TIME,14:25:51
SONAR,150,150,150,150,150
SPEED_COEFFICIENT,1.00
MOTORS,88,100
GPS,40.090759,-105.185760,40.090759,-105.185760
TIME,14:25:52
SONAR,150,150,150,150,150
SPEED_COEFFICIENT,1.00
MOTORS,88,100
SONAR,150,150,150,150,150
BEARING,39.00,35,-4.00
SPEED_COEFFICIENT,1.00
MOTORS,88,100
SONAR,150,150,150,150,150
SPEED_COEFFICIENT,1.00
MOTORS,88,100
GPS,40.090770,-105.185745,40.090770,-105.185745
TIME,14:25:52
SONAR,150,150,150,150,150
SPEED_COEFFICIENT,1.00
MOTORS,88,100
GPS,40.090774,-105.185745,40.090774,-105.185745
TIME,14:25:52
SONAR,150,150,150,150,150
BEARING,40.00,35,-5.00
SPEED_COEFFICIENT,1.00
MOTORS,86,100
GPS,40.090778,-105.185745,40.090778,-105.185745
TIME,14:25:53
SONAR,150,150,150,150,150
SPEED_COEFFICIENT,1.00
MOTORS,86,100
GPS,40.090782,-105.185722,40.090782,-105.185722
TIME,14:25:53
SONAR,150,150,150,150,150
SPEED_COEFFICIENT,1.00
MOTORS,86,100
SONAR,150,150,150,150,150
BEARING,39.00,35,-4.00
SPEED_COEFFICIENT,1.00
MOTORS,88,100
SONAR,150,150,150,130,150
SPEED_COEFFICIENT,1.00
MOTORS,88,100
SONAR,150,150,150,150,150
SPEED_COEFFICIENT,1.00
MOTORS,88,100
GPS,40.090801,-105.185707,40.090801,-105.185707
TIME,14:25:54
SONAR,150,150,150,150,150
BEARING,40.00,35,-5.00
SPEED_COEFFICIENT,1.00
MOTORS,86,100
GPS,40.090801,-105.185707,40.090801,-105.185707
TIME,14:25:54
SONAR,150,150,150,150,150
SPEED_COEFFICIENT,1.00
MOTORS,86,100
GPS,40.090805,-105.185691,40.090805,-105.185691
TIME,14:25:54
SONAR,150,150,150,150,150
SPEED_COEFFICIENT,1.00
MOTORS,86,100
SONAR,150,150,150,150,150
BEARING,38.00,35,-3.00
SPEED_COEFFICIENT,1.00
MOTORS,91,100
SONAR,150,150,150,150,150
SPEED_COEFFICIENT,1.00
MOTORS,91,100
SONAR,150,150,150,150,150
SPEED_COEFFICIENT,1.00
MOTORS,91,100
GPS,40.090820,-105.185676,40.090820,-105.185676
TIME,14:25:55
SONAR,150,150,150,150,150
BEARING,41.00,35,-6.00
SPEED_COEFFICIENT,1.00
MOTORS,83,100
GPS,40.090824,-105.185661,40.090824,-105.185661
TIME,14:25:56
SONAR,150,150,150,150,150
SPEED_COEFFICIENT,1.00
MOTORS,83,100
GPS,40.090827,-105.185661,40.090827,-105.185661
TIME,14:25:56
SONAR,150,150,150,150,150
SPEED_COEFFICIENT,1.00
MOTORS,83,100
GPS,40.090831,-105.185661,40.090831,-105.185661
TIME,14:25:56
SONAR,150,150,150,150,150
BEARING,38.00,35,-3.00
SPEED_COEFFICIENT,1.00
MOTORS,91,100
SONAR,150,150,150,150,150
SPEED_COEFFICIENT,1.00
MOTORS,91,100
SONAR,150,150,150,150,150
SPEED_COEFFICIENT,1.00
MOTORS,91,100
SONAR,150,150,150,150,150
BEARING,40.00,35,-5.00
SPEED_COEFFICIENT,1.00
MOTORS,86,100
GPS,40.090843,-105.185630,40.090843,-105.185630
TIME,14:25:57
SONAR,149,150,150,141,150
SPEED_COEFFICIENT,1.00
MOTORS,86,100
GPS,40.090847,-105.185630,40.090847,-105.185630
TIME,14:25:57
SONAR,139,94,80,70,150
AVOID_OBSTACLE,TURN_LEFT
MOTORS,0,100
SONAR,127,150,150,150,150
AVOID_OBSTACLE,DONE
MOTORS,0,0
SPEED_COEFFICIENT,1.00
MOTORS,86,100
GPS,40.090862,-105.185615,40.090862,-105.185615
TIME,14:25:58
SONAR,150,11,8,13,150
AVOID_OBSTACLE,TURN_RIGHT
MOTORS,100,0
SONAR,150,12,8,12,150
SONAR,150,11,8,150,150
SONAR,150,12,8,150,150
SONAR,150,12,8,150,150
SONAR,150,12,8,150,150
SONAR,150,9,8,150,150
SONAR,150,11,8,150,150
SONAR,150,12,8,150,150
SONAR,150,12,8,150,150
SONAR,150,11,8,150,150
SONAR,150,11,8,150,150
SONAR,150,11,8,150,150
SONAR,150,11,7,150,150
SONAR,150,16,13,15,150
SONAR,150,150,150,150,150
AVOID_OBSTACLE,DONE
MOTORS,0,0
BEARING,22.00,35,13.00
SPEED_COEFFICIENT,1.00
MOTORS,100,63
GPS,40.090866,-105.185592,40.090866,-105.185592
TIME,14:26:1
SONAR,150,150,150,6,150
AVOID_OBSTACLE,TURN_LEFT
MOTORS,0,100
SONAR,150,150,150,150,150
AVOID_OBSTACLE,DONE
MOTORS,0,0
SPEED_COEFFICIENT,1.00
MOTORS,100,63
GPS,40.090866,-105.185592,40.090866,-105.185592
TIME,14:26:2
SONAR,150,150,150,6,150
AVOID_OBSTACLE,TURN_LEFT
MOTORS,0,100
SONAR,150,150,150,150,150
AVOID_OBSTACLE,DONE
MOTORS,0,0
SPEED_COEFFICIENT,1.00
MOTORS,100,63
GPS,40.090869,-105.185592,40.090869,-105.185592
TIME,14:26:2
SONAR,150,150,150,6,150
AVOID_OBSTACLE,TURN_LEFT
MOTORS,0,100
SONAR,150,150,150,150,150
AVOID_OBSTACLE,DONE
MOTORS,0,0
BEARING,350.00,35,45.00
SPEED_COEFFICIENT,1.00
MOTORS,100,0
GPS,40.090869,-105.185592,40.090869,-105.185592
TIME,14:26:3
SONAR,150,150,150,6,150
AVOID_OBSTACLE,TURN_LEFT
MOTORS,0,100
SONAR,150,150,150,150,150
AVOID_OBSTACLE,DONE
MOTORS,0,0
SPEED_COEFFICIENT,1.00
MOTORS,100,0
SONAR,150,150,150,150,150
SPEED_COEFFICIENT,1.00
MOTORS,100,0
GPS,40.090869,-105.185592,40.090869,-105.185592
TIME,14:26:4
SONAR,150,150,150,150,150
BEARING,354.00,35,41.00
SPEED_COEFFICIENT,1.00
MOTORS,100,0
GPS,40.090869,-105.185592,40.090869,-105.185592
TIME,14:26:4
SONAR,150,150,150,150,150
SPEED_COEFFICIENT,1.00
MOTORS,100,0
SONAR,150,150,150,150,150
SPEED_COEFFICIENT,1.00
MOTORS,100,0
SONAR,150,150,150,150,150
BEARING,16.00,35,19.00
SPEED_COEFFICIENT,1.00
MOTORS,100,47
SONAR,150,150,150,150,150
SPEED_COEFFICIENT,1.00
MOTORS,100,47
SONAR,150,150,150,150,73
SPEED_COEFFICIENT,1.00
MOTORS,100,47
SONAR,150,150,150,150,150
BEARING,52.00,35,-17.00
SPEED_COEFFICIENT,1.00
MOTORS,52,100
GPS,40.090877,-105.185615,40.090877,-105.185615
TIME,14:26:5
SONAR,150,150,150,90,150
SPEED_COEFFICIENT,1.00
MOTORS,52,100
GPS,40.090877,-105.185592,40.090877,-105.185592
TIME,14:26:5
SONAR,150,150,150,150,150
SPEED_COEFFICIENT,1.00
MOTORS,52,100
GPS,40.090877,-105.185592,40.090877,-105.185592
TIME,14:26:6
SONAR,150,150,150,150,150
BEARING,66.00,35,-31.00
SPEED_COEFFICIENT,1.00
MOTORS,13,100
SONAR,150,150,150,150,150
SPEED_COEFFICIENT,1.00
MOTORS,13,100
SONAR,150,150,150,150,150
SPEED_COEFFICIENT,1.00
MOTORS,13,100
GPS,40.090881,-105.185592,40.090881,-105.185592
TIME,14:26:6
SONAR,150,150,150,150,150
BEARING,51.00,35,-16.00
SPEED_COEFFICIENT,1.00
MOTORS,55,100
GPS,40.090881,-105.185592,40.090881,-105.185592
TIME,14:26:7
SONAR,150,150,150,150,150
SPEED_COEFFICIENT,1.00
MOTORS,55,100
GPS,40.090881,-105.185592,40.090881,-105.185592
TIME,14:26:7
SONAR,150,150,150,150,150
SPEED_COEFFICIENT,1.00
MOTORS,55,100
GPS,40.090881,-105.185592,40.090881,-105.185592
TIME,14:26:7
SONAR,150,150,150,150,150
BEARING,28.00,35,7.00
SPEED_COEFFICIENT,1.00
MOTORS,100,80
SONAR,150,150,150,150,150
SPEED_COEFFICIENT,1.00
MOTORS,100,80
SONAR,150,150,150,150,150
SPEED_COEFFICIENT,1.00
MOTORS,100,80
SONAR,150,150,131,122,150
BEARING,44.00,35,-9.00
SPEED_COEFFICIENT,1.00
MOTORS,75,100
GPS,40.090892,-105.185577,40.090892,-105.185577
TIME,14:26:8
SONAR,150,90,78,71,150
AVOID_OBSTACLE,TURN_LEFT
MOTORS,0,100
SONAR,150,29,20,14,150
SONAR,150,150,2,4,150
SONAR,150,150,2,3,150
SONAR,150,150,2,3,150
SONAR,150,150,2,3,150
SONAR,150,150,2,3,150
SONAR,150,150,2,4,150
SONAR,150,150,2,4,150
SONAR,150,150,2,4,129
SONAR,150,150,2,3,123
SONAR,150,150,2,3,150
SONAR,150,150,3,4,150
SONAR,150,150,2,6,150
SONAR,150,150,10,23,150
SONAR,150,150,150,150,150
AVOID_OBSTACLE,DONE
MOTORS,0,0
SPEED_COEFFICIENT,1.00
MOTORS,75,100
SONAR,150,150,150,6,88
AVOID_OBSTACLE,TURN_LEFT
MOTORS,0,100
SONAR,150,150,150,150,48
AVOID_OBSTACLE,DONE
MOTORS,0,0
SPEED_COEFFICIENT,1.00
MOTORS,75,100
GPS,40.090908,-105.185562,40.090908,-105.185562
TIME,14:26:12
SONAR,150,150,150,6,150
AVOID_OBSTACLE,TURN_LEFT
MOTORS,0,100
SONAR,150,150,150,150,150
AVOID_OBSTACLE,DONE
MOTORS,0,0
BEARING,235.00,35,160.00
SPEED_COEFFICIENT,1.00
MOTORS,100,0
GPS,40.090908,-105.185562,40.090908,-105.185562
TIME,14:26:12
SONAR,35,150,150,6,150
AVOID_OBSTACLE,TURN_LEFT
MOTORS,0,100
SONAR,150,150,150,150,150
AVOID_OBSTACLE,DONE
MOTORS,0,0
SPEED_COEFFICIENT,1.00
MOTORS,100,0
GPS,40.090915,-105.185577,40.090915,-105.185577
TIME,14:26:13
SONAR,150,150,150,6,150
AVOID_OBSTACLE,TURN_LEFT
MOTORS,0,100
SONAR,47,150,150,150,150
AVOID_OBSTACLE,DONE
MOTORS,0,0
SPEED_COEFFICIENT,1.00
MOTORS,100,0
GPS,40.090908,-105.185577,40.090908,-105.185577
TIME,14:26:14
SONAR,45,150,150,6,150
AVOID_OBSTACLE,TURN_LEFT
MOTORS,0,100
SONAR,70,150,150,150,150
AVOID_OBSTACLE,DONE
MOTORS,0,0
BEARING,172.00,35,-137.00
SPEED_COEFFICIENT,1.00
MOTORS,0,100
SONAR,150,150,150,150,150
SPEED_COEFFICIENT,1.00
MOTORS,0,100
SONAR,150,150,150,6,150
AVOID_OBSTACLE,TURN_LEFT
MOTORS,0,100
SONAR,150,150,150,150,150
AVOID_OBSTACLE,DONE
MOTORS,0,0
SPEED_COEFFICIENT,1.00
MOTORS,0,100
SONAR,150,150,150,6,150
AVOID_OBSTACLE,TURN_LEFT
MOTORS,0,100
SONAR,150,150,150,150,150
AVOID_OBSTACLE,DONE
MOTORS,0,0
BEARING,139.00,35,-104.00
SPEED_COEFFICIENT,1.00
MOTORS,0,100
GPS,40.090900,-105.185592,40.090900,-105.185592
TIME,14:26:15
SONAR,150,150,150,6,150
AVOID_OBSTACLE,TURN_LEFT
MOTORS,0,100
SONAR,150,150,150,150,150
AVOID_OBSTACLE,DONE
MOTORS,0,0
SPEED_COEFFICIENT,1.00
MOTORS,0,100
GPS,40.090900,-105.185592,40.090900,-105.185592
TIME,14:26:16
SONAR,150,150,150,6,150
AVOID_OBSTACLE,TURN_LEFT
MOTORS,0,100
SONAR,150,150,150,150,150
AVOID_OBSTACLE,DONE
MOTORS,0,0
SPEED_COEFFICIENT,1.00
MOTORS,0,100
GPS,40.090896,-105.185592,40.090896,-105.185592
TIME,14:26:16
SONAR,150,150,150,6,150
AVOID_OBSTACLE,TURN_LEFT
MOTORS,0,100
SONAR,49,150,150,150,150
AVOID_OBSTACLE,DONE
MOTORS,0,0
BEARING,158.00,35,-123.00
SPEED_COEFFICIENT,1.00
MOTORS,0,100
SONAR,150,150,150,6,150
AVOID_OBSTACLE,TURN_LEFT
MOTORS,0,100
SONAR,50,150,150,150,150
AVOID_OBSTACLE,DONE
MOTORS,0,0
SPEED_COEFFICIENT,1.00
MOTORS,0,100
SONAR,150,150,150,6,150
AVOID_OBSTACLE,TURN_LEFT
MOTORS,0,100
SONAR,150,150,150,150,150
AVOID_OBSTACLE,DONE
MOTORS,0,0
SPEED_COEFFICIENT,1.00
MOTORS,0,100
GPS,40.090877,-105.185615,40.090877,-105.185615
TIME,14:26:18
SONAR,39,150,150,6,150
AVOID_OBSTACLE,TURN_LEFT
MOTORS,0,100
SONAR,50,150,150,150,150
AVOID_OBSTACLE,DONE
MOTORS,0,0
BEARING,159.00,35,-124.00
SPEED_COEFFICIENT,1.00
MOTORS,0,100
GPS,40.090869,-105.185630,40.090869,-105.185630
TIME,14:26:19
SONAR,150,150,150,6,150
AVOID_OBSTACLE,TURN_LEFT
MOTORS,0,100
SONAR,39,150,150,150,150
AVOID_OBSTACLE,DONE
MOTORS,0,0
SPEED_COEFFICIENT,1.00
MOTORS,0,100
GPS,40.090862,-105.185630,40.090862,-105.185630
TIME,14:26:19
SONAR,33,150,150,6,150
AVOID_OBSTACLE,TURN_LEFT
MOTORS,0,100
SONAR,150,150,150,150,150
AVOID_OBSTACLE,DONE
MOTORS,0,0
SPEED_COEFFICIENT,1.00
MOTORS,0,100
SONAR,150,150,150,6,150
AVOID_OBSTACLE,TURN_LEFT
MOTORS,0,100
SONAR,150,150,150,150,150
AVOID_OBSTACLE,DONE
MOTORS,0,0
BEARING,153.00,35,-118.00
SPEED_COEFFICIENT,1.00
MOTORS,0,100
SONAR,150,150,150,6,150
AVOID_OBSTACLE,TURN_LEFT
MOTORS,0,100
SONAR,150,150,150,150,150
AVOID_OBSTACLE,DONE
MOTORS,0,0
SPEED_COEFFICIENT,1.00
MOTORS,0,100
GPS,40.090835,-105.185646,40.090835,-105.185646
TIME,14:26:21
SONAR,150,150,150,150,150
SPEED_COEFFICIENT,1.00
MOTORS,0,100
GPS,40.090831,-105.185646,40.090831,-105.185646
TIME,14:26:21
SONAR,150,150,150,6,150
AVOID_OBSTACLE,TURN_LEFT
MOTORS,0,100
SONAR,150,150,150,150,150
AVOID_OBSTACLE,DONE
MOTORS,0,0
BEARING,155.00,35,-120.00
SPEED_COEFFICIENT,1.00
MOTORS,0,100
GPS,40.090824,-105.185646,40.090824,-105.185646
TIME,14:26:22
SONAR,150,150,150,150,150
SPEED_COEFFICIENT,1.00
MOTORS,0,100
SONAR,150,150,150,6,150
AVOID_OBSTACLE,TURN_LEFT
MOTORS,0,100
SONAR,42,150,150,150,150
AVOID_OBSTACLE,DONE
MOTORS,0,0
SPEED_COEFFICIENT,1.00
MOTORS,0,100
GPS,40.090812,-105.185661,40.090812,-105.185661
TIME,14:26:23
SONAR,150,150,150,6,150
AVOID_OBSTACLE,TURN_LEFT
MOTORS,0,100
SONAR,150,150,150,150,150
AVOID_OBSTACLE,DONE
MOTORS,0,0
BEARING,165.00,35,-130.00
SPEED_COEFFICIENT,1.00
MOTORS,0,100
GPS,40.090805,-105.185661,40.090805,-105.185661
TIME,14:26:23
SONAR,39,150,150,6,150
AVOID_OBSTACLE,TURN_LEFT
MOTORS,0,100
SONAR,150,150,150,150,150
AVOID_OBSTACLE,DONE
MOTORS,0,0
SPEED_COEFFICIENT,1.00
MOTORS,0,100
GPS,40.090801,-105.185661,40.090801,-105.185661
TIME,14:26:24
SONAR,150,150,150,150,150
SPEED_COEFFICIENT,1.00
MOTORS,0,100
GPS,40.090797,-105.185676,40.090797,-105.185676
TIME,14:26:24
SONAR,43,150,150,6,150
AVOID_OBSTACLE,TURN_LEFT
MOTORS,0,100
SONAR,37,150,150,150,150
AVOID_OBSTACLE,DONE
MOTORS,0,0
BEARING,148.00,35,-113.00
SPEED_COEFFICIENT,1.00
MOTORS,0,100
GPS,40.090785,-105.185676,40.090785,-105.185676
TIME,14:26:24
SONAR,150,150,150,150,150
SPEED_COEFFICIENT,1.00
MOTORS,0,100
GPS,40.090782,-105.185676,40.090782,-105.185676
TIME,14:26:25
SONAR,150,150,150,6,150
AVOID_OBSTACLE,TURN_LEFT
MOTORS,0,100
SONAR,150,150,150,150,150
AVOID_OBSTACLE,DONE
MOTORS,0,0
SPEED_COEFFICIENT,1.00
MOTORS,0,100
GPS,40.090778,-105.185676,40.090778,-105.185676
TIME,14:26:25
SONAR,48,150,127,6,150
AVOID_OBSTACLE,TURN_LEFT
MOTORS,0,100
SONAR,93,150,150,150,150
AVOID_OBSTACLE,DONE
MOTORS,0,0
BEARING,167.00,35,-132.00
SPEED_COEFFICIENT,1.00
MOTORS,0,100
GPS,40.090770,-105.185691,40.090770,-105.185691
TIME,14:26:26
SONAR,48,150,150,6,150
AVOID_OBSTACLE,TURN_LEFT
MOTORS,0,100
SONAR,150,150,150,150,150
AVOID_OBSTACLE,DONE
MOTORS,0,0
SPEED_COEFFICIENT,1.00
MOTORS,0,100
SONAR,150,150,150,6,150
AVOID_OBSTACLE,TURN_LEFT
MOTORS,0,100
SONAR,150,150,150,150,150
AVOID_OBSTACLE,DONE
MOTORS,0,0
SPEED_COEFFICIENT,1.00
MOTORS,0,100
SONAR,150,150,150,6,150
AVOID_OBSTACLE,TURN_LEFT
MOTORS,0,100
SONAR,44,150,150,150,150
AVOID_OBSTACLE,DONE
MOTORS,0,0
BEARING,140.00,35,-105.00
SPEED_COEFFICIENT,1.00
MOTORS,0,100
SONAR,150,150,150,6,139
AVOID_OBSTACLE,TURN_LEFT
MOTORS,0,100
SONAR,150,150,150,150,150
AVOID_OBSTACLE,DONE
MOTORS,0,0
SPEED_COEFFICIENT,1.00
MOTORS,0,100
GPS,40.090751,-105.185707,40.090751,-105.185707
TIME,14:26:28
SONAR,150,150,150,6,150
AVOID_OBSTACLE,TURN_LEFT
MOTORS,0,100
SONAR,38,88,150,150,150
AVOID_OBSTACLE,DONE
MOTORS,0,0
SPEED_COEFFICIENT,1.00
MOTORS,0,100
GPS,40.090744,-105.185722,40.090744,-105.185722
TIME,14:26:29
SONAR,40,150,150,6,150
AVOID_OBSTACLE,TURN_LEFT
MOTORS,0,100
SONAR,82,150,150,150,150
AVOID_OBSTACLE,DONE
MOTORS,0,0
BEARING,174.00,35,-139.00
SPEED_COEFFICIENT,1.00
MOTORS,0,100
GPS,40.090736,-105.185722,40.090736,-105.185722
TIME,14:26:29
SONAR,43,150,150,150,150
SPEED_COEFFICIENT,1.00
MOTORS,0,100
GPS,40.090736,-105.185745,40.090736,-105.185745
TIME,14:26:30
SONAR,125,150,150,150,150
SPEED_COEFFICIENT,1.00
MOTORS,0,100
GPS,40.090736,-105.185745,40.090736,-105.185745
TIME,14:26:30
SONAR,150,150,150,6,150
AVOID_OBSTACLE,TURN_LEFT
MOTORS,0,100
SONAR,150,150,150,150,150
AVOID_OBSTACLE,DONE
MOTORS,0,0
BEARING,176.00,35,-141.00
SPEED_COEFFICIENT,1.00
MOTORS,0,100
GPS,40.090732,-105.185745,40.090732,-105.185745
TIME,14:26:30
SONAR,90,150,150,6,150
AVOID_OBSTACLE,TURN_LEFT
MOTORS,0,100
SONAR,131,150,150,150,150
AVOID_OBSTACLE,DONE
MOTORS,0,0
SPEED_COEFFICIENT,1.00
MOTORS,0,100
SONAR,150,150,150,6,150
AVOID_OBSTACLE,TURN_LEFT
MOTORS,0,100
SONAR,150,150,150,150,150
AVOID_OBSTACLE,DONE
MOTORS,0,0
SPEED_COEFFICIENT,1.00
MOTORS,0,100
SONAR,150,150,150,6,150
AVOID_OBSTACLE,TURN_LEFT
MOTORS,0,100
SONAR,150,150,150,150,150
AVOID_OBSTACLE,DONE
MOTORS,0,0
BEARING,159.00,35,-124.00
SPEED_COEFFICIENT,1.00
MOTORS,0,100
GPS,40.090717,-105.185775,40.090717,-105.185775
TIME,14:26:32
SONAR,150,150,150,6,150
AVOID_OBSTACLE,TURN_LEFT
MOTORS,0,100
SONAR,109,150,150,150,150
AVOID_OBSTACLE,DONE
MOTORS,0,0
SPEED_COEFFICIENT,1.00
MOTORS,0,100
GPS,40.090709,-105.185775,40.090709,-105.185775
TIME,14:26:32
SONAR,44,150,150,6,150
AVOID_OBSTACLE,TURN_LEFT
MOTORS,0,100
SONAR,35,150,150,150,150
AVOID_OBSTACLE,DONE
MOTORS,0,0
SPEED_COEFFICIENT,1.00
MOTORS,0,100
GPS,40.090705,-105.185775,40.090705,-105.185775
TIME,14:26:33
SONAR,114,150,150,6,150
AVOID_OBSTACLE,TURN_LEFT
MOTORS,0,100
SONAR,130,150,150,150,150
AVOID_OBSTACLE,DONE
MOTORS,0,0
BEARING,133.00,35,-98.00
SPEED_COEFFICIENT,1.00
MOTORS,0,100
SONAR,118,150,150,6,150
AVOID_OBSTACLE,TURN_LEFT
MOTORS,0,100
SONAR,83,150,150,150,150
AVOID_OBSTACLE,DONE
MOTORS,0,0
SPEED_COEFFICIENT,1.00
MOTORS,0,100
SONAR,109,150,150,6,150
AVOID_OBSTACLE,TURN_LEFT
MOTORS,0,100
SONAR,102,150,150,150,150
AVOID_OBSTACLE,DONE
MOTORS,0,0
SPEED_COEFFICIENT,1.00
MOTORS,0,100
GPS,40.090690,-105.185791,40.090690,-105.185791
TIME,14:26:35
SONAR,112,150,150,6,150
AVOID_OBSTACLE,TURN_LEFT
MOTORS,0,100
SONAR,44,150,150,150,150
AVOID_OBSTACLE,DONE
MOTORS,0,0
BEARING,123.00,35,-88.00
SPEED_COEFFICIENT,1.00
MOTORS,0,100
GPS,40.090682,-105.185775,40.090682,-105.185775
TIME,14:26:35
SONAR,37,150,150,6,150
AVOID_OBSTACLE,TURN_LEFT
MOTORS,0,100
SONAR,150,150,150,150,150
AVOID_OBSTACLE,DONE
MOTORS,0,0
SPEED_COEFFICIENT,1.00
MOTORS,0,100
SONAR,150,150,150,6,150
AVOID_OBSTACLE,TURN_LEFT
MOTORS,0,100
SONAR,150,150,150,150,150
AVOID_OBSTACLE,DONE
MOTORS,0,0
SPEED_COEFFICIENT,1.00
MOTORS,0,100
SONAR,44,150,150,6,150
AVOID_OBSTACLE,TURN_LEFT
MOTORS,0,100
SONAR,150,150,150,150,150
AVOID_OBSTACLE,DONE
MOTORS,0,0
BEARING,120.00,35,-85.00
SPEED_COEFFICIENT,1.00
MOTORS,0,100
GPS,40.090663,-105.185775,40.090663,-105.185775
TIME,14:26:37
SONAR,39,150,150,6,150
AVOID_OBSTACLE,TURN_LEFT
MOTORS,0,100
SONAR,150,150,150,150,150
AVOID_OBSTACLE,DONE
MOTORS,0,0
SPEED_COEFFICIENT,1.00
MOTORS,0,100
GPS,40.090660,-105.185775,40.090660,-105.185775
TIME,14:26:38
SONAR,150,150,150,6,150
AVOID_OBSTACLE,TURN_LEFT
MOTORS,0,100
SONAR,150,150,150,150,150
AVOID_OBSTACLE,DONE
MOTORS,0,0
SPEED_COEFFICIENT,1.00
MOTORS,0,100
GPS,40.090652,-105.185775,40.090652,-105.185775
TIME,14:26:38
SONAR,150,150,150,6,150
AVOID_OBSTACLE,TURN_LEFT
MOTORS,0,100
SONAR,150,150,150,150,150
AVOID_OBSTACLE,DONE
MOTORS,0,0
BEARING,145.00,35,-110.00
SPEED_COEFFICIENT,1.00
MOTORS,0,100
GPS,40.090648,-105.185775,40.090648,-105.185775
TIME,14:26:39
SONAR,150,150,150,6,150
AVOID_OBSTACLE,TURN_LEFT
MOTORS,0,100
SONAR,150,150,150,150,150
AVOID_OBSTACLE,DONE
MOTORS,0,0
SPEED_COEFFICIENT,1.00
MOTORS,0,100
SONAR,150,150,150,6,150
AVOID_OBSTACLE,TURN_LEFT
MOTORS,0,100
SONAR,150,150,150,150,150
AVOID_OBSTACLE,DONE
MOTORS,0,0
SPEED_COEFFICIENT,1.00
MOTORS,0,100
GPS,40.090637,-105.185775,40.090637,-105.185775
TIME,14:26:40
SONAR,52,107,150,6,150
AVOID_OBSTACLE,TURN_LEFT
MOTORS,0,100
SONAR,150,103,101,103,150
AVOID_OBSTACLE,DONE
MOTORS,0,0
BEARING,75.00,35,-40.00
SPEED_COEFFICIENT,1.00
MOTORS,0,100
GPS,40.090633,-105.185760,40.090633,-105.185760
TIME,14:26:40
SONAR,150,150,150,150,150
SPEED_COEFFICIENT,1.00
MOTORS,0,100
GPS,40.090629,-105.185760,40.090629,-105.185760
TIME,14:26:40
SONAR,8,3,4,150,150
AVOID_OBSTACLE,TURN_RIGHT
MOTORS,100,0
SONAR,150,5,3,150,150
SONAR,9,3,4,150,150
SONAR,8,4,150,150,150
SONAR,6,6,150,150,121
SONAR,6,150,4,150,150
SONAR,7,150,5,150,150
SONAR,8,150,4,150,150
SONAR,8,150,4,150,150
SONAR,7,3,5,150,150
SONAR,7,3,4,150,150
SONAR,5,3,4,150,150
SONAR,5,150,4,150,150
SONAR,5,150,3,129,150
SONAR,5,9,3,150,150
SONAR,5,2,3,150,150
SONAR,6,7,3,150,150
SONAR,5,150,3,150,150
SONAR,7,150,4,150,150
SONAR,7,3,3,150,150
SONAR,6,150,5,150,150
SONAR,6,150,4,150,145
SONAR,150,150,3,150,137
SONAR,8,150,4,150,150
SONAR,6,150,6,150,150
SONAR,5,150,5,150,150
SONAR,150,150,5,150,150
SONAR,7,150,4,150,150
SONAR,7,150,4,150,150
SONAR,6,150,5,150,150
SONAR,6,150,4,150,150
SONAR,8,150,4,150,150
SONAR,150,150,4,150,150
SONAR,150,150,4,150,55
SONAR,150,4,3,150,44
SONAR,150,150,7,150,150
SONAR,150,3,4,150,150
SONAR,150,2,3,150,150
SONAR,15,9,4,150,150
SONAR,150,4,6,150,150
SONAR,150,3,3,150,150
SONAR,12,3,3,150,150
SONAR,10,3,4,150,150
SONAR,150,2,4,150,150
SONAR,150,3,3,150,150
SONAR,7,3,5,150,150
SONAR,12,3,4,150,150
SONAR,11,3,4,150,150
SONAR,7,5,3,150,150
SONAR,150,150,3,150,150
SONAR,8,4,3,150,150
SONAR,7,7,3,150,150
SONAR,9,150,4,150,150
SONAR,7,5,3,150,150
SONAR,7,5,4,150,150
SONAR,7,150,3,150,150
SONAR,6,150,3,150,150
SONAR,6,150,3,150,150
SONAR,6,2,3,150,150
SONAR,6,2,4,150,150
SONAR,11,150,150,150,150
SONAR,16,150,150,6,150
SONAR,150,150,150,150,150
AVOID_OBSTACLE,DONE
MOTORS,0,0
SPEED_COEFFICIENT,1.00
MOTORS,0,100
GPS,40.090538,-105.185760,40.090538,-105.185760
TIME,14:26:53
SONAR,150,150,150,6,150
AVOID_OBSTACLE,TURN_LEFT
MOTORS,0,100
SONAR,150,98,79,150,150
AVOID_OBSTACLE,DONE
MOTORS,0,0
BEARING,126.00,35,-91.00
SPEED_COEFFICIENT,1.00
MOTORS,0,100
SONAR,150,150,150,6,150
AVOID_OBSTACLE,TURN_LEFT
MOTORS,0,100
SONAR,63,150,150,150,150
AVOID_OBSTACLE,DONE
MOTORS,0,0
SPEED_COEFFICIENT,1.00
MOTORS,0,100
SONAR,150,150,150,6,150
AVOID_OBSTACLE,TURN_LEFT
MOTORS,0,100
SONAR,150,150,150,150,150
AVOID_OBSTACLE,DONE
MOTORS,0,0
SPEED_COEFFICIENT,1.00
MOTORS,0,100
GPS,40.090522,-105.185760,40.090522,-105.185760
TIME,14:26:55
SONAR,150,150,150,6,150
AVOID_OBSTACLE,TURN_LEFT
MOTORS,0,100
SONAR,150,150,150,150,150
AVOID_OBSTACLE,DONE
MOTORS,0,0
BEARING,122.00,35,-87.00
SPEED_COEFFICIENT,1.00
MOTORS,0,100
GPS,40.090518,-105.185760,40.090518,-105.185760
TIME,14:26:55
SONAR,150,150,150,6,150
AVOID_OBSTACLE,TURN_LEFT
MOTORS,0,100
SONAR,150,150,150,150,150
AVOID_OBSTACLE,DONE
MOTORS,0,0
SPEED_COEFFICIENT,1.00
MOTORS,0,100
GPS,40.090511,-105.185760,40.090511,-105.185760
TIME,14:26:56
SONAR,123,150,150,6,150
AVOID_OBSTACLE,TURN_LEFT
MOTORS,0,100
SONAR,150,150,150,150,150
AVOID_OBSTACLE,DONE
MOTORS,0,0
SPEED_COEFFICIENT,1.00
MOTORS,0,100
SONAR,150,150,150,6,150
AVOID_OBSTACLE,TURN_LEFT
MOTORS,0,100
SONAR,115,150,150,150,150
AVOID_OBSTACLE,DONE
MOTORS,0,0
BEARING,95.00,35,-60.00
SPEED_COEFFICIENT,1.00
MOTORS,0,100
SONAR,104,150,150,6,150
AVOID_OBSTACLE,TURN_LEFT
MOTORS,0,100
SONAR,141,150,150,150,150
AVOID_OBSTACLE,DONE
MOTORS,0,0
SPEED_COEFFICIENT,1.00
MOTORS,0,100
GPS,40.090499,-105.185745,40.090499,-105.185745
TIME,14:26:58
SONAR,150,150,150,6,150
AVOID_OBSTACLE,TURN_LEFT
MOTORS,0,100
SONAR,150,150,150,150,150
AVOID_OBSTACLE,DONE
MOTORS,0,0
SPEED_COEFFICIENT,1.00
MOTORS,0,100
GPS,40.090496,-105.185745,40.090496,-105.185745
TIME,14:26:58
SONAR,150,65,65,6,150
AVOID_OBSTACLE,TURN_LEFT
MOTORS,0,100
SONAR,150,150,150,150,150
AVOID_OBSTACLE,DONE
MOTORS,0,0
BEARING,137.00,35,-102.00
SPEED_COEFFICIENT,1.00
MOTORS,0,100
GPS,40.090492,-105.185745,40.090492,-105.185745
TIME,14:26:59
SONAR,150,150,150,6,150
AVOID_OBSTACLE,TURN_LEFT
MOTORS,0,100
SONAR,22,150,150,150,150
AVOID_OBSTACLE,DONE
MOTORS,0,0
SPEED_COEFFICIENT,1.00
MOTORS,0,100
SONAR,60,150,150,150,150
SPEED_COEFFICIENT,1.00
MOTORS,0,100
SONAR,63,150,150,150,150
BEARING,103.00,35,-68.00
SPEED_COEFFICIENT,1.00
MOTORS,0,100
GPS,40.090480,-105.185745,40.090480,-105.185745
TIME,14:27:0
SONAR,32,150,150,6,150
AVOID_OBSTACLE,TURN_LEFT
MOTORS,0,100
SONAR,25,150,150,150,150
AVOID_OBSTACLE,DONE
MOTORS,0,0
SPEED_COEFFICIENT,1.00
MOTORS,0,100
SONAR,150,150,150,6,150
AVOID_OBSTACLE,TURN_LEFT
MOTORS,0,100
SONAR,150,81,91,150,150
AVOID_OBSTACLE,DONE
MOTORS,0,0
SPEED_COEFFICIENT,1.00
MOTORS,0,100
GPS,40.090469,-105.185745,40.090469,-105.185745
TIME,14:27:1
SONAR,150,64,150,6,150
AVOID_OBSTACLE,TURN_LEFT
MOTORS,0,100
SONAR,111,150,150,150,150
AVOID_OBSTACLE,DONE
MOTORS,0,0
BEARING,86.00,35,-51.00
SPEED_COEFFICIENT,1.00
MOTORS,0,100
GPS,40.090465,-105.185722,40.090465,-105.185722
TIME,14:27:1
SONAR,137,150,150,150,150
SPEED_COEFFICIENT,1.00
MOTORS,0,100
GPS,40.090461,-105.185722,40.090461,-105.185722
TIME,14:27:2
SONAR,150,150,150,6,150
AVOID_OBSTACLE,TURN_LEFT
MOTORS,0,100
SONAR,54,150,150,150,150
AVOID_OBSTACLE,DONE
MOTORS,0,0
SPEED_COEFFICIENT,1.00
MOTORS,0,100
GPS,40.090461,-105.185722,40.090461,-105.185722
TIME,14:27:2
SONAR,50,150,150,6,150
AVOID_OBSTACLE,TURN_LEFT
MOTORS,0,100
SONAR,150,129,150,150,150
AVOID_OBSTACLE,DONE
MOTORS,0,0
BEARING,81.00,35,-46.00
SPEED_COEFFICIENT,1.00
MOTORS,0,100
GPS,40.090461,-105.185722,40.090461,-105.185722
TIME,14:27:3
SONAR,150,150,150,6,150
AVOID_OBSTACLE,TURN_LEFT
MOTORS,0,100
SONAR,100,150,150,150,150
AVOID_OBSTACLE,DONE
MOTORS,0,0
SPEED_COEFFICIENT,1.00
MOTORS,0,100
SONAR,150,150,150,150,150
SPEED_COEFFICIENT,1.00
MOTORS,0,100
GPS,40.090461,-105.185707,40.090461,-105.185707
TIME,14:27:4
SONAR,40,150,150,6,150
AVOID_OBSTACLE,TURN_LEFT
MOTORS,0,100
SONAR,150,150,150,150,150
AVOID_OBSTACLE,DONE
MOTORS,0,0
BEARING,75.00,35,-40.00
SPEED_COEFFICIENT,1.00
MOTORS,0,100
SONAR,150,150,150,6,83
AVOID_OBSTACLE,TURN_LEFT
MOTORS,0,100
SONAR,41,150,150,150,150
AVOID_OBSTACLE,DONE
MOTORS,0,0
SPEED_COEFFICIENT,1.00
MOTORS,0,100
GPS,40.090457,-105.185691,40.090457,-105.185691
TIME,14:27:4
SONAR,49,150,150,6,150
AVOID_OBSTACLE,TURN_LEFT
MOTORS,0,100
SONAR,150,150,150,150,150
AVOID_OBSTACLE,DONE
MOTORS,0,0
SPEED_COEFFICIENT,1.00
MOTORS,0,100
GPS,40.090457,-105.185676,40.090457,-105.185676
TIME,14:27:5
SONAR,150,150,150,6,150
AVOID_OBSTACLE,TURN_LEFT
MOTORS,0,100
SONAR,150,150,150,150,150
AVOID_OBSTACLE,DONE
MOTORS,0,0
BEARING,95.00,35,-60.00
SPEED_COEFFICIENT,1.00
MOTORS,0,100
GPS,40.090454,-105.185676,40.090454,-105.185676
TIME,14:27:6
SONAR,150,150,150,6,150
AVOID_OBSTACLE,TURN_LEFT
MOTORS,0,100
SONAR,150,150,150,150,150
AVOID_OBSTACLE,DONE
MOTORS,0,0
SPEED_COEFFICIENT,1.00
MOTORS,0,100
GPS,40.090450,-105.185661,40.090450,-105.185661
TIME,14:27:6
SONAR,40,150,150,6,150
AVOID_OBSTACLE,TURN_LEFT
MOTORS,0,100
SONAR,42,150,150,150,150
AVOID_OBSTACLE,DONE
MOTORS,0,0
SPEED_COEFFICIENT,1.00
MOTORS,0,100
SONAR,150,150,150,6,150
AVOID_OBSTACLE,TURN_LEFT
MOTORS,0,100
SONAR,150,150,150,150,150
AVOID_OBSTACLE,DONE
MOTORS,0,0
BEARING,111.00,35,-76.00
SPEED_COEFFICIENT,1.00
MOTORS,0,100
SONAR,43,150,150,6,150
AVOID_OBSTACLE,TURN_LEFT
MOTORS,0,100
SONAR,150,150,150,150,150
AVOID_OBSTACLE,DONE
MOTORS,0,0
SPEED_COEFFICIENT,1.00
MOTORS,0,100
GPS,40.090438,-105.185646,40.090438,-105.185646
TIME,14:27:8
SONAR,150,150,150,6,150
AVOID_OBSTACLE,TURN_LEFT
MOTORS,0,100
SONAR,150,150,150,150,150
AVOID_OBSTACLE,DONE
MOTORS,0,0
SPEED_COEFFICIENT,1.00
MOTORS,0,100
GPS,40.090435,-105.185630,40.090435,-105.185630
TIME,14:27:8
SONAR,150,150,150,6,150
AVOID_OBSTACLE,TURN_LEFT
MOTORS,0,100
SONAR,150,150,150,150,150
AVOID_OBSTACLE,DONE
MOTORS,0,0
BEARING,118.00,35,-83.00
SPEED_COEFFICIENT,1.00
MOTORS,0,100
GPS,40.090431,-105.185630,40.090431,-105.185630
TIME,14:27:9
SONAR,150,150,150,6,150
AVOID_OBSTACLE,TURN_LEFT
MOTORS,0,100
SONAR,150,150,150,150,150
AVOID_OBSTACLE,DONE
MOTORS,0,0
SPEED_COEFFICIENT,1.00
MOTORS,0,100
SONAR,150,150,150,6,150
AVOID_OBSTACLE,TURN_LEFT
MOTORS,0,100
SONAR,49,150,150,150,150
AVOID_OBSTACLE,DONE
MOTORS,0,0
SPEED_COEFFICIENT,1.00
MOTORS,0,100
SONAR,150,150,150,6,150
AVOID_OBSTACLE,TURN_LEFT
MOTORS,0,100
SONAR,46,150,150,150,150
AVOID_OBSTACLE,DONE
MOTORS,0,0
BEARING,102.00,35,-67.00
SPEED_COEFFICIENT,1.00
MOTORS,0,100
GPS,40.090412,-105.185615,40.090412,-105.185615
TIME,14:27:11
SONAR,41,150,150,6,150
AVOID_OBSTACLE,TURN_LEFT
MOTORS,0,100
SONAR,150,150,150,150,94
AVOID_OBSTACLE,DONE
MOTORS,0,0
SPEED_COEFFICIENT,1.00
MOTORS,0,100
GPS,40.090404,-105.185592,40.090404,-105.185592
TIME,14:27:11
SONAR,150,150,150,6,78
AVOID_OBSTACLE,TURN_LEFT
MOTORS,0,100
SONAR,44,150,150,150,79
AVOID_OBSTACLE,DONE
MOTORS,0,0
SPEED_COEFFICIENT,1.00
MOTORS,0,100
GPS,40.090400,-105.185592,40.090400,-105.185592
TIME,14:27:12
SONAR,42,150,150,6,150
AVOID_OBSTACLE,TURN_LEFT
MOTORS,0,100
SONAR,150,150,150,150,150
AVOID_OBSTACLE,DONE
MOTORS,0,0
BEARING,147.00,35,-112.00
SPEED_COEFFICIENT,1.00
MOTORS,0,100
SONAR,150,150,150,6,150
AVOID_OBSTACLE,TURN_LEFT
MOTORS,0,100
SONAR,49,150,150,150,150
AVOID_OBSTACLE,DONE
MOTORS,0,0
SPEED_COEFFICIENT,1.00
MOTORS,0,100
SONAR,150,150,131,6,150
AVOID_OBSTACLE,TURN_LEFT
MOTORS,0,100
SONAR,150,150,106,150,150
AVOID_OBSTACLE,DONE
MOTORS,0,0
SPEED_COEFFICIENT,1.00
MOTORS,0,100
GPS,40.090385,-105.185615,40.090385,-105.185615
TIME,14:27:14
SONAR,150,86,150,6,150
AVOID_OBSTACLE,TURN_LEFT
MOTORS,0,100
SONAR,47,81,83,150,150
AVOID_OBSTACLE,DONE
MOTORS,0,0
BEARING,250.00,35,145.00
SPEED_COEFFICIENT,1.00
MOTORS,100,0
GPS,40.090377,-105.185615,40.090377,-105.185615
TIME,14:27:14
SONAR,150,150,150,6,150
AVOID_OBSTACLE,TURN_LEFT
MOTORS,0,100
SONAR,150,150,150,150,150
AVOID_OBSTACLE,DONE
MOTORS,0,0
SPEED_COEFFICIENT,1.00
MOTORS,100,0
GPS,40.090373,-105.185630,40.090373,-105.185630
TIME,14:27:15
SONAR,32,150,150,6,150
AVOID_OBSTACLE,TURN_LEFT
MOTORS,0,100
SONAR,51,150,150,132,150
AVOID_OBSTACLE,DONE
MOTORS,0,0
SPEED_COEFFICIENT,1.00
MOTORS,100,0
SONAR,46,112,150,150,77
BEARING,216.00,35,179.00
SPEED_COEFFICIENT,1.00
MOTORS,100,0
