START
ROUTE_BEGIN
40.090702, -105.185844
40.091285, -105.185173
40.091056, -105.184837
40.090457, -105.185485
40.090702, -105.185844
ROUTE_END
WAYPOINT,0,40.09,-105.19,0
GPS_NO_FIX
MOTORS,0,0
GPS_FIX
GPS,40.090351,-105.185646,40.090351,-105.185646
TIME,15:9:13
GPS,40.090351,-105.185646,40.090351,-105.185646
TIME,15:9:14
GPS,40.090354,-105.185646,40.090354,-105.185646
TIME,15:9:14
GPS,40.090354,-105.185646,40.090354,-105.185646
TIME,15:9:14
GPS,40.090354,-105.185646,40.090354,-105.185646
TIME,15:9:14
GPS,40.090354,-105.185646,40.090354,-105.185646
TIME,15:9:14
GPS,40.090354,-105.185646,40.090354,-105.185646
TIME,15:9:14
GPS,40.090354,-105.185646,40.090354,-105.185646
TIME,15:9:15
GPS,40.090354,-105.185646,40.090354,-105.185646
TIME,15:9:15
GPS,40.090354,-105.185646,40.090354,-105.185646
TIME,15:9:15
GPS,40.090354,-105.185646,40.090354,-105.185646
TIME,15:9:15
GPS,40.090358,-105.185630,40.090358,-105.185630
TIME,15:9:15
GPS,40.090358,-105.185630,40.090358,-105.185630
TIME,15:9:16
GPS,40.090366,-105.185630,40.090366,-105.185630
TIME,15:9:16
GPS,40.090366,-105.185630,40.090366,-105.185630
TIME,15:9:16
GPS,40.090370,-105.185630,40.090370,-105.185630
TIME,15:9:16
GPS,40.090370,-105.185630,40.090370,-105.185630
TIME,15:9:16
GPS,40.090370,-105.185630,40.090370,-105.185630
TIME,15:9:16
GPS,40.090373,-105.185630,40.090373,-105.185630
TIME,15:9:16
GPS,40.090377,-105.185630,40.090377,-105.185630
TIME,15:9:17
GPS,40.090377,-105.185630,40.090377,-105.185630
TIME,15:9:17
GPS,40.090381,-105.185630,40.090381,-105.185630
TIME,15:9:17
GPS,40.090385,-105.185630,40.090385,-105.185630
TIME,15:9:17
GPS,40.090385,-105.185630,40.090385,-105.185630
TIME,15:9:17
GPS,40.090385,-105.185630,40.090385,-105.185630
TIME,15:9:18
GPS,40.090389,-105.185630,40.090389,-105.185630
TIME,15:9:18
GPS,40.090393,-105.185630,40.090393,-105.185630
TIME,15:9:18
GPS,40.090393,-105.185630,40.090393,-105.185630
TIME,15:9:18
GPS,40.090396,-105.185630,40.090396,-105.185630
TIME,15:9:18
GPS,40.090396,-105.185630,40.090396,-105.185630
TIME,15:9:18
GPS,40.090396,-105.185630,40.090396,-105.185630
TIME,15:9:19
GPS,40.090400,-105.185646,40.090400,-105.185646
TIME,15:9:19
GPS,40.090404,-105.185646,40.090404,-105.185646
TIME,15:9:19
GPS,40.090404,-105.185646,40.090404,-105.185646
TIME,15:9:19
GPS,40.090404,-105.185646,40.090404,-105.185646
TIME,15:9:19
GPS,40.090404,-105.185646,40.090404,-105.185646
TIME,15:9:20
GPS,40.090404,-105.185646,40.090404,-105.185646
TIME,15:9:20
GPS,40.090404,-105.185646,40.090404,-105.185646
TIME,15:9:20
GPS,40.090408,-105.185646,40.090408,-105.185646
TIME,15:9:20
GPS,40.090408,-105.185646,40.090408,-105.185646
TIME,15:9:20
GPS,40.090412,-105.185646,40.090412,-105.185646
TIME,15:9:20
GPS,40.090412,-105.185646,40.090412,-105.185646
TIME,15:9:20
GPS,40.090415,-105.185646,40.090415,-105.185646
TIME,15:9:21
GPS,40.090415,-105.185646,40.090415,-105.185646
TIME,15:9:21
GPS,40.090419,-105.185646,40.090419,-105.185646
TIME,15:9:21
GPS,40.090419,-105.185646,40.090419,-105.185646
TIME,15:9:21
GPS,40.090427,-105.185646,40.090427,-105.185646
TIME,15:9:21
GPS,40.090431,-105.185646,40.090431,-105.185646
TIME,15:9:22
GPS,40.090438,-105.185646,40.090438,-105.185646
TIME,15:9:22
GPS,40.090442,-105.185646,40.090442,-105.185646
TIME,15:9:22
GPS,40.090438,-105.185646,40.090438,-105.185646
TIME,15:9:22
GPS,40.090438,-105.185646,40.090438,-105.185646
TIME,15:9:22
GPS,40.090438,-105.185646,40.090438,-105.185646
TIME,15:9:23
GPS,40.090442,-105.185630,40.090442,-105.185630
TIME,15:9:23
GPS,40.090442,-105.185630,40.090442,-105.185630
TIME,15:9:23
GPS,40.090442,-105.185630,40.090442,-105.185630
TIME,15:9:23
GPS,40.090442,-105.185630,40.090442,-105.185630
TIME,15:9:23
GPS,40.090446,-105.185615,40.090446,-105.185615
TIME,15:9:24
GPS,40.090446,-105.185615,40.090446,-105.185615
TIME,15:9:24
GPS,40.090446,-105.185615,40.090446,-105.185615
TIME,15:9:24
GPS,40.090446,-105.185615,40.090446,-105.185615
TIME,15:9:24
GPS,40.090446,-105.185615,40.090446,-105.185615
TIME,15:9:24
GPS,40.090446,-105.185615,40.090446,-105.185615
TIME,15:9:24
GPS,40.090450,-105.185592,40.090450,-105.185592
TIME,15:9:24
GPS,40.090450,-105.185592,40.090450,-105.185592
TIME,15:9:25
GPS,40.090450,-105.185592,40.090450,-105.185592
TIME,15:9:25
GPS,40.090450,-105.185592,40.090450,-105.185592
TIME,15:9:25
GPS,40.090450,-105.185592,40.090450,-105.185592
TIME,15:9:25
GPS,40.090450,-105.185592,40.090450,-105.185592
TIME,15:9:25
GPS,40.090454,-105.185592,40.090454,-105.185592
TIME,15:9:26
GPS,40.090454,-105.185577,40.090454,-105.185577
TIME,15:9:26
GPS,40.090457,-105.185577,40.090457,-105.185577
TIME,15:9:26
GPS,40.090457,-105.185577,40.090457,-105.185577
TIME,15:9:26
GPS,40.090457,-105.185577,40.090457,-105.185577
TIME,15:9:26
GPS,40.090461,-105.185577,40.090461,-105.185577
TIME,15:9:26
GPS,40.090465,-105.185577,40.090465,-105.185577
TIME,15:9:27
GPS,40.090465,-105.185562,40.090465,-105.185562
TIME,15:9:27
GPS,40.090469,-105.185562,40.090469,-105.185562
TIME,15:9:27
GPS,40.090469,-105.185562,40.090469,-105.185562
TIME,15:9:27
GPS,40.090469,-105.185562,40.090469,-105.185562
TIME,15:9:27
GPS,40.090469,-105.185562,40.090469,-105.185562
TIME,15:9:27
GPS,40.090469,-105.185562,40.090469,-105.185562
TIME,15:9:28
GPS,40.090469,-105.185562,40.090469,-105.185562
TIME,15:9:28
GPS,40.090469,-105.185562,40.090469,-105.185562
TIME,15:9:28
GPS,40.090473,-105.185562,40.090473,-105.185562
TIME,15:9:28
GPS,40.090476,-105.185562,40.090476,-105.185562
TIME,15:9:28
GPS,40.090476,-105.185562,40.090476,-105.185562
TIME,15:9:28
GPS,40.090476,-105.185562,40.090476,-105.185562
TIME,15:9:28
GPS,40.090476,-105.185562,40.090476,-105.185562
TIME,15:9:29
GPS,40.090480,-105.185562,40.090480,-105.185562
TIME,15:9:29
GPS,40.090488,-105.185562,40.090488,-105.185562
TIME,15:9:29
GPS,40.090492,-105.185562,40.090492,-105.185562
TIME,15:9:29
GPS,40.090496,-105.185562,40.090496,-105.185562
TIME,15:9:30
GPS,40.090496,-105.185562,40.090496,-105.185562
TIME,15:9:30
GPS,40.090499,-105.185546,40.090499,-105.185546
TIME,15:9:30
GPS,40.090507,-105.185546,40.090507,-105.185546
TIME,15:9:30
GPS,40.090511,-105.185546,40.090511,-105.185546
TIME,15:9:30
GPS,40.090515,-105.185546,40.090515,-105.185546
TIME,15:9:30
GPS,40.090515,-105.185546,40.090515,-105.185546
TIME,15:9:31
GPS,40.090518,-105.185546,40.090518,-105.185546
TIME,15:9:31
GPS,40.090522,-105.185546,40.090522,-105.185546
TIME,15:9:31
GPS,40.090530,-105.185562,40.090530,-105.185562
TIME,15:9:31
GPS,40.090534,-105.185577,40.090534,-105.185577
TIME,15:9:31
GPS,40.090541,-105.185577,40.090541,-105.185577
TIME,15:9:32
GPS,40.090549,-105.185592,40.090549,-105.185592
TIME,15:9:32
GPS,40.090553,-105.185592,40.090553,-105.185592
TIME,15:9:32
GPS,40.090557,-105.185592,40.090557,-105.185592
TIME,15:9:32
GPS,40.090560,-105.185615,40.090560,-105.185615
TIME,15:9:32
GPS,40.090564,-105.185615,40.090564,-105.185615
TIME,15:9:32
GPS,40.090568,-105.185615,40.090568,-105.185615
TIME,15:9:33
GPS,40.090568,-105.185630,40.090568,-105.185630
TIME,15:9:33
GPS,40.090572,-105.185630,40.090572,-105.185630
TIME,15:9:33
GPS,40.090576,-105.185630,40.090576,-105.185630
TIME,15:9:33
GPS,40.090579,-105.185646,40.090579,-105.185646
TIME,15:9:34
GPS,40.090579,-105.185646,40.090579,-105.185646
TIME,15:9:34
GPS,40.090579,-105.185646,40.090579,-105.185646
TIME,15:9:34
GPS,40.090579,-105.185646,40.090579,-105.185646
TIME,15:9:34
GPS,40.090579,-105.185661,40.090579,-105.185661
TIME,15:9:34
GPS,40.090579,-105.185661,40.090579,-105.185661
TIME,15:9:35
GPS,40.090579,-105.185661,40.090579,-105.185661
TIME,15:9:35
GPS,40.090579,-105.185661,40.090579,-105.185661
TIME,15:9:35
GPS,40.090579,-105.185661,40.090579,-105.185661
TIME,15:9:35
GPS,40.090579,-105.185661,40.090579,-105.185661
TIME,15:9:35
GPS,40.090579,-105.185661,40.090579,-105.185661
TIME,15:9:36
GPS,40.090579,-105.185661,40.090579,-105.185661
TIME,15:9:36
START_BUTTON_ACTIVATED
SONAR,150,150,150,150,150
SPEED_COEFFICIENT,1.00
MOTORS,0,0
SONAR,136,150,150,150,150
SPEED_COEFFICIENT,1.00
MOTORS,0,0
GPS,40.090576,-105.185661,40.090576,-105.185661
TIME,15:9:36
SONAR,118,150,150,150,150
BEARING,324.00,304.51,-19.49
SPEED_COEFFICIENT,1.00
MOTORS,45,100
GPS,40.090576,-105.185661,40.090576,-105.185661
TIME,15:9:36
SONAR,118,150,150,150,150
SPEED_COEFFICIENT,1.00
MOTORS,45,100
GPS,40.090576,-105.185661,40.090576,-105.185661
TIME,15:9:37
SONAR,119,150,150,150,150
SPEED_COEFFICIENT,1.00
MOTORS,45,100
SONAR,150,150,150,150,150
BEARING,303.00,304.51,1.51
SPEED_COEFFICIENT,1.00
MOTORS,100,95
SONAR,111,150,150,150,150
SPEED_COEFFICIENT,1.00
MOTORS,100,95
SONAR,104,150,150,150,150
SPEED_COEFFICIENT,1.00
MOTORS,100,95
SONAR,99,150,150,150,150
BEARING,309.00,304.51,-4.49
SPEED_COEFFICIENT,1.00
MOTORS,87,100
GPS,40.090576,-105.185676,40.090576,-105.185676
TIME,15:9:38
SONAR,150,150,150,150,150
SPEED_COEFFICIENT,1.00
MOTORS,87,100
GPS,40.090579,-105.185676,40.090579,-105.185676
TIME,15:9:38
SONAR,150,150,150,150,150
SPEED_COEFFICIENT,1.00
MOTORS,87,100
GPS,40.090579,-105.185691,40.090579,-105.185691
TIME,15:9:38
SONAR,150,150,150,150,150
BEARING,312.00,308.66,-3.34
SPEED_COEFFICIENT,1.00
MOTORS,90,100
SONAR,150,150,150,150,150
SPEED_COEFFICIENT,1.00
MOTORS,90,100
SONAR,150,150,150,150,150
SPEED_COEFFICIENT,1.00
MOTORS,90,100
SONAR,150,150,150,150,150
BEARING,313.00,308.66,-4.34
SPEED_COEFFICIENT,1.00
MOTORS,87,100
GPS,40.090591,-105.185707,40.090591,-105.185707
TIME,15:9:39
SONAR,150,150,150,150,150
SPEED_COEFFICIENT,1.00
MOTORS,87,100
GPS,40.090595,-105.185707,40.090595,-105.185707
TIME,15:9:40
SONAR,150,150,150,150,150
SPEED_COEFFICIENT,1.00
MOTORS,87,100
GPS,40.090599,-105.185722,40.090599,-105.185722
TIME,15:9:40
SONAR,150,150,150,150,150
BEARING,315.00,310.16,-4.84
SPEED_COEFFICIENT,1.00
MOTORS,86,100
SONAR,150,150,150,150,150
SPEED_COEFFICIENT,1.00
MOTORS,86,100
SONAR,150,150,150,150,150
SPEED_COEFFICIENT,1.00
MOTORS,86,100
SONAR,150,150,150,150,150
BEARING,316.00,310.16,-5.84
SPEED_COEFFICIENT,1.00
MOTORS,83,100
GPS,40.090618,-105.185745,40.090618,-105.185745
TIME,15:9:41
SONAR,150,150,150,150,150
SPEED_COEFFICIENT,1.00
MOTORS,83,100
GPS,40.090618,-105.185745,40.090618,-105.185745
TIME,15:9:41
SONAR,150,150,150,150,150
SPEED_COEFFICIENT,1.00
MOTORS,83,100
GPS,40.090618,-105.185760,40.090618,-105.185760
TIME,15:9:41
SONAR,150,150,150,150,150
BEARING,313.00,315.00,2.00
SPEED_COEFFICIENT,1.00
MOTORS,100,94
SONAR,150,150,150,150,150
SPEED_COEFFICIENT,1.00
MOTORS,100,94
SONAR,150,150,150,150,150
SPEED_COEFFICIENT,1.00
MOTORS,100,94
SONAR,150,150,150,150,150
BEARING,330.00,315.00,-15.00
SPEED_COEFFICIENT,1.00
MOTORS,58,100
GPS,40.090629,-105.185775,40.090629,-105.185775
TIME,15:9:42
SONAR,150,150,150,150,150
SPEED_COEFFICIENT,1.00
MOTORS,58,100
GPS,40.090633,-105.185775,40.090633,-105.185775
TIME,15:9:42
SONAR,150,150,150,150,95
SPEED_COEFFICIENT,1.00
MOTORS,58,100
GPS,40.090633,-105.185791,40.090633,-105.185791
TIME,15:9:43
SONAR,150,150,150,150,150
BEARING,322.00,307.87,-14.13
SPEED_COEFFICIENT,1.00
MOTORS,60,100
SONAR,150,150,150,150,150
SPEED_COEFFICIENT,1.00
MOTORS,60,100
SONAR,150,150,150,150,150
SPEED_COEFFICIENT,1.00
MOTORS,60,100
SONAR,150,150,150,150,150
BEARING,308.00,307.87,-0.13
SPEED_COEFFICIENT,1.00
MOTORS,99,100
GPS,40.090656,-105.185806,40.090656,-105.185806
TIME,15:9:44
SONAR,150,150,150,150,150
SPEED_COEFFICIENT,1.00
MOTORS,99,100
GPS,40.090660,-105.185806,40.090660,-105.185806
TIME,15:9:44
SONAR,150,150,150,150,150
SPEED_COEFFICIENT,1.00
MOTORS,99,100
SONAR,150,150,150,150,150
BEARING,317.00,312.27,-4.73
SPEED_COEFFICIENT,1.00
MOTORS,86,100
SONAR,150,150,150,150,150
SPEED_COEFFICIENT,1.00
MOTORS,86,100
SONAR,150,150,150,150,150
SPEED_COEFFICIENT,1.00
MOTORS,86,100
GPS,40.090671,-105.185821,40.090671,-105.185821
TIME,15:9:45
SONAR,150,150,150,150,150
BEARING,318.00,306.87,-11.13
REACHED_WAYPOINT
WAYPOINT,1,40.09,-105.19,0
SPEED_COEFFICIENT,1.00
MOTORS,86,100
GPS,40.090675,-105.185821,40.090675,-105.185821
TIME,15:9:45
SONAR,150,150,150,150,150
SPEED_COEFFICIENT,1.00
MOTORS,86,100
GPS,40.090675,-105.185836,40.090675,-105.185836
TIME,15:9:45
SONAR,150,150,150,150,150
SPEED_COEFFICIENT,1.00
MOTORS,86,100
SONAR,150,150,150,109,150
BEARING,318.00,47.40,89.40
SPEED_COEFFICIENT,1.00
MOTORS,100,0
SONAR,150,150,150,150,150
SPEED_COEFFICIENT,1.00
MOTORS,100,0
GPS,40.090686,-105.185859,40.090686,-105.185859
TIME,15:9:46
SONAR,150,150,150,150,150
SPEED_COEFFICIENT,1.00
MOTORS,100,0
GPS,40.090690,-105.185859,40.090690,-105.185859
TIME,15:9:46
SONAR,150,150,150,150,150
BEARING,89.00,49.09,-39.91
SPEED_COEFFICIENT,1.00
MOTORS,0,100
GPS,40.090694,-105.185859,40.090694,-105.185859
TIME,15:9:46
SONAR,150,150,150,150,150
SPEED_COEFFICIENT,1.00
MOTORS,0,100
SONAR,150,150,150,150,150
SPEED_COEFFICIENT,1.00
MOTORS,0,100
SONAR,150,150,150,150,150
BEARING,95.00,49.27,-45.73
SPEED_COEFFICIENT,1.00
MOTORS,0,100
SONAR,150,150,150,150,150
SPEED_COEFFICIENT,1.00
MOTORS,0,100
GPS,40.090698,-105.185859,40.090698,-105.185859
TIME,15:9:47
SONAR,150,150,150,150,150
SPEED_COEFFICIENT,1.00
MOTORS,0,100
GPS,40.090698,-105.185859,40.090698,-105.185859
TIME,15:9:48
SONAR,150,147,150,146,135
BEARING,54.00,49.45,-4.55
SPEED_COEFFICIENT,1.00
MOTORS,87,100
GPS,40.090698,-105.185859,40.090698,-105.185859
TIME,15:9:48
SONAR,150,150,150,150,150
SPEED_COEFFICIENT,1.00
MOTORS,87,100
GPS,40.090698,-105.185859,40.090698,-105.185859
TIME,15:9:48
SONAR,150,150,150,150,150
SPEED_COEFFICIENT,1.00
MOTORS,87,100
SONAR,150,150,150,150,150
BEARING,24.00,49.45,25.45
SPEED_COEFFICIENT,1.00
MOTORS,100,29
SONAR,150,150,150,150,150
SPEED_COEFFICIENT,1.00
MOTORS,100,29
GPS,40.090698,-105.185836,40.090698,-105.185836
TIME,15:9:49
SONAR,150,150,150,150,150
SPEED_COEFFICIENT,1.00
MOTORS,100,29
GPS,40.090702,-105.185836,40.090702,-105.185836
TIME,15:9:49
SONAR,150,150,150,150,150
BEARING,57.00,48.67,-8.33
SPEED_COEFFICIENT,1.00
MOTORS,76,100
GPS,40.090705,-105.185836,40.090705,-105.185836
TIME,15:9:49
SONAR,150,150,150,150,150
SPEED_COEFFICIENT,1.00
MOTORS,76,100
SONAR,150,150,150,135,150
SPEED_COEFFICIENT,1.00
MOTORS,76,100
SONAR,150,150,150,150,150
BEARING,63.00,48.86,-14.14
SPEED_COEFFICIENT,1.00
MOTORS,60,100
SONAR,150,150,150,150,150
SPEED_COEFFICIENT,1.00
MOTORS,60,100
GPS,40.090705,-105.185821,40.090705,-105.185821
TIME,15:9:50
SONAR,150,150,150,150,150
SPEED_COEFFICIENT,1.00
MOTORS,60,100
GPS,40.090709,-105.185806,40.090709,-105.185806
TIME,15:9:50
SONAR,150,150,150,150,150
BEARING,56.00,47.71,-8.29
SPEED_COEFFICIENT,1.00
MOTORS,76,100
GPS,40.090709,-105.185806,40.090709,-105.185806
TIME,15:9:51
SONAR,150,150,150,150,150
SPEED_COEFFICIENT,1.00
MOTORS,76,100
GPS,40.090709,-105.185806,40.090709,-105.185806
TIME,15:9:51
SONAR,150,150,150,150,150
SPEED_COEFFICIENT,1.00
MOTORS,76,100
SONAR,150,150,150,150,150
BEARING,52.00,47.71,-4.29
SPEED_COEFFICIENT,1.00
MOTORS,88,100
GPS,40.090709,-105.185791,40.090709,-105.185791
TIME,15:9:51
SONAR,150,150,150,150,150
SPEED_COEFFICIENT,1.00
MOTORS,88,100
GPS,40.090713,-105.185775,40.090713,-105.185775
TIME,15:9:52
SONAR,150,150,150,150,150
SPEED_COEFFICIENT,1.00
MOTORS,88,100
GPS,40.090713,-105.185775,40.090713,-105.185775
TIME,15:9:52
SONAR,150,150,150,150,150
BEARING,52.00,46.49,-5.51
SPEED_COEFFICIENT,1.00
MOTORS,84,100
SONAR,150,150,150,150,150
SPEED_COEFFICIENT,1.00
MOTORS,84,100
SONAR,150,150,150,135,150
SPEED_COEFFICIENT,1.00
MOTORS,84,100
SONAR,150,106,93,82,150
BEARING,53.00,46.49,-6.51
SPEED_COEFFICIENT,1.00
MOTORS,81,100
SONAR,150,150,150,150,150
SPEED_COEFFICIENT,1.00
MOTORS,81,100
SONAR,150,150,150,150,150
SPEED_COEFFICIENT,1.00
MOTORS,81,100
GPS,40.090724,-105.185722,40.090724,-105.185722
TIME,15:9:53
SONAR,150,150,150,150,150
BEARING,48.00,45.59,-2.41
SPEED_COEFFICIENT,1.00
MOTORS,93,100
GPS,40.090724,-105.185722,40.090724,-105.185722
TIME,15:9:53
SONAR,150,150,150,6,150
AVOID_OBSTACLE,TURN_LEFT
MOTORS,0,100
SONAR,150,150,150,150,150
AVOID_OBSTACLE,DONE
MOTORS,0,0
SPEED_COEFFICIENT,1.00
MOTORS,93,100
GPS,40.090736,-105.185707,40.090736,-105.185707
TIME,15:9:54
SONAR,150,150,150,6,150
AVOID_OBSTACLE,TURN_LEFT
MOTORS,0,100
SONAR,150,150,150,150,150
AVOID_OBSTACLE,DONE
MOTORS,0,0
SPEED_COEFFICIENT,1.00
MOTORS,93,100
GPS,40.090736,-105.185707,40.090736,-105.185707
TIME,15:9:55
SONAR,150,150,150,5,150
AVOID_OBSTACLE,TURN_LEFT
MOTORS,0,100
SONAR,150,150,150,150,150
AVOID_OBSTACLE,DONE
MOTORS,0,0
BEARING,48.00,45.81,-2.19
SPEED_COEFFICIENT,1.00
MOTORS,93,100
GPS,40.090736,-105.185707,40.090736,-105.185707
TIME,15:9:55
SONAR,150,150,150,6,150
AVOID_OBSTACLE,TURN_LEFT
MOTORS,0,100
SONAR,150,150,150,150,150
AVOID_OBSTACLE,DONE
MOTORS,0,0
SPEED_COEFFICIENT,1.00
MOTORS,93,100
SONAR,150,150,150,150,150
SPEED_COEFFICIENT,1.00
MOTORS,93,100
SONAR,150,150,150,150,150
BEARING,50.00,45.81,-4.19
SPEED_COEFFICIENT,1.00
MOTORS,88,100
GPS,40.090736,-105.185707,40.090736,-105.185707
TIME,15:9:56
SONAR,150,150,150,150,150
SPEED_COEFFICIENT,1.00
MOTORS,88,100
GPS,40.090736,-105.185707,40.090736,-105.185707
TIME,15:9:56
SONAR,150,150,150,150,150
SPEED_COEFFICIENT,1.00
MOTORS,88,100
GPS,40.090740,-105.185691,40.090740,-105.185691
TIME,15:9:56
SONAR,150,150,150,150,150
BEARING,50.00,46.44,-3.56
SPEED_COEFFICIENT,1.00
MOTORS,90,100
GPS,40.090740,-105.185691,40.090740,-105.185691
TIME,15:9:57
SONAR,150,150,150,150,150
SPEED_COEFFICIENT,1.00
MOTORS,90,100
SONAR,150,150,150,150,150
SPEED_COEFFICIENT,1.00
MOTORS,90,100
SONAR,150,150,150,150,150
BEARING,54.00,46.44,-7.56
SPEED_COEFFICIENT,1.00
MOTORS,78,100
GPS,40.090744,-105.185676,40.090744,-105.185676
TIME,15:9:58
SONAR,150,150,150,150,150
SPEED_COEFFICIENT,1.00
MOTORS,78,100
GPS,40.090744,-105.185676,40.090744,-105.185676
TIME,15:9:58
SONAR,150,150,150,150,150
SPEED_COEFFICIENT,1.00
MOTORS,78,100
GPS,40.090747,-105.185661,40.090747,-105.185661
TIME,15:9:58
SONAR,150,150,150,150,150
BEARING,54.00,47.77,-6.23
SPEED_COEFFICIENT,1.00
MOTORS,82,100
SONAR,150,150,150,150,150
SPEED_COEFFICIENT,1.00
MOTORS,82,100
SONAR,150,150,150,150,150
SPEED_COEFFICIENT,1.00
MOTORS,82,100
SONAR,150,150,150,150,150
BEARING,53.00,47.77,-5.23
SPEED_COEFFICIENT,1.00
MOTORS,85,100
SONAR,150,150,150,150,150
SPEED_COEFFICIENT,1.00
MOTORS,85,100
GPS,40.090755,-105.185630,40.090755,-105.185630
TIME,15:9:59
SONAR,150,150,150,150,150
SPEED_COEFFICIENT,1.00
MOTORS,85,100
GPS,40.090755,-105.185630,40.090755,-105.185630
TIME,15:9:59
SONAR,150,150,150,150,150
BEARING,54.00,49.20,-4.80
SPEED_COEFFICIENT,1.00
MOTORS,86,100
GPS,40.090755,-105.185630,40.090755,-105.185630
TIME,15:10:0
SONAR,150,150,150,150,150
SPEED_COEFFICIENT,1.00
MOTORS,86,100
SONAR,150,150,150,150,150
SPEED_COEFFICIENT,1.00
MOTORS,86,100
SONAR,150,150,150,150,150
BEARING,56.00,49.20,-6.80
SPEED_COEFFICIENT,1.00
MOTORS,81,100
GPS,40.090763,-105.185592,40.090763,-105.185592
TIME,15:10:0
SONAR,150,150,150,150,150
SPEED_COEFFICIENT,1.00
MOTORS,81,100
GPS,40.090763,-105.185592,40.090763,-105.185592
TIME,15:10:0
SONAR,150,150,150,150,150
SPEED_COEFFICIENT,1.00
MOTORS,81,100
GPS,40.090763,-105.185592,40.090763,-105.185592
TIME,15:10:1
SONAR,150,150,150,150,150
BEARING,56.00,51.24,-4.76
SPEED_COEFFICIENT,1.00
MOTORS,86,100
GPS,40.090763,-105.185577,40.090763,-105.185577
TIME,15:10:1
SONAR,150,150,150,150,150
SPEED_COEFFICIENT,1.00
MOTORS,86,100
SONAR,150,150,150,150,150
SPEED_COEFFICIENT,1.00
MOTORS,86,100
SONAR,150,150,150,150,150
BEARING,58.00,52.27,-5.73
SPEED_COEFFICIENT,1.00
MOTORS,84,100
GPS,40.090766,-105.185562,40.090766,-105.185562
TIME,15:10:2
SONAR,150,150,150,150,150
SPEED_COEFFICIENT,1.00
MOTORS,84,100
GPS,40.090770,-105.185546,40.090770,-105.185546
TIME,15:10:2
SONAR,150,150,150,150,150
SPEED_COEFFICIENT,1.00
MOTORS,84,100
GPS,40.090770,-105.185546,40.090770,-105.185546
TIME,15:10:2
SONAR,150,150,150,150,150
BEARING,59.00,54.02,-4.98
SPEED_COEFFICIENT,1.00
MOTORS,86,100
GPS,40.090770,-105.185531,40.090770,-105.185531
TIME,15:10:3
SONAR,150,150,150,150,150
SPEED_COEFFICIENT,1.00
MOTORS,86,100
GPS,40.090770,-105.185531,40.090770,-105.185531
TIME,15:10:3
SONAR,150,150,150,150,150
SPEED_COEFFICIENT,1.00
MOTORS,86,100
GPS,40.090774,-105.185531,40.090774,-105.185531
TIME,15:10:3
SONAR,150,150,150,150,150
BEARING,60.00,54.95,-5.05
SPEED_COEFFICIENT,1.00
MOTORS,85,100
GPS,40.090778,-105.185516,40.090778,-105.185516
TIME,15:10:3
SONAR,150,150,150,150,150
SPEED_COEFFICIENT,1.00
MOTORS,85,100
SONAR,150,150,150,150,150
SPEED_COEFFICIENT,1.00
MOTORS,85,100
SONAR,150,150,150,150,150
BEARING,64.00,55.91,-8.09
SPEED_COEFFICIENT,1.00
MOTORS,77,100
SONAR,150,150,150,150,150
SPEED_COEFFICIENT,1.00
MOTORS,77,100
GPS,40.090778,-105.185501,40.090778,-105.185501
TIME,15:10:4
SONAR,80,150,150,150,73
SPEED_COEFFICIENT,1.00
MOTORS,77,100
GPS,40.090778,-105.185478,40.090778,-105.185478
TIME,15:10:4
SONAR,83,150,150,150,62
BEARING,62.00,58.97,-3.03
SPEED_COEFFICIENT,1.00
MOTORS,91,100
GPS,40.090782,-105.185478,40.090782,-105.185478
TIME,15:10:4
SONAR,47,150,150,150,65
SPEED_COEFFICIENT,1.00
MOTORS,91,100
SONAR,59,150,150,150,89
SPEED_COEFFICIENT,1.00
MOTORS,91,100
SONAR,34,150,150,150,90
BEARING,66.00,58.78,-7.22
SPEED_COEFFICIENT,1.00
MOTORS,79,100
SONAR,51,150,150,150,46
SPEED_COEFFICIENT,1.00
MOTORS,79,100
SONAR,51,150,150,150,150
SPEED_COEFFICIENT,1.00
MOTORS,79,100
GPS,40.090785,-105.185447,40.090785,-105.185447
TIME,15:10:6
SONAR,65,150,46,150,150
AVOID_OBSTACLE,TURN_RIGHT
MOTORS,100,0
SONAR,63,150,150,150,150
AVOID_OBSTACLE,DONE
MOTORS,0,0
BEARING,135.00,61.21,-73.79
SPEED_COEFFICIENT,1.00
MOTORS,0,100
SONAR,114,150,150,5,150
AVOID_OBSTACLE,TURN_LEFT
MOTORS,0,100
SONAR,11,150,150,150,150
AVOID_OBSTACLE,DONE
MOTORS,0,0
SPEED_COEFFICIENT,1.00
MOTORS,0,100
GPS,40.090785,-105.185417,40.090785,-105.185417
TIME,15:10:7
SONAR,14,150,150,6,150
AVOID_OBSTACLE,TURN_LEFT
MOTORS,0,100
SONAR,150,150,150,150,150
AVOID_OBSTACLE,DONE
MOTORS,0,0
SPEED_COEFFICIENT,1.00
MOTORS,0,100
GPS,40.090782,-105.185401,40.090782,-105.185401
TIME,15:10:7
SONAR,150,150,150,6,150
AVOID_OBSTACLE,TURN_LEFT
MOTORS,0,100
SONAR,135,150,150,150,150
AVOID_OBSTACLE,DONE
MOTORS,0,0
BEARING,200.00,65.56,-134.44
SPEED_COEFFICIENT,1.00
MOTORS,0,100
GPS,40.090782,-105.185417,40.090782,-105.185417
TIME,15:10:8
SONAR,150,150,150,6,150
AVOID_OBSTACLE,TURN_LEFT
MOTORS,0,100
SONAR,150,150,150,150,150
AVOID_OBSTACLE,DONE
MOTORS,0,0
SPEED_COEFFICIENT,1.00
MOTORS,0,100
GPS,40.090785,-105.185417,40.090785,-105.185417
TIME,15:10:8
SONAR,150,150,150,6,150
AVOID_OBSTACLE,TURN_LEFT
MOTORS,0,100
SONAR,150,150,150,150,150
AVOID_OBSTACLE,DONE
MOTORS,0,0
SPEED_COEFFICIENT,1.00
MOTORS,0,100
SONAR,108,150,150,150,150
BEARING,200.00,63.96,-136.04
SPEED_COEFFICIENT,1.00
MOTORS,0,100
SONAR,108,150,150,150,150
SPEED_COEFFICIENT,1.00
MOTORS,0,100
GPS,40.090785,-105.185401,40.090785,-105.185401
TIME,15:10:10
SONAR,31,150,150,150,150
SPEED_COEFFICIENT,1.00
MOTORS,0,100
GPS,40.090785,-105.185401,40.090785,-105.185401
TIME,15:10:10
SONAR,32,150,150,150,150
BEARING,192.00,65.39,-126.61
SPEED_COEFFICIENT,1.00
MOTORS,0,100
GPS,40.090785,-105.185401,40.090785,-105.185401
TIME,15:10:10
SONAR,22,150,150,6,150
AVOID_OBSTACLE,TURN_LEFT
MOTORS,0,100
SONAR,150,150,150,150,150
AVOID_OBSTACLE,DONE
MOTORS,0,0
SPEED_COEFFICIENT,1.00
MOTORS,0,100
GPS,40.090793,-105.185401,40.090793,-105.185401
TIME,15:10:11
SONAR,150,150,150,6,150
AVOID_OBSTACLE,TURN_LEFT
MOTORS,0,100
SONAR,150,150,150,150,150
AVOID_OBSTACLE,DONE
MOTORS,0,0
SPEED_COEFFICIENT,1.00
MOTORS,0,100
SONAR,150,150,150,6,150
AVOID_OBSTACLE,TURN_LEFT
MOTORS,0,100
SONAR,150,150,150,150,150
AVOID_OBSTACLE,DONE
MOTORS,0,0
BEARING,194.00,65.06,-128.94
SPEED_COEFFICIENT,1.00
MOTORS,0,100
SONAR,150,150,150,6,150
AVOID_OBSTACLE,TURN_LEFT
MOTORS,0,100
SONAR,150,150,150,150,150
AVOID_OBSTACLE,DONE
MOTORS,0,0
SPEED_COEFFICIENT,1.00
MOTORS,0,100
SONAR,150,150,150,6,150
AVOID_OBSTACLE,TURN_LEFT
MOTORS,0,100
SONAR,150,150,150,150,150
AVOID_OBSTACLE,DONE
MOTORS,0,0
SPEED_COEFFICIENT,1.00
MOTORS,0,100
SONAR,150,150,150,6,150
AVOID_OBSTACLE,TURN_LEFT
MOTORS,0,100
SONAR,38,150,150,150,150
AVOID_OBSTACLE,DONE
MOTORS,0,0
BEARING,185.00,65.06,-119.94
SPEED_COEFFICIENT,1.00
MOTORS,0,100
GPS,40.090778,-105.185447,40.090778,-105.185447
TIME,15:10:13
SONAR,35,150,150,6,150
AVOID_OBSTACLE,TURN_LEFT
MOTORS,0,100
SONAR,108,150,150,150,150
AVOID_OBSTACLE,DONE
MOTORS,0,0
SPEED_COEFFICIENT,1.00
MOTORS,0,100
GPS,40.090774,-105.185462,40.090774,-105.185462
TIME,15:10:14
SONAR,150,150,150,6,150
AVOID_OBSTACLE,TURN_LEFT
MOTORS,0,100
SONAR,34,150,150,150,150
AVOID_OBSTACLE,DONE
MOTORS,0,0
SPEED_COEFFICIENT,1.00
MOTORS,0,100
SONAR,36,150,150,6,150
AVOID_OBSTACLE,TURN_LEFT
MOTORS,0,100
SONAR,16,150,150,150,150
AVOID_OBSTACLE,DONE
MOTORS,0,0
BEARING,154.00,60.44,-93.56
SPEED_COEFFICIENT,1.00
MOTORS,0,100
SONAR,150,150,150,6,150
AVOID_OBSTACLE,TURN_LEFT
MOTORS,0,100
SONAR,34,150,150,150,150
AVOID_OBSTACLE,DONE
MOTORS,0,0
SPEED_COEFFICIENT,1.00
MOTORS,0,100
GPS,40.090763,-105.185501,40.090763,-105.185501
TIME,15:10:16
SONAR,40,150,150,6,150
AVOID_OBSTACLE,TURN_LEFT
MOTORS,0,100
SONAR,150,150,150,150,150
AVOID_OBSTACLE,DONE
MOTORS,0,0
SPEED_COEFFICIENT,1.00
MOTORS,0,100
GPS,40.090759,-105.185501,40.090759,-105.185501
TIME,15:10:16
SONAR,38,150,150,6,150
AVOID_OBSTACLE,TURN_LEFT
MOTORS,0,100
SONAR,34,150,150,150,150
AVOID_OBSTACLE,DONE
MOTORS,0,0
BEARING,173.00,58.07,-114.93
SPEED_COEFFICIENT,1.00
MOTORS,0,100
GPS,40.090755,-105.185516,40.090755,-105.185516
TIME,15:10:17
SONAR,95,150,150,6,150
AVOID_OBSTACLE,TURN_LEFT
MOTORS,0,100
SONAR,150,150,150,150,150
AVOID_OBSTACLE,DONE
MOTORS,0,0
SPEED_COEFFICIENT,1.00
MOTORS,0,100
SONAR,150,150,150,6,150
AVOID_OBSTACLE,TURN_LEFT
MOTORS,0,100
SONAR,41,150,150,150,150
AVOID_OBSTACLE,DONE
MOTORS,0,0
SPEED_COEFFICIENT,1.00
MOTORS,0,100
SONAR,150,150,150,6,150
AVOID_OBSTACLE,TURN_LEFT
MOTORS,0,100
SONAR,150,150,150,150,150
AVOID_OBSTACLE,DONE
MOTORS,0,0
BEARING,182.00,57.08,-124.92
SPEED_COEFFICIENT,1.00
MOTORS,0,100
GPS,40.090744,-105.185531,40.090744,-105.185531
TIME,15:10:18
SONAR,45,150,150,6,150
AVOID_OBSTACLE,TURN_LEFT
MOTORS,0,100
SONAR,36,150,150,150,150
AVOID_OBSTACLE,DONE
MOTORS,0,0
SPEED_COEFFICIENT,1.00
MOTORS,0,100
GPS,40.090740,-105.185546,40.090740,-105.185546
TIME,15:10:19
SONAR,59,150,150,6,150
AVOID_OBSTACLE,TURN_LEFT
MOTORS,0,100
SONAR,43,150,150,150,150
AVOID_OBSTACLE,DONE
MOTORS,0,0
SPEED_COEFFICIENT,1.00
MOTORS,0,100
SONAR,33,150,150,6,150
AVOID_OBSTACLE,TURN_LEFT
MOTORS,0,100
SONAR,37,150,150,150,150
AVOID_OBSTACLE,DONE
MOTORS,0,0
BEARING,160.00,55.58,-104.42
SPEED_COEFFICIENT,1.00
MOTORS,0,100
GPS,40.090736,-105.185562,40.090736,-105.185562
TIME,15:10:20
SONAR,150,150,150,6,150
AVOID_OBSTACLE,TURN_LEFT
MOTORS,0,100
SONAR,150,150,150,150,150
AVOID_OBSTACLE,DONE
MOTORS,0,0
SPEED_COEFFICIENT,1.00
MOTORS,0,100
GPS,40.090732,-105.185577,40.090732,-105.185577
TIME,15:10:20
SONAR,150,150,150,6,150
AVOID_OBSTACLE,TURN_LEFT
MOTORS,0,100
SONAR,43,150,150,150,150
AVOID_OBSTACLE,DONE
MOTORS,0,0
SPEED_COEFFICIENT,1.00
MOTORS,0,100
GPS,40.090732,-105.185577,40.090732,-105.185577
TIME,15:10:21
SONAR,150,150,150,6,150
AVOID_OBSTACLE,TURN_LEFT
MOTORS,0,100
SONAR,150,150,150,150,150
AVOID_OBSTACLE,DONE
MOTORS,0,0
BEARING,177.00,53.83,-123.17
SPEED_COEFFICIENT,1.00
MOTORS,0,100
GPS,40.090732,-105.185592,40.090732,-105.185592
TIME,15:10:22
SONAR,41,150,150,6,150
AVOID_OBSTACLE,TURN_LEFT
MOTORS,0,100
SONAR,150,150,150,150,150
AVOID_OBSTACLE,DONE
MOTORS,0,0
SPEED_COEFFICIENT,1.00
MOTORS,0,100
SONAR,150,150,150,6,150
AVOID_OBSTACLE,TURN_LEFT
MOTORS,0,100
SONAR,41,150,150,150,150
AVOID_OBSTACLE,DONE
MOTORS,0,0
SPEED_COEFFICIENT,1.00
MOTORS,0,100
SONAR,150,150,150,6,150
AVOID_OBSTACLE,TURN_LEFT
MOTORS,0,100
SONAR,150,150,150,150,150
AVOID_OBSTACLE,DONE
MOTORS,0,0
BEARING,155.00,52.82,-102.18
SPEED_COEFFICIENT,1.00
MOTORS,0,100
GPS,40.090721,-105.185615,40.090721,-105.185615
TIME,15:10:23
SONAR,150,150,150,6,150
AVOID_OBSTACLE,TURN_LEFT
MOTORS,0,100
SONAR,150,150,150,150,150
AVOID_OBSTACLE,DONE
MOTORS,0,0
SPEED_COEFFICIENT,1.00
MOTORS,0,100
GPS,40.090721,-105.185630,40.090721,-105.185630
TIME,15:10:24
SONAR,150,150,150,6,150
AVOID_OBSTACLE,TURN_LEFT
MOTORS,0,100
SONAR,150,150,150,150,150
AVOID_OBSTACLE,DONE
MOTORS,0,0
SPEED_COEFFICIENT,1.00
MOTORS,0,100
GPS,40.090721,-105.185630,40.090721,-105.185630
TIME,15:10:24
SONAR,150,150,150,6,150
AVOID_OBSTACLE,TURN_LEFT
MOTORS,0,100
SONAR,38,150,150,150,150
AVOID_OBSTACLE,DONE
MOTORS,0,0
BEARING,177.00,50.96,-126.04
SPEED_COEFFICIENT,1.00
MOTORS,0,100
SONAR,40,150,150,6,150
AVOID_OBSTACLE,TURN_LEFT
MOTORS,0,100
SONAR,150,150,150,150,150
AVOID_OBSTACLE,DONE
MOTORS,0,0
SPEED_COEFFICIENT,1.00
MOTORS,0,100
SONAR,42,150,150,6,150
AVOID_OBSTACLE,TURN_LEFT
MOTORS,0,100
SONAR,150,3,7,150,150
SONAR,8,1,150,150,150
AVOID_OBSTACLE,DONE
MOTORS,0,0
SPEED_COEFFICIENT,1.00
MOTORS,0,100
GPS,40.090724,-105.185661,40.090724,-105.185661
TIME,15:10:26
SONAR,6,3,6,150,150
AVOID_OBSTACLE,TURN_RIGHT
MOTORS,100,0
SONAR,9,3,3,6,150
SONAR,7,3,3,150,150
SONAR,7,3,4,150,150
SONAR,6,3,3,150,150
SONAR,15,3,3,150,150
SONAR,7,3,3,150,150
SONAR,7,2,3,150,150
SONAR,8,3,3,150,150
SONAR,8,2,3,150,150
SONAR,7,3,3,150,150
SONAR,7,3,3,150,150
SONAR,7,2,3,150,150
SONAR,10,3,3,150,150
SONAR,8,2,3,150,150
SONAR,7,2,3,150,150
SONAR,9,2,3,150,150
SONAR,7,3,3,150,150
SONAR,7,3,3,150,150
SONAR,8,3,3,150,150
SONAR,8,3,3,150,150
SONAR,11,3,3,150,150
SONAR,12,3,3,150,150
SONAR,16,3,3,150,150
SONAR,150,3,3,150,150
SONAR,19,150,3,150,150
SONAR,18,150,4,150,150
SONAR,16,8,3,150,150
SONAR,15,8,3,150,150
SONAR,19,5,3,150,150
SONAR,12,150,4,150,150
SONAR,9,3,3,150,150
SONAR,5,3,3,72,150
SONAR,4,3,3,150,150
SONAR,4,2,3,150,150
SONAR,3,2,3,150,150
SONAR,5,6,3,150,150
SONAR,5,1,150,150,150
SONAR,10,150,150,6,150
SONAR,13,150,150,150,150
SONAR,150,150,150,6,150
AVOID_OBSTACLE,DONE
MOTORS,0,0
BEARING,134.00,48.95,-85.05
SPEED_COEFFICIENT,1.00
MOTORS,0,100
SONAR,45,150,150,150,150
SPEED_COEFFICIENT,1.00
MOTORS,0,100
SONAR,150,150,150,150,150
SPEED_COEFFICIENT,1.00
MOTORS,0,100
SONAR,150,150,150,6,150
AVOID_OBSTACLE,TURN_LEFT
MOTORS,0,100
SONAR,150,150,150,150,150
AVOID_OBSTACLE,DONE
MOTORS,0,0
BEARING,125.00,48.95,-76.05
SPEED_COEFFICIENT,1.00
MOTORS,0,100
SONAR,48,150,150,6,150
AVOID_OBSTACLE,TURN_LEFT
MOTORS,0,100
SONAR,51,150,150,150,150
AVOID_OBSTACLE,DONE
MOTORS,0,0
SPEED_COEFFICIENT,1.00
MOTORS,0,100
GPS,40.090679,-105.185775,40.090679,-105.185775
TIME,15:10:36
SONAR,150,150,150,6,150
AVOID_OBSTACLE,TURN_LEFT
MOTORS,0,100
SONAR,150,150,150,150,150
AVOID_OBSTACLE,DONE
MOTORS,0,0
SPEED_COEFFICIENT,1.00
MOTORS,0,100
GPS,40.090671,-105.185775,40.090671,-105.185775
TIME,15:10:36
SONAR,150,150,150,150,150
BEARING,71.00,45.54,-25.46
SPEED_COEFFICIENT,1.00
MOTORS,29,100
GPS,40.090671,-105.185775,40.090671,-105.185775
TIME,15:10:37
SONAR,150,3,4,150,150
AVOID_OBSTACLE,TURN_RIGHT
MOTORS,100,0
SONAR,9,132,150,6,150
SONAR,10,150,150,150,150
SONAR,14,150,150,6,150
SONAR,150,150,150,150,150
AVOID_OBSTACLE,DONE
MOTORS,0,0
SPEED_COEFFICIENT,1.00
MOTORS,29,100
GPS,40.090663,-105.185760,40.090663,-105.185760
TIME,15:10:38
SONAR,49,150,150,6,150
AVOID_OBSTACLE,TURN_LEFT
MOTORS,0,100
SONAR,19,150,150,150,150
AVOID_OBSTACLE,DONE
MOTORS,0,0
SPEED_COEFFICIENT,1.00
MOTORS,29,100
SONAR,150,150,150,6,150
AVOID_OBSTACLE,TURN_LEFT
MOTORS,0,100
SONAR,150,150,150,150,150
AVOID_OBSTACLE,DONE
MOTORS,0,0
BEARING,88.00,46.63,-41.37
SPEED_COEFFICIENT,1.00
MOTORS,0,100
SONAR,150,150,150,6,150
AVOID_OBSTACLE,TURN_LEFT
MOTORS,0,100
SONAR,150,150,150,150,150
AVOID_OBSTACLE,DONE
MOTORS,0,0
SPEED_COEFFICIENT,1.00
MOTORS,0,100
GPS,40.090652,-105.185760,40.090652,-105.185760
TIME,15:10:40
SONAR,150,150,150,6,150
AVOID_OBSTACLE,TURN_LEFT
MOTORS,0,100
SONAR,150,150,150,150,150
AVOID_OBSTACLE,DONE
MOTORS,0,0
SPEED_COEFFICIENT,1.00
MOTORS,0,100
GPS,40.090644,-105.185745,40.090644,-105.185745
TIME,15:10:40
SONAR,11,140,150,6,150
AVOID_OBSTACLE,TURN_LEFT
MOTORS,0,100
SONAR,7,150,150,150,150
AVOID_OBSTACLE,DONE
MOTORS,0,0
BEARING,74.00,48.24,-25.76
SPEED_COEFFICIENT,1.00
MOTORS,28,100
GPS,40.090641,-105.185745,40.090641,-105.185745
TIME,15:10:41
SONAR,150,150,150,6,150
AVOID_OBSTACLE,TURN_LEFT
MOTORS,0,100
SONAR,150,150,150,150,150
AVOID_OBSTACLE,DONE
MOTORS,0,0
SPEED_COEFFICIENT,1.00
MOTORS,28,100
GPS,40.090633,-105.185722,40.090633,-105.185722
TIME,15:10:41
SONAR,150,150,150,6,150
AVOID_OBSTACLE,TURN_LEFT
MOTORS,0,100
SONAR,150,150,150,150,150
AVOID_OBSTACLE,DONE
MOTORS,0,0
SPEED_COEFFICIENT,1.00
MOTORS,28,100
SONAR,5,150,150,6,150
AVOID_OBSTACLE,TURN_LEFT
MOTORS,0,100
SONAR,6,150,150,150,150
AVOID_OBSTACLE,DONE
MOTORS,0,0
BEARING,66.00,49.90,-16.10
SPEED_COEFFICIENT,1.00
MOTORS,55,100
GPS,40.090633,-105.185722,40.090633,-105.185722
TIME,15:10:42
SONAR,7,150,150,6,150
AVOID_OBSTACLE,TURN_LEFT
MOTORS,0,100
SONAR,7,150,150,150,150
AVOID_OBSTACLE,DONE
MOTORS,0,0
SPEED_COEFFICIENT,1.00
MOTORS,55,100
GPS,40.090633,-105.185707,40.090633,-105.185707
TIME,15:10:43
SONAR,7,88,150,150,150
AVOID_OBSTACLE,TURN_RIGHT
MOTORS,100,0
SONAR,5,150,150,6,150
SONAR,7,150,150,150,150
SONAR,150,150,150,150,150
AVOID_OBSTACLE,DONE
MOTORS,0,0
SPEED_COEFFICIENT,1.00
MOTORS,55,100
GPS,40.090629,-105.185707,40.090629,-105.185707
TIME,15:10:44
SONAR,150,80,150,6,150
AVOID_OBSTACLE,TURN_LEFT
MOTORS,0,100
SONAR,10,150,150,150,150
AVOID_OBSTACLE,DONE
MOTORS,0,0
BEARING,55.00,50.86,-4.14
SPEED_COEFFICIENT,1.00
MOTORS,88,100
SONAR,5,63,63,6,150
AVOID_OBSTACLE,TURN_LEFT
MOTORS,0,100
SONAR,5,150,150,150,150
AVOID_OBSTACLE,DONE
MOTORS,0,0
SPEED_COEFFICIENT,1.00
MOTORS,88,100
GPS,40.090625,-105.185691,40.090625,-105.185691
TIME,15:10:45
SONAR,4,150,150,6,150
AVOID_OBSTACLE,TURN_LEFT
MOTORS,0,100
SONAR,4,2,150,150,150
AVOID_OBSTACLE,DONE
MOTORS,0,0
SPEED_COEFFICIENT,1.00
MOTORS,88,100
GPS,40.090629,-105.185691,40.090629,-105.185691
TIME,15:10:46
SONAR,4,3,150,150,150
AVOID_OBSTACLE,TURN_RIGHT
MOTORS,100,0
SONAR,4,150,7,150,150
SONAR,4,150,4,150,150
SONAR,5,150,5,150,150
SONAR,4,150,5,150,150
SONAR,4,150,150,150,150
SONAR,5,150,7,150,150
SONAR,6,150,8,150,150
SONAR,3,150,150,150,150
SONAR,3,150,150,150,150
SONAR,4,150,150,150,150
SONAR,5,150,150,150,150
SONAR,5,150,150,150,150
SONAR,7,150,150,150,150
SONAR,6,150,150,150,150
SONAR,4,150,150,150,150
SONAR,4,150,150,150,150
SONAR,3,150,150,150,150
SONAR,4,150,150,150,150
SONAR,5,150,150,150,150
SONAR,5,150,8,150,150
SONAR,5,150,150,150,150
SONAR,5,150,7,150,150
SONAR,5,150,7,150,150
SONAR,5,150,7,150,150
SONAR,4,150,7,150,150
SONAR,3,150,7,150,150
SONAR,3,150,7,150,150
SONAR,3,150,7,150,150
SONAR,3,150,7,150,150
SONAR,3,150,7,150,150
SONAR,4,150,7,150,150
SONAR,3,150,7,150,150
SONAR,3,150,150,150,150
SONAR,4,150,150,150,150
SONAR,3,150,150,150,150
SONAR,3,5,150,150,150
SONAR,3,150,150,150,150
SONAR,3,150,150,150,150
SONAR,4,150,150,150,150
SONAR,4,150,150,150,150
SONAR,5,150,150,150,150
SONAR,4,150,150,150,150
SONAR,4,150,150,150,150
SONAR,5,150,150,150,150
SONAR,10,4,3,150,150
SONAR,3,150,150,150,150
SONAR,9,3,150,150,150
SONAR,5,150,6,150,150
SONAR,5,150,150,150,150
SONAR,3,150,150,150,150
SONAR,4,150,150,50,150
SONAR,3,150,150,47,150
SONAR,5,150,150,43,150
SONAR,4,150,150,150,150
SONAR,3,150,150,150,150
SONAR,5,150,150,6,150
SONAR,4,150,150,150,150
SONAR,4,150,150,150,150
SONAR,4,150,150,150,150
SONAR,4,150,150,150,150
SONAR,4,150,150,150,150
SONAR,3,150,150,150,150
SONAR,3,150,150,150,150
SONAR,4,150,150,150,150
SONAR,4,150,5,150,150
SONAR,3,150,150,150,150
SONAR,4,150,4,150,150
SONAR,3,150,4,150,150
SONAR,3,150,3,150,150
SONAR,3,150,4,150,150
SONAR,4,150,4,150,150
SONAR,5,150,3,150,150
SONAR,4,150,4,150,150
SONAR,4,150,150,31,150
SONAR,5,150,150,32,150
SONAR,4,150,5,150,150
SONAR,150,150,6,150,150
SONAR,5,150,150,49,150
SONAR,150,150,150,51,150
AVOID_OBSTACLE,DONE
MOTORS,0,0
BEARING,44.00,51.67,7.67
SPEED_COEFFICIENT,1.00
MOTORS,100,78
GPS,40.090610,-105.185676,40.090610,-105.185676
TIME,15:11:2
SONAR,6,150,12,47,150
AVOID_OBSTACLE,TURN_LEFT
MOTORS,0,100
SONAR,7,5,3,49,150
SONAR,3,2,3,82,150
SONAR,4,14,150,150,150
AVOID_OBSTACLE,DONE
MOTORS,0,0
SPEED_COEFFICIENT,1.00
MOTORS,100,78
SONAR,5,150,150,6,150
AVOID_OBSTACLE,TURN_LEFT
MOTORS,0,100
SONAR,4,150,150,150,150
AVOID_OBSTACLE,DONE
MOTORS,0,0
SPEED_COEFFICIENT,1.00
MOTORS,100,78
SONAR,5,150,150,6,150
AVOID_OBSTACLE,TURN_LEFT
MOTORS,0,100
SONAR,5,150,150,150,150
AVOID_OBSTACLE,DONE
MOTORS,0,0
BEARING,61.00,53.29,-7.71
SPEED_COEFFICIENT,1.00
MOTORS,78,100
GPS,40.090614,-105.185676,40.090614,-105.185676
TIME,15:11:4
SONAR,5,150,87,6,150
AVOID_OBSTACLE,TURN_LEFT
MOTORS,0,100
SONAR,5,61,150,150,150
AVOID_OBSTACLE,DONE
MOTORS,0,0
SPEED_COEFFICIENT,1.00
MOTORS,78,100
GPS,40.090618,-105.185691,40.090618,-105.185691
TIME,15:11:4
SONAR,150,57,58,6,150
AVOID_OBSTACLE,TURN_LEFT
MOTORS,0,100
SONAR,150,63,56,150,150
SONAR,5,54,150,150,150
AVOID_OBSTACLE,DONE
MOTORS,0,0
SPEED_COEFFICIENT,1.00
MOTORS,78,100
SONAR,5,56,56,61,150
AVOID_OBSTACLE,TURN_RIGHT
MOTORS,100,0
SONAR,5,58,55,56,150
SONAR,5,55,57,150,150
SONAR,5,49,49,150,150
SONAR,4,76,52,150,150
SONAR,3,47,50,150,150
SONAR,4,50,150,150,150
SONAR,4,56,150,150,40
SONAR,4,61,150,150,42
SONAR,4,63,150,6,150
SONAR,5,150,150,150,150
SONAR,5,150,150,6,73
SONAR,4,150,150,150,150
SONAR,6,150,150,6,150
SONAR,150,150,150,150,150
AVOID_OBSTACLE,DONE
MOTORS,0,0
BEARING,108.00,52.15,-55.85
SPEED_COEFFICIENT,1.00
MOTORS,0,100
GPS,40.090629,-105.185691,40.090629,-105.185691
TIME,15:11:8
SONAR,4,150,150,6,150
AVOID_OBSTACLE,TURN_LEFT
MOTORS,0,100
SONAR,3,150,150,150,150
AVOID_OBSTACLE,DONE
MOTORS,0,0
SPEED_COEFFICIENT,1.00
MOTORS,0,100
SONAR,4,150,150,6,150
AVOID_OBSTACLE,TURN_LEFT
MOTORS,0,100
SONAR,3,150,150,150,150
AVOID_OBSTACLE,DONE
MOTORS,0,0
SPEED_COEFFICIENT,1.00
MOTORS,0,100
SONAR,3,150,150,150,150
AVOID_OBSTACLE,TURN_RIGHT
MOTORS,100,0
SONAR,3,150,150,6,150
SONAR,3,150,150,150,150
SONAR,3,150,150,150,150
SONAR,4,51,150,150,150
SONAR,4,150,49,52,150
SONAR,4,49,44,150,150
SONAR,5,48,44,150,150
SONAR,5,46,44,150,150
SONAR,5,150,150,45,150
SONAR,5,44,150,150,150
SONAR,4,44,42,150,150
SONAR,4,42,150,150,150
SONAR,5,42,150,150,150
SONAR,4,43,150,150,150
SONAR,4,43,150,150,150
SONAR,4,150,43,150,150
SONAR,4,150,150,150,150
SONAR,4,45,150,150,150
SONAR,4,47,44,150,150
SONAR,4,45,150,150,150
SONAR,4,46,150,150,150
SONAR,4,45,150,150,150
SONAR,4,44,46,147,150
SONAR,4,44,150,150,150
SONAR,5,150,150,150,150
SONAR,4,44,150,150,150
SONAR,4,49,150,150,150
SONAR,4,45,147,150,150
SONAR,4,43,150,150,150
SONAR,150,41,150,150,150
SONAR,150,41,150,150,150
SONAR,150,42,150,150,150
SONAR,150,42,134,150,150
SONAR,150,43,150,150,150
SONAR,150,43,63,150,150
SONAR,150,43,100,99,150
SONAR,150,42,93,150,150
SONAR,150,42,150,150,150
SONAR,150,42,57,150,150
SONAR,9,60,58,150,150
SONAR,4,43,150,150,150
SONAR,4,49,150,150,150
SONAR,6,45,44,150,150
SONAR,5,2,150,150,150
SONAR,5,150,5,150,150
SONAR,4,150,6,150,150
SONAR,4,4,2,150,150
SONAR,4,150,9,150,150
SONAR,3,150,150,150,150
SONAR,3,4,150,150,150
SONAR,3,150,150,150,150
SONAR,3,150,150,150,150
SONAR,3,150,150,150,150
SONAR,3,150,150,150,150
SONAR,3,150,150,150,150
SONAR,3,150,150,6,150
SONAR,3,150,150,44,150
SONAR,3,150,150,43,150
SONAR,3,150,150,42,150
SONAR,3,150,150,150,150
SONAR,3,150,150,150,150
SONAR,3,150,150,150,150
SONAR,3,150,150,150,150
SONAR,3,150,150,150,150
SONAR,3,150,6,150,150
SONAR,3,150,150,150,150
SONAR,4,150,150,150,150
SONAR,4,150,150,150,150
SONAR,4,150,3,150,150
SONAR,8,3,2,150,150
SONAR,8,6,4,150,150
SONAR,7,4,2,150,150
SONAR,9,4,1,150,150
SONAR,10,5,1,150,150
SONAR,14,5,2,150,150
SONAR,16,150,2,150,150
SONAR,150,150,3,150,150
SONAR,150,150,4,150,150
SONAR,150,150,4,50,150
SONAR,63,150,4,52,150
SONAR,56,150,4,56,150
SONAR,150,150,4,150,150
SONAR,150,150,4,150,150
SONAR,150,150,5,150,150
SONAR,150,150,5,150,150
SONAR,19,150,5,150,150
SONAR,150,150,5,150,150
SONAR,22,150,4,150,150
SONAR,150,150,5,150,150
SONAR,150,150,4,150,150
SONAR,20,150,4,150,150
SONAR,150,150,4,150,150
SONAR,150,150,4,150,150
SONAR,150,150,4,150,150
SONAR,150,150,5,150,150
SONAR,150,150,5,150,150
SONAR,16,150,5,150,150
SONAR,12,150,4,150,150
SONAR,150,150,5,150,150
SONAR,150,150,6,150,150
SONAR,150,150,6,150,150
SONAR,150,150,6,150,150
SONAR,150,150,5,150,150
SONAR,150,150,5,150,150
SONAR,150,150,5,150,150
SONAR,18,150,5,18,150
SONAR,150,150,5,150,150
SONAR,13,150,5,150,150
SONAR,13,150,5,150,150
SONAR,13,150,5,150,150
SONAR,13,150,5,150,150
SONAR,14,150,5,67,150
SONAR,13,150,4,150,150
SONAR,12,150,5,83,150
SONAR,12,150,5,150,150
SONAR,8,150,5,150,150
SONAR,7,150,7,150,150
SONAR,8,150,4,150,150
SONAR,5,150,1,150,150
SONAR,4,150,2,150,150
SONAR,4,150,4,150,150
SONAR,4,150,3,150,150
SONAR,7,150,3,150,150
SONAR,6,150,2,150,150
SONAR,4,150,4,150,150
SONAR,5,150,2,150,150
SONAR,4,150,2,150,150
SONAR,6,150,2,150,150
SONAR,150,150,2,150,150
SONAR,4,150,2,150,150
SONAR,5,150,2,150,150
SONAR,3,150,2,150,150
SONAR,4,150,2,150,150
SONAR,150,150,2,150,150
SONAR,150,150,2,150,150
SONAR,6,150,2,150,150
SONAR,4,150,2,150,150
SONAR,4,150,2,150,150
SONAR,150,150,2,150,150
SONAR,150,150,1,150,150
SONAR,150,150,2,150,150
SONAR,150,150,2,150,150
SONAR,150,150,2,150,150
SONAR,6,150,2,150,150
SONAR,150,150,2,150,150
SONAR,4,150,2,150,150
SONAR,150,150,2,150,150
SONAR,150,150,3,150,150
SONAR,5,150,2,150,150
SONAR,5,150,2,150,150
SONAR,11,150,2,150,150
SONAR,4,150,2,150,150
SONAR,150,150,2,150,150
SONAR,150,150,3,122,150
SONAR,150,150,3,150,150
SONAR,150,150,3,150,150
SONAR,5,150,3,104,150
SONAR,150,150,2,150,150
SONAR,150,150,2,150,150
SONAR,150,150,2,150,150
SONAR,6,150,2,150,150
SONAR,6,150,2,150,150
SONAR,5,150,2,150,150
SONAR,6,150,2,150,150
SONAR,8,150,2,150,150
SONAR,7,150,2,150,150
SONAR,9,150,3,150,150
SONAR,150,150,3,150,150
SONAR,150,4,8,150,150
SONAR,150,5,6,150,150
SONAR,13,150,150,7,150
SONAR,10,150,150,150,150
SONAR,150,150,150,150,150
AVOID_OBSTACLE,DONE
MOTORS,0,0
BEARING,192.00,51.67,-140.33
SPEED_COEFFICIENT,1.00
MOTORS,0,100
GPS,40.090488,-105.185562,40.090488,-105.185562
TIME,15:11:44
SONAR,48,150,150,7,150
AVOID_OBSTACLE,TURN_LEFT
MOTORS,0,100
SONAR,47,35,150,150,150
AVOID_OBSTACLE,DONE
MOTORS,0,0
SPEED_COEFFICIENT,1.00
MOTORS,0,100
GPS,40.090488,-105.185562,40.090488,-105.185562
TIME,15:11:45
SONAR,150,40,134,7,150
AVOID_OBSTACLE,TURN_LEFT
MOTORS,0,100
SONAR,124,43,150,150,150
AVOID_OBSTACLE,DONE
MOTORS,0,0
SPEED_COEFFICIENT,1.00
MOTORS,0,100
SONAR,40,150,150,6,150
AVOID_OBSTACLE,TURN_LEFT
MOTORS,0,100
SONAR,43,150,150,150,150
AVOID_OBSTACLE,DONE
MOTORS,0,0
BEARING,160.00,63.99,-96.01
SPEED_COEFFICIENT,1.00
MOTORS,0,100
SONAR,104,150,150,6,150
AVOID_OBSTACLE,TURN_LEFT
MOTORS,0,100
SONAR,150,150,150,150,150
AVOID_OBSTACLE,DONE
MOTORS,0,0
SPEED_COEFFICIENT,1.00
MOTORS,0,100
GPS,40.090488,-105.185592,40.090488,-105.185592
TIME,15:11:46
SONAR,150,150,150,6,150
AVOID_OBSTACLE,TURN_LEFT
MOTORS,0,100
SONAR,150,150,150,150,150
AVOID_OBSTACLE,DONE
MOTORS,0,0
SPEED_COEFFICIENT,1.00
MOTORS,0,100
GPS,40.090476,-105.185592,40.090476,-105.185592
TIME,15:11:47
SONAR,150,150,150,6,150
AVOID_OBSTACLE,TURN_LEFT
MOTORS,0,100
SONAR,150,150,150,150,150
AVOID_OBSTACLE,DONE
MOTORS,0,0
BEARING,152.00,62.58,-89.42
SPEED_COEFFICIENT,1.00
MOTORS,0,100
GPS,40.090469,-105.185615,40.090469,-105.185615
TIME,15:11:48
SONAR,150,150,150,6,150
AVOID_OBSTACLE,TURN_LEFT
MOTORS,0,100
SONAR,150,150,150,150,150
AVOID_OBSTACLE,DONE
MOTORS,0,0
SPEED_COEFFICIENT,1.00
MOTORS,0,100
SONAR,150,150,150,6,150
AVOID_OBSTACLE,TURN_LEFT
MOTORS,0,100
SONAR,150,150,150,150,150
AVOID_OBSTACLE,DONE
MOTORS,0,0
SPEED_COEFFICIENT,1.00
MOTORS,0,100
SONAR,150,150,150,6,150
AVOID_OBSTACLE,TURN_LEFT
MOTORS,0,100
SONAR,150,150,150,150,150
AVOID_OBSTACLE,DONE
MOTORS,0,0
BEARING,145.00,61.54,-83.46
SPEED_COEFFICIENT,1.00
MOTORS,0,100
SONAR,150,150,94,6,150
AVOID_OBSTACLE,TURN_LEFT
MOTORS,0,100
SONAR,150,56,150,150,150
AVOID_OBSTACLE,DONE
MOTORS,0,0
SPEED_COEFFICIENT,1.00
MOTORS,0,100
GPS,40.090450,-105.185630,40.090450,-105.185630
TIME,15:11:50
SONAR,29,150,150,6,150
AVOID_OBSTACLE,TURN_LEFT
MOTORS,0,100
SONAR,31,150,150,150,150
AVOID_OBSTACLE,DONE
MOTORS,0,0
SPEED_COEFFICIENT,1.00
MOTORS,0,100
GPS,40.090442,-105.185646,40.090442,-105.185646
TIME,15:11:50
SONAR,33,150,150,6,150
AVOID_OBSTACLE,TURN_LEFT
MOTORS,0,100
SONAR,150,150,150,150,150
AVOID_OBSTACLE,DONE
MOTORS,0,0
BEARING,139.00,60.70,-78.30
SPEED_COEFFICIENT,1.00
MOTORS,0,100
SONAR,40,150,150,6,150
AVOID_OBSTACLE,TURN_LEFT
MOTORS,0,100
SONAR,150,150,150,150,150
AVOID_OBSTACLE,DONE
MOTORS,0,0
SPEED_COEFFICIENT,1.00
MOTORS,0,100
SONAR,150,150,150,6,150
AVOID_OBSTACLE,TURN_LEFT
MOTORS,0,100
SONAR,150,150,150,150,150
AVOID_OBSTACLE,DONE
MOTORS,0,0
SPEED_COEFFICIENT,1.00
MOTORS,0,100
SONAR,150,150,150,6,150
AVOID_OBSTACLE,TURN_LEFT
MOTORS,0,100
SONAR,150,150,150,150,150
AVOID_OBSTACLE,DONE
MOTORS,0,0
BEARING,160.00,60.70,-99.30
SPEED_COEFFICIENT,1.00
MOTORS,0,100
GPS,40.090415,-105.185646,40.090415,-105.185646
TIME,15:11:52
SONAR,150,150,150,6,150
AVOID_OBSTACLE,TURN_LEFT
MOTORS,0,100
SONAR,150,150,150,150,150
AVOID_OBSTACLE,DONE
MOTORS,0,0
SPEED_COEFFICIENT,1.00
MOTORS,0,100
GPS,40.090408,-105.185646,40.090408,-105.185646
TIME,15:11:53
SONAR,150,150,150,6,150
AVOID_OBSTACLE,TURN_LEFT
MOTORS,0,100
SONAR,92,150,150,150,150
AVOID_OBSTACLE,DONE
MOTORS,0,0
SPEED_COEFFICIENT,1.00
MOTORS,0,100
SONAR,93,150,150,6,150
AVOID_OBSTACLE,TURN_LEFT
MOTORS,0,100
SONAR,150,150,150,150,150
AVOID_OBSTACLE,DONE
MOTORS,0,0
BEARING,136.00,61.67,-74.33
SPEED_COEFFICIENT,1.00
MOTORS,0,100
SONAR,50,150,150,6,150
AVOID_OBSTACLE,TURN_LEFT
MOTORS,0,100
SONAR,137,150,150,150,150
AVOID_OBSTACLE,DONE
MOTORS,0,0
SPEED_COEFFICIENT,1.00
MOTORS,0,100
GPS,40.090393,-105.185646,40.090393,-105.185646
TIME,15:11:55
SONAR,150,150,150,6,150
AVOID_OBSTACLE,TURN_LEFT
MOTORS,0,100
SONAR,122,150,150,150,150
AVOID_OBSTACLE,DONE
MOTORS,0,0
SPEED_COEFFICIENT,1.00
MOTORS,0,100
GPS,40.090389,-105.185630,40.090389,-105.185630
TIME,15:11:55
SONAR,15,150,150,6,150
AVOID_OBSTACLE,TURN_LEFT
MOTORS,0,100
SONAR,7,3,150,150,150
AVOID_OBSTACLE,DONE
MOTORS,0,0
BEARING,47.00,62.95,15.95
SPEED_COEFFICIENT,1.00
MOTORS,100,55
SONAR,7,7,150,6,150
AVOID_OBSTACLE,TURN_LEFT
MOTORS,0,100
SONAR,6,3,150,150,150
AVOID_OBSTACLE,DONE
MOTORS,0,0
SPEED_COEFFICIENT,1.00
MOTORS,100,55
GPS,40.090385,-105.185630,40.090385,-105.185630
TIME,15:11:56
