START
ROUTE_BEGIN
40.090694, -105.185844
40.090927, -105.185623
40.091125, -105.185401
40.091293, -105.185157
40.091197, -105.185012
40.091094, -105.184852
40.090934, -105.185012
40.090751, -105.185203
40.090572, -105.185401
40.090694, -105.185844
ROUTE_END
WAYPOINT,0,40.090694,-105.185844,0
GPS_NO_FIX
MOTORS,0,0
GPS_FIX
GPS,40.090579,-105.185646,40.090579,-105.185646
TIME,17:19:13
GPS,40.090579,-105.185661,40.090579,-105.185661
TIME,17:19:13
GPS,40.090579,-105.185661,40.090579,-105.185661
TIME,17:19:14
GPS,40.090579,-105.185661,40.090579,-105.185661
TIME,17:19:14
GPS,40.090579,-105.185661,40.090579,-105.185661
TIME,17:19:14
GPS,40.090579,-105.185661,40.090579,-105.185661
TIME,17:19:14
GPS,40.090579,-105.185661,40.090579,-105.185661
TIME,17:19:14
GPS,40.090579,-105.185661,40.090579,-105.185661
TIME,17:19:15
GPS,40.090579,-105.185661,40.090579,-105.185661
TIME,17:19:15
GPS,40.090579,-105.185661,40.090579,-105.185661
TIME,17:19:15
GPS,40.090579,-105.185661,40.090579,-105.185661
TIME,17:19:15
GPS,40.090579,-105.185661,40.090579,-105.185661
TIME,17:19:15
GPS,40.090579,-105.185661,40.090579,-105.185661
TIME,17:19:16
GPS,40.090579,-105.185661,40.090579,-105.185661
TIME,17:19:16
GPS,40.090579,-105.185661,40.090579,-105.185661
TIME,17:19:16
GPS,40.090579,-105.185661,40.090579,-105.185661
TIME,17:19:16
GPS,40.090579,-105.185661,40.090579,-105.185661
TIME,17:19:16
GPS,40.090579,-105.185661,40.090579,-105.185661
TIME,17:19:16
GPS,40.090579,-105.185661,40.090579,-105.185661
TIME,17:19:16
GPS,40.090579,-105.185661,40.090579,-105.185661
TIME,17:19:17
GPS,40.090579,-105.185661,40.090579,-105.185661
TIME,17:19:17
GPS,40.090579,-105.185661,40.090579,-105.185661
TIME,17:19:17
GPS,40.090579,-105.185661,40.090579,-105.185661
TIME,17:19:17
GPS,40.090579,-105.185661,40.090579,-105.185661
TIME,17:19:17
GPS,40.090579,-105.185661,40.090579,-105.185661
TIME,17:19:18
GPS,40.090579,-105.185661,40.090579,-105.185661
TIME,17:19:18
GPS,40.090579,-105.185661,40.090579,-105.185661
TIME,17:19:18
GPS,40.090579,-105.185661,40.090579,-105.185661
TIME,17:19:18
GPS,40.090579,-105.185661,40.090579,-105.185661
TIME,17:19:18
GPS,40.090579,-105.185661,40.090579,-105.185661
TIME,17:19:19
GPS,40.090579,-105.185661,40.090579,-105.185661
TIME,17:19:19
START_BUTTON_ACTIVATED
SONAR,150,150,150,150,150
BEARING,318.00,302.01,-15.99
SPEED_COEFFICIENT,1.00
MOTORS,55,100
GPS,40.090579,-105.185661,40.090579,-105.185661
TIME,17:19:19
SONAR,43,150,150,150,150
BEARING,319.00,302.01,-16.99
SPEED_COEFFICIENT,1.00
MOTORS,52,100
GPS,40.090579,-105.185661,40.090579,-105.185661
TIME,17:19:19
SONAR,75,150,150,150,150
BEARING,307.00,302.01,-4.99
SPEED_COEFFICIENT,1.00
MOTORS,86,100
GPS,40.090579,-105.185661,40.090579,-105.185661
TIME,17:19:20
SONAR,69,150,150,150,150
BEARING,302.00,302.01,0.01
SPEED_COEFFICIENT,1.00
MOTORS,100,99
SONAR,84,150,150,150,150
BEARING,301.00,302.01,1.01
SPEED_COEFFICIENT,1.00
MOTORS,100,97
SONAR,85,150,150,150,150
BEARING,302.00,302.01,0.01
SPEED_COEFFICIENT,1.00
MOTORS,100,99
SONAR,150,150,150,150,150
BEARING,303.00,302.01,-0.99
SPEED_COEFFICIENT,1.00
MOTORS,97,100
GPS,40.090579,-105.185661,40.090579,-105.185661
TIME,17:19:20
SONAR,150,150,150,150,150
BEARING,302.00,302.01,0.01
SPEED_COEFFICIENT,1.00
MOTORS,100,99
GPS,40.090583,-105.185661,40.090583,-105.185661
TIME,17:19:21
SONAR,150,150,150,150,150
BEARING,304.00,301.14,-2.86
SPEED_COEFFICIENT,1.00
MOTORS,92,100
SONAR,150,150,150,150,150
BEARING,302.00,301.14,-0.86
SPEED_COEFFICIENT,1.00
MOTORS,97,100
SONAR,150,150,150,150,150
BEARING,301.00,301.14,0.14
SPEED_COEFFICIENT,1.00
MOTORS,100,99
GPS,40.090587,-105.185676,40.090587,-105.185676
TIME,17:19:22
SONAR,150,150,150,150,150
BEARING,302.00,302.47,0.47
SPEED_COEFFICIENT,1.00
MOTORS,100,98
GPS,40.090591,-105.185691,40.090591,-105.185691
TIME,17:19:22
SONAR,150,67,150,64,150
AVOID_OBSTACLE,TURN_LEFT
MOTORS,0,100
SONAR,150,150,6,150,150
SONAR,150,150,150,101,150
AVOID_OBSTACLE,DONE
MOTORS,0,0
BEARING,324.00,304.02,-19.98
SPEED_COEFFICIENT,1.00
MOTORS,44,100
GPS,40.090599,-105.185707,40.090599,-105.185707
TIME,17:19:23
SONAR,150,150,150,150,150
BEARING,324.00,304.78,-19.22
SPEED_COEFFICIENT,1.00
MOTORS,46,100
SONAR,40,150,150,150,150
BEARING,322.00,304.78,-17.22
SPEED_COEFFICIENT,1.00
MOTORS,52,100
SONAR,150,150,150,150,150
BEARING,315.00,304.78,-10.22
SPEED_COEFFICIENT,1.00
MOTORS,71,100
SONAR,150,150,150,150,150
BEARING,307.00,304.78,-2.22
SPEED_COEFFICIENT,1.00
MOTORS,93,100
GPS,40.090602,-105.185722,40.090602,-105.185722
TIME,17:19:24
SONAR,150,150,150,150,150
BEARING,306.00,306.87,0.87
SPEED_COEFFICIENT,1.00
MOTORS,100,97
SONAR,150,150,150,150,150
BEARING,307.00,306.87,-0.13
SPEED_COEFFICIENT,1.00
MOTORS,99,100
SONAR,150,150,150,150,150
BEARING,308.00,306.87,-1.13
SPEED_COEFFICIENT,1.00
MOTORS,96,100
SONAR,150,150,150,150,150
BEARING,310.00,306.87,-3.13
SPEED_COEFFICIENT,1.00
MOTORS,91,100
GPS,40.090618,-105.185745,40.090618,-105.185745
TIME,17:19:24
SONAR,150,150,150,150,150
BEARING,311.00,307.57,-3.43
SPEED_COEFFICIENT,1.00
MOTORS,90,100
GPS,40.090621,-105.185745,40.090621,-105.185745
TIME,17:19:25
SONAR,150,150,150,150,150
BEARING,308.00,306.16,-1.84
SPEED_COEFFICIENT,1.00
MOTORS,94,100
GPS,40.090621,-105.185760,40.090621,-105.185760
TIME,17:19:25
SONAR,150,150,150,150,150
BEARING,310.00,310.82,0.82
SPEED_COEFFICIENT,1.00
MOTORS,100,97
SONAR,150,150,150,150,150
BEARING,312.00,310.82,-1.18
SPEED_COEFFICIENT,1.00
MOTORS,96,100
SONAR,150,150,150,150,150
BEARING,313.00,310.82,-2.18
SPEED_COEFFICIENT,1.00
MOTORS,93,100
GPS,40.090633,-105.185775,40.090633,-105.185775
TIME,17:19:26
SONAR,150,150,150,150,150
BEARING,314.00,311.63,-2.37
SPEED_COEFFICIENT,1.00
MOTORS,93,100
GPS,40.090637,-105.185775,40.090637,-105.185775
TIME,17:19:26
SONAR,150,150,150,150,150
BEARING,315.00,309.81,-5.19
SPEED_COEFFICIENT,1.00
MOTORS,85,100
SONAR,150,150,150,150,150
BEARING,312.00,309.81,-2.19
SPEED_COEFFICIENT,1.00
MOTORS,93,100
SONAR,150,150,150,150,150
BEARING,314.00,309.81,-4.19
SPEED_COEFFICIENT,1.00
MOTORS,88,100
GPS,40.090652,-105.185791,40.090652,-105.185791
TIME,17:19:27
SONAR,150,150,150,150,150
BEARING,313.00,308.16,-4.84
SPEED_COEFFICIENT,1.00
MOTORS,86,100
GPS,40.090652,-105.185791,40.090652,-105.185791
TIME,17:19:27
SONAR,150,150,150,150,150
BEARING,309.00,308.16,-0.84
SPEED_COEFFICIENT,1.00
MOTORS,97,100
GPS,40.090656,-105.185791,40.090656,-105.185791
TIME,17:19:27
SONAR,150,150,150,150,150
BEARING,309.00,305.54,-3.46
SPEED_COEFFICIENT,1.00
MOTORS,90,100
SONAR,150,150,150,150,150
BEARING,311.00,305.54,-5.46
SPEED_COEFFICIENT,1.00
MOTORS,84,100
SONAR,150,150,150,150,150
BEARING,308.00,305.54,-2.46
SPEED_COEFFICIENT,1.00
MOTORS,93,100
SONAR,150,150,150,150,150
BEARING,308.00,305.54,-2.46
SPEED_COEFFICIENT,1.00
MOTORS,93,100
GPS,40.090671,-105.185821,40.090671,-105.185821
TIME,17:19:28
SONAR,150,150,150,150,150
BEARING,305.00,315.00,10.00
REACHED_WAYPOINT
WAYPOINT,1,40.090927,-105.185623,0
SPEED_COEFFICIENT,1.00
MOTORS,93,100
GPS,40.090675,-105.185821,40.090675,-105.185821
TIME,17:19:28
SONAR,150,150,150,150,150
BEARING,307.00,38.23,91.23
SPEED_COEFFICIENT,1.00
MOTORS,100,0
SONAR,150,150,150,150,150
BEARING,343.00,38.23,55.23
SPEED_COEFFICIENT,1.00
MOTORS,100,0
SONAR,150,150,150,150,150
BEARING,45.00,38.23,-6.77
SPEED_COEFFICIENT,1.00
MOTORS,81,100
GPS,40.090686,-105.185859,40.090686,-105.185859
TIME,17:19:29
SONAR,150,150,150,150,150
BEARING,97.00,44.54,-52.46
SPEED_COEFFICIENT,1.00
MOTORS,0,100
GPS,40.090690,-105.185859,40.090690,-105.185859
TIME,17:19:29
SONAR,150,150,150,150,150
BEARING,107.00,45.00,-62.00
SPEED_COEFFICIENT,1.00
MOTORS,0,100
GPS,40.090694,-105.185859,40.090694,-105.185859
TIME,17:19:30
SONAR,150,150,150,150,150
BEARING,92.00,45.47,-46.53
SPEED_COEFFICIENT,1.00
MOTORS,0,100
SONAR,150,150,150,150,150
BEARING,76.00,45.47,-30.53
SPEED_COEFFICIENT,1.00
MOTORS,15,100
SONAR,150,150,150,150,150
BEARING,61.00,45.47,-15.53
SPEED_COEFFICIENT,1.00
MOTORS,56,100
GPS,40.090690,-105.185836,40.090690,-105.185836
TIME,17:19:30
SONAR,150,150,150,150,150
BEARING,50.00,42.09,-7.91
SPEED_COEFFICIENT,1.00
MOTORS,78,100
GPS,40.090690,-105.185836,40.090690,-105.185836
TIME,17:19:31
SONAR,150,150,150,150,150
BEARING,47.00,42.09,-4.91
SPEED_COEFFICIENT,1.00
MOTORS,86,100
SONAR,150,150,150,150,150
BEARING,43.00,42.09,-0.91
SPEED_COEFFICIENT,1.00
MOTORS,97,100
SONAR,150,150,150,150,150
BEARING,45.00,42.09,-2.91
SPEED_COEFFICIENT,1.00
MOTORS,91,100
GPS,40.090698,-105.185821,40.090698,-105.185821
TIME,17:19:31
SONAR,150,150,150,150,150
BEARING,44.00,40.91,-3.09
SPEED_COEFFICIENT,1.00
MOTORS,91,100
GPS,40.090698,-105.185821,40.090698,-105.185821
TIME,17:19:32
SONAR,150,150,150,150,150
BEARING,45.00,40.91,-4.09
SPEED_COEFFICIENT,1.00
MOTORS,88,100
SONAR,150,150,150,150,150
BEARING,43.00,40.91,-2.09
SPEED_COEFFICIENT,1.00
MOTORS,94,100
SONAR,150,150,150,150,150
BEARING,43.00,40.91,-2.09
SPEED_COEFFICIENT,1.00
MOTORS,94,100
SONAR,150,150,150,150,150
BEARING,45.00,40.91,-4.09
SPEED_COEFFICIENT,1.00
MOTORS,88,100
GPS,40.090717,-105.185806,40.090717,-105.185806
TIME,17:19:32
SONAR,150,150,150,150,150
BEARING,44.00,41.11,-2.89
SPEED_COEFFICIENT,1.00
MOTORS,91,100
GPS,40.090717,-105.185791,40.090717,-105.185791
TIME,17:19:33
SONAR,150,150,150,150,150
BEARING,43.00,38.66,-4.34
SPEED_COEFFICIENT,1.00
MOTORS,87,100
GPS,40.090721,-105.185791,40.090721,-105.185791
TIME,17:19:33
SONAR,150,150,150,150,150
BEARING,42.00,39.17,-2.83
SPEED_COEFFICIENT,1.00
MOTORS,92,100
SONAR,150,150,150,150,150
BEARING,42.00,39.17,-2.83
SPEED_COEFFICIENT,1.00
MOTORS,92,100
GPS,40.090736,-105.185775,40.090736,-105.185775
TIME,17:19:34
SONAR,150,150,150,150,150
BEARING,41.00,38.66,-2.34
SPEED_COEFFICIENT,1.00
MOTORS,93,100
GPS,40.090736,-105.185775,40.090736,-105.185775
TIME,17:19:34
SONAR,150,150,150,150,150
BEARING,41.00,38.66,-2.34
SPEED_COEFFICIENT,1.00
MOTORS,93,100
GPS,40.090740,-105.185775,40.090740,-105.185775
TIME,17:19:34
SONAR,150,150,150,150,150
BEARING,41.00,39.23,-1.77
SPEED_COEFFICIENT,1.00
MOTORS,95,100
SONAR,150,150,150,150,150
BEARING,42.00,39.23,-2.77
SPEED_COEFFICIENT,1.00
MOTORS,92,100
SONAR,150,150,150,150,150
BEARING,43.00,39.23,-3.77
SPEED_COEFFICIENT,1.00
MOTORS,89,100
GPS,40.090755,-105.185745,40.090755,-105.185745
TIME,17:19:35
SONAR,150,150,150,150,150
BEARING,42.00,35.42,-6.58
SPEED_COEFFICIENT,1.00
MOTORS,81,100
GPS,40.090759,-105.185745,40.090759,-105.185745
TIME,17:19:35
SONAR,150,150,150,150,150
BEARING,41.00,36.03,-4.97
SPEED_COEFFICIENT,1.00
MOTORS,86,100
GPS,40.090763,-105.185745,40.090763,-105.185745
TIME,17:19:35
SONAR,150,150,150,150,150
BEARING,40.00,36.66,-3.34
SPEED_COEFFICIENT,1.00
MOTORS,90,100
SONAR,150,150,150,150,150
BEARING,41.00,36.66,-4.34
SPEED_COEFFICIENT,1.00
MOTORS,87,100
SONAR,150,150,150,150,150
BEARING,39.00,36.66,-2.34
SPEED_COEFFICIENT,1.00
MOTORS,93,100
GPS,40.090774,-105.185722,40.090774,-105.185722
TIME,17:19:36
SONAR,150,150,150,150,150
BEARING,38.00,33.02,-4.98
SPEED_COEFFICIENT,1.00
MOTORS,86,100
GPS,40.090778,-105.185707,40.090778,-105.185707
TIME,17:19:36
SONAR,150,150,150,150,150
BEARING,38.00,29.43,-8.57
SPEED_COEFFICIENT,1.00
MOTORS,76,100
SONAR,150,150,150,150,150
BEARING,36.00,29.43,-6.57
SPEED_COEFFICIENT,1.00
MOTORS,81,100
SONAR,150,150,150,150,150
BEARING,32.00,29.43,-2.57
SPEED_COEFFICIENT,1.00
MOTORS,92,100
SONAR,150,150,150,150,150
BEARING,33.00,29.43,-3.57
SPEED_COEFFICIENT,1.00
MOTORS,90,100
GPS,40.090801,-105.185676,40.090801,-105.185676
TIME,17:19:37
SONAR,150,150,150,150,150
BEARING,33.00,22.99,-10.01
SPEED_COEFFICIENT,1.00
MOTORS,72,100
GPS,40.090801,-105.185676,40.090801,-105.185676
TIME,17:19:37
SONAR,150,150,150,150,150
BEARING,29.00,22.99,-6.01
SPEED_COEFFICIENT,1.00
MOTORS,83,100
GPS,40.090805,-105.185676,40.090805,-105.185676
TIME,17:19:38
SONAR,150,150,150,150,150
BEARING,27.00,23.63,-3.37
SPEED_COEFFICIENT,1.00
MOTORS,90,100
SONAR,150,150,150,150,150
BEARING,26.00,23.63,-2.37
SPEED_COEFFICIENT,1.00
MOTORS,93,100
GPS,40.090816,-105.185661,40.090816,-105.185661
TIME,17:19:38
SONAR,150,150,150,150,150
BEARING,26.00,19.03,-6.97
SPEED_COEFFICIENT,1.00
MOTORS,80,100
GPS,40.090820,-105.185661,40.090820,-105.185661
TIME,17:19:38
SONAR,150,150,150,150,150
BEARING,25.00,19.65,-5.35
SPEED_COEFFICIENT,1.00
MOTORS,85,100
SONAR,150,150,150,150,150
BEARING,23.00,19.65,-3.35
SPEED_COEFFICIENT,1.00
MOTORS,90,100
SONAR,150,150,150,150,150
BEARING,22.00,19.65,-2.35
SPEED_COEFFICIENT,1.00
MOTORS,93,100
GPS,40.090839,-105.185661,40.090839,-105.185661
TIME,17:19:39
SONAR,150,150,150,150,150
BEARING,23.00,23.50,0.50
SPEED_COEFFICIENT,1.00
MOTORS,100,98
GPS,40.090843,-105.185646,40.090843,-105.185646
TIME,17:19:39
SONAR,150,150,150,150,150
BEARING,24.00,15.26,-8.74
SPEED_COEFFICIENT,1.00
MOTORS,75,100
GPS,40.090847,-105.185646,40.090847,-105.185646
TIME,17:19:40
SONAR,150,150,150,150,150
BEARING,25.00,15.95,-9.05
SPEED_COEFFICIENT,1.00
MOTORS,74,100
SONAR,150,150,150,150,150
BEARING,22.00,15.95,-6.05
SPEED_COEFFICIENT,1.00
MOTORS,83,100
SONAR,150,150,150,150,150
BEARING,18.00,15.95,-2.05
SPEED_COEFFICIENT,1.00
MOTORS,94,100
SONAR,150,150,150,150,150
BEARING,19.00,15.95,-3.05
SPEED_COEFFICIENT,1.00
MOTORS,91,100
GPS,40.090873,-105.185646,40.090873,-105.185646
TIME,17:19:40
SONAR,150,150,150,150,150
BEARING,19.00,23.20,4.20
SPEED_COEFFICIENT,1.00
MOTORS,100,88
SONAR,150,150,150,150,150
BEARING,22.00,23.20,1.20
SPEED_COEFFICIENT,1.00
MOTORS,100,96
SONAR,150,150,150,150,150
BEARING,26.00,23.20,-2.80
SPEED_COEFFICIENT,1.00
MOTORS,92,100
GPS,40.090892,-105.185630,40.090892,-105.185630
TIME,17:19:41
SONAR,150,150,150,150,150
BEARING,28.00,12.53,-15.47
REACHED_WAYPOINT
WAYPOINT,2,40.091125,-105.185401,0
SPEED_COEFFICIENT,1.00
MOTORS,92,100
GPS,40.090896,-105.185630,40.090896,-105.185630
TIME,17:19:42
SONAR,150,150,150,150,150
BEARING,27.00,45.00,18.00
SPEED_COEFFICIENT,1.00
MOTORS,100,49
GPS,40.090900,-105.185615,40.090900,-105.185615
TIME,17:19:42
SONAR,150,150,150,150,150
BEARING,35.00,43.51,8.51
SPEED_COEFFICIENT,1.00
MOTORS,100,76
SONAR,150,150,150,150,150
BEARING,42.00,43.51,1.51
SPEED_COEFFICIENT,1.00
MOTORS,100,95
SONAR,150,150,150,150,150
BEARING,49.00,43.51,-5.49
SPEED_COEFFICIENT,1.00
MOTORS,84,100
GPS,40.090919,-105.185592,40.090919,-105.185592
TIME,17:19:43
SONAR,150,150,150,150,150
BEARING,45.00,42.80,-2.20
SPEED_COEFFICIENT,1.00
MOTORS,93,100
GPS,40.090923,-105.185592,40.090923,-105.185592
TIME,17:19:43
SONAR,150,150,150,150,150
BEARING,44.00,43.33,-0.67
SPEED_COEFFICIENT,1.00
MOTORS,98,100
GPS,40.090927,-105.185592,40.090927,-105.185592
TIME,17:19:43
SONAR,150,150,150,150,150
BEARING,47.00,43.88,-3.12
SPEED_COEFFICIENT,1.00
MOTORS,91,100
SONAR,150,150,150,150,150
BEARING,48.00,43.88,-4.12
SPEED_COEFFICIENT,1.00
MOTORS,88,100
GPS,40.090934,-105.185577,40.090934,-105.185577
TIME,17:19:44
SONAR,150,150,150,150,150
BEARING,45.00,42.61,-2.39
SPEED_COEFFICIENT,1.00
MOTORS,93,100
GPS,40.090934,-105.185562,40.090934,-105.185562
TIME,17:19:44
SONAR,150,150,150,150,150
BEARING,46.00,40.03,-5.97
SPEED_COEFFICIENT,1.00
MOTORS,83,100
SONAR,150,150,150,150,150
BEARING,44.00,40.03,-3.97
SPEED_COEFFICIENT,1.00
MOTORS,88,100
SONAR,150,150,150,150,150
BEARING,43.00,40.03,-2.97
SPEED_COEFFICIENT,1.00
MOTORS,91,100
SONAR,150,150,150,150,150
BEARING,43.00,40.03,-2.97
SPEED_COEFFICIENT,1.00
MOTORS,91,100
GPS,40.090950,-105.185546,40.090950,-105.185546
TIME,17:19:45
SONAR,150,150,150,150,150
BEARING,41.00,39.56,-1.44
SPEED_COEFFICIENT,1.00
MOTORS,95,100
GPS,40.090950,-105.185531,40.090950,-105.185531
TIME,17:19:45
SONAR,150,150,150,150,150
BEARING,43.00,36.47,-6.53
SPEED_COEFFICIENT,1.00
MOTORS,81,100
GPS,40.090953,-105.185531,40.090953,-105.185531
TIME,17:19:45
SONAR,150,150,150,150,150
BEARING,42.00,37.07,-4.93
SPEED_COEFFICIENT,1.00
MOTORS,86,100
SONAR,150,150,150,150,150
BEARING,41.00,37.07,-3.93
SPEED_COEFFICIENT,1.00
MOTORS,89,100
GPS,40.090961,-105.185516,40.090961,-105.185516
TIME,17:19:46
SONAR,150,150,150,150,150
BEARING,40.00,34.90,-5.10
SPEED_COEFFICIENT,1.00
MOTORS,85,100
GPS,40.090965,-105.185516,40.090965,-105.185516
TIME,17:19:46
SONAR,150,150,150,150,150
BEARING,39.00,35.54,-3.46
SPEED_COEFFICIENT,1.00
MOTORS,90,100
SONAR,150,150,150,150,150
BEARING,39.00,35.54,-3.46
SPEED_COEFFICIENT,1.00
MOTORS,90,100
SONAR,150,150,150,150,150
BEARING,38.00,35.54,-2.46
SPEED_COEFFICIENT,1.00
MOTORS,93,100
GPS,40.090980,-105.185478,40.090980,-105.185478
TIME,17:19:47
SONAR,150,150,150,150,150
BEARING,39.00,27.76,-11.24
SPEED_COEFFICIENT,1.00
MOTORS,68,100
GPS,40.090984,-105.185478,40.090984,-105.185478
TIME,17:19:47
SONAR,150,150,150,150,150
BEARING,36.00,28.39,-7.61
SPEED_COEFFICIENT,1.00
MOTORS,78,100
GPS,40.090988,-105.185478,40.090988,-105.185478
TIME,17:19:47
SONAR,150,150,150,150,150
BEARING,33.00,29.05,-3.95
SPEED_COEFFICIENT,1.00
MOTORS,89,100
SONAR,150,150,150,150,150
BEARING,32.00,29.05,-2.95
SPEED_COEFFICIENT,1.00
MOTORS,91,100
SONAR,150,150,150,150,150
BEARING,32.00,29.05,-2.95
SPEED_COEFFICIENT,1.00
MOTORS,91,100
GPS,40.091003,-105.185462,40.091003,-105.185462
TIME,17:19:48
SONAR,150,150,150,150,150
BEARING,32.00,26.57,-5.43
SPEED_COEFFICIENT,1.00
MOTORS,84,100
GPS,40.091003,-105.185447,40.091003,-105.185447
TIME,17:19:48
SONAR,150,150,150,150,150
BEARING,32.00,20.56,-11.44
SPEED_COEFFICIENT,1.00
MOTORS,68,100
SONAR,150,150,150,150,150
BEARING,29.00,20.56,-8.44
SPEED_COEFFICIENT,1.00
MOTORS,76,100
SONAR,150,150,150,150,150
BEARING,26.00,20.56,-5.44
SPEED_COEFFICIENT,1.00
MOTORS,84,100
GPS,40.091018,-105.185432,40.091018,-105.185432
TIME,17:19:49
SONAR,150,150,150,150,150
BEARING,23.00,15.95,-7.05
SPEED_COEFFICIENT,1.00
MOTORS,80,100
GPS,40.091026,-105.185432,40.091026,-105.185432
TIME,17:19:49
SONAR,150,150,150,150,150
BEARING,20.00,17.10,-2.90
SPEED_COEFFICIENT,1.00
MOTORS,91,100
GPS,40.091030,-105.185432,40.091030,-105.185432
TIME,17:19:49
SONAR,150,150,150,150,150
BEARING,20.00,17.74,-2.26
SPEED_COEFFICIENT,1.00
MOTORS,93,100
SONAR,150,150,150,150,150
BEARING,20.00,17.74,-2.26
SPEED_COEFFICIENT,1.00
MOTORS,93,100
SONAR,150,150,150,150,150
BEARING,21.00,17.74,-3.26
SPEED_COEFFICIENT,1.00
MOTORS,90,100
SONAR,150,139,150,150,150
BEARING,21.00,17.74,-3.26
SPEED_COEFFICIENT,1.00
MOTORS,90,100
GPS,40.091053,-105.185417,40.091053,-105.185417
TIME,17:19:50
SONAR,150,150,150,150,150
BEARING,21.00,11.89,-9.11
SPEED_COEFFICIENT,1.00
MOTORS,74,100
GPS,40.091056,-105.185417,40.091056,-105.185417
TIME,17:19:51
SONAR,61,150,150,150,150
BEARING,19.00,12.53,-6.47
SPEED_COEFFICIENT,1.00
MOTORS,82,100
SONAR,73,150,150,150,150
BEARING,16.00,12.53,-3.47
SPEED_COEFFICIENT,1.00
MOTORS,90,100
SONAR,150,150,150,150,150
BEARING,16.00,12.53,-3.47
SPEED_COEFFICIENT,1.00
MOTORS,90,100
GPS,40.091075,-105.185417,40.091075,-105.185417
TIME,17:19:51
SONAR,150,150,150,150,150
BEARING,15.00,17.10,2.10
SPEED_COEFFICIENT,1.00
MOTORS,100,94
GPS,40.091079,-105.185417,40.091079,-105.185417
TIME,17:19:52
SONAR,150,150,150,150,150
BEARING,18.00,18.43,0.43
SPEED_COEFFICIENT,1.00
MOTORS,100,98
GPS,40.091083,-105.185417,40.091083,-105.185417
TIME,17:19:52
SONAR,150,150,150,150,150
BEARING,21.00,19.98,-1.02
SPEED_COEFFICIENT,1.00
MOTORS,97,100
SONAR,150,150,150,150,150
BEARING,24.00,19.98,-4.02
SPEED_COEFFICIENT,1.00
MOTORS,88,100
SONAR,150,150,150,150,150
BEARING,24.00,19.98,-4.02
SPEED_COEFFICIENT,1.00
MOTORS,88,100
GPS,40.091106,-105.185401,40.091106,-105.185401
TIME,17:19:52
SONAR,150,150,150,150,150
BEARING,23.00,360.00,-23.00
REACHED_WAYPOINT
WAYPOINT,3,40.091293,-105.185157,0
SPEED_COEFFICIENT,1.00
MOTORS,88,100
GPS,40.091110,-105.185401,40.091110,-105.185401
TIME,17:19:53
SONAR,150,150,150,150,150
BEARING,22.00,53.13,31.13
SPEED_COEFFICIENT,1.00
MOTORS,100,13
SONAR,150,150,150,150,150
BEARING,27.00,53.13,26.13
SPEED_COEFFICIENT,1.00
MOTORS,100,27
SONAR,150,150,150,150,150
BEARING,35.00,53.13,18.13
SPEED_COEFFICIENT,1.00
MOTORS,100,49
GPS,40.091129,-105.185386,40.091129,-105.185386
TIME,17:19:54
SONAR,89,150,150,150,150
BEARING,46.00,54.37,8.37
SPEED_COEFFICIENT,1.00
MOTORS,100,76
GPS,40.091133,-105.185386,40.091133,-105.185386
TIME,17:19:54
SONAR,150,150,150,150,150
BEARING,54.00,55.01,1.01
SPEED_COEFFICIENT,1.00
MOTORS,100,97
SONAR,150,150,150,150,150
BEARING,60.00,55.01,-4.99
SPEED_COEFFICIENT,1.00
MOTORS,86,100
SONAR,150,150,150,150,150
BEARING,59.00,55.01,-3.99
SPEED_COEFFICIENT,1.00
MOTORS,88,100
GPS,40.091140,-105.185371,40.091140,-105.185371
TIME,17:19:55
SONAR,150,150,150,150,150
BEARING,58.00,54.46,-3.54
SPEED_COEFFICIENT,1.00
MOTORS,90,100
GPS,40.091144,-105.185348,40.091144,-105.185348
TIME,17:19:55
SONAR,150,150,150,150,150
BEARING,57.00,52.05,-4.95
SPEED_COEFFICIENT,1.00
MOTORS,86,100
GPS,40.091144,-105.185348,40.091144,-105.185348
TIME,17:19:55
SONAR,150,150,150,150,150
BEARING,56.00,52.05,-3.95
SPEED_COEFFICIENT,1.00
MOTORS,89,100
SONAR,150,150,150,150,150
BEARING,55.00,52.05,-2.95
SPEED_COEFFICIENT,1.00
MOTORS,91,100
GPS,40.091148,-105.185333,40.091148,-105.185333
TIME,17:19:56
SONAR,150,150,150,150,150
BEARING,55.00,50.44,-4.56
SPEED_COEFFICIENT,1.00
MOTORS,87,100
GPS,40.091148,-105.185333,40.091148,-105.185333
TIME,17:19:56
SONAR,150,150,150,150,150
BEARING,55.00,50.44,-4.56
SPEED_COEFFICIENT,1.00
MOTORS,87,100
GPS,40.091152,-105.185317,40.091152,-105.185317
TIME,17:19:56
SONAR,150,150,150,150,150
BEARING,54.00,48.62,-5.38
SPEED_COEFFICIENT,1.00
MOTORS,85,100
SONAR,150,105,150,150,150
BEARING,52.00,48.62,-3.38
SPEED_COEFFICIENT,1.00
MOTORS,90,100
SONAR,150,150,150,150,150
BEARING,51.00,48.62,-2.38
SPEED_COEFFICIENT,1.00
MOTORS,93,100
GPS,40.091163,-105.185302,40.091163,-105.185302
TIME,17:19:57
SONAR,33,150,150,150,150
BEARING,52.00,48.18,-3.82
SPEED_COEFFICIENT,1.00
MOTORS,89,100
GPS,40.091167,-105.185287,40.091167,-105.185287
TIME,17:19:57
SONAR,150,150,150,150,150
BEARING,51.00,45.86,-5.14
SPEED_COEFFICIENT,1.00
MOTORS,85,100
GPS,40.091167,-105.185287,40.091167,-105.185287
TIME,17:19:57
SONAR,150,150,150,150,150
BEARING,49.00,45.86,-3.14
SPEED_COEFFICIENT,1.00
MOTORS,91,100
SONAR,150,150,150,150,150
BEARING,48.00,45.86,-2.14
SPEED_COEFFICIENT,1.00
MOTORS,94,100
SONAR,150,150,150,150,150
BEARING,50.00,45.86,-4.14
SPEED_COEFFICIENT,1.00
MOTORS,88,100
GPS,40.091178,-105.185256,40.091178,-105.185256
TIME,17:19:58
SONAR,150,150,150,150,150
BEARING,50.00,40.91,-9.09
SPEED_COEFFICIENT,1.00
MOTORS,74,100
GPS,40.091178,-105.185256,40.091178,-105.185256
TIME,17:19:58
SONAR,150,150,150,150,150
BEARING,46.00,40.91,-5.09
SPEED_COEFFICIENT,1.00
MOTORS,85,100
SONAR,150,150,150,150,150
BEARING,45.00,40.91,-4.09
SPEED_COEFFICIENT,1.00
MOTORS,88,100
SONAR,150,150,124,112,150
BEARING,45.00,40.91,-4.09
SPEED_COEFFICIENT,1.00
MOTORS,88,100
GPS,40.091190,-105.185218,40.091190,-105.185218
TIME,17:19:59
SONAR,150,150,150,150,150
BEARING,42.00,30.65,-11.35
SPEED_COEFFICIENT,1.00
MOTORS,68,100
GPS,40.091194,-105.185218,40.091194,-105.185218
TIME,17:19:59
SONAR,150,150,150,150,150
BEARING,40.00,31.61,-8.39
SPEED_COEFFICIENT,1.00
MOTORS,76,100
GPS,40.091194,-105.185203,40.091194,-105.185203
TIME,17:19:59
SONAR,150,150,150,150,150
BEARING,40.00,24.78,-15.22
SPEED_COEFFICIENT,1.00
MOTORS,57,100
SONAR,150,150,150,150,150
BEARING,33.00,24.78,-8.22
SPEED_COEFFICIENT,1.00
MOTORS,77,100
SONAR,150,150,150,150,150
BEARING,30.00,24.78,-5.22
SPEED_COEFFICIENT,1.00
MOTORS,85,100
SONAR,150,150,150,150,150
BEARING,26.00,24.78,-1.22
SPEED_COEFFICIENT,1.00
MOTORS,96,100
GPS,40.091209,-105.185188,40.091209,-105.185188
TIME,17:20:0
SONAR,150,150,150,150,150
BEARING,27.00,19.98,-7.02
SPEED_COEFFICIENT,1.00
MOTORS,80,100
GPS,40.091213,-105.185188,40.091213,-105.185188
TIME,17:20:0
SONAR,150,150,150,150,150
BEARING,25.00,20.85,-4.15
SPEED_COEFFICIENT,1.00
MOTORS,88,100
SONAR,150,150,150,150,78
BEARING,23.00,20.85,-2.15
SPEED_COEFFICIENT,1.00
MOTORS,94,100
GPS,40.091228,-105.185173,40.091228,-105.185173
TIME,17:20:1
SONAR,150,150,150,150,58
BEARING,21.00,13.24,-7.76
SPEED_COEFFICIENT,1.00
MOTORS,78,100
GPS,40.091232,-105.185173,40.091232,-105.185173
TIME,17:20:1
SONAR,150,150,150,150,64
BEARING,18.00,14.04,-3.96
SPEED_COEFFICIENT,1.00
MOTORS,88,100
GPS,40.091236,-105.185173,40.091236,-105.185173
TIME,17:20:2
SONAR,150,150,150,150,150
BEARING,17.00,14.93,-2.07
SPEED_COEFFICIENT,1.00
MOTORS,94,100
SONAR,150,150,150,150,150
BEARING,18.00,14.93,-3.07
SPEED_COEFFICIENT,1.00
MOTORS,91,100
SONAR,150,150,150,150,150
BEARING,17.00,14.93,-2.07
SPEED_COEFFICIENT,1.00
MOTORS,94,100
GPS,40.091255,-105.185173,40.091255,-105.185173
TIME,17:20:2
SONAR,150,150,150,150,150
BEARING,20.00,21.80,1.80
SPEED_COEFFICIENT,1.00
MOTORS,100,94
GPS,40.091259,-105.185173,40.091259,-105.185173
TIME,17:20:3
SONAR,150,150,150,150,150
BEARING,23.00,23.96,0.96
REACHED_WAYPOINT
WAYPOINT,4,40.091197,-105.185012,0
SPEED_COEFFICIENT,1.00
MOTORS,100,94
SONAR,150,150,150,150,150
BEARING,27.00,110.85,83.85
SPEED_COEFFICIENT,1.00
MOTORS,100,0
SONAR,150,150,150,150,150
BEARING,60.00,110.85,50.85
SPEED_COEFFICIENT,1.00
MOTORS,100,0
GPS,40.091274,-105.185157,40.091274,-105.185157
TIME,17:20:3
SONAR,150,150,150,101,150
BEARING,134.00,117.76,-16.24
SPEED_COEFFICIENT,1.00
MOTORS,54,100
GPS,40.091281,-105.185157,40.091281,-105.185157
TIME,17:20:4
SONAR,150,150,150,150,150
BEARING,212.00,120.07,-91.93
SPEED_COEFFICIENT,1.00
MOTORS,0,100
SONAR,150,150,150,150,150
BEARING,207.00,120.07,-86.93
SPEED_COEFFICIENT,1.00
MOTORS,0,100
SONAR,150,150,150,150,150
BEARING,186.00,120.07,-65.93
SPEED_COEFFICIENT,1.00
MOTORS,0,100
GPS,40.091281,-105.185157,40.091281,-105.185157
TIME,17:20:4
SONAR,150,150,150,150,150
BEARING,161.00,120.07,-40.93
SPEED_COEFFICIENT,1.00
MOTORS,0,100
GPS,40.091281,-105.185157,40.091281,-105.185157
TIME,17:20:4
SONAR,150,150,150,150,150
BEARING,128.00,120.07,-7.93
SPEED_COEFFICIENT,1.00
MOTORS,77,100
GPS,40.091281,-105.185157,40.091281,-105.185157
TIME,17:20:5
SONAR,150,150,150,150,150
BEARING,97.00,120.07,23.07
SPEED_COEFFICIENT,1.00
MOTORS,100,35
SONAR,150,150,150,150,150
BEARING,93.00,120.07,27.07
SPEED_COEFFICIENT,1.00
MOTORS,100,24
GPS,40.091270,-105.185157,40.091270,-105.185157
TIME,17:20:5
SONAR,150,150,150,150,150
BEARING,107.00,116.57,9.57
SPEED_COEFFICIENT,1.00
MOTORS,100,73
GPS,40.091270,-105.185157,40.091270,-105.185157
TIME,17:20:6
SONAR,150,150,150,150,150
BEARING,121.00,116.57,-4.43
SPEED_COEFFICIENT,1.00
MOTORS,87,100
GPS,40.091270,-105.185142,40.091270,-105.185142
TIME,17:20:6
SONAR,150,150,150,148,150
BEARING,125.00,119.20,-5.80
SPEED_COEFFICIENT,1.00
MOTORS,83,100
SONAR,150,150,150,150,150
BEARING,123.00,119.20,-3.80
SPEED_COEFFICIENT,1.00
MOTORS,89,100
SONAR,150,150,150,150,150
BEARING,123.00,119.20,-3.80
SPEED_COEFFICIENT,1.00
MOTORS,89,100
GPS,40.091259,-105.185142,40.091259,-105.185142
TIME,17:20:7
SONAR,150,150,150,150,105
BEARING,122.00,115.20,-6.80
SPEED_COEFFICIENT,1.00
MOTORS,81,100
GPS,40.091259,-105.185142,40.091259,-105.185142
TIME,17:20:7
SONAR,150,150,150,150,95
BEARING,119.00,115.20,-3.80
SPEED_COEFFICIENT,1.00
MOTORS,89,100
GPS,40.091255,-105.185142,40.091255,-105.185142
TIME,17:20:7
SONAR,150,150,150,139,73
BEARING,117.00,113.81,-3.19
SPEED_COEFFICIENT,1.00
MOTORS,91,100
SONAR,150,150,150,148,43
BEARING,116.00,113.81,-2.19
SPEED_COEFFICIENT,1.00
MOTORS,93,100
SONAR,150,150,150,150,35
BEARING,118.00,113.81,-4.19
SPEED_COEFFICIENT,1.00
MOTORS,88,100
GPS,40.091239,-105.185127,40.091239,-105.185127
TIME,17:20:8
SONAR,150,150,150,150,12
AVOID_OBSTACLE,TURN_LEFT
MOTORS,0,100
SONAR,150,17,16,141,150
SONAR,150,19,150,150,150
AVOID_OBSTACLE,DONE
MOTORS,0,0
BEARING,121.00,110.14,-10.86
SPEED_COEFFICIENT,1.00
MOTORS,69,100
SONAR,150,28,33,6,150
AVOID_OBSTACLE,TURN_LEFT
MOTORS,0,100
SONAR,150,29,32,150,150
SONAR,150,29,150,44,150
SONAR,150,150,31,41,150
SONAR,150,150,150,150,150
AVOID_OBSTACLE,DONE
MOTORS,0,0
BEARING,244.00,110.14,-133.86
SPEED_COEFFICIENT,1.00
MOTORS,0,100
SONAR,150,30,150,6,150
AVOID_OBSTACLE,TURN_LEFT
MOTORS,0,100
SONAR,150,30,150,150,150
AVOID_OBSTACLE,DONE
MOTORS,0,0
BEARING,243.00,110.14,-132.86
SPEED_COEFFICIENT,1.00
MOTORS,0,100
GPS,40.091220,-105.185104,40.091220,-105.185104
TIME,17:20:10
SONAR,150,29,150,6,150
AVOID_OBSTACLE,TURN_LEFT
MOTORS,0,100
SONAR,150,28,150,46,150
SONAR,109,29,150,150,150
AVOID_OBSTACLE,DONE
MOTORS,0,0
BEARING,243.00,104.04,-138.96
SPEED_COEFFICIENT,1.00
MOTORS,0,100
GPS,40.091220,-105.185104,40.091220,-105.185104
TIME,17:20:11
SONAR,82,150,150,150,150
BEARING,244.00,104.04,-139.96
SPEED_COEFFICIENT,1.00
MOTORS,0,100
GPS,40.091220,-105.185104,40.091220,-105.185104
TIME,17:20:11
SONAR,150,28,31,39,104
AVOID_OBSTACLE,TURN_RIGHT
MOTORS,100,0
SONAR,150,150,30,39,150
SONAR,150,28,29,150,150
SONAR,150,33,30,150,150
SONAR,150,33,30,150,150
SONAR,150,28,31,150,150
SONAR,150,150,29,38,150
SONAR,18,27,30,150,150
SONAR,18,27,29,40,150
SONAR,150,23,31,150,150
SONAR,150,26,32,40,150
SONAR,29,50,65,96,150
SONAR,24,98,150,150,150
AVOID_OBSTACLE,DONE
MOTORS,0,0
BEARING,110.00,104.04,-5.96
SPEED_COEFFICIENT,1.00
MOTORS,83,100
GPS,40.091220,-105.185089,40.091220,-105.185089
TIME,17:20:14
SONAR,35,150,150,6,150
AVOID_OBSTACLE,TURN_LEFT
MOTORS,0,100
SONAR,150,150,150,150,150
AVOID_OBSTACLE,DONE
MOTORS,0,0
BEARING,121.00,106.70,-14.30
SPEED_COEFFICIENT,1.00
MOTORS,60,100
SONAR,150,150,150,6,150
AVOID_OBSTACLE,TURN_LEFT
MOTORS,0,100
SONAR,150,150,150,150,150
AVOID_OBSTACLE,DONE
MOTORS,0,0
BEARING,93.00,106.70,13.70
SPEED_COEFFICIENT,1.00
MOTORS,100,61
SONAR,150,150,150,6,150
AVOID_OBSTACLE,TURN_LEFT
MOTORS,0,100
SONAR,150,150,150,150,150
AVOID_OBSTACLE,DONE
MOTORS,0,0
BEARING,59.00,106.70,47.70
SPEED_COEFFICIENT,1.00
MOTORS,100,0
GPS,40.091224,-105.185058,40.091224,-105.185058
TIME,17:20:16
SONAR,150,150,150,6,150
AVOID_OBSTACLE,TURN_LEFT
MOTORS,0,100
SONAR,150,150,150,150,150
AVOID_OBSTACLE,DONE
MOTORS,0,0
BEARING,77.00,120.26,43.26
SPEED_COEFFICIENT,1.00
MOTORS,100,0
GPS,40.091224,-105.185058,40.091224,-105.185058
TIME,17:20:16
SONAR,150,150,150,6,150
AVOID_OBSTACLE,TURN_LEFT
MOTORS,0,100
SONAR,150,150,150,150,150
AVOID_OBSTACLE,DONE
MOTORS,0,0
BEARING,92.00,120.26,28.26
SPEED_COEFFICIENT,1.00
MOTORS,100,21
GPS,40.091228,-105.185058,40.091228,-105.185058
TIME,17:20:17
SONAR,150,150,150,5,150
AVOID_OBSTACLE,TURN_LEFT
MOTORS,0,100
SONAR,150,150,150,150,150
AVOID_OBSTACLE,DONE
MOTORS,0,0
BEARING,92.00,123.69,31.69
SPEED_COEFFICIENT,1.00
MOTORS,100,11
GPS,40.091228,-105.185058,40.091228,-105.185058
TIME,17:20:17
SONAR,150,150,150,5,150
AVOID_OBSTACLE,TURN_LEFT
MOTORS,0,100
SONAR,150,150,150,150,150
AVOID_OBSTACLE,DONE
MOTORS,0,0
BEARING,92.00,123.69,31.69
SPEED_COEFFICIENT,1.00
MOTORS,100,11
GPS,40.091228,-105.185058,40.091228,-105.185058
TIME,17:20:18
SONAR,150,150,150,5,150
AVOID_OBSTACLE,TURN_LEFT
MOTORS,0,100
SONAR,150,150,150,150,150
AVOID_OBSTACLE,DONE
MOTORS,0,0
BEARING,92.00,123.69,31.69
SPEED_COEFFICIENT,1.00
MOTORS,100,11
SONAR,150,150,150,5,150
AVOID_OBSTACLE,TURN_LEFT
MOTORS,0,100
SONAR,150,150,150,150,150
AVOID_OBSTACLE,DONE
MOTORS,0,0
BEARING,92.00,123.69,31.69
SPEED_COEFFICIENT,1.00
MOTORS,100,11
SONAR,150,150,150,6,150
AVOID_OBSTACLE,TURN_LEFT
MOTORS,0,100
SONAR,150,150,150,150,150
AVOID_OBSTACLE,DONE
MOTORS,0,0
BEARING,92.00,123.69,31.69
SPEED_COEFFICIENT,1.00
MOTORS,100,11
GPS,40.091232,-105.185058,40.091232,-105.185058
TIME,17:20:20
SONAR,150,150,150,5,150
AVOID_OBSTACLE,TURN_LEFT
MOTORS,0,100
SONAR,150,150,150,150,150
AVOID_OBSTACLE,DONE
MOTORS,0,0
BEARING,92.00,126.87,34.87
SPEED_COEFFICIENT,1.00
MOTORS,100,3
GPS,40.091232,-105.185058,40.091232,-105.185058
TIME,17:20:20
SONAR,150,150,150,5,150
AVOID_OBSTACLE,TURN_LEFT
MOTORS,0,100
SONAR,150,150,150,150,150
AVOID_OBSTACLE,DONE
MOTORS,0,0
BEARING,92.00,126.87,34.87
SPEED_COEFFICIENT,1.00
MOTORS,100,3
GPS,40.091232,-105.185058,40.091232,-105.185058
TIME,17:20:21
SONAR,150,150,150,5,150
AVOID_OBSTACLE,TURN_LEFT
MOTORS,0,100
SONAR,150,150,150,150,150
AVOID_OBSTACLE,DONE
MOTORS,0,0
BEARING,92.00,126.87,34.87
SPEED_COEFFICIENT,1.00
MOTORS,100,3
GPS,40.091232,-105.185058,40.091232,-105.185058
TIME,17:20:21
SONAR,19,150,150,5,150
AVOID_OBSTACLE,TURN_LEFT
MOTORS,0,100
SONAR,18,150,150,150,150
AVOID_OBSTACLE,DONE
MOTORS,0,0
BEARING,92.00,126.87,34.87
SPEED_COEFFICIENT,1.00
MOTORS,100,3
GPS,40.091232,-105.185058,40.091232,-105.185058
TIME,17:20:22
SONAR,18,150,150,5,150
AVOID_OBSTACLE,TURN_LEFT
MOTORS,0,100
SONAR,18,150,150,150,150
AVOID_OBSTACLE,DONE
MOTORS,0,0
BEARING,92.00,126.87,34.87
SPEED_COEFFICIENT,1.00
MOTORS,100,3
SONAR,18,150,150,150,150
AVOID_OBSTACLE,TURN_RIGHT
MOTORS,100,0
SONAR,18,150,150,150,150
SONAR,29,150,150,150,150
AVOID_OBSTACLE,DONE
MOTORS,0,0
BEARING,122.00,126.87,4.87
SPEED_COEFFICIENT,1.00
MOTORS,100,86
SONAR,150,150,150,6,150
AVOID_OBSTACLE,TURN_LEFT
MOTORS,0,100
SONAR,19,150,150,150,150
AVOID_OBSTACLE,DONE
MOTORS,0,0
BEARING,132.00,126.87,-5.13
SPEED_COEFFICIENT,1.00
MOTORS,85,100
SONAR,150,4,150,6,150
AVOID_OBSTACLE,TURN_RIGHT
MOTORS,100,0
SONAR,150,4,150,150,150
SONAR,16,3,150,150,150
SONAR,150,11,150,150,150
SONAR,11,5,150,150,150
SONAR,13,150,150,150,150
SONAR,13,150,150,150,150
SONAR,13,150,150,6,150
SONAR,13,150,150,150,150
SONAR,12,150,150,6,150
SONAR,12,150,150,124,150
SONAR,13,4,150,150,150
SONAR,12,3,150,150,150
SONAR,12,4,150,150,150
SONAR,12,3,150,150,150
SONAR,11,3,150,150,150
SONAR,11,3,150,150,150
SONAR,11,4,150,150,150
SONAR,11,11,150,150,150
SONAR,11,8,150,150,150
SONAR,13,5,150,150,150
SONAR,150,150,150,6,150
AVOID_OBSTACLE,DONE
MOTORS,0,0
BEARING,196.00,126.87,-69.13
SPEED_COEFFICIENT,1.00
MOTORS,0,100
SONAR,150,150,150,150,150
BEARING,199.00,126.87,-72.13
SPEED_COEFFICIENT,1.00
MOTORS,0,100
SONAR,150,150,150,150,150
BEARING,204.00,126.87,-77.13
SPEED_COEFFICIENT,1.00
MOTORS,0,100
GPS,40.091236,-105.185089,40.091236,-105.185089
TIME,17:20:29
SONAR,150,150,150,6,150
AVOID_OBSTACLE,TURN_LEFT
MOTORS,0,100
SONAR,150,150,150,150,150
AVOID_OBSTACLE,DONE
MOTORS,0,0
BEARING,204.00,116.57,-87.43
SPEED_COEFFICIENT,1.00
MOTORS,0,100
SONAR,150,150,150,6,150
AVOID_OBSTACLE,TURN_LEFT
MOTORS,0,100
SONAR,150,150,150,150,150
AVOID_OBSTACLE,DONE
MOTORS,0,0
BEARING,202.00,116.57,-85.43
SPEED_COEFFICIENT,1.00
MOTORS,0,100
SONAR,150,150,150,6,150
AVOID_OBSTACLE,TURN_LEFT
MOTORS,0,100
SONAR,150,150,150,150,150
AVOID_OBSTACLE,DONE
MOTORS,0,0
BEARING,182.00,116.57,-65.43
SPEED_COEFFICIENT,1.00
MOTORS,0,100
